 Tue, 30 Apr 2019 19:13:21  INFO logger.py <module> [ line:22 ] 测试开始
 Tue, 30 Apr 2019 19:13:21  INFO conftest.py login_web [ line:37 ] =====用例前置：初始化浏览器会话，登陆WEB系统=======
 Tue, 30 Apr 2019 19:13:27  INFO BasePage.py wait_eleVisible [ line:23 ] 等待元素可见。
 Tue, 30 Apr 2019 19:13:27  INFO BasePage.py wait_eleVisible [ line:30 ] 登陆页面_登陆功能: 元素 ('xpath', '//*[@id="username"]') 已可见,等待起始时间：2019-04-30 19:13:27.844441,等待时长：0
 Tue, 30 Apr 2019 19:13:27  INFO BasePage.py get_element [ line:58 ] 登陆页面_登陆功能：开始查找元素：('xpath', '//*[@id="username"]')
 Tue, 30 Apr 2019 19:13:27  INFO BasePage.py input_text [ line:85 ] 登陆页面_登陆功能: 元素：('xpath', '//*[@id="username"]') 输入内容：it_test
 Tue, 30 Apr 2019 19:13:27  INFO BasePage.py get_element [ line:58 ] 登陆页面_登陆功能：开始查找元素：('xpath', '//*[@id="password"]')
 Tue, 30 Apr 2019 19:13:27  INFO BasePage.py input_text [ line:85 ] 登陆页面_登陆功能: 元素：('xpath', '//*[@id="password"]') 输入内容：it_test
 Tue, 30 Apr 2019 19:13:28  INFO BasePage.py get_element [ line:58 ] 登陆页面_登陆功能：开始查找元素：('xpath', '//*[@id="captcha"]')
 Tue, 30 Apr 2019 19:13:28  INFO BasePage.py input_text [ line:85 ] 登陆页面_登陆功能: 元素：('xpath', '//*[@id="captcha"]') 输入内容：1111
 Tue, 30 Apr 2019 19:13:28  INFO BasePage.py get_element [ line:58 ] 登陆页面_登陆功能：开始查找元素：('xpath', '//*[@id="login-btn"]')
 Tue, 30 Apr 2019 19:13:28  INFO BasePage.py click_element [ line:101 ] 登陆页面_登陆功能: 元素：('xpath', '//*[@id="login-btn"]') 点击事件。
 Tue, 30 Apr 2019 19:13:28  INFO test_ruku.py test_order_ng_offline_cg [ line:214 ] *********入库：开始执行输入不通过原因，NG采购待处理用例*********
 Tue, 30 Apr 2019 19:13:32  INFO BasePage.py wait_eleVisible [ line:23 ] 等待元素可见。
 Tue, 30 Apr 2019 19:13:32  INFO BasePage.py wait_eleVisible [ line:30 ] 点击库存管理按钮: 元素 ('xpath', '//*[@id="menu_11000000"]') 已可见,等待起始时间：2019-04-30 19:13:32.265195,等待时长：0
 Tue, 30 Apr 2019 19:13:32  INFO BasePage.py get_element [ line:58 ] 点击库存管理按钮：开始查找元素：('xpath', '//*[@id="menu_11000000"]')
 Tue, 30 Apr 2019 19:13:32  INFO BasePage.py click_element [ line:101 ] 点击库存管理按钮: 元素：('xpath', '//*[@id="menu_11000000"]') 点击事件。
 Tue, 30 Apr 2019 19:13:32  INFO BasePage.py wait_eleVisible [ line:23 ] 等待元素可见。
 Tue, 30 Apr 2019 19:13:32  INFO BasePage.py wait_eleVisible [ line:30 ] 点击建议采购按钮: 元素 ('xpath', '//*[@id="menu_11131400"]') 已可见,等待起始时间：2019-04-30 19:13:32.393073,等待时长：0
 Tue, 30 Apr 2019 19:13:32  INFO BasePage.py get_element [ line:58 ] 点击建议采购按钮：开始查找元素：('xpath', '//*[@id="menu_11131400"]')
 Tue, 30 Apr 2019 19:13:32  INFO BasePage.py click_element [ line:101 ] 点击建议采购按钮: 元素：('xpath', '//*[@id="menu_11131400"]') 点击事件。
 Tue, 30 Apr 2019 19:13:38  INFO BasePage.py wait_eleVisible [ line:23 ] 等待元素可见。
 Tue, 30 Apr 2019 19:13:38  INFO BasePage.py wait_eleVisible [ line:30 ] 订单筛选: 元素 ('xpath', '//*[@name="query.supplierQuery.paymentMethod"]') 已可见,等待起始时间：2019-04-30 19:13:38.218197,等待时长：0
 Tue, 30 Apr 2019 19:13:38  INFO BasePage.py select [ line:136 ] ('xpath', '//*[@name="query.supplierQuery.paymentMethod"]'):订单筛选select列表操作
 Tue, 30 Apr 2019 19:13:38  INFO BasePage.py get_element [ line:58 ] 订单筛选：开始查找元素：('xpath', '//*[@name="query.supplierQuery.paymentMethod"]')
 Tue, 30 Apr 2019 19:13:38  INFO BasePage.py select [ line:141 ] select列表操作完毕线下现结
 Tue, 30 Apr 2019 19:13:38  INFO BasePage.py select [ line:136 ] ('xpath', '//*[@name="query.listingStatus"]'):订单筛选select列表操作
 Tue, 30 Apr 2019 19:13:38  INFO BasePage.py get_element [ line:58 ] 订单筛选：开始查找元素：('xpath', '//*[@name="query.listingStatus"]')
 Tue, 30 Apr 2019 19:13:38  INFO BasePage.py select [ line:141 ] select列表操作完毕上架
 Tue, 30 Apr 2019 19:13:38  INFO BasePage.py select [ line:136 ] ('xpath', '//*[@name="query.hasInTransit"]'):订单筛选select列表操作
 Tue, 30 Apr 2019 19:13:38  INFO BasePage.py get_element [ line:58 ] 订单筛选：开始查找元素：('xpath', '//*[@name="query.hasInTransit"]')
 Tue, 30 Apr 2019 19:13:38  INFO BasePage.py select [ line:141 ] select列表操作完毕否
 Tue, 30 Apr 2019 19:13:39  INFO BasePage.py get_element [ line:58 ] 订单筛选：开始查找元素：('xpath', '//i[@class="icon-search"]')
 Tue, 30 Apr 2019 19:13:39  INFO BasePage.py click_element [ line:101 ] 订单筛选: 元素：('xpath', '//i[@class="icon-search"]') 点击事件。
 Tue, 30 Apr 2019 19:13:42  INFO BasePage.py wait_eleVisible [ line:23 ] 等待元素可见。
 Tue, 30 Apr 2019 19:13:42  INFO BasePage.py wait_eleVisible [ line:30 ] SKU: 元素 ('xpath', '//*[@id="data-list"]//tr[1]//label//a') 已可见,等待起始时间：2019-04-30 19:13:42.366183,等待时长：0
 Tue, 30 Apr 2019 19:13:42  INFO BasePage.py get_element [ line:58 ] SKU：开始查找元素：('xpath', '//*[@id="data-list"]//tr[1]//label//a')
 Tue, 30 Apr 2019 19:13:42  INFO BasePage.py get_text [ line:180 ] SKU：获取元素：('xpath', '//*[@id="data-list"]//tr[1]//label//a') 的文本内容
 Tue, 30 Apr 2019 19:13:42  INFO BasePage.py get_text [ line:183 ] SKU：元素：('xpath', '//*[@id="data-list"]//tr[1]//label//a') 的文本内容为：BHH61219009A
 Tue, 30 Apr 2019 19:13:42  INFO BasePage.py wait_eleVisible [ line:23 ] 等待元素可见。
 Tue, 30 Apr 2019 19:13:42  INFO BasePage.py wait_eleVisible [ line:30 ] 数量: 元素 ('xpath', '//*[@id="data-list"]//tr[1]//label//a') 已可见,等待起始时间：2019-04-30 19:13:42.453579,等待时长：0
 Tue, 30 Apr 2019 19:13:42  INFO BasePage.py get_element [ line:58 ] 数量：开始查找元素：('xpath', '//*[@id="data-list"]//tr[1]//td[18]//input[2]')
 Tue, 30 Apr 2019 19:13:42  INFO BasePage.py get_element_attribute [ line:117 ] 数量: 获取元素：('xpath', '//*[@id="data-list"]//tr[1]//td[18]//input[2]') 的属性：value
 Tue, 30 Apr 2019 19:13:42  INFO BasePage.py get_element_attribute [ line:120 ] 数量: 元素：('xpath', '//*[@id="data-list"]//tr[1]//td[18]//input[2]') 的属性：value 值为：1
 Tue, 30 Apr 2019 19:13:42  INFO test_ruku.py test_order_ng_offline_cg [ line:233 ] 采购的数量为1
 Tue, 30 Apr 2019 19:13:43  INFO BasePage.py wait_eleVisible [ line:23 ] 等待元素可见。
 Tue, 30 Apr 2019 19:13:43  INFO BasePage.py wait_eleVisible [ line:30 ] : 元素 ('xpath', '//*[@id="menu_11000000"]') 已可见,等待起始时间：2019-04-30 19:13:43.501438,等待时长：0
 Tue, 30 Apr 2019 19:13:43  INFO BasePage.py get_element [ line:58 ] ：开始查找元素：('xpath', '//*[@id="menu_11000000"]')
 Tue, 30 Apr 2019 19:13:43  INFO BasePage.py click_element [ line:101 ] : 元素：('xpath', '//*[@id="menu_11000000"]') 点击事件。
 Tue, 30 Apr 2019 19:13:43  INFO BasePage.py wait_eleVisible [ line:23 ] 等待元素可见。
 Tue, 30 Apr 2019 19:13:43  INFO BasePage.py wait_eleVisible [ line:30 ] : 元素 ('xpath', '//*[@id="menu_11110000_false_01"]/a') 已可见,等待起始时间：2019-04-30 19:13:43.601465,等待时长：0
 Tue, 30 Apr 2019 19:13:43  INFO BasePage.py get_element [ line:58 ] ：开始查找元素：('xpath', '//*[@id="menu_11110000_false_01"]/a')
 Tue, 30 Apr 2019 19:13:43  INFO BasePage.py click_element [ line:101 ] : 元素：('xpath', '//*[@id="menu_11110000_false_01"]/a') 点击事件。
 Tue, 30 Apr 2019 19:13:45  INFO BasePage.py wait_eleVisible [ line:23 ] 等待元素可见。
 Tue, 30 Apr 2019 19:13:45  INFO BasePage.py wait_eleVisible [ line:30 ] : 元素 ('xpath', '//*[@id="product-sku"]') 已可见,等待起始时间：2019-04-30 19:13:45.693285,等待时长：0
 Tue, 30 Apr 2019 19:13:45  INFO BasePage.py get_element [ line:58 ] ：开始查找元素：('xpath', '//*[@id="product-sku"]')
 Tue, 30 Apr 2019 19:13:45  INFO BasePage.py input_text [ line:85 ] : 元素：('xpath', '//*[@id="product-sku"]') 输入内容：BHH61219009A
 Tue, 30 Apr 2019 19:13:45  INFO BasePage.py wait_eleVisible [ line:23 ] 等待元素可见。
 Tue, 30 Apr 2019 19:13:45  INFO BasePage.py wait_eleVisible [ line:30 ] : 元素 ('xpath', '//*[@id="search-form"]/div/div[2]/button[1]') 已可见,等待起始时间：2019-04-30 19:13:45.929185,等待时长：0
 Tue, 30 Apr 2019 19:13:45  INFO BasePage.py get_element [ line:58 ] ：开始查找元素：('xpath', '//*[@id="search-form"]/div/div[2]/button[1]')
 Tue, 30 Apr 2019 19:13:45  INFO BasePage.py click_element [ line:101 ] : 元素：('xpath', '//*[@id="search-form"]/div/div[2]/button[1]') 点击事件。
 Tue, 30 Apr 2019 19:13:50  INFO BasePage.py get_element [ line:58 ] ：开始查找元素：('xpath', '//table[@id="data-list"]/tbody//tr[1]//td[8]')
 Tue, 30 Apr 2019 19:13:50  INFO BasePage.py get_text [ line:180 ] ：获取元素：('xpath', '//table[@id="data-list"]/tbody//tr[1]//td[8]') 的文本内容
 Tue, 30 Apr 2019 19:13:50  INFO BasePage.py get_text [ line:183 ] ：元素：('xpath', '//table[@id="data-list"]/tbody//tr[1]//td[8]') 的文本内容为：3
 Tue, 30 Apr 2019 19:13:50  INFO test_ruku.py test_order_ng_offline_cg [ line:237 ] 库存为：3
 Tue, 30 Apr 2019 19:13:50  INFO BasePage.py wait_eleVisible [ line:23 ] 等待元素可见。
 Tue, 30 Apr 2019 19:13:50  INFO BasePage.py wait_eleVisible [ line:30 ] 点击库存管理按钮: 元素 ('xpath', '//*[@id="menu_11000000"]') 已可见,等待起始时间：2019-04-30 19:13:50.635514,等待时长：0
 Tue, 30 Apr 2019 19:13:50  INFO BasePage.py get_element [ line:58 ] 点击库存管理按钮：开始查找元素：('xpath', '//*[@id="menu_11000000"]')
 Tue, 30 Apr 2019 19:13:50  INFO BasePage.py click_element [ line:101 ] 点击库存管理按钮: 元素：('xpath', '//*[@id="menu_11000000"]') 点击事件。
 Tue, 30 Apr 2019 19:13:50  INFO BasePage.py wait_eleVisible [ line:23 ] 等待元素可见。
 Tue, 30 Apr 2019 19:13:50  INFO BasePage.py wait_eleVisible [ line:30 ] 点击建议采购按钮: 元素 ('xpath', '//*[@id="menu_11131400"]') 已可见,等待起始时间：2019-04-30 19:13:50.812757,等待时长：0
 Tue, 30 Apr 2019 19:13:50  INFO BasePage.py get_element [ line:58 ] 点击建议采购按钮：开始查找元素：('xpath', '//*[@id="menu_11131400"]')
 Tue, 30 Apr 2019 19:13:50  INFO BasePage.py click_element [ line:101 ] 点击建议采购按钮: 元素：('xpath', '//*[@id="menu_11131400"]') 点击事件。
 Tue, 30 Apr 2019 19:13:56  INFO BasePage.py wait_eleVisible [ line:23 ] 等待元素可见。
 Tue, 30 Apr 2019 19:13:56  INFO BasePage.py wait_eleVisible [ line:30 ] 输入SKU搜索: 元素 ('xpath', '//*[@id="product-sku"]') 已可见,等待起始时间：2019-04-30 19:13:56.388422,等待时长：0
 Tue, 30 Apr 2019 19:13:56  INFO BasePage.py get_element [ line:58 ] 输入SKU搜索：开始查找元素：('xpath', '//*[@id="product-sku"]')
 Tue, 30 Apr 2019 19:13:56  INFO BasePage.py input_text [ line:85 ] 输入SKU搜索: 元素：('xpath', '//*[@id="product-sku"]') 输入内容：BHH61219009A
 Tue, 30 Apr 2019 19:13:57  INFO BasePage.py get_element [ line:58 ] 输入SKU搜索：开始查找元素：('xpath', '//i[@class="icon-search"]')
 Tue, 30 Apr 2019 19:13:57  INFO BasePage.py click_element [ line:101 ] 输入SKU搜索: 元素：('xpath', '//i[@class="icon-search"]') 点击事件。
 Tue, 30 Apr 2019 19:14:01  INFO BasePage.py wait_eleVisible [ line:23 ] 等待元素可见。
 Tue, 30 Apr 2019 19:14:01  INFO BasePage.py wait_eleVisible [ line:30 ] 勾选订单: 元素 ('xpath', '//input[@name="checkedSkuList"]') 已可见,等待起始时间：2019-04-30 19:14:01.571602,等待时长：0
 Tue, 30 Apr 2019 19:14:01  INFO BasePage.py get_element [ line:58 ] 勾选订单：开始查找元素：('xpath', '//input[@name="checkedSkuList"]')
 Tue, 30 Apr 2019 19:14:01  INFO BasePage.py click_element [ line:101 ] 勾选订单: 元素：('xpath', '//input[@name="checkedSkuList"]') 点击事件。
 Tue, 30 Apr 2019 19:14:02  INFO BasePage.py get_element [ line:58 ] 勾选订单：开始查找元素：('xpath', '//*[@id="purchase-form"]//button[1]')
 Tue, 30 Apr 2019 19:14:02  INFO BasePage.py click_element [ line:101 ] 勾选订单: 元素：('xpath', '//*[@id="purchase-form"]//button[1]') 点击事件。
 Tue, 30 Apr 2019 19:14:05  INFO BasePage.py get_alert [ line:229 ] 弹窗处理
 Tue, 30 Apr 2019 19:14:05  INFO BasePage.py get_alert [ line:234 ] alert弹窗处理完成
 Tue, 30 Apr 2019 19:14:11  INFO BasePage.py get_element [ line:58 ] 点击采购单列表：开始查找元素：('xpath', '//ul[@class="nav nav-tabs custom"]//*[@id="menu_11131000"]')
 Tue, 30 Apr 2019 19:14:11  INFO BasePage.py click_element [ line:101 ] 点击采购单列表: 元素：('xpath', '//ul[@class="nav nav-tabs custom"]//*[@id="menu_11131000"]') 点击事件。
 Tue, 30 Apr 2019 19:14:16  INFO BasePage.py wait_eleVisible [ line:23 ] 等待元素可见。
 Tue, 30 Apr 2019 19:14:16  INFO BasePage.py wait_eleVisible [ line:30 ] 输入SKU: 元素 ('xpath', '//*[@id="product-sku"]') 已可见,等待起始时间：2019-04-30 19:14:16.524530,等待时长：0
 Tue, 30 Apr 2019 19:14:16  INFO BasePage.py get_element [ line:58 ] 输入SKU查询：开始查找元素：('xpath', '//*[@id="product-sku"]')
 Tue, 30 Apr 2019 19:14:16  INFO BasePage.py input_text [ line:85 ] 输入SKU查询: 元素：('xpath', '//*[@id="product-sku"]') 输入内容：BHH61219009A
 Tue, 30 Apr 2019 19:14:17  INFO BasePage.py get_element [ line:58 ] sku查询按钮：开始查找元素：('xpath', '//*[@id="submitBtn"]')
 Tue, 30 Apr 2019 19:14:17  INFO BasePage.py click_element [ line:101 ] sku查询按钮: 元素：('xpath', '//*[@id="submitBtn"]') 点击事件。
 Tue, 30 Apr 2019 19:14:21  INFO BasePage.py get_money_way [ line:267 ] 判断结款方式是否可见//table[@id="data-list"]//tbody//tr[1]//td[8]
 Tue, 30 Apr 2019 19:14:21  INFO BasePage.py get_money_way [ line:275 ] 结款方式：线下现结
 Tue, 30 Apr 2019 19:14:21  INFO list_caiguo_page.py bulk_operation [ line:118 ] 其他结款方式
 Tue, 30 Apr 2019 19:14:21  INFO BasePage.py wait_eleVisible [ line:23 ] 等待元素可见。
 Tue, 30 Apr 2019 19:14:21  INFO BasePage.py wait_eleVisible [ line:30 ] 确认是否可付款 或 是否需确认: 元素 ('xpath', '//*[@id="data-list"]//tbody//tr[1]//td[1]//input[2]') 已可见,等待起始时间：2019-04-30 19:14:21.705280,等待时长：0
 Tue, 30 Apr 2019 19:14:22  INFO BasePage.py get_element [ line:58 ] 确认是否可付款 或 是否需确认：开始查找元素：('xpath', '//*[@id="data-list"]//tbody//tr[1]//td[1]//input[2]')
 Tue, 30 Apr 2019 19:14:22  INFO BasePage.py click_element [ line:101 ] 确认是否可付款 或 是否需确认: 元素：('xpath', '//*[@id="data-list"]//tbody//tr[1]//td[1]//input[2]') 点击事件。
 Tue, 30 Apr 2019 19:14:24  INFO BasePage.py get_element [ line:58 ] 确认是否可付款 或 是否需确认：开始查找元素：('xpath', '//select[@class="form-control input-medium input-inline order-do"]')
 Tue, 30 Apr 2019 19:14:24  INFO BasePage.py click_element [ line:101 ] 确认是否可付款 或 是否需确认: 元素：('xpath', '//select[@class="form-control input-medium input-inline order-do"]') 点击事件。
 Tue, 30 Apr 2019 19:14:25  INFO BasePage.py get_element [ line:58 ] 确认是否可付款 或 是否需确认：开始查找元素：('xpath', '//select[@class="form-control input-medium input-inline order-do"]//optgroup//option[2]')
 Tue, 30 Apr 2019 19:14:25  INFO BasePage.py click_element [ line:101 ] 确认是否可付款 或 是否需确认: 元素：('xpath', '//select[@class="form-control input-medium input-inline order-do"]//optgroup//option[2]') 点击事件。
 Tue, 30 Apr 2019 19:14:26  INFO BasePage.py get_element [ line:58 ] 确认是否可付款 或 是否需确认：开始查找元素：('xpath', '//button[@data-id="ok"]')
 Tue, 30 Apr 2019 19:14:26  INFO BasePage.py click_element [ line:101 ] 确认是否可付款 或 是否需确认: 元素：('xpath', '//button[@data-id="ok"]') 点击事件。
 Tue, 30 Apr 2019 19:14:29  INFO BasePage.py wait_eleVisible [ line:23 ] 等待元素可见。
 Tue, 30 Apr 2019 19:14:29  INFO BasePage.py wait_eleVisible [ line:30 ] 确认是否可付款 或 是否需确认: 元素 ('xpath', '//select[@class="form-control input-medium input-inline order-do"]') 已可见,等待起始时间：2019-04-30 19:14:29.318932,等待时长：0
 Tue, 30 Apr 2019 19:14:30  INFO BasePage.py get_element [ line:58 ] 确认是否可付款 或 是否需确认：开始查找元素：('xpath', '//*[@id="data-list"]//tbody//tr[1]//td[1]//input[2]')
 Tue, 30 Apr 2019 19:14:30  INFO BasePage.py click_element [ line:101 ] 确认是否可付款 或 是否需确认: 元素：('xpath', '//*[@id="data-list"]//tbody//tr[1]//td[1]//input[2]') 点击事件。
 Tue, 30 Apr 2019 19:14:31  INFO BasePage.py get_element [ line:58 ] 确认是否可付款 或 是否需确认：开始查找元素：('xpath', '//select[@class="form-control input-medium input-inline order-do"]')
 Tue, 30 Apr 2019 19:14:31  INFO BasePage.py click_element [ line:101 ] 确认是否可付款 或 是否需确认: 元素：('xpath', '//select[@class="form-control input-medium input-inline order-do"]') 点击事件。
 Tue, 30 Apr 2019 19:14:32  INFO BasePage.py get_element [ line:58 ] 确认是否可付款 或 是否需确认：开始查找元素：('xpath', '//select[@class="form-control input-medium input-inline order-do"]//optgroup//option[1]')
 Tue, 30 Apr 2019 19:14:32  INFO BasePage.py click_element [ line:101 ] 确认是否可付款 或 是否需确认: 元素：('xpath', '//select[@class="form-control input-medium input-inline order-do"]//optgroup//option[1]') 点击事件。
 Tue, 30 Apr 2019 19:14:33  INFO BasePage.py get_element [ line:58 ] 确认是否可付款 或 是否需确认：开始查找元素：('xpath', '//button[@data-id="ok"]')
 Tue, 30 Apr 2019 19:14:33  INFO BasePage.py click_element [ line:101 ] 确认是否可付款 或 是否需确认: 元素：('xpath', '//button[@data-id="ok"]') 点击事件。
 Tue, 30 Apr 2019 19:14:38  INFO list_caiguo_page.py input_expressage [ line:34 ] 快递单号：572312
 Tue, 30 Apr 2019 19:14:38  INFO BasePage.py wait_eleVisible [ line:23 ] 等待元素可见。
 Tue, 30 Apr 2019 19:14:38  INFO BasePage.py wait_eleVisible [ line:30 ] 填写快递单号: 元素 ('xpath', '//table[@id="data-list"]//tbody//tr[1]//td[11]//a') 已可见,等待起始时间：2019-04-30 19:14:38.809623,等待时长：0
 Tue, 30 Apr 2019 19:14:38  INFO BasePage.py get_element [ line:58 ] 填写快递单号：开始查找元素：('xpath', '//table[@id="data-list"]//tbody//tr[1]//td[11]//a')
 Tue, 30 Apr 2019 19:14:38  INFO BasePage.py click_element [ line:101 ] 填写快递单号: 元素：('xpath', '//table[@id="data-list"]//tbody//tr[1]//td[11]//a') 点击事件。
 Tue, 30 Apr 2019 19:14:39  INFO BasePage.py get_element [ line:58 ] 填写快递单号：开始查找元素：('xpath', '//textarea[@class="form-control"]')
 Tue, 30 Apr 2019 19:14:39  INFO BasePage.py input_text [ line:85 ] 填写快递单号: 元素：('xpath', '//textarea[@class="form-control"]') 输入内容：572312
 Tue, 30 Apr 2019 19:14:39  INFO BasePage.py get_element [ line:58 ] 填写快递单号：开始查找元素：('xpath', '//button[@class="btn blue editable-submit"]')
 Tue, 30 Apr 2019 19:14:39  INFO BasePage.py click_element [ line:101 ] 填写快递单号: 元素：('xpath', '//button[@class="btn blue editable-submit"]') 点击事件。
 Tue, 30 Apr 2019 19:14:43  INFO BasePage.py wait_eleVisible [ line:23 ] 等待元素可见。
 Tue, 30 Apr 2019 19:14:43  INFO BasePage.py wait_eleVisible [ line:30 ] 确认采购下单: 元素 ('xpath', '//table[@id="data-list"]//tbody//tr[1]//td[13]//a[3]') 已可见,等待起始时间：2019-04-30 19:14:43.558490,等待时长：0
 Tue, 30 Apr 2019 19:14:43  INFO BasePage.py get_element [ line:58 ] 确认采购下单：开始查找元素：('xpath', '//table[@id="data-list"]//tbody//tr[1]//td[13]//a[3]')
 Tue, 30 Apr 2019 19:14:43  INFO BasePage.py click_element [ line:101 ] 确认采购下单: 元素：('xpath', '//table[@id="data-list"]//tbody//tr[1]//td[13]//a[3]') 点击事件。
 Tue, 30 Apr 2019 19:14:44  INFO BasePage.py get_element [ line:58 ] 确认采购下单：开始查找元素：('xpath', '//button[@data-id="ok"]')
 Tue, 30 Apr 2019 19:14:44  INFO BasePage.py click_element [ line:101 ] 确认采购下单: 元素：('xpath', '//button[@data-id="ok"]') 点击事件。
 Tue, 30 Apr 2019 19:14:44  INFO BasePage.py get_element [ line:58 ] 确认采购下单：开始查找元素：('xpath', '//button[@data-id="ok"]')
 Tue, 30 Apr 2019 19:14:44  INFO BasePage.py click_element [ line:101 ] 确认采购下单: 元素：('xpath', '//button[@data-id="ok"]') 点击事件。
 Tue, 30 Apr 2019 19:14:48  INFO BasePage.py wait_eleVisible [ line:23 ] 等待元素可见。
 Tue, 30 Apr 2019 19:14:48  INFO BasePage.py wait_eleVisible [ line:30 ] 回货扫描: 元素 ('xpath', '//*[@id="menu_13000000"]/a') 已可见,等待起始时间：2019-04-30 19:14:48.200176,等待时长：0
 Tue, 30 Apr 2019 19:14:48  INFO BasePage.py get_element [ line:58 ] 回货扫描：开始查找元素：('xpath', '//*[@id="menu_13000000"]/a')
 Tue, 30 Apr 2019 19:14:48  INFO BasePage.py click_element [ line:101 ] 回货扫描: 元素：('xpath', '//*[@id="menu_13000000"]/a') 点击事件。
 Tue, 30 Apr 2019 19:14:48  INFO BasePage.py get_element [ line:58 ] 回货扫描：开始查找元素：('xpath', '//*[@id="menu_13131400"]/a')
 Tue, 30 Apr 2019 19:14:48  INFO BasePage.py click_element [ line:101 ] 回货扫描: 元素：('xpath', '//*[@id="menu_13131400"]/a') 点击事件。
 Tue, 30 Apr 2019 19:14:49  INFO BasePage.py get_element [ line:58 ] 回货扫描：开始查找元素：('xpath', '//*[@id="expressId"]')
 Tue, 30 Apr 2019 19:14:49  INFO BasePage.py input_text [ line:85 ] 回货扫描: 元素：('xpath', '//*[@id="expressId"]') 输入内容：572312
 Tue, 30 Apr 2019 19:14:49  INFO BasePage.py get_element [ line:58 ] ：开始查找元素：('xpath', '//*[@id="expressId"]')
 Tue, 30 Apr 2019 19:14:50  INFO BasePage.py wait_eleVisible [ line:23 ] 等待元素可见。
 Tue, 30 Apr 2019 19:14:50  INFO BasePage.py wait_eleVisible [ line:30 ] 快递单号扫描: 元素 ('xpath', '//div[@class="col-md-12"]//li[2]') 已可见,等待起始时间：2019-04-30 19:14:50.538697,等待时长：0
 Tue, 30 Apr 2019 19:14:50  INFO BasePage.py get_element [ line:58 ] 快递单号扫描：开始查找元素：('xpath', '//div[@class="col-md-12"]//li[2]')
 Tue, 30 Apr 2019 19:14:50  INFO BasePage.py click_element [ line:101 ] 快递单号扫描: 元素：('xpath', '//div[@class="col-md-12"]//li[2]') 点击事件。
 Tue, 30 Apr 2019 19:14:52  INFO BasePage.py get_element [ line:58 ] 快递单号扫描：开始查找元素：('xpath', '//*[@id="expressId"]')
 Tue, 30 Apr 2019 19:14:52  INFO BasePage.py input_text [ line:85 ] 快递单号扫描: 元素：('xpath', '//*[@id="expressId"]') 输入内容：572312
 Tue, 30 Apr 2019 19:14:53  INFO BasePage.py get_element [ line:58 ] ：开始查找元素：('xpath', '//*[@id="expressId"]')
 Tue, 30 Apr 2019 19:14:55  INFO BasePage.py get_element [ line:58 ] 入库数量：开始查找元素：('xpath', '//input[@name="inStock.items[0].quantity"]')
 Tue, 30 Apr 2019 19:14:55  INFO BasePage.py input_text [ line:85 ] 入库数量: 元素：('xpath', '//input[@name="inStock.items[0].quantity"]') 输入内容：1
 Tue, 30 Apr 2019 19:14:56  INFO BasePage.py get_element [ line:58 ] 生成入库单：开始查找元素：('xpath', '//button[@class="btn btn-default btn-xs"]')
 Tue, 30 Apr 2019 19:14:56  INFO BasePage.py click_element [ line:101 ] 生成入库单: 元素：('xpath', '//button[@class="btn btn-default btn-xs"]') 点击事件。
 Tue, 30 Apr 2019 19:14:57  INFO BasePage.py get_alert [ line:229 ] 弹窗处理
 Tue, 30 Apr 2019 19:14:57  INFO BasePage.py get_alert [ line:234 ] alert弹窗处理完成
 Tue, 30 Apr 2019 19:15:01  INFO BasePage.py wait_eleVisible [ line:23 ] 等待元素可见。
 Tue, 30 Apr 2019 19:15:01  INFO BasePage.py wait_eleVisible [ line:30 ] QC扫描: 元素 ('xpath', '//div[@class="col-md-12"]//li[4]') 已可见,等待起始时间：2019-04-30 19:15:01.290747,等待时长：0
 Tue, 30 Apr 2019 19:15:01  INFO BasePage.py get_element [ line:58 ] QC扫描：开始查找元素：('xpath', '//div[@class="col-md-12"]//li[4]')
 Tue, 30 Apr 2019 19:15:01  INFO BasePage.py click_element [ line:101 ] QC扫描: 元素：('xpath', '//div[@class="col-md-12"]//li[4]') 点击事件。
 Tue, 30 Apr 2019 19:15:04  INFO BasePage.py wait_eleVisible [ line:23 ] 等待元素可见。
 Tue, 30 Apr 2019 19:15:04  INFO BasePage.py wait_eleVisible [ line:30 ] 二维码输入检查: 元素 ('xpath', '//*[@id="uuidAndSku"]') 已可见,等待起始时间：2019-04-30 19:15:04.554940,等待时长：0
 Tue, 30 Apr 2019 19:15:04  INFO BasePage.py get_element [ line:58 ] 二维码输入：开始查找元素：('xpath', '//*[@id="uuidAndSku"]')
 Tue, 30 Apr 2019 19:15:04  INFO BasePage.py input_text [ line:85 ] 二维码输入: 元素：('xpath', '//*[@id="uuidAndSku"]') 输入内容：190430191459063001.BHH61219009A
 Tue, 30 Apr 2019 19:15:06  INFO BasePage.py get_element [ line:58 ] ：开始查找元素：('xpath', '//*[@id="uuidAndSku"]')
 Tue, 30 Apr 2019 19:15:07  INFO BasePage.py get_element [ line:58 ] 二次确认：开始查找元素：('xpath', '//button[@data-id="ok"]')
 Tue, 30 Apr 2019 19:15:07  INFO BasePage.py click_element [ line:101 ] 二次确认: 元素：('xpath', '//button[@data-id="ok"]') 点击事件。
 Tue, 30 Apr 2019 19:15:08  INFO BasePage.py wait_eleVisible [ line:23 ] 等待元素可见。
 Tue, 30 Apr 2019 19:15:08  INFO BasePage.py wait_eleVisible [ line:30 ] NG按钮检查: 元素 ('xpath', '//*[@id="ng-top"]') 已可见,等待起始时间：2019-04-30 19:15:08.319017,等待时长：0
 Tue, 30 Apr 2019 19:15:08  INFO BasePage.py get_element [ line:58 ] NG按钮点击：开始查找元素：('xpath', '//*[@id="ng-top"]')
 Tue, 30 Apr 2019 19:15:08  INFO BasePage.py click_element [ line:101 ] NG按钮点击: 元素：('xpath', '//*[@id="ng-top"]') 点击事件。
 Tue, 30 Apr 2019 19:15:09  INFO BasePage.py get_element [ line:58 ] 款式不符：开始查找元素：('xpath', '//*[@id="select2-drop"]//li[4]')
 Tue, 30 Apr 2019 19:15:09  INFO BasePage.py click_element [ line:101 ] 款式不符: 元素：('xpath', '//*[@id="select2-drop"]//li[4]') 点击事件。
 Tue, 30 Apr 2019 19:15:11  INFO BasePage.py get_element [ line:58 ] 确认：开始查找元素：('xpath', '//*[@data-id="ok"]')
 Tue, 30 Apr 2019 19:15:11  INFO BasePage.py click_element [ line:101 ] 确认: 元素：('xpath', '//*[@data-id="ok"]') 点击事件。
 Tue, 30 Apr 2019 19:15:13  INFO BasePage.py wait_eleVisible [ line:23 ] 等待元素可见。
 Tue, 30 Apr 2019 19:15:13  INFO BasePage.py wait_eleVisible [ line:30 ] 获取NG采购待处理订单: 元素 ('xpath', '//*[@id="menu_13000000"]') 已可见,等待起始时间：2019-04-30 19:15:13.662984,等待时长：0
 Tue, 30 Apr 2019 19:15:13  INFO BasePage.py get_element [ line:58 ] 获取NG采购待处理订单：开始查找元素：('xpath', '//*[@id="menu_13000000"]')
 Tue, 30 Apr 2019 19:15:13  INFO BasePage.py click_element [ line:101 ] 获取NG采购待处理订单: 元素：('xpath', '//*[@id="menu_13000000"]') 点击事件。
 Tue, 30 Apr 2019 19:15:13  INFO BasePage.py get_element [ line:58 ] 获取NG采购待处理订单：开始查找元素：('xpath', '//*[@id="menu_13121400"]')
 Tue, 30 Apr 2019 19:15:13  INFO BasePage.py click_element [ line:101 ] 获取NG采购待处理订单: 元素：('xpath', '//*[@id="menu_13121400"]') 点击事件。
 Tue, 30 Apr 2019 19:15:18  INFO BasePage.py wait_eleVisible [ line:23 ] 等待元素可见。
 Tue, 30 Apr 2019 19:15:18  INFO BasePage.py wait_eleVisible [ line:30 ] 获取NG采购待处理订单: 元素 ('xpath', '//*[@id="product-sku"]') 已可见,等待起始时间：2019-04-30 19:15:18.613329,等待时长：0
 Tue, 30 Apr 2019 19:15:18  INFO BasePage.py get_element [ line:58 ] 获取NG采购待处理订单：开始查找元素：('xpath', '//*[@id="product-sku"]')
 Tue, 30 Apr 2019 19:15:18  INFO BasePage.py input_text [ line:85 ] 获取NG采购待处理订单: 元素：('xpath', '//*[@id="product-sku"]') 输入内容：BHH61219009A
 Tue, 30 Apr 2019 19:15:19  INFO BasePage.py get_element [ line:58 ] 获取NG采购待处理订单：开始查找元素：('xpath', '//*[@id="search-form"]//button[1]')
 Tue, 30 Apr 2019 19:15:19  INFO BasePage.py click_element [ line:101 ] 获取NG采购待处理订单: 元素：('xpath', '//*[@id="search-form"]//button[1]') 点击事件。
 Tue, 30 Apr 2019 19:15:25  INFO BasePage.py wait_eleVisible [ line:23 ] 等待元素可见。
 Tue, 30 Apr 2019 19:15:25  INFO BasePage.py wait_eleVisible [ line:30 ] 订单开始处理: 元素 ('xpath', '//div[@class="page-container"]//tr[@id][1]') 已可见,等待起始时间：2019-04-30 19:15:25.521756,等待时长：0
 Tue, 30 Apr 2019 19:15:25  INFO BasePage.py get_element [ line:58 ] 订单开始处理：开始查找元素：('xpath', '//div[@class="page-container"]//tr[@id][1]')
 Tue, 30 Apr 2019 19:15:25  INFO BasePage.py click_element [ line:101 ] 订单开始处理: 元素：('xpath', '//div[@class="page-container"]//tr[@id][1]') 点击事件。
 Tue, 30 Apr 2019 19:15:26  INFO BasePage.py get_element [ line:58 ] 订单开始处理：开始查找元素：('xpath', '//select[@class="form-control input-medium input-inline  order-do"]')
 Tue, 30 Apr 2019 19:15:26  INFO BasePage.py click_element [ line:101 ] 订单开始处理: 元素：('xpath', '//select[@class="form-control input-medium input-inline  order-do"]') 点击事件。
 Tue, 30 Apr 2019 19:15:27  INFO BasePage.py get_element [ line:58 ] 订单开始处理：开始查找元素：('xpath', '//select[@class="form-control input-medium input-inline  order-do"]//*[@value="ng"]')
 Tue, 30 Apr 2019 19:15:27  INFO BasePage.py click_element [ line:101 ] 订单开始处理: 元素：('xpath', '//select[@class="form-control input-medium input-inline  order-do"]//*[@value="ng"]') 点击事件。
 Tue, 30 Apr 2019 19:15:28  INFO BasePage.py get_element [ line:58 ] 输入NG理由：开始查找元素：('xpath', '//table[@class="ui-dialog-grid"]//textarea')
 Tue, 30 Apr 2019 19:15:28  ERROR BasePage.py get_element [ line:63 ] 查找元素失败：
Traceback (most recent call last):
  File "D:\pythonxu\python_ERP\Common\BasePage.py", line 60, in get_element
    return self.driver.find_element(*locator)
  File "C:\Users\test\AppData\Local\Programs\Python\Python37\lib\site-packages\selenium\webdriver\remote\webdriver.py", line 978, in find_element
    'value': value})['value']
  File "C:\Users\test\AppData\Local\Programs\Python\Python37\lib\site-packages\selenium\webdriver\remote\webdriver.py", line 321, in execute
    self.error_handler.check_response(response)
  File "C:\Users\test\AppData\Local\Programs\Python\Python37\lib\site-packages\selenium\webdriver\remote\errorhandler.py", line 241, in check_response
    raise exception_class(message, screen, stacktrace, alert_text)
selenium.common.exceptions.UnexpectedAlertPresentException: Alert Text: None
Message: unexpected alert open: {Alert text : 请选择要操作的记录}
  (Session info: chrome=74.0.3729.108)
  (Driver info: chromedriver=2.37.544315 (730aa6a5fdba159ac9f4c1e8cbc59bf1b5ce12b7),platform=Windows NT 10.0.17763 x86_64)

 Tue, 30 Apr 2019 19:15:28  INFO conftest.py login_web [ line:45 ] =====用例后置：关闭浏览器会话,清理环境=======
