 Tue, 30 Apr 2019 19:55:29  INFO logger.py <module> [ line:22 ] 测试开始
 Tue, 30 Apr 2019 19:55:29  INFO conftest.py login_web [ line:37 ] =====用例前置：初始化浏览器会话，登陆WEB系统=======
 Tue, 30 Apr 2019 19:55:35  INFO BasePage.py wait_eleVisible [ line:23 ] 等待元素可见。
 Tue, 30 Apr 2019 19:55:35  INFO BasePage.py wait_eleVisible [ line:30 ] 登陆页面_登陆功能: 元素 ('xpath', '//*[@id="username"]') 已可见,等待起始时间：2019-04-30 19:55:35.469154,等待时长：0
 Tue, 30 Apr 2019 19:55:35  INFO BasePage.py get_element [ line:58 ] 登陆页面_登陆功能：开始查找元素：('xpath', '//*[@id="username"]')
 Tue, 30 Apr 2019 19:55:35  INFO BasePage.py input_text [ line:85 ] 登陆页面_登陆功能: 元素：('xpath', '//*[@id="username"]') 输入内容：it_test
 Tue, 30 Apr 2019 19:55:35  INFO BasePage.py get_element [ line:58 ] 登陆页面_登陆功能：开始查找元素：('xpath', '//*[@id="password"]')
 Tue, 30 Apr 2019 19:55:35  INFO BasePage.py input_text [ line:85 ] 登陆页面_登陆功能: 元素：('xpath', '//*[@id="password"]') 输入内容：it_test
 Tue, 30 Apr 2019 19:55:35  INFO BasePage.py get_element [ line:58 ] 登陆页面_登陆功能：开始查找元素：('xpath', '//*[@id="captcha"]')
 Tue, 30 Apr 2019 19:55:35  INFO BasePage.py input_text [ line:85 ] 登陆页面_登陆功能: 元素：('xpath', '//*[@id="captcha"]') 输入内容：1111
 Tue, 30 Apr 2019 19:55:35  INFO BasePage.py get_element [ line:58 ] 登陆页面_登陆功能：开始查找元素：('xpath', '//*[@id="login-btn"]')
 Tue, 30 Apr 2019 19:55:35  INFO BasePage.py click_element [ line:101 ] 登陆页面_登陆功能: 元素：('xpath', '//*[@id="login-btn"]') 点击事件。
 Tue, 30 Apr 2019 19:55:35  INFO test_ruku.py test_order_ng_offline_cg [ line:214 ] *********入库：开始执行输入不通过原因，NG采购待处理用例*********
 Tue, 30 Apr 2019 19:55:39  INFO BasePage.py wait_eleVisible [ line:23 ] 等待元素可见。
 Tue, 30 Apr 2019 19:55:39  INFO BasePage.py wait_eleVisible [ line:30 ] 点击库存管理按钮: 元素 ('xpath', '//*[@id="menu_11000000"]') 已可见,等待起始时间：2019-04-30 19:55:39.851871,等待时长：0
 Tue, 30 Apr 2019 19:55:39  INFO BasePage.py get_element [ line:58 ] 点击库存管理按钮：开始查找元素：('xpath', '//*[@id="menu_11000000"]')
 Tue, 30 Apr 2019 19:55:39  INFO BasePage.py click_element [ line:101 ] 点击库存管理按钮: 元素：('xpath', '//*[@id="menu_11000000"]') 点击事件。
 Tue, 30 Apr 2019 19:55:39  INFO BasePage.py wait_eleVisible [ line:23 ] 等待元素可见。
 Tue, 30 Apr 2019 19:55:40  INFO BasePage.py wait_eleVisible [ line:30 ] 点击建议采购按钮: 元素 ('xpath', '//*[@id="menu_11131400"]') 已可见,等待起始时间：2019-04-30 19:55:39.981266,等待时长：0
 Tue, 30 Apr 2019 19:55:40  INFO BasePage.py get_element [ line:58 ] 点击建议采购按钮：开始查找元素：('xpath', '//*[@id="menu_11131400"]')
 Tue, 30 Apr 2019 19:55:40  INFO BasePage.py click_element [ line:101 ] 点击建议采购按钮: 元素：('xpath', '//*[@id="menu_11131400"]') 点击事件。
 Tue, 30 Apr 2019 19:55:45  INFO BasePage.py wait_eleVisible [ line:23 ] 等待元素可见。
 Tue, 30 Apr 2019 19:55:45  INFO BasePage.py wait_eleVisible [ line:30 ] 订单筛选: 元素 ('xpath', '//*[@name="query.supplierQuery.paymentMethod"]') 已可见,等待起始时间：2019-04-30 19:55:45.822088,等待时长：0
 Tue, 30 Apr 2019 19:55:45  INFO BasePage.py select [ line:136 ] ('xpath', '//*[@name="query.supplierQuery.paymentMethod"]'):订单筛选select列表操作
 Tue, 30 Apr 2019 19:55:45  INFO BasePage.py get_element [ line:58 ] 订单筛选：开始查找元素：('xpath', '//*[@name="query.supplierQuery.paymentMethod"]')
 Tue, 30 Apr 2019 19:55:45  INFO BasePage.py select [ line:141 ] select列表操作完毕周结
 Tue, 30 Apr 2019 19:55:45  INFO BasePage.py select [ line:136 ] ('xpath', '//*[@name="query.listingStatus"]'):订单筛选select列表操作
 Tue, 30 Apr 2019 19:55:45  INFO BasePage.py get_element [ line:58 ] 订单筛选：开始查找元素：('xpath', '//*[@name="query.listingStatus"]')
 Tue, 30 Apr 2019 19:55:46  INFO BasePage.py select [ line:141 ] select列表操作完毕上架
 Tue, 30 Apr 2019 19:55:46  INFO BasePage.py select [ line:136 ] ('xpath', '//*[@name="query.hasInTransit"]'):订单筛选select列表操作
 Tue, 30 Apr 2019 19:55:46  INFO BasePage.py get_element [ line:58 ] 订单筛选：开始查找元素：('xpath', '//*[@name="query.hasInTransit"]')
 Tue, 30 Apr 2019 19:55:46  INFO BasePage.py select [ line:141 ] select列表操作完毕否
 Tue, 30 Apr 2019 19:55:47  INFO BasePage.py get_element [ line:58 ] 订单筛选：开始查找元素：('xpath', '//i[@class="icon-search"]')
 Tue, 30 Apr 2019 19:55:47  INFO BasePage.py click_element [ line:101 ] 订单筛选: 元素：('xpath', '//i[@class="icon-search"]') 点击事件。
 Tue, 30 Apr 2019 19:55:49  INFO BasePage.py wait_eleVisible [ line:23 ] 等待元素可见。
 Tue, 30 Apr 2019 19:55:49  INFO BasePage.py wait_eleVisible [ line:30 ] SKU: 元素 ('xpath', '//*[@id="data-list"]//tr[1]//label//a') 已可见,等待起始时间：2019-04-30 19:55:49.872935,等待时长：0
 Tue, 30 Apr 2019 19:55:49  INFO BasePage.py get_element [ line:58 ] SKU：开始查找元素：('xpath', '//*[@id="data-list"]//tr[1]//label//a')
 Tue, 30 Apr 2019 19:55:49  INFO BasePage.py get_text [ line:180 ] SKU：获取元素：('xpath', '//*[@id="data-list"]//tr[1]//label//a') 的文本内容
 Tue, 30 Apr 2019 19:55:49  INFO BasePage.py get_text [ line:183 ] SKU：元素：('xpath', '//*[@id="data-list"]//tr[1]//label//a') 的文本内容为：XFM70221623
 Tue, 30 Apr 2019 19:55:49  INFO BasePage.py wait_eleVisible [ line:23 ] 等待元素可见。
 Tue, 30 Apr 2019 19:55:49  INFO BasePage.py wait_eleVisible [ line:30 ] 数量: 元素 ('xpath', '//*[@id="data-list"]//tr[1]//label//a') 已可见,等待起始时间：2019-04-30 19:55:49.934688,等待时长：0
 Tue, 30 Apr 2019 19:55:49  INFO BasePage.py get_element [ line:58 ] 数量：开始查找元素：('xpath', '//*[@id="data-list"]//tr[1]//td[18]//input[2]')
 Tue, 30 Apr 2019 19:55:49  INFO BasePage.py get_element_attribute [ line:117 ] 数量: 获取元素：('xpath', '//*[@id="data-list"]//tr[1]//td[18]//input[2]') 的属性：value
 Tue, 30 Apr 2019 19:55:49  INFO BasePage.py get_element_attribute [ line:120 ] 数量: 元素：('xpath', '//*[@id="data-list"]//tr[1]//td[18]//input[2]') 的属性：value 值为：12
 Tue, 30 Apr 2019 19:55:49  INFO test_ruku.py test_order_ng_offline_cg [ line:233 ] 采购的数量为12
 Tue, 30 Apr 2019 19:55:50  INFO BasePage.py wait_eleVisible [ line:23 ] 等待元素可见。
 Tue, 30 Apr 2019 19:55:51  INFO BasePage.py wait_eleVisible [ line:30 ] : 元素 ('xpath', '//*[@id="menu_11000000"]') 已可见,等待起始时间：2019-04-30 19:55:50.981565,等待时长：0
 Tue, 30 Apr 2019 19:55:51  INFO BasePage.py get_element [ line:58 ] ：开始查找元素：('xpath', '//*[@id="menu_11000000"]')
 Tue, 30 Apr 2019 19:55:51  INFO BasePage.py click_element [ line:101 ] : 元素：('xpath', '//*[@id="menu_11000000"]') 点击事件。
 Tue, 30 Apr 2019 19:55:51  INFO BasePage.py wait_eleVisible [ line:23 ] 等待元素可见。
 Tue, 30 Apr 2019 19:55:51  INFO BasePage.py wait_eleVisible [ line:30 ] : 元素 ('xpath', '//*[@id="menu_11110000_false_01"]/a') 已可见,等待起始时间：2019-04-30 19:55:51.095259,等待时长：0
 Tue, 30 Apr 2019 19:55:51  INFO BasePage.py get_element [ line:58 ] ：开始查找元素：('xpath', '//*[@id="menu_11110000_false_01"]/a')
 Tue, 30 Apr 2019 19:55:51  INFO BasePage.py click_element [ line:101 ] : 元素：('xpath', '//*[@id="menu_11110000_false_01"]/a') 点击事件。
 Tue, 30 Apr 2019 19:55:53  INFO BasePage.py wait_eleVisible [ line:23 ] 等待元素可见。
 Tue, 30 Apr 2019 19:55:53  INFO BasePage.py wait_eleVisible [ line:30 ] : 元素 ('xpath', '//*[@id="product-sku"]') 已可见,等待起始时间：2019-04-30 19:55:53.142753,等待时长：0
 Tue, 30 Apr 2019 19:55:53  INFO BasePage.py get_element [ line:58 ] ：开始查找元素：('xpath', '//*[@id="product-sku"]')
 Tue, 30 Apr 2019 19:55:53  INFO BasePage.py input_text [ line:85 ] : 元素：('xpath', '//*[@id="product-sku"]') 输入内容：XFM70221623
 Tue, 30 Apr 2019 19:55:53  INFO BasePage.py wait_eleVisible [ line:23 ] 等待元素可见。
 Tue, 30 Apr 2019 19:55:53  INFO BasePage.py wait_eleVisible [ line:30 ] : 元素 ('xpath', '//*[@id="search-form"]/div/div[2]/button[1]') 已可见,等待起始时间：2019-04-30 19:55:53.474263,等待时长：0
 Tue, 30 Apr 2019 19:55:53  INFO BasePage.py get_element [ line:58 ] ：开始查找元素：('xpath', '//*[@id="search-form"]/div/div[2]/button[1]')
 Tue, 30 Apr 2019 19:55:53  INFO BasePage.py click_element [ line:101 ] : 元素：('xpath', '//*[@id="search-form"]/div/div[2]/button[1]') 点击事件。
 Tue, 30 Apr 2019 19:55:58  INFO BasePage.py get_element [ line:58 ] ：开始查找元素：('xpath', '//table[@id="data-list"]/tbody//tr[1]//td[8]')
 Tue, 30 Apr 2019 19:55:58  INFO BasePage.py get_text [ line:180 ] ：获取元素：('xpath', '//table[@id="data-list"]/tbody//tr[1]//td[8]') 的文本内容
 Tue, 30 Apr 2019 19:55:58  INFO BasePage.py get_text [ line:183 ] ：元素：('xpath', '//table[@id="data-list"]/tbody//tr[1]//td[8]') 的文本内容为：1
 Tue, 30 Apr 2019 19:55:58  INFO test_ruku.py test_order_ng_offline_cg [ line:237 ] 库存为：1
 Tue, 30 Apr 2019 19:55:58  INFO BasePage.py wait_eleVisible [ line:23 ] 等待元素可见。
 Tue, 30 Apr 2019 19:55:58  INFO BasePage.py wait_eleVisible [ line:30 ] 点击库存管理按钮: 元素 ('xpath', '//*[@id="menu_11000000"]') 已可见,等待起始时间：2019-04-30 19:55:58.076938,等待时长：0
 Tue, 30 Apr 2019 19:55:58  INFO BasePage.py get_element [ line:58 ] 点击库存管理按钮：开始查找元素：('xpath', '//*[@id="menu_11000000"]')
 Tue, 30 Apr 2019 19:55:58  INFO BasePage.py click_element [ line:101 ] 点击库存管理按钮: 元素：('xpath', '//*[@id="menu_11000000"]') 点击事件。
 Tue, 30 Apr 2019 19:55:58  INFO BasePage.py wait_eleVisible [ line:23 ] 等待元素可见。
 Tue, 30 Apr 2019 19:55:58  INFO BasePage.py wait_eleVisible [ line:30 ] 点击建议采购按钮: 元素 ('xpath', '//*[@id="menu_11131400"]') 已可见,等待起始时间：2019-04-30 19:55:58.274410,等待时长：0
 Tue, 30 Apr 2019 19:55:58  INFO BasePage.py get_element [ line:58 ] 点击建议采购按钮：开始查找元素：('xpath', '//*[@id="menu_11131400"]')
 Tue, 30 Apr 2019 19:55:58  INFO BasePage.py click_element [ line:101 ] 点击建议采购按钮: 元素：('xpath', '//*[@id="menu_11131400"]') 点击事件。
 Tue, 30 Apr 2019 19:56:03  INFO BasePage.py wait_eleVisible [ line:23 ] 等待元素可见。
 Tue, 30 Apr 2019 19:56:03  INFO BasePage.py wait_eleVisible [ line:30 ] 输入SKU搜索: 元素 ('xpath', '//*[@id="product-sku"]') 已可见,等待起始时间：2019-04-30 19:56:03.855963,等待时长：0
 Tue, 30 Apr 2019 19:56:03  INFO BasePage.py get_element [ line:58 ] 输入SKU搜索：开始查找元素：('xpath', '//*[@id="product-sku"]')
 Tue, 30 Apr 2019 19:56:03  INFO BasePage.py input_text [ line:85 ] 输入SKU搜索: 元素：('xpath', '//*[@id="product-sku"]') 输入内容：XFM70221623
 Tue, 30 Apr 2019 19:56:05  INFO BasePage.py get_element [ line:58 ] 输入SKU搜索：开始查找元素：('xpath', '//i[@class="icon-search"]')
 Tue, 30 Apr 2019 19:56:05  INFO BasePage.py click_element [ line:101 ] 输入SKU搜索: 元素：('xpath', '//i[@class="icon-search"]') 点击事件。
 Tue, 30 Apr 2019 19:56:09  INFO BasePage.py wait_eleVisible [ line:23 ] 等待元素可见。
 Tue, 30 Apr 2019 19:56:09  INFO BasePage.py wait_eleVisible [ line:30 ] 勾选订单: 元素 ('xpath', '//input[@name="checkedSkuList"]') 已可见,等待起始时间：2019-04-30 19:56:09.277301,等待时长：0
 Tue, 30 Apr 2019 19:56:09  INFO BasePage.py get_element [ line:58 ] 勾选订单：开始查找元素：('xpath', '//input[@name="checkedSkuList"]')
 Tue, 30 Apr 2019 19:56:09  INFO BasePage.py click_element [ line:101 ] 勾选订单: 元素：('xpath', '//input[@name="checkedSkuList"]') 点击事件。
 Tue, 30 Apr 2019 19:56:10  INFO BasePage.py get_element [ line:58 ] 勾选订单：开始查找元素：('xpath', '//*[@id="purchase-form"]//button[1]')
 Tue, 30 Apr 2019 19:56:10  INFO BasePage.py click_element [ line:101 ] 勾选订单: 元素：('xpath', '//*[@id="purchase-form"]//button[1]') 点击事件。
 Tue, 30 Apr 2019 19:56:13  INFO BasePage.py get_alert [ line:229 ] 弹窗处理
 Tue, 30 Apr 2019 19:56:13  INFO BasePage.py get_alert [ line:234 ] alert弹窗处理完成
 Tue, 30 Apr 2019 19:56:19  INFO BasePage.py get_element [ line:58 ] 点击采购单列表：开始查找元素：('xpath', '//ul[@class="nav nav-tabs custom"]//*[@id="menu_11131000"]')
 Tue, 30 Apr 2019 19:56:19  INFO BasePage.py click_element [ line:101 ] 点击采购单列表: 元素：('xpath', '//ul[@class="nav nav-tabs custom"]//*[@id="menu_11131000"]') 点击事件。
 Tue, 30 Apr 2019 19:56:23  INFO BasePage.py wait_eleVisible [ line:23 ] 等待元素可见。
 Tue, 30 Apr 2019 19:56:23  INFO BasePage.py wait_eleVisible [ line:30 ] 输入SKU: 元素 ('xpath', '//*[@id="product-sku"]') 已可见,等待起始时间：2019-04-30 19:56:23.935481,等待时长：0
 Tue, 30 Apr 2019 19:56:23  INFO BasePage.py get_element [ line:58 ] 输入SKU查询：开始查找元素：('xpath', '//*[@id="product-sku"]')
 Tue, 30 Apr 2019 19:56:24  INFO BasePage.py input_text [ line:85 ] 输入SKU查询: 元素：('xpath', '//*[@id="product-sku"]') 输入内容：XFM70221623
 Tue, 30 Apr 2019 19:56:24  INFO BasePage.py get_element [ line:58 ] sku查询按钮：开始查找元素：('xpath', '//*[@id="submitBtn"]')
 Tue, 30 Apr 2019 19:56:24  INFO BasePage.py click_element [ line:101 ] sku查询按钮: 元素：('xpath', '//*[@id="submitBtn"]') 点击事件。
 Tue, 30 Apr 2019 19:56:29  INFO BasePage.py get_money_way [ line:267 ] 判断结款方式是否可见//table[@id="data-list"]//tbody//tr[1]//td[8]
 Tue, 30 Apr 2019 19:56:29  INFO BasePage.py get_money_way [ line:275 ] 结款方式：周结
 Tue, 30 Apr 2019 19:56:29  INFO list_caiguo_page.py bulk_operation [ line:118 ] 其他结款方式
 Tue, 30 Apr 2019 19:56:29  INFO BasePage.py wait_eleVisible [ line:23 ] 等待元素可见。
 Tue, 30 Apr 2019 19:56:29  INFO BasePage.py wait_eleVisible [ line:30 ] 确认是否可付款 或 是否需确认: 元素 ('xpath', '//*[@id="data-list"]//tbody//tr[1]//td[1]//input[2]') 已可见,等待起始时间：2019-04-30 19:56:29.595811,等待时长：0
 Tue, 30 Apr 2019 19:56:30  INFO BasePage.py get_element [ line:58 ] 确认是否可付款 或 是否需确认：开始查找元素：('xpath', '//*[@id="data-list"]//tbody//tr[1]//td[1]//input[2]')
 Tue, 30 Apr 2019 19:56:30  INFO BasePage.py click_element [ line:101 ] 确认是否可付款 或 是否需确认: 元素：('xpath', '//*[@id="data-list"]//tbody//tr[1]//td[1]//input[2]') 点击事件。
 Tue, 30 Apr 2019 19:56:31  INFO BasePage.py get_element [ line:58 ] 确认是否可付款 或 是否需确认：开始查找元素：('xpath', '//select[@class="form-control input-medium input-inline order-do"]')
 Tue, 30 Apr 2019 19:56:31  INFO BasePage.py click_element [ line:101 ] 确认是否可付款 或 是否需确认: 元素：('xpath', '//select[@class="form-control input-medium input-inline order-do"]') 点击事件。
 Tue, 30 Apr 2019 19:56:32  INFO BasePage.py get_element [ line:58 ] 确认是否可付款 或 是否需确认：开始查找元素：('xpath', '//select[@class="form-control input-medium input-inline order-do"]//optgroup//option[2]')
 Tue, 30 Apr 2019 19:56:32  INFO BasePage.py click_element [ line:101 ] 确认是否可付款 或 是否需确认: 元素：('xpath', '//select[@class="form-control input-medium input-inline order-do"]//optgroup//option[2]') 点击事件。
 Tue, 30 Apr 2019 19:56:33  INFO BasePage.py get_element [ line:58 ] 确认是否可付款 或 是否需确认：开始查找元素：('xpath', '//button[@data-id="ok"]')
 Tue, 30 Apr 2019 19:56:33  INFO BasePage.py click_element [ line:101 ] 确认是否可付款 或 是否需确认: 元素：('xpath', '//button[@data-id="ok"]') 点击事件。
 Tue, 30 Apr 2019 19:56:36  INFO BasePage.py wait_eleVisible [ line:23 ] 等待元素可见。
 Tue, 30 Apr 2019 19:56:37  INFO BasePage.py wait_eleVisible [ line:30 ] 确认是否可付款 或 是否需确认: 元素 ('xpath', '//select[@class="form-control input-medium input-inline order-do"]') 已可见,等待起始时间：2019-04-30 19:56:36.910071,等待时长：0
 Tue, 30 Apr 2019 19:56:38  INFO BasePage.py get_element [ line:58 ] 确认是否可付款 或 是否需确认：开始查找元素：('xpath', '//*[@id="data-list"]//tbody//tr[1]//td[1]//input[2]')
 Tue, 30 Apr 2019 19:56:38  INFO BasePage.py click_element [ line:101 ] 确认是否可付款 或 是否需确认: 元素：('xpath', '//*[@id="data-list"]//tbody//tr[1]//td[1]//input[2]') 点击事件。
 Tue, 30 Apr 2019 19:56:39  INFO BasePage.py get_element [ line:58 ] 确认是否可付款 或 是否需确认：开始查找元素：('xpath', '//select[@class="form-control input-medium input-inline order-do"]')
 Tue, 30 Apr 2019 19:56:39  INFO BasePage.py click_element [ line:101 ] 确认是否可付款 或 是否需确认: 元素：('xpath', '//select[@class="form-control input-medium input-inline order-do"]') 点击事件。
 Tue, 30 Apr 2019 19:56:40  INFO BasePage.py get_element [ line:58 ] 确认是否可付款 或 是否需确认：开始查找元素：('xpath', '//select[@class="form-control input-medium input-inline order-do"]//optgroup//option[1]')
 Tue, 30 Apr 2019 19:56:40  INFO BasePage.py click_element [ line:101 ] 确认是否可付款 或 是否需确认: 元素：('xpath', '//select[@class="form-control input-medium input-inline order-do"]//optgroup//option[1]') 点击事件。
 Tue, 30 Apr 2019 19:56:41  INFO BasePage.py get_element [ line:58 ] 确认是否可付款 或 是否需确认：开始查找元素：('xpath', '//button[@data-id="ok"]')
 Tue, 30 Apr 2019 19:56:41  INFO BasePage.py click_element [ line:101 ] 确认是否可付款 或 是否需确认: 元素：('xpath', '//button[@data-id="ok"]') 点击事件。
 Tue, 30 Apr 2019 19:56:46  INFO list_caiguo_page.py input_expressage [ line:34 ] 快递单号：161993
 Tue, 30 Apr 2019 19:56:46  INFO BasePage.py wait_eleVisible [ line:23 ] 等待元素可见。
 Tue, 30 Apr 2019 19:56:46  INFO BasePage.py wait_eleVisible [ line:30 ] 填写快递单号: 元素 ('xpath', '//table[@id="data-list"]//tbody//tr[1]//td[11]//a') 已可见,等待起始时间：2019-04-30 19:56:46.572098,等待时长：0
 Tue, 30 Apr 2019 19:56:46  INFO BasePage.py get_element [ line:58 ] 填写快递单号：开始查找元素：('xpath', '//table[@id="data-list"]//tbody//tr[1]//td[11]//a')
 Tue, 30 Apr 2019 19:56:46  INFO BasePage.py click_element [ line:101 ] 填写快递单号: 元素：('xpath', '//table[@id="data-list"]//tbody//tr[1]//td[11]//a') 点击事件。
 Tue, 30 Apr 2019 19:56:47  INFO BasePage.py get_element [ line:58 ] 填写快递单号：开始查找元素：('xpath', '//textarea[@class="form-control"]')
 Tue, 30 Apr 2019 19:56:47  INFO BasePage.py input_text [ line:85 ] 填写快递单号: 元素：('xpath', '//textarea[@class="form-control"]') 输入内容：161993
 Tue, 30 Apr 2019 19:56:47  INFO BasePage.py get_element [ line:58 ] 填写快递单号：开始查找元素：('xpath', '//button[@class="btn blue editable-submit"]')
 Tue, 30 Apr 2019 19:56:47  INFO BasePage.py click_element [ line:101 ] 填写快递单号: 元素：('xpath', '//button[@class="btn blue editable-submit"]') 点击事件。
 Tue, 30 Apr 2019 19:56:51  INFO BasePage.py wait_eleVisible [ line:23 ] 等待元素可见。
 Tue, 30 Apr 2019 19:56:51  INFO BasePage.py wait_eleVisible [ line:30 ] 确认采购下单: 元素 ('xpath', '//table[@id="data-list"]//tbody//tr[1]//td[13]//a[3]') 已可见,等待起始时间：2019-04-30 19:56:51.351010,等待时长：0
 Tue, 30 Apr 2019 19:56:51  INFO BasePage.py get_element [ line:58 ] 确认采购下单：开始查找元素：('xpath', '//table[@id="data-list"]//tbody//tr[1]//td[13]//a[3]')
 Tue, 30 Apr 2019 19:56:51  INFO BasePage.py click_element [ line:101 ] 确认采购下单: 元素：('xpath', '//table[@id="data-list"]//tbody//tr[1]//td[13]//a[3]') 点击事件。
 Tue, 30 Apr 2019 19:56:51  INFO BasePage.py get_element [ line:58 ] 确认采购下单：开始查找元素：('xpath', '//button[@data-id="ok"]')
 Tue, 30 Apr 2019 19:56:51  INFO BasePage.py click_element [ line:101 ] 确认采购下单: 元素：('xpath', '//button[@data-id="ok"]') 点击事件。
 Tue, 30 Apr 2019 19:56:52  INFO BasePage.py get_element [ line:58 ] 确认采购下单：开始查找元素：('xpath', '//button[@data-id="ok"]')
 Tue, 30 Apr 2019 19:56:52  INFO BasePage.py click_element [ line:101 ] 确认采购下单: 元素：('xpath', '//button[@data-id="ok"]') 点击事件。
 Tue, 30 Apr 2019 19:56:56  INFO BasePage.py wait_eleVisible [ line:23 ] 等待元素可见。
 Tue, 30 Apr 2019 19:56:56  INFO BasePage.py wait_eleVisible [ line:30 ] 回货扫描: 元素 ('xpath', '//*[@id="menu_13000000"]/a') 已可见,等待起始时间：2019-04-30 19:56:56.187846,等待时长：0
 Tue, 30 Apr 2019 19:56:56  INFO BasePage.py get_element [ line:58 ] 回货扫描：开始查找元素：('xpath', '//*[@id="menu_13000000"]/a')
 Tue, 30 Apr 2019 19:56:56  INFO BasePage.py click_element [ line:101 ] 回货扫描: 元素：('xpath', '//*[@id="menu_13000000"]/a') 点击事件。
 Tue, 30 Apr 2019 19:56:56  INFO BasePage.py get_element [ line:58 ] 回货扫描：开始查找元素：('xpath', '//*[@id="menu_13131400"]/a')
 Tue, 30 Apr 2019 19:56:56  INFO BasePage.py click_element [ line:101 ] 回货扫描: 元素：('xpath', '//*[@id="menu_13131400"]/a') 点击事件。
 Tue, 30 Apr 2019 19:56:57  INFO BasePage.py get_element [ line:58 ] 回货扫描：开始查找元素：('xpath', '//*[@id="expressId"]')
 Tue, 30 Apr 2019 19:56:57  INFO BasePage.py input_text [ line:85 ] 回货扫描: 元素：('xpath', '//*[@id="expressId"]') 输入内容：161993
 Tue, 30 Apr 2019 19:56:57  INFO BasePage.py get_element [ line:58 ] ：开始查找元素：('xpath', '//*[@id="expressId"]')
 Tue, 30 Apr 2019 19:56:58  INFO BasePage.py wait_eleVisible [ line:23 ] 等待元素可见。
 Tue, 30 Apr 2019 19:56:58  INFO BasePage.py wait_eleVisible [ line:30 ] 快递单号扫描: 元素 ('xpath', '//div[@class="col-md-12"]//li[2]') 已可见,等待起始时间：2019-04-30 19:56:58.633791,等待时长：0
 Tue, 30 Apr 2019 19:56:58  INFO BasePage.py get_element [ line:58 ] 快递单号扫描：开始查找元素：('xpath', '//div[@class="col-md-12"]//li[2]')
 Tue, 30 Apr 2019 19:56:58  INFO BasePage.py click_element [ line:101 ] 快递单号扫描: 元素：('xpath', '//div[@class="col-md-12"]//li[2]') 点击事件。
 Tue, 30 Apr 2019 19:57:00  INFO BasePage.py get_element [ line:58 ] 快递单号扫描：开始查找元素：('xpath', '//*[@id="expressId"]')
 Tue, 30 Apr 2019 19:57:00  INFO BasePage.py input_text [ line:85 ] 快递单号扫描: 元素：('xpath', '//*[@id="expressId"]') 输入内容：161993
 Tue, 30 Apr 2019 19:57:01  INFO BasePage.py get_element [ line:58 ] ：开始查找元素：('xpath', '//*[@id="expressId"]')
 Tue, 30 Apr 2019 19:57:03  INFO BasePage.py get_element [ line:58 ] 入库数量：开始查找元素：('xpath', '//input[@name="inStock.items[0].quantity"]')
 Tue, 30 Apr 2019 19:57:03  INFO BasePage.py input_text [ line:85 ] 入库数量: 元素：('xpath', '//input[@name="inStock.items[0].quantity"]') 输入内容：12
 Tue, 30 Apr 2019 19:57:04  INFO BasePage.py get_element [ line:58 ] 生成入库单：开始查找元素：('xpath', '//button[@class="btn btn-default btn-xs"]')
 Tue, 30 Apr 2019 19:57:04  INFO BasePage.py click_element [ line:101 ] 生成入库单: 元素：('xpath', '//button[@class="btn btn-default btn-xs"]') 点击事件。
 Tue, 30 Apr 2019 19:57:05  INFO BasePage.py get_alert [ line:229 ] 弹窗处理
 Tue, 30 Apr 2019 19:57:05  INFO BasePage.py get_alert [ line:234 ] alert弹窗处理完成
 Tue, 30 Apr 2019 19:57:09  INFO BasePage.py wait_eleVisible [ line:23 ] 等待元素可见。
 Tue, 30 Apr 2019 19:57:09  INFO BasePage.py wait_eleVisible [ line:30 ] QC扫描: 元素 ('xpath', '//div[@class="col-md-12"]//li[4]') 已可见,等待起始时间：2019-04-30 19:57:09.602596,等待时长：0
 Tue, 30 Apr 2019 19:57:09  INFO BasePage.py get_element [ line:58 ] QC扫描：开始查找元素：('xpath', '//div[@class="col-md-12"]//li[4]')
 Tue, 30 Apr 2019 19:57:09  INFO BasePage.py click_element [ line:101 ] QC扫描: 元素：('xpath', '//div[@class="col-md-12"]//li[4]') 点击事件。
 Tue, 30 Apr 2019 19:57:12  INFO BasePage.py wait_eleVisible [ line:23 ] 等待元素可见。
 Tue, 30 Apr 2019 19:57:12  INFO BasePage.py wait_eleVisible [ line:30 ] 二维码输入检查: 元素 ('xpath', '//*[@id="uuidAndSku"]') 已可见,等待起始时间：2019-04-30 19:57:12.766464,等待时长：0
 Tue, 30 Apr 2019 19:57:12  INFO BasePage.py get_element [ line:58 ] 二维码输入：开始查找元素：('xpath', '//*[@id="uuidAndSku"]')
 Tue, 30 Apr 2019 19:57:12  INFO BasePage.py input_text [ line:85 ] 二维码输入: 元素：('xpath', '//*[@id="uuidAndSku"]') 输入内容：190430195707351001.XFM70221623
 Tue, 30 Apr 2019 19:57:14  INFO BasePage.py get_element [ line:58 ] ：开始查找元素：('xpath', '//*[@id="uuidAndSku"]')
 Tue, 30 Apr 2019 19:57:15  INFO BasePage.py get_element [ line:58 ] 二次确认：开始查找元素：('xpath', '//button[@data-id="ok"]')
 Tue, 30 Apr 2019 19:57:15  INFO BasePage.py click_element [ line:101 ] 二次确认: 元素：('xpath', '//button[@data-id="ok"]') 点击事件。
 Tue, 30 Apr 2019 19:57:16  INFO BasePage.py wait_eleVisible [ line:23 ] 等待元素可见。
 Tue, 30 Apr 2019 19:57:16  INFO BasePage.py wait_eleVisible [ line:30 ] NG按钮检查: 元素 ('xpath', '//*[@id="ng-top"]') 已可见,等待起始时间：2019-04-30 19:57:16.502133,等待时长：0
 Tue, 30 Apr 2019 19:57:16  INFO BasePage.py get_element [ line:58 ] NG按钮点击：开始查找元素：('xpath', '//*[@id="ng-top"]')
 Tue, 30 Apr 2019 19:57:16  INFO BasePage.py click_element [ line:101 ] NG按钮点击: 元素：('xpath', '//*[@id="ng-top"]') 点击事件。
 Tue, 30 Apr 2019 19:57:17  INFO BasePage.py get_element [ line:58 ] 款式不符：开始查找元素：('xpath', '//*[@id="select2-drop"]//li[4]')
 Tue, 30 Apr 2019 19:57:17  INFO BasePage.py click_element [ line:101 ] 款式不符: 元素：('xpath', '//*[@id="select2-drop"]//li[4]') 点击事件。
 Tue, 30 Apr 2019 19:57:19  INFO BasePage.py get_element [ line:58 ] 确认：开始查找元素：('xpath', '//*[@data-id="ok"]')
 Tue, 30 Apr 2019 19:57:19  INFO BasePage.py click_element [ line:101 ] 确认: 元素：('xpath', '//*[@data-id="ok"]') 点击事件。
 Tue, 30 Apr 2019 19:57:21  INFO BasePage.py wait_eleVisible [ line:23 ] 等待元素可见。
 Tue, 30 Apr 2019 19:57:21  INFO BasePage.py wait_eleVisible [ line:30 ] 获取NG采购待处理订单: 元素 ('xpath', '//*[@id="menu_13000000"]') 已可见,等待起始时间：2019-04-30 19:57:21.839945,等待时长：0
 Tue, 30 Apr 2019 19:57:21  INFO BasePage.py get_element [ line:58 ] 获取NG采购待处理订单：开始查找元素：('xpath', '//*[@id="menu_13000000"]')
 Tue, 30 Apr 2019 19:57:21  INFO BasePage.py click_element [ line:101 ] 获取NG采购待处理订单: 元素：('xpath', '//*[@id="menu_13000000"]') 点击事件。
 Tue, 30 Apr 2019 19:57:21  INFO BasePage.py get_element [ line:58 ] 获取NG采购待处理订单：开始查找元素：('xpath', '//*[@id="menu_13121400"]')
 Tue, 30 Apr 2019 19:57:21  INFO BasePage.py click_element [ line:101 ] 获取NG采购待处理订单: 元素：('xpath', '//*[@id="menu_13121400"]') 点击事件。
 Tue, 30 Apr 2019 19:57:26  INFO BasePage.py wait_eleVisible [ line:23 ] 等待元素可见。
 Tue, 30 Apr 2019 19:57:26  INFO BasePage.py wait_eleVisible [ line:30 ] 获取NG采购待处理订单: 元素 ('xpath', '//*[@id="product-sku"]') 已可见,等待起始时间：2019-04-30 19:57:26.756628,等待时长：0
 Tue, 30 Apr 2019 19:57:26  INFO BasePage.py get_element [ line:58 ] 获取NG采购待处理订单：开始查找元素：('xpath', '//*[@id="product-sku"]')
 Tue, 30 Apr 2019 19:57:26  INFO BasePage.py input_text [ line:85 ] 获取NG采购待处理订单: 元素：('xpath', '//*[@id="product-sku"]') 输入内容：XFM70221623
 Tue, 30 Apr 2019 19:57:27  INFO BasePage.py get_element [ line:58 ] 获取NG采购待处理订单：开始查找元素：('xpath', '//*[@id="search-form"]//button[1]')
 Tue, 30 Apr 2019 19:57:27  INFO BasePage.py click_element [ line:101 ] 获取NG采购待处理订单: 元素：('xpath', '//*[@id="search-form"]//button[1]') 点击事件。
 Tue, 30 Apr 2019 19:57:33  INFO BasePage.py wait_eleVisible [ line:23 ] 等待元素可见。
 Tue, 30 Apr 2019 19:57:33  INFO BasePage.py wait_eleVisible [ line:30 ] 订单开始处理: 元素 ('xpath', '//div[@class="page-container"]//tr[@id][1]//*[@name="inIds"]') 已可见,等待起始时间：2019-04-30 19:57:33.639193,等待时长：0
 Tue, 30 Apr 2019 19:57:33  INFO BasePage.py get_element [ line:58 ] 订单开始处理：开始查找元素：('xpath', '//div[@class="page-container"]//tr[@id][1]//*[@name="inIds"]')
 Tue, 30 Apr 2019 19:57:33  INFO BasePage.py click_element [ line:101 ] 订单开始处理: 元素：('xpath', '//div[@class="page-container"]//tr[@id][1]//*[@name="inIds"]') 点击事件。
 Tue, 30 Apr 2019 19:57:34  INFO BasePage.py get_element [ line:58 ] 订单开始处理：开始查找元素：('xpath', '//select[@class="form-control input-medium input-inline  order-do"]')
 Tue, 30 Apr 2019 19:57:34  INFO BasePage.py click_element [ line:101 ] 订单开始处理: 元素：('xpath', '//select[@class="form-control input-medium input-inline  order-do"]') 点击事件。
 Tue, 30 Apr 2019 19:57:35  INFO BasePage.py get_element [ line:58 ] 订单开始处理：开始查找元素：('xpath', '//select[@class="form-control input-medium input-inline  order-do"]//*[@value="ng"]')
 Tue, 30 Apr 2019 19:57:35  INFO BasePage.py click_element [ line:101 ] 订单开始处理: 元素：('xpath', '//select[@class="form-control input-medium input-inline  order-do"]//*[@value="ng"]') 点击事件。
 Tue, 30 Apr 2019 19:57:36  INFO BasePage.py get_element [ line:58 ] 输入NG理由：开始查找元素：('xpath', '//table[@class="ui-dialog-grid"]//textarea')
 Tue, 30 Apr 2019 19:57:36  INFO BasePage.py input_text [ line:85 ] 输入NG理由: 元素：('xpath', '//table[@class="ui-dialog-grid"]//textarea') 输入内容：NG
 Tue, 30 Apr 2019 19:57:37  INFO BasePage.py get_element [ line:58 ] 订单开始处理：开始查找元素：('xpath', '//*[@id="s2id_ng-reason"]')
 Tue, 30 Apr 2019 19:57:37  INFO BasePage.py click_element [ line:101 ] 订单开始处理: 元素：('xpath', '//*[@id="s2id_ng-reason"]') 点击事件。
 Tue, 30 Apr 2019 19:57:37  INFO BasePage.py get_element [ line:58 ] 结果输入操作：开始查找元素：('xpath', '//*[@id="select2-drop"]//*[@class="select2-search"]//input')
 Tue, 30 Apr 2019 19:57:37  INFO BasePage.py input_text [ line:85 ] 结果输入操作: 元素：('xpath', '//*[@id="select2-drop"]//*[@class="select2-search"]//input') 输入内容：NG结果输入
 Tue, 30 Apr 2019 19:57:38  INFO BasePage.py get_element [ line:58 ] ：开始查找元素：('xpath', '//*[@id="select2-drop"]//*[@class="select2-search"]//input')
 Tue, 30 Apr 2019 19:57:38  INFO conftest.py login_web [ line:45 ] =====用例后置：关闭浏览器会话,清理环境=======
