 Thu, 23 May 2019 14:41:57  INFO logger.py <module> [ line:23 ] 测试开始
 Thu, 23 May 2019 14:41:58  INFO conftest.py login_web [ line:37 ] =====用例前置：初始化浏览器会话，登陆WEB系统=======
 Thu, 23 May 2019 14:42:04  INFO login_page.py login [ line:16 ] 登陆页面_登陆功能
 Thu, 23 May 2019 14:42:04  INFO BasePage.py wait_eleVisible [ line:23 ] 等待元素可见。
 Thu, 23 May 2019 14:42:04  INFO BasePage.py wait_eleVisible [ line:30 ] 输入用户名: 元素 ('xpath', '//*[@id="username"]') 已可见,等待起始时间：2019-05-23 14:42:04.881347,等待时长：0
 Thu, 23 May 2019 14:42:04  INFO BasePage.py get_element [ line:58 ] 输入用户名：开始查找元素：('xpath', '//*[@id="username"]')
 Thu, 23 May 2019 14:42:04  INFO BasePage.py input_text [ line:86 ] 输入用户名: 元素：('xpath', '//*[@id="username"]') 输入内容：it_gongyingying
 Thu, 23 May 2019 14:42:05  INFO BasePage.py wait_eleVisible [ line:23 ] 等待元素可见。
 Thu, 23 May 2019 14:42:05  INFO BasePage.py wait_eleVisible [ line:30 ] 输入密码: 元素 ('xpath', '//*[@id="password"]') 已可见,等待起始时间：2019-05-23 14:42:05.013002,等待时长：0
 Thu, 23 May 2019 14:42:05  INFO BasePage.py get_element [ line:58 ] 输入密码：开始查找元素：('xpath', '//*[@id="password"]')
 Thu, 23 May 2019 14:42:05  INFO BasePage.py input_text [ line:86 ] 输入密码: 元素：('xpath', '//*[@id="password"]') 输入内容：111
 Thu, 23 May 2019 14:42:05  INFO BasePage.py wait_eleVisible [ line:23 ] 等待元素可见。
 Thu, 23 May 2019 14:42:05  INFO BasePage.py wait_eleVisible [ line:30 ] 输入验证码: 元素 ('xpath', '//*[@id="captcha"]') 已可见,等待起始时间：2019-05-23 14:42:05.108558,等待时长：0
 Thu, 23 May 2019 14:42:05  INFO BasePage.py get_element [ line:58 ] 输入验证码：开始查找元素：('xpath', '//*[@id="captcha"]')
 Thu, 23 May 2019 14:42:05  INFO BasePage.py input_text [ line:86 ] 输入验证码: 元素：('xpath', '//*[@id="captcha"]') 输入内容：1111
 Thu, 23 May 2019 14:42:05  INFO BasePage.py wait_eleVisible [ line:23 ] 等待元素可见。
 Thu, 23 May 2019 14:42:05  INFO BasePage.py wait_eleVisible [ line:30 ] 点击登录按钮: 元素 ('xpath', '//*[@id="login-btn"]') 已可见,等待起始时间：2019-05-23 14:42:05.216241,等待时长：0
 Thu, 23 May 2019 14:42:05  INFO BasePage.py get_element [ line:58 ] 点击登录按钮：开始查找元素：('xpath', '//*[@id="login-btn"]')
 Thu, 23 May 2019 14:42:05  INFO BasePage.py click_element [ line:104 ] 点击登录按钮: 元素：('xpath', '//*[@id="login-btn"]') 点击事件。
 Thu, 23 May 2019 14:42:07  INFO test_quan.py test_permisva_anh [ line:31 ] *********权限：开始执行平台账号权限验证用例*********
 Thu, 23 May 2019 14:42:07  INFO BasePage.py wait_eleVisible [ line:23 ] 等待元素可见。
 Thu, 23 May 2019 14:42:07  INFO BasePage.py wait_eleVisible [ line:30 ] 点击待合并按钮: 元素 ('xpath', '//*[@id="status-deliver"]/a[2]') 已可见,等待起始时间：2019-05-23 14:42:07.387765,等待时长：0
 Thu, 23 May 2019 14:42:07  INFO BasePage.py get_element [ line:58 ] 点击待合并按钮：开始查找元素：('xpath', '//*[@id="status-deliver"]/a[2]')
 Thu, 23 May 2019 14:42:07  INFO BasePage.py click_element [ line:104 ] 点击待合并按钮: 元素：('xpath', '//*[@id="status-deliver"]/a[2]') 点击事件。
 Thu, 23 May 2019 14:42:07  INFO BasePage.py window_switch [ line:172 ] 切换窗口位置-1，功能点窗口切换
 Thu, 23 May 2019 14:42:07  INFO BasePage.py window_switch [ line:176 ] 窗口切换成功
 Thu, 23 May 2019 14:42:09  INFO order_guanli_page.py new_order [ line:20 ] 点击新建订单按钮
 Thu, 23 May 2019 14:42:09  INFO BasePage.py wait_eleVisible [ line:23 ] 等待元素可见。
 Thu, 23 May 2019 14:42:10  INFO BasePage.py wait_eleVisible [ line:30 ] 点击新建按钮: 元素 ('xpath', "//div[@class='pull-left']") 已可见,等待起始时间：2019-05-23 14:42:09.606321,等待时长：1
 Thu, 23 May 2019 14:42:10  INFO BasePage.py get_element [ line:58 ] 点击新建按钮：开始查找元素：('xpath', "//div[@class='pull-left']")
 Thu, 23 May 2019 14:42:10  INFO BasePage.py click_element [ line:104 ] 点击新建按钮: 元素：('xpath', "//div[@class='pull-left']") 点击事件。
 Thu, 23 May 2019 14:42:10  INFO BasePage.py window_switch [ line:172 ] 切换窗口位置-1，功能点窗口切换
 Thu, 23 May 2019 14:42:10  INFO BasePage.py window_switch [ line:176 ] 窗口切换成功
 Thu, 23 May 2019 14:42:12  INFO BasePage.py select [ line:140 ] ('xpath', '//*[@id="platform-id"]'):新建订单select列表操作
 Thu, 23 May 2019 14:42:12  INFO BasePage.py wait_eleVisible [ line:23 ] 等待元素可见。
 Thu, 23 May 2019 14:42:13  INFO BasePage.py wait_eleVisible [ line:30 ] 新建订单: 元素 ('xpath', '//*[@id="platform-id"]') 已可见,等待起始时间：2019-05-23 14:42:12.909158,等待时长：1
 Thu, 23 May 2019 14:42:13  INFO BasePage.py get_element [ line:58 ] 新建订单：开始查找元素：('xpath', '//*[@id="platform-id"]')
 Thu, 23 May 2019 14:42:15  INFO BasePage.py select [ line:148 ] select列表操作完毕AliExpress
 Thu, 23 May 2019 14:42:15  INFO BasePage.py select [ line:140 ] ('xpath', "//select[@class='input-xsmall  input-inline form-control']"):新建订单select列表操作
 Thu, 23 May 2019 14:42:15  INFO BasePage.py wait_eleVisible [ line:23 ] 等待元素可见。
 Thu, 23 May 2019 14:42:15  INFO BasePage.py wait_eleVisible [ line:30 ] 新建订单: 元素 ('xpath', "//select[@class='input-xsmall  input-inline form-control']") 已可见,等待起始时间：2019-05-23 14:42:15.618930,等待时长：0
 Thu, 23 May 2019 14:42:15  INFO BasePage.py get_element [ line:58 ] 新建订单：开始查找元素：('xpath', "//select[@class='input-xsmall  input-inline form-control']")
 Thu, 23 May 2019 14:42:17  INFO BasePage.py select [ line:148 ] select列表操作完毕VND
 Thu, 23 May 2019 14:42:17  INFO BasePage.py select [ line:140 ] ('xpath', "//select[@name='order.logisticsType']"):select列表操作
 Thu, 23 May 2019 14:42:17  INFO BasePage.py wait_eleVisible [ line:23 ] 等待元素可见。
 Thu, 23 May 2019 14:42:17  INFO BasePage.py wait_eleVisible [ line:30 ] : 元素 ('xpath', "//select[@name='order.logisticsType']") 已可见,等待起始时间：2019-05-23 14:42:17.280563,等待时长：0
 Thu, 23 May 2019 14:42:17  INFO BasePage.py get_element [ line:58 ] ：开始查找元素：('xpath', "//select[@name='order.logisticsType']")
 Thu, 23 May 2019 14:42:18  INFO BasePage.py select [ line:148 ] select列表操作完毕4PX物流-新加坡挂号
 Thu, 23 May 2019 14:42:19  INFO BasePage.py wait_eleVisible [ line:23 ] 等待元素可见。
 Thu, 23 May 2019 14:42:19  INFO BasePage.py wait_eleVisible [ line:30 ] 日期选择: 元素 ('xpath', "//input[@name='order.paidDate']") 已可见,等待起始时间：2019-05-23 14:42:19.435247,等待时长：0
 Thu, 23 May 2019 14:42:19  INFO BasePage.py get_element [ line:58 ] 日期选择：开始查找元素：('xpath', "//input[@name='order.paidDate']")
 Thu, 23 May 2019 14:42:19  INFO BasePage.py click_element [ line:104 ] 日期选择: 元素：('xpath', "//input[@name='order.paidDate']") 点击事件。
 Thu, 23 May 2019 14:42:19  INFO BasePage.py switchover_html [ line:159 ] 切换HTML页面
 Thu, 23 May 2019 14:42:19  INFO BasePage.py switchover_html [ line:162 ] HTML页面切换成功
 Thu, 23 May 2019 14:42:19  INFO BasePage.py wait_eleVisible [ line:23 ] 等待元素可见。
 Thu, 23 May 2019 14:42:19  INFO BasePage.py wait_eleVisible [ line:30 ] 日期确认: 元素 ('xpath', '//*[@id="dpOkInput"]') 已可见,等待起始时间：2019-05-23 14:42:19.594253,等待时长：0
 Thu, 23 May 2019 14:42:19  INFO BasePage.py get_element [ line:58 ] 日期确认：开始查找元素：('xpath', '//*[@id="dpOkInput"]')
 Thu, 23 May 2019 14:42:19  INFO BasePage.py click_element [ line:104 ] 日期确认: 元素：('xpath', '//*[@id="dpOkInput"]') 点击事件。
 Thu, 23 May 2019 14:42:20  INFO BasePage.py select [ line:140 ] ('xpath', '//*[@name="order.sellerId"]'):卖家select列表操作
 Thu, 23 May 2019 14:42:20  INFO BasePage.py wait_eleVisible [ line:23 ] 等待元素可见。
 Thu, 23 May 2019 14:42:20  INFO BasePage.py wait_eleVisible [ line:30 ] 卖家: 元素 ('xpath', '//*[@name="order.sellerId"]') 已可见,等待起始时间：2019-05-23 14:42:20.722059,等待时长：0
 Thu, 23 May 2019 14:42:20  INFO BasePage.py get_element [ line:58 ] 卖家：开始查找元素：('xpath', '//*[@name="order.sellerId"]')
 Thu, 23 May 2019 14:42:22  INFO BasePage.py select [ line:148 ] select列表操作完毕cn1520841823olvc
 Thu, 23 May 2019 14:42:22  INFO xinjian_page.py new_order_qx [ line:344 ] 订单号PEA-4209662833anhqx
 Thu, 23 May 2019 14:42:22  INFO BasePage.py wait_eleVisible [ line:23 ] 等待元素可见。
 Thu, 23 May 2019 14:42:22  INFO BasePage.py wait_eleVisible [ line:30 ] 按货打单: 元素 ('xpath', '//*[@id="platform-order-id"]') 已可见,等待起始时间：2019-05-23 14:42:22.480677,等待时长：0
 Thu, 23 May 2019 14:42:22  INFO BasePage.py get_element [ line:58 ] 按货打单：开始查找元素：('xpath', '//*[@id="platform-order-id"]')
 Thu, 23 May 2019 14:42:22  INFO BasePage.py input_text [ line:86 ] 按货打单: 元素：('xpath', '//*[@id="platform-order-id"]') 输入内容：PEA-4209662833anhqx
 Thu, 23 May 2019 14:42:23  INFO BasePage.py wait_eleVisible [ line:23 ] 等待元素可见。
 Thu, 23 May 2019 14:42:24  INFO BasePage.py wait_eleVisible [ line:30 ] 按货打单: 元素 ('xpath', '//*[@id="tr-order-item-0"]/td[2]/button') 已可见,等待起始时间：2019-05-23 14:42:23.970417,等待时长：0
 Thu, 23 May 2019 14:42:24  INFO BasePage.py get_element [ line:58 ] 按货打单：开始查找元素：('xpath', '//*[@id="tr-order-item-0"]/td[2]/button')
 Thu, 23 May 2019 14:42:24  INFO BasePage.py click_element [ line:104 ] 按货打单: 元素：('xpath', '//*[@id="tr-order-item-0"]/td[2]/button') 点击事件。
 Thu, 23 May 2019 14:42:28  INFO BasePage.py switchover_html [ line:159 ] 切换HTML页面
 Thu, 23 May 2019 14:42:28  INFO BasePage.py switchover_html [ line:162 ] HTML页面切换成功
 Thu, 23 May 2019 14:42:28  INFO BasePage.py select [ line:140 ] ('xpath', '//*[@id="productStatusId"]'):按货打单select列表操作
 Thu, 23 May 2019 14:42:28  INFO BasePage.py wait_eleVisible [ line:23 ] 等待元素可见。
 Thu, 23 May 2019 14:42:28  INFO BasePage.py wait_eleVisible [ line:30 ] 按货打单: 元素 ('xpath', '//*[@id="productStatusId"]') 已可见,等待起始时间：2019-05-23 14:42:28.172853,等待时长：0
 Thu, 23 May 2019 14:42:28  INFO BasePage.py get_element [ line:58 ] 按货打单：开始查找元素：('xpath', '//*[@id="productStatusId"]')
 Thu, 23 May 2019 14:42:29  INFO BasePage.py select [ line:148 ] select列表操作完毕正常
 Thu, 23 May 2019 14:42:29  INFO BasePage.py select [ line:140 ] ('xpath', '//*[@name="query.listingStatus"]'):按货打单select列表操作
 Thu, 23 May 2019 14:42:29  INFO BasePage.py wait_eleVisible [ line:23 ] 等待元素可见。
 Thu, 23 May 2019 14:42:29  INFO BasePage.py wait_eleVisible [ line:30 ] 按货打单: 元素 ('xpath', '//*[@name="query.listingStatus"]') 已可见,等待起始时间：2019-05-23 14:42:29.785402,等待时长：0
 Thu, 23 May 2019 14:42:29  INFO BasePage.py get_element [ line:58 ] 按货打单：开始查找元素：('xpath', '//*[@name="query.listingStatus"]')
 Thu, 23 May 2019 14:42:31  INFO BasePage.py select [ line:148 ] select列表操作完毕上架
 Thu, 23 May 2019 14:42:31  INFO BasePage.py select [ line:140 ] ('xpath', '//*[@id="warehouse-id"]'):按货打单select列表操作
 Thu, 23 May 2019 14:42:31  INFO BasePage.py wait_eleVisible [ line:23 ] 等待元素可见。
 Thu, 23 May 2019 14:42:31  INFO BasePage.py wait_eleVisible [ line:30 ] 按货打单: 元素 ('xpath', '//*[@id="warehouse-id"]') 已可见,等待起始时间：2019-05-23 14:42:31.918582,等待时长：0
 Thu, 23 May 2019 14:42:31  INFO BasePage.py get_element [ line:58 ] 按货打单：开始查找元素：('xpath', '//*[@id="warehouse-id"]')
 Thu, 23 May 2019 14:42:33  INFO BasePage.py select [ line:148 ] select列表操作完毕塘厦仓库
 Thu, 23 May 2019 14:42:33  INFO BasePage.py wait_eleVisible [ line:23 ] 等待元素可见。
 Thu, 23 May 2019 14:42:33  INFO BasePage.py wait_eleVisible [ line:30 ] 按货打单: 元素 ('xpath', '//*[@name="query.fromStock"]') 已可见,等待起始时间：2019-05-23 14:42:33.548161,等待时长：0
 Thu, 23 May 2019 14:42:33  INFO BasePage.py get_element [ line:58 ] 按货打单：开始查找元素：('xpath', '//*[@name="query.fromStock"]')
 Thu, 23 May 2019 14:42:33  INFO BasePage.py input_text [ line:86 ] 按货打单: 元素：('xpath', '//*[@name="query.fromStock"]') 输入内容：100
 Thu, 23 May 2019 14:42:33  INFO BasePage.py wait_eleVisible [ line:23 ] 等待元素可见。
 Thu, 23 May 2019 14:42:33  INFO BasePage.py wait_eleVisible [ line:30 ] 按货打单: 元素 ('xpath', '//*[@name="query.toStock"]') 已可见,等待起始时间：2019-05-23 14:42:33.647512,等待时长：0
 Thu, 23 May 2019 14:42:33  INFO BasePage.py get_element [ line:58 ] 按货打单：开始查找元素：('xpath', '//*[@name="query.toStock"]')
 Thu, 23 May 2019 14:42:33  INFO BasePage.py input_text [ line:86 ] 按货打单: 元素：('xpath', '//*[@name="query.toStock"]') 输入内容：1000
 Thu, 23 May 2019 14:42:34  INFO BasePage.py wait_eleVisible [ line:23 ] 等待元素可见。
 Thu, 23 May 2019 14:42:34  INFO BasePage.py wait_eleVisible [ line:30 ] 按货打单: 元素 ('xpath', '//*[@id="search-form"]//button[1]') 已可见,等待起始时间：2019-05-23 14:42:34.267529,等待时长：0
 Thu, 23 May 2019 14:42:34  INFO BasePage.py get_element [ line:58 ] 按货打单：开始查找元素：('xpath', '//*[@id="search-form"]//button[1]')
 Thu, 23 May 2019 14:42:34  INFO BasePage.py click_element [ line:104 ] 按货打单: 元素：('xpath', '//*[@id="search-form"]//button[1]') 点击事件。
 Thu, 23 May 2019 14:42:49  INFO xinjian_page.py new_order_qx [ line:369 ] 选择的SKU是8
 Thu, 23 May 2019 14:42:50  INFO BasePage.py wait_eleVisible [ line:23 ] 等待元素可见。
 Thu, 23 May 2019 14:42:50  INFO BasePage.py wait_eleVisible [ line:30 ] 按货打单: 元素 ('xpath', '//*[@data-id="ok"]') 已可见,等待起始时间：2019-05-23 14:42:50.665370,等待时长：0
 Thu, 23 May 2019 14:42:50  INFO BasePage.py get_element [ line:58 ] 按货打单：开始查找元素：('xpath', '//*[@data-id="ok"]')
 Thu, 23 May 2019 14:42:50  INFO BasePage.py click_element [ line:104 ] 按货打单: 元素：('xpath', '//*[@data-id="ok"]') 点击事件。
 Thu, 23 May 2019 14:42:51  INFO BasePage.py wait_eleVisible [ line:23 ] 等待元素可见。
 Thu, 23 May 2019 14:42:51  INFO BasePage.py wait_eleVisible [ line:30 ] 按货打单: 元素 ('xpath', "//input[@name='order.orderItems[0].saleQuantity']") 已可见,等待起始时间：2019-05-23 14:42:51.834394,等待时长：0
 Thu, 23 May 2019 14:42:51  INFO BasePage.py get_element [ line:58 ] 按货打单：开始查找元素：('xpath', "//input[@name='order.orderItems[0].saleQuantity']")
 Thu, 23 May 2019 14:42:51  INFO BasePage.py input_text [ line:86 ] 按货打单: 元素：('xpath', "//input[@name='order.orderItems[0].saleQuantity']") 输入内容：1
 Thu, 23 May 2019 14:42:53  INFO BasePage.py wait_eleVisible [ line:23 ] 等待元素可见。
 Thu, 23 May 2019 14:42:53  INFO BasePage.py wait_eleVisible [ line:30 ] 查询价格: 元素 ('xpath', '//*[@id="menu_11000000"]') 已可见,等待起始时间：2019-05-23 14:42:53.021094,等待时长：0
 Thu, 23 May 2019 14:42:53  INFO BasePage.py get_element [ line:58 ] 查询价格：开始查找元素：('xpath', '//*[@id="menu_11000000"]')
 Thu, 23 May 2019 14:42:53  INFO BasePage.py click_element [ line:104 ] 查询价格: 元素：('xpath', '//*[@id="menu_11000000"]') 点击事件。
 Thu, 23 May 2019 14:42:53  INFO BasePage.py wait_eleVisible [ line:23 ] 等待元素可见。
 Thu, 23 May 2019 14:42:53  INFO BasePage.py wait_eleVisible [ line:30 ] 查询价格: 元素 ('xpath', '//*[@id="menu_11101200"]') 已可见,等待起始时间：2019-05-23 14:42:53.381662,等待时长：0
 Thu, 23 May 2019 14:42:53  INFO BasePage.py get_element [ line:58 ] 查询价格：开始查找元素：('xpath', '//*[@id="menu_11101200"]')
 Thu, 23 May 2019 14:42:53  INFO BasePage.py click_element [ line:104 ] 查询价格: 元素：('xpath', '//*[@id="menu_11101200"]') 点击事件。
 Thu, 23 May 2019 14:42:55  INFO BasePage.py wait_eleVisible [ line:23 ] 等待元素可见。
 Thu, 23 May 2019 14:42:55  INFO BasePage.py wait_eleVisible [ line:30 ] 查询价格: 元素 ('xpath', '//*[@id="product-sku"]') 已可见,等待起始时间：2019-05-23 14:42:55.616954,等待时长：0
 Thu, 23 May 2019 14:42:55  INFO BasePage.py get_element [ line:58 ] 查询价格：开始查找元素：('xpath', '//*[@id="product-sku"]')
 Thu, 23 May 2019 14:42:55  INFO BasePage.py input_text [ line:86 ] 查询价格: 元素：('xpath', '//*[@id="product-sku"]') 输入内容：NGH4092903C
 Thu, 23 May 2019 14:42:55  INFO BasePage.py wait_eleVisible [ line:23 ] 等待元素可见。
 Thu, 23 May 2019 14:42:55  INFO BasePage.py wait_eleVisible [ line:30 ] 查询价格: 元素 ('xpath', '//*[@class="icon-search"]') 已可见,等待起始时间：2019-05-23 14:42:55.808130,等待时长：0
 Thu, 23 May 2019 14:42:55  INFO BasePage.py get_element [ line:58 ] 查询价格：开始查找元素：('xpath', '//*[@class="icon-search"]')
 Thu, 23 May 2019 14:42:55  INFO BasePage.py click_element [ line:104 ] 查询价格: 元素：('xpath', '//*[@class="icon-search"]') 点击事件。
 Thu, 23 May 2019 14:42:58  INFO BasePage.py wait_eleVisible [ line:23 ] 等待元素可见。
 Thu, 23 May 2019 14:42:58  INFO BasePage.py wait_eleVisible [ line:30 ] 查询价格: 元素 ('xpath', '//*[@id="data-list"]//span[51]/a') 已可见,等待起始时间：2019-05-23 14:42:58.066326,等待时长：0
 Thu, 23 May 2019 14:42:58  INFO BasePage.py get_element [ line:58 ] 查询价格：开始查找元素：('xpath', '//*[@id="data-list"]//span[51]/a')
 Thu, 23 May 2019 14:42:58  INFO BasePage.py click_element [ line:104 ] 查询价格: 元素：('xpath', '//*[@id="data-list"]//span[51]/a') 点击事件。
 Thu, 23 May 2019 14:42:59  INFO BasePage.py wait_eleVisible [ line:23 ] 等待元素可见。
 Thu, 23 May 2019 14:42:59  INFO BasePage.py wait_eleVisible [ line:30 ] 查询价格: 元素 ('xpath', '//*[@id="data-list"]//td[4]/div[2]') 已可见,等待起始时间：2019-05-23 14:42:59.224255,等待时长：0
 Thu, 23 May 2019 14:42:59  INFO BasePage.py get_element [ line:58 ] 查询价格：开始查找元素：('xpath', '//*[@id="data-list"]//td[4]/div[2]')
 Thu, 23 May 2019 14:42:59  INFO BasePage.py get_text [ line:188 ] 查询价格：获取元素：('xpath', '//*[@id="data-list"]//td[4]/div[2]') 的文本内容
 Thu, 23 May 2019 14:42:59  INFO BasePage.py get_text [ line:191 ] 查询价格：元素：('xpath', '//*[@id="data-list"]//td[4]/div[2]') 的文本内容为：qwe：34.54 AED eBay：6.73 USD(US) eBay：5.38 GBP(UK) eBay：8.81 CAD(CANADA) eBay：9.51 AUD(AUSTRALIA)
eBay：5.92 EUR(FRANCE) eBay：5.89 EUR(GERMANY) eBay谷仓海外仓(空运)：9.21 USD eBay谷仓海外仓(空运)：7.26 GBP eBay谷仓海外仓(空运)：12.0 CAD
eBay谷仓海外仓(空运)：12.98 AUD eBay谷仓海外仓(空运)：8.04 EUR eBay谷仓海外仓(空运)：8.04 EUR eBay谷仓海外仓(海运)：9.17 USD eBay谷仓海外仓(海运)：7.24 GBP
eBay谷仓海外仓(海运)：11.94 CAD eBay谷仓海外仓(海运)：12.9 AUD eBay谷仓海外仓(海运)：8.01 EUR eBay谷仓海外仓(海运)：8.01 EUR 速卖通平邮：5.95 USD
速卖通挂号：9.29 USD 速卖通俄罗斯挂号：8.75 USD 速卖通俄罗斯挂号(+30%)：11.38 USD 速卖通(+30%)：7.74 USD 速卖通(+23%)：7.14 USD
速卖通俄罗斯海外仓：7.73 USD 速卖通转运：10.14 USD 速卖通转运(+30%)：13.18 USD 亚马逊：7.12 USD 亚马逊：5.53 GBP
亚马逊：9.48 CAD 亚马逊：10.19 AUD 亚马逊：6.19 EUR 亚马逊：6.16 EUR 亚马逊：771.65 JPY
Wish挂号：9.15 USD Wish平邮：7.43 USD Wish谷仓海外仓：10.66 USD Lazada：22.51 MYR Lazada：99918.54 IDR
Lazada：9.75 SGD Lazada：193.07 THB Lazada：364.92 PHP Lazada：297975.25 VND EUB：8.52 USD
Cdiscount：8.71 EUR Elevenia：25.89 MYR Elevenia：107717.57 IDR Newegg：6.89 USD PriceMinister：8.6 EUR
Qoo10：12.58 SGD Linio：193.98 MXN Linio：6192.6 CLP Linio：31815.55 COP Linio：32.34 PEN
Linio：209.43 ARP 敦煌：7.42 USD Doba：6.81 USD Ensogo：7.4 USD Ensogo：33.12 MYR
Ensogo：148715.35 IDR Ensogo：10.89 SGD Ensogo：297.78 THB Ensogo：465.77 PHP Ensogo：232825.63 VND
Joom上架价：8.72 USD Shopee：117602.63 IDR Shopee：21.84 MYR Shopee：7.84 SGD Shopee：193.57 THB
Shopee：383.37 PHP Shopee：129897.96 VND Shopee：212.13 TWD Jumia：2718.36 NGN Jumia：688.61 KES
Jumia：8029.58 XOF Jumia：160.07 EGP Jumia：108.89 MAD Jumia：35.83 GHC Jumia：4583.48 XAF
Jumia：2736.43 UGX Paytm：861.07 INR Walmart：10.05 USD Wadi：55.15 SAR Wadi：23.84 AED
Daraz：715.27 PKR Daraz：529.5 BDT Daraz：1093.94 LKR Daraz：9213.49 MMK Daraz：679.09 NPR
丰卖网平邮：6.52 USD 丰卖网挂号：6.26 USD 销售：0.0 CNY
 Thu, 23 May 2019 14:43:02  INFO chaxun_money.py money [ line:64 ] ssss:['qwe：34.54 AED eBay：6.73 USD(US) eBay：5.38 GBP(UK) eBay：8.81 CAD(CANADA) eBay：9.51 AUD(AUSTRALIA)', 'eBay：5.92 EUR(FRANCE) eBay：5.89 EUR(GERMANY) eBay谷仓海外仓(空运)：9.21 USD eBay谷仓海外仓(空运)：7.26 GBP eBay谷仓海外仓(空运)：12.0 CAD', 'eBay谷仓海外仓(空运)：12.98 AUD eBay谷仓海外仓(空运)：8.04 EUR eBay谷仓海外仓(空运)：8.04 EUR eBay谷仓海外仓(海运)：9.17 USD eBay谷仓海外仓(海运)：7.24 GBP', 'eBay谷仓海外仓(海运)：11.94 CAD eBay谷仓海外仓(海运)：12.9 AUD eBay谷仓海外仓(海运)：8.01 EUR eBay谷仓海外仓(海运)：8.01 EUR 速卖通平邮：5.95 USD', '速卖通挂号：9.29 USD 速卖通俄罗斯挂号：8.75 USD 速卖通俄罗斯挂号(+30%)：11.38 USD 速卖通(+30%)：7.74 USD 速卖通(+23%)：7.14 USD', '速卖通俄罗斯海外仓：7.73 USD 速卖通转运：10.14 USD 速卖通转运(+30%)：13.18 USD 亚马逊：7.12 USD 亚马逊：5.53 GBP', '亚马逊：9.48 CAD 亚马逊：10.19 AUD 亚马逊：6.19 EUR 亚马逊：6.16 EUR 亚马逊：771.65 JPY', 'Wish挂号：9.15 USD Wish平邮：7.43 USD Wish谷仓海外仓：10.66 USD Lazada：22.51 MYR Lazada：99918.54 IDR', 'Lazada：9.75 SGD Lazada：193.07 THB Lazada：364.92 PHP Lazada：297975.25 VND EUB：8.52 USD', 'Cdiscount：8.71 EUR Elevenia：25.89 MYR Elevenia：107717.57 IDR Newegg：6.89 USD PriceMinister：8.6 EUR', 'Qoo10：12.58 SGD Linio：193.98 MXN Linio：6192.6 CLP Linio：31815.55 COP Linio：32.34 PEN', 'Linio：209.43 ARP 敦煌：7.42 USD Doba：6.81 USD Ensogo：7.4 USD Ensogo：33.12 MYR', 'Ensogo：148715.35 IDR Ensogo：10.89 SGD Ensogo：297.78 THB Ensogo：465.77 PHP Ensogo：232825.63 VND', 'Joom上架价：8.72 USD Shopee：117602.63 IDR Shopee：21.84 MYR Shopee：7.84 SGD Shopee：193.57 THB', 'Shopee：383.37 PHP Shopee：129897.96 VND Shopee：212.13 TWD Jumia：2718.36 NGN Jumia：688.61 KES', 'Jumia：8029.58 XOF Jumia：160.07 EGP Jumia：108.89 MAD Jumia：35.83 GHC Jumia：4583.48 XAF', 'Jumia：2736.43 UGX Paytm：861.07 INR Walmart：10.05 USD Wadi：55.15 SAR Wadi：23.84 AED', 'Daraz：715.27 PKR Daraz：529.5 BDT Daraz：1093.94 LKR Daraz：9213.49 MMK Daraz：679.09 NPR', '丰卖网平邮：6.52 USD 丰卖网挂号：6.26 USD 销售：0.0 CNY']
 Thu, 23 May 2019 14:43:02  INFO BasePage.py wait_eleVisible [ line:23 ] 等待元素可见。
 Thu, 23 May 2019 14:43:02  INFO BasePage.py wait_eleVisible [ line:30 ] 按货打单: 元素 ('xpath', "//input[@name='order.orderItems[0].productPrice']") 已可见,等待起始时间：2019-05-23 14:43:02.314887,等待时长：0
 Thu, 23 May 2019 14:43:02  INFO BasePage.py get_element [ line:58 ] 按货打单：开始查找元素：('xpath', "//input[@name='order.orderItems[0].productPrice']")
 Thu, 23 May 2019 14:43:02  INFO BasePage.py input_text [ line:86 ] 按货打单: 元素：('xpath', "//input[@name='order.orderItems[0].productPrice']") 输入内容：297975
 Thu, 23 May 2019 14:43:03  INFO BasePage.py wait_eleVisible [ line:23 ] 等待元素可见。
 Thu, 23 May 2019 14:43:03  INFO BasePage.py wait_eleVisible [ line:30 ] 按货打单: 元素 ('xpath', '//input[@name="order.buyerId"]') 已可见,等待起始时间：2019-05-23 14:43:03.540473,等待时长：0
 Thu, 23 May 2019 14:43:03  INFO BasePage.py get_element [ line:58 ] 按货打单：开始查找元素：('xpath', '//input[@name="order.buyerId"]')
 Thu, 23 May 2019 14:43:03  INFO BasePage.py input_text [ line:86 ] 按货打单: 元素：('xpath', '//input[@name="order.buyerId"]') 输入内容：PEA-4209662833anh
 Thu, 23 May 2019 14:43:03  INFO BasePage.py wait_eleVisible [ line:23 ] 等待元素可见。
 Thu, 23 May 2019 14:43:03  INFO BasePage.py wait_eleVisible [ line:30 ] 按货打单: 元素 ('xpath', '//input[@name="order.buyerName"]') 已可见,等待起始时间：2019-05-23 14:43:03.929883,等待时长：0
 Thu, 23 May 2019 14:43:03  INFO BasePage.py get_element [ line:58 ] 按货打单：开始查找元素：('xpath', '//input[@name="order.buyerName"]')
 Thu, 23 May 2019 14:43:03  INFO BasePage.py input_text [ line:86 ] 按货打单: 元素：('xpath', '//input[@name="order.buyerName"]') 输入内容：许寿龙
 Thu, 23 May 2019 14:43:04  INFO BasePage.py wait_eleVisible [ line:23 ] 等待元素可见。
 Thu, 23 May 2019 14:43:04  INFO BasePage.py wait_eleVisible [ line:30 ] 按货打单: 元素 ('xpath', '//input[@name="order.buyerEmail"]') 已可见,等待起始时间：2019-05-23 14:43:04.079140,等待时长：0
 Thu, 23 May 2019 14:43:04  INFO BasePage.py get_element [ line:58 ] 按货打单：开始查找元素：('xpath', '//input[@name="order.buyerEmail"]')
 Thu, 23 May 2019 14:43:04  INFO BasePage.py input_text [ line:86 ] 按货打单: 元素：('xpath', '//input[@name="order.buyerEmail"]') 输入内容：ynin2gjs6tr@thrubay.com
 Thu, 23 May 2019 14:43:04  INFO BasePage.py wait_eleVisible [ line:23 ] 等待元素可见。
 Thu, 23 May 2019 14:43:04  INFO BasePage.py wait_eleVisible [ line:30 ] 按货打单: 元素 ('xpath', '//input[@name="order.buyerStateOrProvince"]') 已可见,等待起始时间：2019-05-23 14:43:04.549831,等待时长：0
 Thu, 23 May 2019 14:43:04  INFO BasePage.py get_element [ line:58 ] 按货打单：开始查找元素：('xpath', '//input[@name="order.buyerStateOrProvince"]')
 Thu, 23 May 2019 14:43:04  INFO BasePage.py input_text [ line:86 ] 按货打单: 元素：('xpath', '//input[@name="order.buyerStateOrProvince"]') 输入内容：Kansas
 Thu, 23 May 2019 14:43:04  INFO BasePage.py wait_eleVisible [ line:23 ] 等待元素可见。
 Thu, 23 May 2019 14:43:04  INFO BasePage.py wait_eleVisible [ line:30 ] 按货打单: 元素 ('xpath', '//input[@name="order.street"]') 已可见,等待起始时间：2019-05-23 14:43:04.789924,等待时长：0
 Thu, 23 May 2019 14:43:04  INFO BasePage.py get_element [ line:58 ] 按货打单：开始查找元素：('xpath', '//input[@name="order.street"]')
 Thu, 23 May 2019 14:43:04  INFO BasePage.py input_text [ line:86 ] 按货打单: 元素：('xpath', '//input[@name="order.street"]') 输入内容：555 Lexington Avenue, 10th Floor, Room 202
 Thu, 23 May 2019 14:43:05  INFO BasePage.py wait_eleVisible [ line:23 ] 等待元素可见。
 Thu, 23 May 2019 14:43:05  INFO BasePage.py wait_eleVisible [ line:30 ] 按货打单: 元素 ('xpath', '//input[@name="order.buyerPostalCode"]') 已可见,等待起始时间：2019-05-23 14:43:05.565097,等待时长：0
 Thu, 23 May 2019 14:43:05  INFO BasePage.py get_element [ line:58 ] 按货打单：开始查找元素：('xpath', '//input[@name="order.buyerPostalCode"]')
 Thu, 23 May 2019 14:43:05  INFO BasePage.py input_text [ line:86 ] 按货打单: 元素：('xpath', '//input[@name="order.buyerPostalCode"]') 输入内容：92647
 Thu, 23 May 2019 14:43:05  INFO BasePage.py wait_eleVisible [ line:23 ] 等待元素可见。
 Thu, 23 May 2019 14:43:05  INFO BasePage.py wait_eleVisible [ line:30 ] 按货打单: 元素 ('xpath', '//input[@name="order.buyerTel"]') 已可见,等待起始时间：2019-05-23 14:43:05.749428,等待时长：0
 Thu, 23 May 2019 14:43:05  INFO BasePage.py get_element [ line:58 ] 按货打单：开始查找元素：('xpath', '//input[@name="order.buyerTel"]')
 Thu, 23 May 2019 14:43:05  INFO BasePage.py input_text [ line:86 ] 按货打单: 元素：('xpath', '//input[@name="order.buyerTel"]') 输入内容：285-3600
 Thu, 23 May 2019 14:43:05  INFO BasePage.py select [ line:140 ] ('xpath', '//select[@name="order.buyerCountryCode"]'):按货打单select列表操作
 Thu, 23 May 2019 14:43:05  INFO BasePage.py wait_eleVisible [ line:23 ] 等待元素可见。
 Thu, 23 May 2019 14:43:06  INFO BasePage.py wait_eleVisible [ line:30 ] 按货打单: 元素 ('xpath', '//select[@name="order.buyerCountryCode"]') 已可见,等待起始时间：2019-05-23 14:43:05.974619,等待时长：0
 Thu, 23 May 2019 14:43:06  INFO BasePage.py get_element [ line:58 ] 按货打单：开始查找元素：('xpath', '//select[@name="order.buyerCountryCode"]')
 Thu, 23 May 2019 14:43:07  INFO BasePage.py select [ line:148 ] select列表操作完毕United States(美国US)
 Thu, 23 May 2019 14:43:09  INFO BasePage.py wait_eleVisible [ line:23 ] 等待元素可见。
 Thu, 23 May 2019 14:43:09  INFO BasePage.py wait_eleVisible [ line:30 ] 按货打单: 元素 ('xpath', '//*[@id="fixed-bottom"]//button') 已可见,等待起始时间：2019-05-23 14:43:09.758279,等待时长：0
 Thu, 23 May 2019 14:43:09  INFO BasePage.py get_element [ line:58 ] 按货打单：开始查找元素：('xpath', '//*[@id="fixed-bottom"]//button')
 Thu, 23 May 2019 14:43:09  INFO BasePage.py click_element [ line:104 ] 按货打单: 元素：('xpath', '//*[@id="fixed-bottom"]//button') 点击事件。
 Thu, 23 May 2019 14:43:11  INFO login_page.py clear_login [ line:25 ] 切换账号
 Thu, 23 May 2019 14:43:11  INFO BasePage.py get_element [ line:58 ] 点击用户：开始查找元素：('xpath', '//*[@aria-expanded="false"]')
 Thu, 23 May 2019 14:43:12  INFO BasePage.py wait_eleVisible [ line:23 ] 等待元素可见。
 Thu, 23 May 2019 14:43:12  INFO BasePage.py wait_eleVisible [ line:30 ] 点击用户: 元素 ('xpath', '//*[@title="注销"]') 已可见,等待起始时间：2019-05-23 14:43:12.933147,等待时长：0
 Thu, 23 May 2019 14:43:12  INFO BasePage.py get_element [ line:58 ] 点击用户：开始查找元素：('xpath', '//*[@title="注销"]')
 Thu, 23 May 2019 14:43:12  INFO BasePage.py click_element [ line:104 ] 点击用户: 元素：('xpath', '//*[@title="注销"]') 点击事件。
 Thu, 23 May 2019 14:43:15  INFO login_page.py login [ line:16 ] 登陆页面_登陆功能
 Thu, 23 May 2019 14:43:15  INFO BasePage.py wait_eleVisible [ line:23 ] 等待元素可见。
 Thu, 23 May 2019 14:43:15  INFO BasePage.py wait_eleVisible [ line:30 ] 输入用户名: 元素 ('xpath', '//*[@id="username"]') 已可见,等待起始时间：2019-05-23 14:43:15.422788,等待时长：0
 Thu, 23 May 2019 14:43:15  INFO BasePage.py get_element [ line:58 ] 输入用户名：开始查找元素：('xpath', '//*[@id="username"]')
 Thu, 23 May 2019 14:43:15  INFO BasePage.py input_text [ line:86 ] 输入用户名: 元素：('xpath', '//*[@id="username"]') 输入内容：USMT_ZCY
 Thu, 23 May 2019 14:43:15  INFO BasePage.py wait_eleVisible [ line:23 ] 等待元素可见。
 Thu, 23 May 2019 14:43:15  INFO BasePage.py wait_eleVisible [ line:30 ] 输入密码: 元素 ('xpath', '//*[@id="password"]') 已可见,等待起始时间：2019-05-23 14:43:15.540687,等待时长：0
 Thu, 23 May 2019 14:43:15  INFO BasePage.py get_element [ line:58 ] 输入密码：开始查找元素：('xpath', '//*[@id="password"]')
 Thu, 23 May 2019 14:43:15  INFO BasePage.py input_text [ line:86 ] 输入密码: 元素：('xpath', '//*[@id="password"]') 输入内容：111
 Thu, 23 May 2019 14:43:15  INFO BasePage.py wait_eleVisible [ line:23 ] 等待元素可见。
 Thu, 23 May 2019 14:43:15  INFO BasePage.py wait_eleVisible [ line:30 ] 输入验证码: 元素 ('xpath', '//*[@id="captcha"]') 已可见,等待起始时间：2019-05-23 14:43:15.629449,等待时长：0
 Thu, 23 May 2019 14:43:15  INFO BasePage.py get_element [ line:58 ] 输入验证码：开始查找元素：('xpath', '//*[@id="captcha"]')
 Thu, 23 May 2019 14:43:15  INFO BasePage.py input_text [ line:86 ] 输入验证码: 元素：('xpath', '//*[@id="captcha"]') 输入内容：1111
 Thu, 23 May 2019 14:43:15  INFO BasePage.py wait_eleVisible [ line:23 ] 等待元素可见。
 Thu, 23 May 2019 14:43:15  INFO BasePage.py wait_eleVisible [ line:30 ] 点击登录按钮: 元素 ('xpath', '//*[@id="login-btn"]') 已可见,等待起始时间：2019-05-23 14:43:15.721204,等待时长：0
 Thu, 23 May 2019 14:43:15  INFO BasePage.py get_element [ line:58 ] 点击登录按钮：开始查找元素：('xpath', '//*[@id="login-btn"]')
 Thu, 23 May 2019 14:43:15  INFO BasePage.py click_element [ line:104 ] 点击登录按钮: 元素：('xpath', '//*[@id="login-btn"]') 点击事件。
 Thu, 23 May 2019 14:43:19  INFO order_guanli_page.py chaxun_code [ line:57 ] 查询订单号
 Thu, 23 May 2019 14:43:19  INFO BasePage.py wait_eleVisible [ line:23 ] 等待元素可见。
 Thu, 23 May 2019 14:43:19  INFO BasePage.py wait_eleVisible [ line:30 ] 输入平台订单号: 元素 ('xpath', '//*[@placeholder="系统订单号|平台订单号"]') 已可见,等待起始时间：2019-05-23 14:43:19.912353,等待时长：0
 Thu, 23 May 2019 14:43:19  INFO BasePage.py get_element [ line:58 ] 输入平台订单号：开始查找元素：('xpath', '//*[@placeholder="系统订单号|平台订单号"]')
 Thu, 23 May 2019 14:43:19  INFO BasePage.py input_text [ line:86 ] 输入平台订单号: 元素：('xpath', '//*[@placeholder="系统订单号|平台订单号"]') 输入内容：PEA-4209662833anhqx
 Thu, 23 May 2019 14:43:20  INFO BasePage.py wait_eleVisible [ line:23 ] 等待元素可见。
 Thu, 23 May 2019 14:43:20  INFO BasePage.py wait_eleVisible [ line:30 ] 点击搜索按钮: 元素 ('xpath', '//*[@class="btn btn-default"]') 已可见,等待起始时间：2019-05-23 14:43:20.082532,等待时长：0
 Thu, 23 May 2019 14:43:20  INFO BasePage.py get_element [ line:58 ] 点击搜索按钮：开始查找元素：('xpath', '//*[@class="btn btn-default"]')
 Thu, 23 May 2019 14:43:20  INFO BasePage.py click_element [ line:104 ] 点击搜索按钮: 元素：('xpath', '//*[@class="btn btn-default"]') 点击事件。
 Thu, 23 May 2019 14:43:26  INFO order_guanli_page.py jian_move_he_qx [ line:43 ] 待检查转为待合并
 Thu, 23 May 2019 14:43:26  INFO BasePage.py wait_eleVisible [ line:23 ] 等待元素可见。
 Thu, 23 May 2019 14:43:26  INFO BasePage.py wait_eleVisible [ line:30 ] 勾选第一个订单: 元素 ('xpath', '//*[@id="order-list"]//tbody//tr[1]//label') 已可见,等待起始时间：2019-05-23 14:43:26.700549,等待时长：0
 Thu, 23 May 2019 14:43:26  INFO BasePage.py get_element [ line:58 ] 勾选第一个订单：开始查找元素：('xpath', '//*[@id="order-list"]//tbody//tr[1]//label')
 Thu, 23 May 2019 14:43:26  INFO BasePage.py click_element [ line:104 ] 勾选第一个订单: 元素：('xpath', '//*[@id="order-list"]//tbody//tr[1]//label') 点击事件。
 Thu, 23 May 2019 14:43:27  INFO BasePage.py wait_eleVisible [ line:23 ] 等待元素可见。
 Thu, 23 May 2019 14:43:27  INFO BasePage.py wait_eleVisible [ line:30 ] 订单移动操作栏: 元素 ('xpath', '//*[@id="orderstatus-moving"]') 已可见,等待起始时间：2019-05-23 14:43:27.304427,等待时长：0
 Thu, 23 May 2019 14:43:27  INFO BasePage.py get_element [ line:58 ] 订单移动操作栏：开始查找元素：('xpath', '//*[@id="orderstatus-moving"]')
 Thu, 23 May 2019 14:43:27  INFO BasePage.py click_element [ line:104 ] 订单移动操作栏: 元素：('xpath', '//*[@id="orderstatus-moving"]') 点击事件。
 Thu, 23 May 2019 14:43:27  INFO BasePage.py wait_eleVisible [ line:23 ] 等待元素可见。
 Thu, 23 May 2019 14:43:27  INFO BasePage.py wait_eleVisible [ line:30 ] 点击一键等待打单: 元素 ('xpath', '//*[@id="orderstatus-moving"]/optgroup[1]/option[1]') 已可见,等待起始时间：2019-05-23 14:43:27.917541,等待时长：0
 Thu, 23 May 2019 14:43:27  INFO BasePage.py get_element [ line:58 ] 点击一键等待打单：开始查找元素：('xpath', '//*[@id="orderstatus-moving"]/optgroup[1]/option[1]')
 Thu, 23 May 2019 14:43:27  INFO BasePage.py click_element [ line:104 ] 点击一键等待打单: 元素：('xpath', '//*[@id="orderstatus-moving"]/optgroup[1]/option[1]') 点击事件。
 Thu, 23 May 2019 14:43:27  INFO BasePage.py get_alert [ line:237 ] 弹窗处理弹窗处理
 Thu, 23 May 2019 14:43:27  INFO BasePage.py get_alert [ line:242 ] alert弹窗处理完成
 Thu, 23 May 2019 14:43:28  INFO BasePage.py wait_eleVisible [ line:23 ] 等待元素可见。
 Thu, 23 May 2019 14:43:29  INFO BasePage.py wait_eleVisible [ line:30 ] 点击OK按钮: 元素 ('xpath', '//*[@data-id="ok"]') 已可见,等待起始时间：2019-05-23 14:43:28.990410,等待时长：0
 Thu, 23 May 2019 14:43:29  INFO BasePage.py get_element [ line:58 ] 点击OK按钮：开始查找元素：('xpath', '//*[@data-id="ok"]')
 Thu, 23 May 2019 14:43:29  INFO BasePage.py click_element [ line:104 ] 点击OK按钮: 元素：('xpath', '//*[@data-id="ok"]') 点击事件。
 Thu, 23 May 2019 14:43:32  INFO login_page.py clear_login [ line:25 ] 切换账号
 Thu, 23 May 2019 14:43:32  INFO BasePage.py get_element [ line:58 ] 点击用户：开始查找元素：('xpath', '//*[@aria-expanded="false"]')
 Thu, 23 May 2019 14:43:33  INFO BasePage.py wait_eleVisible [ line:23 ] 等待元素可见。
 Thu, 23 May 2019 14:43:33  INFO BasePage.py wait_eleVisible [ line:30 ] 点击用户: 元素 ('xpath', '//*[@title="注销"]') 已可见,等待起始时间：2019-05-23 14:43:33.688476,等待时长：0
 Thu, 23 May 2019 14:43:33  INFO BasePage.py get_element [ line:58 ] 点击用户：开始查找元素：('xpath', '//*[@title="注销"]')
 Thu, 23 May 2019 14:43:33  INFO BasePage.py click_element [ line:104 ] 点击用户: 元素：('xpath', '//*[@title="注销"]') 点击事件。
 Thu, 23 May 2019 14:43:36  INFO login_page.py login [ line:16 ] 登陆页面_登陆功能
 Thu, 23 May 2019 14:43:36  INFO BasePage.py wait_eleVisible [ line:23 ] 等待元素可见。
 Thu, 23 May 2019 14:43:36  INFO BasePage.py wait_eleVisible [ line:30 ] 输入用户名: 元素 ('xpath', '//*[@id="username"]') 已可见,等待起始时间：2019-05-23 14:43:36.155557,等待时长：0
 Thu, 23 May 2019 14:43:36  INFO BasePage.py get_element [ line:58 ] 输入用户名：开始查找元素：('xpath', '//*[@id="username"]')
 Thu, 23 May 2019 14:43:36  INFO BasePage.py input_text [ line:86 ] 输入用户名: 元素：('xpath', '//*[@id="username"]') 输入内容：david@iuneed.com
 Thu, 23 May 2019 14:43:36  INFO BasePage.py wait_eleVisible [ line:23 ] 等待元素可见。
 Thu, 23 May 2019 14:43:36  INFO BasePage.py wait_eleVisible [ line:30 ] 输入密码: 元素 ('xpath', '//*[@id="password"]') 已可见,等待起始时间：2019-05-23 14:43:36.281108,等待时长：0
 Thu, 23 May 2019 14:43:36  INFO BasePage.py get_element [ line:58 ] 输入密码：开始查找元素：('xpath', '//*[@id="password"]')
 Thu, 23 May 2019 14:43:36  INFO BasePage.py input_text [ line:86 ] 输入密码: 元素：('xpath', '//*[@id="password"]') 输入内容：111
 Thu, 23 May 2019 14:43:36  INFO BasePage.py wait_eleVisible [ line:23 ] 等待元素可见。
 Thu, 23 May 2019 14:43:36  INFO BasePage.py wait_eleVisible [ line:30 ] 输入验证码: 元素 ('xpath', '//*[@id="captcha"]') 已可见,等待起始时间：2019-05-23 14:43:36.364671,等待时长：0
 Thu, 23 May 2019 14:43:36  INFO BasePage.py get_element [ line:58 ] 输入验证码：开始查找元素：('xpath', '//*[@id="captcha"]')
 Thu, 23 May 2019 14:43:36  INFO BasePage.py input_text [ line:86 ] 输入验证码: 元素：('xpath', '//*[@id="captcha"]') 输入内容：1111
 Thu, 23 May 2019 14:43:36  INFO BasePage.py wait_eleVisible [ line:23 ] 等待元素可见。
 Thu, 23 May 2019 14:43:36  INFO BasePage.py wait_eleVisible [ line:30 ] 点击登录按钮: 元素 ('xpath', '//*[@id="login-btn"]') 已可见,等待起始时间：2019-05-23 14:43:36.455641,等待时长：0
 Thu, 23 May 2019 14:43:36  INFO BasePage.py get_element [ line:58 ] 点击登录按钮：开始查找元素：('xpath', '//*[@id="login-btn"]')
 Thu, 23 May 2019 14:43:36  INFO BasePage.py click_element [ line:104 ] 点击登录按钮: 元素：('xpath', '//*[@id="login-btn"]') 点击事件。
 Thu, 23 May 2019 14:43:40  INFO order_guanli_page.py chaxun_code [ line:57 ] 查询订单号
 Thu, 23 May 2019 14:43:40  INFO BasePage.py wait_eleVisible [ line:23 ] 等待元素可见。
 Thu, 23 May 2019 14:43:40  INFO BasePage.py wait_eleVisible [ line:30 ] 输入平台订单号: 元素 ('xpath', '//*[@placeholder="系统订单号|平台订单号"]') 已可见,等待起始时间：2019-05-23 14:43:40.628621,等待时长：0
 Thu, 23 May 2019 14:43:40  INFO BasePage.py get_element [ line:58 ] 输入平台订单号：开始查找元素：('xpath', '//*[@placeholder="系统订单号|平台订单号"]')
 Thu, 23 May 2019 14:43:40  INFO BasePage.py input_text [ line:86 ] 输入平台订单号: 元素：('xpath', '//*[@placeholder="系统订单号|平台订单号"]') 输入内容：PEA-4209662833anhqx
 Thu, 23 May 2019 14:43:40  INFO BasePage.py wait_eleVisible [ line:23 ] 等待元素可见。
 Thu, 23 May 2019 14:43:40  INFO BasePage.py wait_eleVisible [ line:30 ] 点击搜索按钮: 元素 ('xpath', '//*[@class="btn btn-default"]') 已可见,等待起始时间：2019-05-23 14:43:40.797429,等待时长：0
 Thu, 23 May 2019 14:43:40  INFO BasePage.py get_element [ line:58 ] 点击搜索按钮：开始查找元素：('xpath', '//*[@class="btn btn-default"]')
 Thu, 23 May 2019 14:43:40  INFO BasePage.py click_element [ line:104 ] 点击搜索按钮: 元素：('xpath', '//*[@class="btn btn-default"]') 点击事件。
 Thu, 23 May 2019 14:43:44  INFO order_guanli_page.py freight_gu [ line:64 ] 运费估算
 Thu, 23 May 2019 14:43:44  INFO BasePage.py wait_eleVisible [ line:23 ] 等待元素可见。
 Thu, 23 May 2019 14:43:44  INFO BasePage.py wait_eleVisible [ line:30 ] 点击运费估算: 元素 ('xpath', '//*[@title="运费估算"]') 已可见,等待起始时间：2019-05-23 14:43:44.606440,等待时长：0
 Thu, 23 May 2019 14:43:44  INFO BasePage.py get_element [ line:58 ] 点击运费估算：开始查找元素：('xpath', '//*[@title="运费估算"]')
 Thu, 23 May 2019 14:43:44  INFO BasePage.py click_element [ line:104 ] 点击运费估算: 元素：('xpath', '//*[@title="运费估算"]') 点击事件。
 Thu, 23 May 2019 14:43:44  INFO BasePage.py switchover_html [ line:159 ] 切换HTML页面
 Thu, 23 May 2019 14:43:44  INFO BasePage.py switchover_html [ line:162 ] HTML页面切换成功
 Thu, 23 May 2019 14:43:46  INFO BasePage.py wait_eleVisible [ line:23 ] 等待元素可见。
 Thu, 23 May 2019 14:43:46  INFO BasePage.py wait_eleVisible [ line:30 ] 获取第一个运输文本: 元素 ('xpath', '//*[@id="data-list"]/tbody/tr[1]/td[2]') 已可见,等待起始时间：2019-05-23 14:43:46.242813,等待时长：0
 Thu, 23 May 2019 14:43:46  INFO BasePage.py get_element [ line:58 ] 获取第一个运输文本：开始查找元素：('xpath', '//*[@id="data-list"]/tbody/tr[1]/td[2]')
 Thu, 23 May 2019 14:43:46  INFO BasePage.py get_text [ line:188 ] 获取第一个运输文本：获取元素：('xpath', '//*[@id="data-list"]/tbody/tr[1]/td[2]') 的文本内容
 Thu, 23 May 2019 14:43:46  INFO BasePage.py get_text [ line:191 ] 获取第一个运输文本：元素：('xpath', '//*[@id="data-list"]/tbody/tr[1]/td[2]') 的文本内容为：自营海外仓-DHL小包(美西仓)(转运)(450)
 Thu, 23 May 2019 14:43:46  INFO BasePage.py wait_eleVisible [ line:23 ] 等待元素可见。
 Thu, 23 May 2019 14:43:46  INFO BasePage.py wait_eleVisible [ line:30 ] 获取第二个运输文本: 元素 ('xpath', '//*[@id="data-list"]/tbody/tr[2]/td[2]') 已可见,等待起始时间：2019-05-23 14:43:46.289626,等待时长：0
 Thu, 23 May 2019 14:43:46  INFO BasePage.py get_element [ line:58 ] 获取第二个运输文本：开始查找元素：('xpath', '//*[@id="data-list"]/tbody/tr[2]/td[2]')
 Thu, 23 May 2019 14:43:46  INFO BasePage.py get_text [ line:188 ] 获取第二个运输文本：获取元素：('xpath', '//*[@id="data-list"]/tbody/tr[2]/td[2]') 的文本内容
 Thu, 23 May 2019 14:43:46  INFO BasePage.py get_text [ line:191 ] 获取第二个运输文本：元素：('xpath', '//*[@id="data-list"]/tbody/tr[2]/td[2]') 的文本内容为：谷仓-USPS-小包美西仓(转运)(150)
 Thu, 23 May 2019 14:43:46  INFO BasePage.py wait_eleVisible [ line:23 ] 等待元素可见。
 Thu, 23 May 2019 14:43:46  INFO BasePage.py wait_eleVisible [ line:30 ] 获取第三个运输文本: 元素 ('xpath', '//*[@id="data-list"]/tbody/tr[3]/td[2]') 已可见,等待起始时间：2019-05-23 14:43:46.336488,等待时长：0
 Thu, 23 May 2019 14:43:46  INFO BasePage.py get_element [ line:58 ] 获取第三个运输文本：开始查找元素：('xpath', '//*[@id="data-list"]/tbody/tr[3]/td[2]')
 Thu, 23 May 2019 14:43:46  INFO BasePage.py get_text [ line:188 ] 获取第三个运输文本：获取元素：('xpath', '//*[@id="data-list"]/tbody/tr[3]/td[2]') 的文本内容
 Thu, 23 May 2019 14:43:46  INFO BasePage.py get_text [ line:191 ] 获取第三个运输文本：元素：('xpath', '//*[@id="data-list"]/tbody/tr[3]/td[2]') 的文本内容为：深圳邮政-深圳平邮带电(D11)
 Thu, 23 May 2019 14:43:46  INFO BasePage.py wait_eleVisible [ line:23 ] 等待元素可见。
 Thu, 23 May 2019 14:43:46  INFO BasePage.py wait_eleVisible [ line:30 ] 获取第四个运输文本: 元素 ('xpath', '//*[@id="data-list"]/tbody/tr[4]/td[2]') 已可见,等待起始时间：2019-05-23 14:43:46.383352,等待时长：0
 Thu, 23 May 2019 14:43:46  INFO BasePage.py get_element [ line:58 ] 获取第四个运输文本：开始查找元素：('xpath', '//*[@id="data-list"]/tbody/tr[4]/td[2]')
 Thu, 23 May 2019 14:43:46  INFO BasePage.py get_text [ line:188 ] 获取第四个运输文本：获取元素：('xpath', '//*[@id="data-list"]/tbody/tr[4]/td[2]') 的文本内容
 Thu, 23 May 2019 14:43:46  INFO BasePage.py get_text [ line:191 ] 获取第四个运输文本：元素：('xpath', '//*[@id="data-list"]/tbody/tr[4]/td[2]') 的文本内容为：广州邮政-广州平邮(035)
 Thu, 23 May 2019 14:43:46  INFO BasePage.py wait_eleVisible [ line:23 ] 等待元素可见。
 Thu, 23 May 2019 14:43:46  INFO BasePage.py wait_eleVisible [ line:30 ] 获取第五个运输文本: 元素 ('xpath', '//*[@id="data-list"]/tbody/tr[5]/td[2]') 已可见,等待起始时间：2019-05-23 14:43:46.430216,等待时长：0
 Thu, 23 May 2019 14:43:46  INFO BasePage.py get_element [ line:58 ] 获取第五个运输文本：开始查找元素：('xpath', '//*[@id="data-list"]/tbody/tr[5]/td[2]')
 Thu, 23 May 2019 14:43:46  INFO BasePage.py get_text [ line:188 ] 获取第五个运输文本：获取元素：('xpath', '//*[@id="data-list"]/tbody/tr[5]/td[2]') 的文本内容
 Thu, 23 May 2019 14:43:46  INFO BasePage.py get_text [ line:191 ] 获取第五个运输文本：元素：('xpath', '//*[@id="data-list"]/tbody/tr[5]/td[2]') 的文本内容为：河南邮政-速博洛阳平邮(457)
 Thu, 23 May 2019 14:43:46  INFO order_guanli_page.py freight_gu [ line:124 ] 物流方式：414
 Thu, 23 May 2019 14:43:47  INFO BasePage.py wait_eleVisible [ line:23 ] 等待元素可见。
 Thu, 23 May 2019 14:43:47  INFO BasePage.py wait_eleVisible [ line:30 ] 确认: 元素 ('xpath', '//*[@data-id="ok"]') 已可见,等待起始时间：2019-05-23 14:43:47.480122,等待时长：0
 Thu, 23 May 2019 14:43:47  INFO BasePage.py get_element [ line:58 ] 确认：开始查找元素：('xpath', '//*[@data-id="ok"]')
 Thu, 23 May 2019 14:43:47  INFO BasePage.py click_element [ line:104 ] 确认: 元素：('xpath', '//*[@data-id="ok"]') 点击事件。
 Thu, 23 May 2019 14:43:49  INFO order_guanli_page.py xiu_kdi_moth_qx [ line:178 ] 修改快递方式
 Thu, 23 May 2019 14:43:49  INFO BasePage.py wait_eleVisible [ line:23 ] 等待元素可见。
 Thu, 23 May 2019 14:43:49  INFO BasePage.py wait_eleVisible [ line:30 ] 修改第一个订单: 元素 ('xpath', '//*[@id="order-list"]//tbody//tr[1]//label') 已可见,等待起始时间：2019-05-23 14:43:49.082410,等待时长：0
 Thu, 23 May 2019 14:43:49  INFO BasePage.py get_element [ line:58 ] 修改第一个订单：开始查找元素：('xpath', '//*[@id="order-list"]//tbody//tr[1]//label')
 Thu, 23 May 2019 14:43:49  INFO BasePage.py click_element [ line:104 ] 修改第一个订单: 元素：('xpath', '//*[@id="order-list"]//tbody//tr[1]//label') 点击事件。
 Thu, 23 May 2019 14:43:49  INFO BasePage.py wait_eleVisible [ line:23 ] 等待元素可见。
 Thu, 23 May 2019 14:43:49  INFO BasePage.py wait_eleVisible [ line:30 ] 修改运输方式: 元素 ('xpath', '//*[@id="select2-chosen-4"]') 已可见,等待起始时间：2019-05-23 14:43:49.666750,等待时长：0
 Thu, 23 May 2019 14:43:49  INFO BasePage.py get_element [ line:58 ] 修改运输方式：开始查找元素：('xpath', '//*[@id="select2-chosen-4"]')
 Thu, 23 May 2019 14:43:49  INFO BasePage.py click_element [ line:104 ] 修改运输方式: 元素：('xpath', '//*[@id="select2-chosen-4"]') 点击事件。
 Thu, 23 May 2019 14:43:49  INFO BasePage.py wait_eleVisible [ line:23 ] 等待元素可见。
 Thu, 23 May 2019 14:43:49  INFO BasePage.py wait_eleVisible [ line:30 ] 输入运输方式: 元素 ('xpath', '//*[@id="s2id_autogen4_search"]') 已可见,等待起始时间：2019-05-23 14:43:49.914430,等待时长：0
 Thu, 23 May 2019 14:43:49  INFO BasePage.py get_element [ line:58 ] 输入运输方式：开始查找元素：('xpath', '//*[@id="s2id_autogen4_search"]')
 Thu, 23 May 2019 14:43:49  INFO BasePage.py input_text [ line:86 ] 输入运输方式: 元素：('xpath', '//*[@id="s2id_autogen4_search"]') 输入内容：谷仓-USPS-小包美西仓(转运)(150)
 Thu, 23 May 2019 14:43:50  INFO BasePage.py wait_eleVisible [ line:23 ] 等待元素可见。
 Thu, 23 May 2019 14:43:50  INFO BasePage.py wait_eleVisible [ line:30 ] 点击运输方式: 元素 ('xpath', '//*[@id="select2-results-4"]//ul') 已可见,等待起始时间：2019-05-23 14:43:50.684251,等待时长：0
 Thu, 23 May 2019 14:43:50  INFO BasePage.py get_element [ line:58 ] 点击运输方式：开始查找元素：('xpath', '//*[@id="select2-results-4"]//ul')
 Thu, 23 May 2019 14:43:50  INFO BasePage.py click_element [ line:104 ] 点击运输方式: 元素：('xpath', '//*[@id="select2-results-4"]//ul') 点击事件。
 Thu, 23 May 2019 14:43:50  INFO BasePage.py get_alert [ line:237 ] 弹窗处理
 Thu, 23 May 2019 14:43:50  INFO BasePage.py get_alert [ line:242 ] alert弹窗处理完成
 Thu, 23 May 2019 14:43:51  INFO BasePage.py wait_eleVisible [ line:23 ] 等待元素可见。
 Thu, 23 May 2019 14:43:51  INFO BasePage.py wait_eleVisible [ line:30 ] 确认: 元素 ('xpath', '//*[@data-id="ok"]') 已可见,等待起始时间：2019-05-23 14:43:51.801592,等待时长：0
 Thu, 23 May 2019 14:43:51  INFO BasePage.py get_element [ line:58 ] 确认：开始查找元素：('xpath', '//*[@data-id="ok"]')
 Thu, 23 May 2019 14:43:51  INFO BasePage.py click_element [ line:104 ] 确认: 元素：('xpath', '//*[@data-id="ok"]') 点击事件。
 Thu, 23 May 2019 14:43:51  INFO BasePage.py wait_eleVisible [ line:23 ] 等待元素可见。
 Thu, 23 May 2019 14:43:51  INFO BasePage.py wait_eleVisible [ line:30 ] : 元素 ('xpath', '//*[@id="order-list"]//tbody//tr[1]//label') 已可见,等待起始时间：2019-05-23 14:43:51.878895,等待时长：0
 Thu, 23 May 2019 14:43:51  INFO BasePage.py get_element [ line:58 ] ：开始查找元素：('xpath', '//*[@id="order-list"]//tbody//tr[1]//label')
 Thu, 23 May 2019 14:43:51  INFO BasePage.py get_text [ line:188 ] ：获取元素：('xpath', '//*[@id="order-list"]//tbody//tr[1]//label') 的文本内容
 Thu, 23 May 2019 14:43:51  INFO BasePage.py get_text [ line:191 ] ：元素：('xpath', '//*[@id="order-list"]//tbody//tr[1]//label') 的文本内容为：911491782
 Thu, 23 May 2019 14:43:52  INFO BasePage.py wait_eleVisible [ line:23 ] 等待元素可见。
 Thu, 23 May 2019 14:43:52  INFO BasePage.py wait_eleVisible [ line:30 ] 修改订单: 元素 ('xpath', '//*[@title="修改订单"]') 已可见,等待起始时间：2019-05-23 14:43:52.951592,等待时长：0
 Thu, 23 May 2019 14:43:52  INFO BasePage.py get_element [ line:58 ] 修改订单：开始查找元素：('xpath', '//*[@title="修改订单"]')
 Thu, 23 May 2019 14:43:52  INFO BasePage.py click_element [ line:104 ] 修改订单: 元素：('xpath', '//*[@title="修改订单"]') 点击事件。
 Thu, 23 May 2019 14:43:53  INFO BasePage.py window_switch [ line:172 ] 切换窗口位置-1，功能点窗口切换
 Thu, 23 May 2019 14:43:53  INFO BasePage.py window_switch [ line:176 ] 窗口切换成功
 Thu, 23 May 2019 14:43:55  INFO BasePage.py wait_eleVisible [ line:23 ] 等待元素可见。
 Thu, 23 May 2019 14:43:56  INFO BasePage.py wait_eleVisible [ line:30 ] 输入跟踪号: 元素 ('xpath', '//*[@id="order-tranking"]') 已可见,等待起始时间：2019-05-23 14:43:55.086968,等待时长：1
 Thu, 23 May 2019 14:43:56  INFO BasePage.py get_element [ line:58 ] 输入跟踪号：开始查找元素：('xpath', '//*[@id="order-tranking"]')
 Thu, 23 May 2019 14:43:56  INFO BasePage.py input_text [ line:86 ] 输入跟踪号: 元素：('xpath', '//*[@id="order-tranking"]') 输入内容：PEA-4209662833anhqx
 Thu, 23 May 2019 14:43:57  INFO BasePage.py wait_eleVisible [ line:23 ] 等待元素可见。
 Thu, 23 May 2019 14:43:57  INFO BasePage.py wait_eleVisible [ line:30 ] 增加跟踪号: 元素 ('xpath', '//*[@id="fixed-bottom"]//button') 已可见,等待起始时间：2019-05-23 14:43:57.415027,等待时长：0
 Thu, 23 May 2019 14:43:57  INFO BasePage.py get_element [ line:58 ] 增加跟踪号：开始查找元素：('xpath', '//*[@id="fixed-bottom"]//button')
 Thu, 23 May 2019 14:43:57  INFO BasePage.py click_element [ line:104 ] 增加跟踪号: 元素：('xpath', '//*[@id="fixed-bottom"]//button') 点击事件。
 Thu, 23 May 2019 14:44:00  INFO BasePage.py wait_eleVisible [ line:23 ] 等待元素可见。
 Thu, 23 May 2019 14:44:00  INFO BasePage.py wait_eleVisible [ line:30 ] 获取运输匹配方式: 元素 ('xpath', '//*[@id="menu_10000000"]') 已可见,等待起始时间：2019-05-23 14:44:00.548502,等待时长：0
 Thu, 23 May 2019 14:44:00  INFO BasePage.py get_element [ line:58 ] 获取运输匹配方式：开始查找元素：('xpath', '//*[@id="menu_10000000"]')
 Thu, 23 May 2019 14:44:00  INFO BasePage.py click_element [ line:104 ] 获取运输匹配方式: 元素：('xpath', '//*[@id="menu_10000000"]') 点击事件。
 Thu, 23 May 2019 14:44:01  INFO BasePage.py wait_eleVisible [ line:23 ] 等待元素可见。
 Thu, 23 May 2019 14:44:01  INFO BasePage.py wait_eleVisible [ line:30 ] 获取运输匹配方式: 元素 ('xpath', '//*[@id="menu_10000000"]//*[@id="menu_10121000"]') 已可见,等待起始时间：2019-05-23 14:44:01.652821,等待时长：0
 Thu, 23 May 2019 14:44:01  INFO BasePage.py get_element [ line:58 ] 获取运输匹配方式：开始查找元素：('xpath', '//*[@id="menu_10000000"]//*[@id="menu_10121000"]')
 Thu, 23 May 2019 14:44:01  INFO BasePage.py click_element [ line:104 ] 获取运输匹配方式: 元素：('xpath', '//*[@id="menu_10000000"]//*[@id="menu_10121000"]') 点击事件。
 Thu, 23 May 2019 14:44:06  INFO BasePage.py wait_eleVisible [ line:23 ] 等待元素可见。
 Thu, 23 May 2019 14:44:06  INFO BasePage.py wait_eleVisible [ line:30 ] 获取运输匹配方式: 元素 ('xpath', '//*[@id="s2id_logistics-type"]') 已可见,等待起始时间：2019-05-23 14:44:06.199848,等待时长：0
 Thu, 23 May 2019 14:44:06  INFO BasePage.py get_element [ line:58 ] 获取运输匹配方式：开始查找元素：('xpath', '//*[@id="s2id_logistics-type"]')
 Thu, 23 May 2019 14:44:06  INFO BasePage.py click_element [ line:104 ] 获取运输匹配方式: 元素：('xpath', '//*[@id="s2id_logistics-type"]') 点击事件。
 Thu, 23 May 2019 14:44:07  INFO BasePage.py wait_eleVisible [ line:23 ] 等待元素可见。
 Thu, 23 May 2019 14:44:07  INFO BasePage.py wait_eleVisible [ line:30 ] 获取运输匹配方式: 元素 ('xpath', '//*[@id="s2id_autogen2_search"]') 已可见,等待起始时间：2019-05-23 14:44:07.563015,等待时长：0
 Thu, 23 May 2019 14:44:07  INFO BasePage.py get_element [ line:58 ] 获取运输匹配方式：开始查找元素：('xpath', '//*[@id="s2id_autogen2_search"]')
 Thu, 23 May 2019 14:44:07  INFO BasePage.py input_text [ line:86 ] 获取运输匹配方式: 元素：('xpath', '//*[@id="s2id_autogen2_search"]') 输入内容：谷仓-USPS-小包美西仓(转运)(150)
 Thu, 23 May 2019 14:44:08  INFO BasePage.py wait_eleVisible [ line:23 ] 等待元素可见。
 Thu, 23 May 2019 14:44:08  INFO BasePage.py wait_eleVisible [ line:30 ] 获取运输匹配方式: 元素 ('xpath', '//*[@id="select2-results-2"]') 已可见,等待起始时间：2019-05-23 14:44:08.571384,等待时长：0
 Thu, 23 May 2019 14:44:08  INFO BasePage.py get_element [ line:58 ] 获取运输匹配方式：开始查找元素：('xpath', '//*[@id="select2-results-2"]')
 Thu, 23 May 2019 14:44:08  INFO BasePage.py click_element [ line:104 ] 获取运输匹配方式: 元素：('xpath', '//*[@id="select2-results-2"]') 点击事件。
 Thu, 23 May 2019 14:44:09  INFO BasePage.py wait_eleVisible [ line:23 ] 等待元素可见。
 Thu, 23 May 2019 14:44:09  INFO BasePage.py wait_eleVisible [ line:30 ] 获取运输匹配方式: 元素 ('xpath', '//button[@class="btn btn-sm green"]') 已可见,等待起始时间：2019-05-23 14:44:09.201872,等待时长：0
 Thu, 23 May 2019 14:44:09  INFO BasePage.py get_element [ line:58 ] 获取运输匹配方式：开始查找元素：('xpath', '//button[@class="btn btn-sm green"]')
 Thu, 23 May 2019 14:44:09  INFO BasePage.py click_element [ line:104 ] 获取运输匹配方式: 元素：('xpath', '//button[@class="btn btn-sm green"]') 点击事件。
 Thu, 23 May 2019 14:44:11  INFO BasePage.py wait_eleVisible [ line:23 ] 等待元素可见。
 Thu, 23 May 2019 14:44:11  INFO BasePage.py wait_eleVisible [ line:30 ] 获取运输匹配方式: 元素 ('xpath', '//*[@id="data-list"]/tbody//tr[1]//td[7]') 已可见,等待起始时间：2019-05-23 14:44:11.939056,等待时长：0
 Thu, 23 May 2019 14:44:11  INFO BasePage.py get_element [ line:58 ] 获取运输匹配方式：开始查找元素：('xpath', '//*[@id="data-list"]/tbody//tr[1]//td[7]')
 Thu, 23 May 2019 14:44:12  INFO BasePage.py get_text [ line:188 ] 获取运输匹配方式：获取元素：('xpath', '//*[@id="data-list"]/tbody//tr[1]//td[7]') 的文本内容
 Thu, 23 May 2019 14:44:12  INFO BasePage.py get_text [ line:191 ] 获取运输匹配方式：元素：('xpath', '//*[@id="data-list"]/tbody//tr[1]//td[7]') 的文本内容为：转运
 Thu, 23 May 2019 14:44:12  INFO order_guanli_page.py chaxun_code [ line:57 ] 查询订单号
 Thu, 23 May 2019 14:44:12  INFO BasePage.py wait_eleVisible [ line:23 ] 等待元素可见。
 Thu, 23 May 2019 14:44:12  INFO BasePage.py wait_eleVisible [ line:30 ] 输入平台订单号: 元素 ('xpath', '//*[@placeholder="系统订单号|平台订单号"]') 已可见,等待起始时间：2019-05-23 14:44:12.001507,等待时长：0
 Thu, 23 May 2019 14:44:12  INFO BasePage.py get_element [ line:58 ] 输入平台订单号：开始查找元素：('xpath', '//*[@placeholder="系统订单号|平台订单号"]')
 Thu, 23 May 2019 14:44:12  INFO BasePage.py input_text [ line:86 ] 输入平台订单号: 元素：('xpath', '//*[@placeholder="系统订单号|平台订单号"]') 输入内容：PEA-4209662833anhqx
 Thu, 23 May 2019 14:44:12  INFO BasePage.py wait_eleVisible [ line:23 ] 等待元素可见。
 Thu, 23 May 2019 14:44:12  INFO BasePage.py wait_eleVisible [ line:30 ] 点击搜索按钮: 元素 ('xpath', '//*[@class="btn btn-default"]') 已可见,等待起始时间：2019-05-23 14:44:12.176601,等待时长：0
 Thu, 23 May 2019 14:44:12  INFO BasePage.py get_element [ line:58 ] 点击搜索按钮：开始查找元素：('xpath', '//*[@class="btn btn-default"]')
 Thu, 23 May 2019 14:44:12  INFO BasePage.py click_element [ line:104 ] 点击搜索按钮: 元素：('xpath', '//*[@class="btn btn-default"]') 点击事件。
 Thu, 23 May 2019 14:44:15  INFO kdi_page.py qx_hb_move_daidadan [ line:215 ] 权限验证（待合并----等待打单）
 Thu, 23 May 2019 14:44:15  INFO BasePage.py wait_eleVisible [ line:23 ] 等待元素可见。
 Thu, 23 May 2019 14:44:16  INFO BasePage.py wait_eleVisible [ line:30 ] 订单选择: 元素 ('xpath', '//*[@name="orderIds"]') 已可见,等待起始时间：2019-05-23 14:44:15.989112,等待时长：0
 Thu, 23 May 2019 14:44:16  INFO BasePage.py get_element [ line:58 ] 订单选择：开始查找元素：('xpath', '//*[@name="orderIds"]')
 Thu, 23 May 2019 14:44:16  INFO BasePage.py click_element [ line:104 ] 订单选择: 元素：('xpath', '//*[@name="orderIds"]') 点击事件。
 Thu, 23 May 2019 14:44:16  INFO BasePage.py select [ line:140 ] ('xpath', '//*[@id="orderstatus-moving"]'):移动至转运-等待打单select列表操作
 Thu, 23 May 2019 14:44:16  INFO BasePage.py wait_eleVisible [ line:23 ] 等待元素可见。
 Thu, 23 May 2019 14:44:16  INFO BasePage.py wait_eleVisible [ line:30 ] 移动至转运-等待打单: 元素 ('xpath', '//*[@id="orderstatus-moving"]') 已可见,等待起始时间：2019-05-23 14:44:16.586607,等待时长：0
 Thu, 23 May 2019 14:44:16  INFO BasePage.py get_element [ line:58 ] 移动至转运-等待打单：开始查找元素：('xpath', '//*[@id="orderstatus-moving"]')
 Thu, 23 May 2019 14:44:18  INFO BasePage.py select [ line:148 ] select列表操作完毕转运-等待打单
 Thu, 23 May 2019 14:44:19  INFO BasePage.py get_alert [ line:237 ] 弹窗处理
 Thu, 23 May 2019 14:44:19  INFO BasePage.py get_alert [ line:242 ] alert弹窗处理完成
 Thu, 23 May 2019 14:44:20  INFO BasePage.py wait_eleVisible [ line:23 ] 等待元素可见。
 Thu, 23 May 2019 14:44:20  INFO BasePage.py wait_eleVisible [ line:30 ] 提示语确认: 元素 ('xpath', '//*[@data-id="ok"]') 已可见,等待起始时间：2019-05-23 14:44:20.242688,等待时长：0
 Thu, 23 May 2019 14:44:20  INFO BasePage.py get_element [ line:58 ] 提示语确认：开始查找元素：('xpath', '//*[@data-id="ok"]')
 Thu, 23 May 2019 14:44:20  INFO BasePage.py click_element [ line:104 ] 提示语确认: 元素：('xpath', '//*[@data-id="ok"]') 点击事件。
 Thu, 23 May 2019 14:44:22  INFO BasePage.py wait_eleVisible [ line:23 ] 等待元素可见。
 Thu, 23 May 2019 14:44:23  INFO BasePage.py wait_eleVisible [ line:30 ] 返回订单状态: 元素 ('xpath', '//*[@id="order-list"]//tbody//tr[1]//td[3]//span') 已可见,等待起始时间：2019-05-23 14:44:22.913607,等待时长：0
 Thu, 23 May 2019 14:44:23  INFO BasePage.py get_element [ line:58 ] 返回订单状态：开始查找元素：('xpath', '//*[@id="order-list"]//tbody//tr[1]//td[3]//span')
 Thu, 23 May 2019 14:44:23  INFO BasePage.py get_text [ line:188 ] 返回订单状态：获取元素：('xpath', '//*[@id="order-list"]//tbody//tr[1]//td[3]//span') 的文本内容
 Thu, 23 May 2019 14:44:23  INFO BasePage.py get_text [ line:191 ] 返回订单状态：元素：('xpath', '//*[@id="order-list"]//tbody//tr[1]//td[3]//span') 的文本内容为：转运-等待打单
 Thu, 23 May 2019 14:44:23  INFO BasePage.py wait_eleVisible [ line:23 ] 等待元素可见。
 Thu, 23 May 2019 14:44:23  INFO BasePage.py wait_eleVisible [ line:30 ] 获取仓库信息: 元素 ('xpath', '//*[@id="order-list"]//tr[2]//td[5]//dl') 已可见,等待起始时间：2019-05-23 14:44:23.038578,等待时长：0
 Thu, 23 May 2019 14:44:23  INFO BasePage.py get_element [ line:58 ] 获取仓库信息：开始查找元素：('xpath', '//*[@id="order-list"]//tr[2]//td[5]//dl')
 Thu, 23 May 2019 14:44:23  INFO BasePage.py get_text [ line:188 ] 获取仓库信息：获取元素：('xpath', '//*[@id="order-list"]//tr[2]//td[5]//dl') 的文本内容
 Thu, 23 May 2019 14:44:23  INFO BasePage.py get_text [ line:191 ] 获取仓库信息：元素：('xpath', '//*[@id="order-list"]//tr[2]//td[5]//dl') 的文本内容为：NGH4092903C
塘厦仓库
库存：200
剩余库存：185
在途库存： 0
预计回货日期：2018-04-03 08:26
 Thu, 23 May 2019 14:44:24  INFO login_page.py clear_login [ line:25 ] 切换账号
 Thu, 23 May 2019 14:44:24  INFO BasePage.py get_element [ line:58 ] 点击用户：开始查找元素：('xpath', '//*[@aria-expanded="false"]')
 Thu, 23 May 2019 14:44:25  INFO BasePage.py wait_eleVisible [ line:23 ] 等待元素可见。
 Thu, 23 May 2019 14:44:25  INFO BasePage.py wait_eleVisible [ line:30 ] 点击用户: 元素 ('xpath', '//*[@title="注销"]') 已可见,等待起始时间：2019-05-23 14:44:25.139051,等待时长：0
 Thu, 23 May 2019 14:44:25  INFO BasePage.py get_element [ line:58 ] 点击用户：开始查找元素：('xpath', '//*[@title="注销"]')
 Thu, 23 May 2019 14:44:25  INFO BasePage.py click_element [ line:104 ] 点击用户: 元素：('xpath', '//*[@title="注销"]') 点击事件。
 Thu, 23 May 2019 14:44:27  INFO login_page.py login [ line:16 ] 登陆页面_登陆功能
 Thu, 23 May 2019 14:44:27  INFO BasePage.py wait_eleVisible [ line:23 ] 等待元素可见。
 Thu, 23 May 2019 14:44:27  INFO BasePage.py wait_eleVisible [ line:30 ] 输入用户名: 元素 ('xpath', '//*[@id="username"]') 已可见,等待起始时间：2019-05-23 14:44:27.622660,等待时长：0
 Thu, 23 May 2019 14:44:27  INFO BasePage.py get_element [ line:58 ] 输入用户名：开始查找元素：('xpath', '//*[@id="username"]')
 Thu, 23 May 2019 14:44:27  INFO BasePage.py input_text [ line:86 ] 输入用户名: 元素：('xpath', '//*[@id="username"]') 输入内容：170348
 Thu, 23 May 2019 14:44:27  INFO BasePage.py wait_eleVisible [ line:23 ] 等待元素可见。
 Thu, 23 May 2019 14:44:27  INFO BasePage.py wait_eleVisible [ line:30 ] 输入密码: 元素 ('xpath', '//*[@id="password"]') 已可见,等待起始时间：2019-05-23 14:44:27.721620,等待时长：0
 Thu, 23 May 2019 14:44:27  INFO BasePage.py get_element [ line:58 ] 输入密码：开始查找元素：('xpath', '//*[@id="password"]')
 Thu, 23 May 2019 14:44:27  INFO BasePage.py input_text [ line:86 ] 输入密码: 元素：('xpath', '//*[@id="password"]') 输入内容：111
 Thu, 23 May 2019 14:44:27  INFO BasePage.py wait_eleVisible [ line:23 ] 等待元素可见。
 Thu, 23 May 2019 14:44:27  INFO BasePage.py wait_eleVisible [ line:30 ] 输入验证码: 元素 ('xpath', '//*[@id="captcha"]') 已可见,等待起始时间：2019-05-23 14:44:27.811017,等待时长：0
 Thu, 23 May 2019 14:44:27  INFO BasePage.py get_element [ line:58 ] 输入验证码：开始查找元素：('xpath', '//*[@id="captcha"]')
 Thu, 23 May 2019 14:44:27  INFO BasePage.py input_text [ line:86 ] 输入验证码: 元素：('xpath', '//*[@id="captcha"]') 输入内容：1111
 Thu, 23 May 2019 14:44:27  INFO BasePage.py wait_eleVisible [ line:23 ] 等待元素可见。
 Thu, 23 May 2019 14:44:27  INFO BasePage.py wait_eleVisible [ line:30 ] 点击登录按钮: 元素 ('xpath', '//*[@id="login-btn"]') 已可见,等待起始时间：2019-05-23 14:44:27.910867,等待时长：0
 Thu, 23 May 2019 14:44:27  INFO BasePage.py get_element [ line:58 ] 点击登录按钮：开始查找元素：('xpath', '//*[@id="login-btn"]')
 Thu, 23 May 2019 14:44:27  INFO BasePage.py click_element [ line:104 ] 点击登录按钮: 元素：('xpath', '//*[@id="login-btn"]') 点击事件。
 Thu, 23 May 2019 14:44:32  INFO order_guanli_page.py chaxun_code [ line:57 ] 查询订单号
 Thu, 23 May 2019 14:44:32  INFO BasePage.py wait_eleVisible [ line:23 ] 等待元素可见。
 Thu, 23 May 2019 14:44:32  INFO BasePage.py wait_eleVisible [ line:30 ] 输入平台订单号: 元素 ('xpath', '//*[@placeholder="系统订单号|平台订单号"]') 已可见,等待起始时间：2019-05-23 14:44:32.074457,等待时长：0
 Thu, 23 May 2019 14:44:32  INFO BasePage.py get_element [ line:58 ] 输入平台订单号：开始查找元素：('xpath', '//*[@placeholder="系统订单号|平台订单号"]')
 Thu, 23 May 2019 14:44:32  INFO BasePage.py input_text [ line:86 ] 输入平台订单号: 元素：('xpath', '//*[@placeholder="系统订单号|平台订单号"]') 输入内容：PEA-4209662833anhqx
 Thu, 23 May 2019 14:44:32  INFO BasePage.py wait_eleVisible [ line:23 ] 等待元素可见。
 Thu, 23 May 2019 14:44:32  INFO BasePage.py wait_eleVisible [ line:30 ] 点击搜索按钮: 元素 ('xpath', '//*[@class="btn btn-default"]') 已可见,等待起始时间：2019-05-23 14:44:32.259177,等待时长：0
 Thu, 23 May 2019 14:44:32  INFO BasePage.py get_element [ line:58 ] 点击搜索按钮：开始查找元素：('xpath', '//*[@class="btn btn-default"]')
 Thu, 23 May 2019 14:44:32  INFO BasePage.py click_element [ line:104 ] 点击搜索按钮: 元素：('xpath', '//*[@class="btn btn-default"]') 点击事件。
 Thu, 23 May 2019 14:44:35  INFO kdi_page.py qx_dengdai_move_dadan [ line:246 ] 权限验证（等待打单—打单）
 Thu, 23 May 2019 14:44:35  INFO BasePage.py wait_eleVisible [ line:23 ] 等待元素可见。
 Thu, 23 May 2019 14:44:35  INFO BasePage.py wait_eleVisible [ line:30 ] 勾选第一个订单: 元素 ('xpath', '//*[@name="orderIds"]') 已可见,等待起始时间：2019-05-23 14:44:35.802038,等待时长：0
 Thu, 23 May 2019 14:44:35  INFO BasePage.py get_element [ line:58 ] 勾选第一个订单：开始查找元素：('xpath', '//*[@name="orderIds"]')
 Thu, 23 May 2019 14:44:35  INFO BasePage.py click_element [ line:104 ] 勾选第一个订单: 元素：('xpath', '//*[@name="orderIds"]') 点击事件。
 Thu, 23 May 2019 14:44:38  INFO BasePage.py select [ line:140 ] ('xpath', '//*[@id="orderstatus-moving"]'):移动至转运-按货打单select列表操作
 Thu, 23 May 2019 14:44:38  INFO BasePage.py wait_eleVisible [ line:23 ] 等待元素可见。
 Thu, 23 May 2019 14:44:38  INFO BasePage.py wait_eleVisible [ line:30 ] 移动至转运-按货打单: 元素 ('xpath', '//*[@id="orderstatus-moving"]') 已可见,等待起始时间：2019-05-23 14:44:38.895269,等待时长：0
 Thu, 23 May 2019 14:44:38  INFO BasePage.py get_element [ line:58 ] 移动至转运-按货打单：开始查找元素：('xpath', '//*[@id="orderstatus-moving"]')
 Thu, 23 May 2019 14:44:40  INFO BasePage.py select [ line:148 ] select列表操作完毕转运-按货打单
 Thu, 23 May 2019 14:44:41  INFO BasePage.py get_alert [ line:237 ] 弹窗处理
 Thu, 23 May 2019 14:44:41  INFO BasePage.py get_alert [ line:242 ] alert弹窗处理完成
 Thu, 23 May 2019 14:44:42  INFO BasePage.py wait_eleVisible [ line:23 ] 等待元素可见。
 Thu, 23 May 2019 14:44:42  INFO BasePage.py wait_eleVisible [ line:30 ] 获取是否需要核对打单的文本: 元素 ('xpath', '//*[@class="ui-dialog-body"]//div[@style]//div[@style]') 已可见,等待起始时间：2019-05-23 14:44:42.571536,等待时长：0
 Thu, 23 May 2019 14:44:42  INFO BasePage.py get_element [ line:58 ] 获取是否需要核对打单的文本：开始查找元素：('xpath', '//*[@class="ui-dialog-body"]//div[@style]//div[@style]')
 Thu, 23 May 2019 14:44:42  INFO BasePage.py get_text [ line:188 ] 获取是否需要核对打单的文本：获取元素：('xpath', '//*[@class="ui-dialog-body"]//div[@style]//div[@style]') 的文本内容
 Thu, 23 May 2019 14:44:42  INFO BasePage.py get_text [ line:191 ] 获取是否需要核对打单的文本：元素：('xpath', '//*[@class="ui-dialog-body"]//div[@style]//div[@style]') 的文本内容为：订单：911491782, 操作失败, [按货打单] 只支持单品单件物品或者物流不支持[按货打单]
 Thu, 23 May 2019 14:44:42  INFO BasePage.py wait_eleVisible [ line:23 ] 等待元素可见。
 Thu, 23 May 2019 14:44:42  INFO BasePage.py wait_eleVisible [ line:30 ] 点击确认: 元素 ('xpath', '//*[@data-id="ok"]') 已可见,等待起始时间：2019-05-23 14:44:42.618347,等待时长：0
 Thu, 23 May 2019 14:44:42  INFO BasePage.py get_element [ line:58 ] 点击确认：开始查找元素：('xpath', '//*[@data-id="ok"]')
 Thu, 23 May 2019 14:44:42  INFO BasePage.py click_element [ line:104 ] 点击确认: 元素：('xpath', '//*[@data-id="ok"]') 点击事件。
 Thu, 23 May 2019 14:44:42  INFO BasePage.py select [ line:140 ] ('xpath', '//*[@id="orderstatus-moving"]'):移动至转运-核对打单select列表操作
 Thu, 23 May 2019 14:44:42  INFO BasePage.py wait_eleVisible [ line:23 ] 等待元素可见。
 Thu, 23 May 2019 14:44:42  INFO BasePage.py wait_eleVisible [ line:30 ] 移动至转运-核对打单: 元素 ('xpath', '//*[@id="orderstatus-moving"]') 已可见,等待起始时间：2019-05-23 14:44:42.701908,等待时长：0
 Thu, 23 May 2019 14:44:42  INFO BasePage.py get_element [ line:58 ] 移动至转运-核对打单：开始查找元素：('xpath', '//*[@id="orderstatus-moving"]')
 Thu, 23 May 2019 14:44:44  INFO BasePage.py select [ line:148 ] select列表操作完毕转运-核对打单
 Thu, 23 May 2019 14:44:45  INFO BasePage.py get_alert [ line:237 ] 弹窗处理
 Thu, 23 May 2019 14:44:45  INFO BasePage.py get_alert [ line:242 ] alert弹窗处理完成
 Thu, 23 May 2019 14:44:46  INFO BasePage.py wait_eleVisible [ line:23 ] 等待元素可见。
 Thu, 23 May 2019 14:44:46  INFO BasePage.py wait_eleVisible [ line:30 ] 点击确认: 元素 ('xpath', '//*[@data-id="ok"]') 已可见,等待起始时间：2019-05-23 14:44:46.337797,等待时长：0
 Thu, 23 May 2019 14:44:46  INFO BasePage.py get_element [ line:58 ] 点击确认：开始查找元素：('xpath', '//*[@data-id="ok"]')
 Thu, 23 May 2019 14:44:46  INFO BasePage.py click_element [ line:104 ] 点击确认: 元素：('xpath', '//*[@data-id="ok"]') 点击事件。
 Thu, 23 May 2019 14:44:49  INFO order_guanli_page.py chaxun_code [ line:57 ] 查询订单号
 Thu, 23 May 2019 14:44:49  INFO BasePage.py wait_eleVisible [ line:23 ] 等待元素可见。
 Thu, 23 May 2019 14:44:49  INFO BasePage.py wait_eleVisible [ line:30 ] 输入平台订单号: 元素 ('xpath', '//*[@placeholder="系统订单号|平台订单号"]') 已可见,等待起始时间：2019-05-23 14:44:49.042145,等待时长：0
 Thu, 23 May 2019 14:44:49  INFO BasePage.py get_element [ line:58 ] 输入平台订单号：开始查找元素：('xpath', '//*[@placeholder="系统订单号|平台订单号"]')
 Thu, 23 May 2019 14:44:49  INFO BasePage.py input_text [ line:86 ] 输入平台订单号: 元素：('xpath', '//*[@placeholder="系统订单号|平台订单号"]') 输入内容：PEA-4209662833anhqx
 Thu, 23 May 2019 14:44:49  INFO BasePage.py wait_eleVisible [ line:23 ] 等待元素可见。
 Thu, 23 May 2019 14:44:49  INFO BasePage.py wait_eleVisible [ line:30 ] 点击搜索按钮: 元素 ('xpath', '//*[@class="btn btn-default"]') 已可见,等待起始时间：2019-05-23 14:44:49.215728,等待时长：0
 Thu, 23 May 2019 14:44:49  INFO BasePage.py get_element [ line:58 ] 点击搜索按钮：开始查找元素：('xpath', '//*[@class="btn btn-default"]')
 Thu, 23 May 2019 14:44:49  INFO BasePage.py click_element [ line:104 ] 点击搜索按钮: 元素：('xpath', '//*[@class="btn btn-default"]') 点击事件。
 Thu, 23 May 2019 14:44:52  INFO BasePage.py wait_eleVisible [ line:23 ] 等待元素可见。
 Thu, 23 May 2019 14:44:52  INFO BasePage.py wait_eleVisible [ line:30 ] 获取订单状态: 元素 ('xpath', '//*[@id="order-list"]//tbody//tr//td[3]//*') 已可见,等待起始时间：2019-05-23 14:44:52.452190,等待时长：0
 Thu, 23 May 2019 14:44:52  INFO BasePage.py get_element [ line:58 ] 获取订单状态：开始查找元素：('xpath', '//*[@id="order-list"]//tbody//tr//td[3]//*')
 Thu, 23 May 2019 14:44:52  INFO BasePage.py get_text [ line:188 ] 获取订单状态：获取元素：('xpath', '//*[@id="order-list"]//tbody//tr//td[3]//*') 的文本内容
 Thu, 23 May 2019 14:44:52  INFO BasePage.py get_text [ line:191 ] 获取订单状态：元素：('xpath', '//*[@id="order-list"]//tbody//tr//td[3]//*') 的文本内容为：转运-核对打单
 Thu, 23 May 2019 14:44:53  INFO BasePage.py wait_eleVisible [ line:23 ] 等待元素可见。
 Thu, 23 May 2019 14:44:53  INFO BasePage.py wait_eleVisible [ line:30 ] 获取订单SKU: 元素 ('xpath', '//*[@id="order-list"]/tbody//tr[2]//td[5]//a') 已可见,等待起始时间：2019-05-23 14:44:53.514438,等待时长：0
 Thu, 23 May 2019 14:44:53  INFO BasePage.py get_element [ line:58 ] 获取订单SKU：开始查找元素：('xpath', '//*[@id="order-list"]/tbody//tr[2]//td[5]//a')
 Thu, 23 May 2019 14:44:53  INFO BasePage.py get_text [ line:188 ] 获取订单SKU：获取元素：('xpath', '//*[@id="order-list"]/tbody//tr[2]//td[5]//a') 的文本内容
 Thu, 23 May 2019 14:44:53  INFO BasePage.py get_text [ line:191 ] 获取订单SKU：元素：('xpath', '//*[@id="order-list"]/tbody//tr[2]//td[5]//a') 的文本内容为：NGH4092903C
 Thu, 23 May 2019 14:44:53  INFO BasePage.py wait_eleVisible [ line:23 ] 等待元素可见。
 Thu, 23 May 2019 14:44:53  INFO BasePage.py wait_eleVisible [ line:30 ] 获取扫描的方式: 元素 ('xpath', '//*[@id="order-list"]//tbody//tr[1]//td[3]//span[1]') 已可见,等待起始时间：2019-05-23 14:44:53.561275,等待时长：0
 Thu, 23 May 2019 14:44:53  INFO BasePage.py get_element [ line:58 ] 获取扫描的方式：开始查找元素：('xpath', '//*[@id="order-list"]//tbody//tr[1]//td[3]//span[1]')
 Thu, 23 May 2019 14:44:53  INFO BasePage.py get_text [ line:188 ] 获取扫描的方式：获取元素：('xpath', '//*[@id="order-list"]//tbody//tr[1]//td[3]//span[1]') 的文本内容
 Thu, 23 May 2019 14:44:53  INFO BasePage.py get_text [ line:191 ] 获取扫描的方式：元素：('xpath', '//*[@id="order-list"]//tbody//tr[1]//td[3]//span[1]') 的文本内容为：转运-核对打单
 Thu, 23 May 2019 14:44:53  INFO kdi_scan.py qx_scan [ line:301 ] 转运-核对打单开始扫描
 Thu, 23 May 2019 14:44:53  INFO BasePage.py wait_eleVisible [ line:23 ] 等待元素可见。
 Thu, 23 May 2019 14:44:53  INFO BasePage.py wait_eleVisible [ line:30 ] 点击收发货管理: 元素 ('xpath', '//*[@id="menu_13000000"]') 已可见,等待起始时间：2019-05-23 14:44:53.608139,等待时长：0
 Thu, 23 May 2019 14:44:53  INFO BasePage.py get_element [ line:58 ] 点击收发货管理：开始查找元素：('xpath', '//*[@id="menu_13000000"]')
 Thu, 23 May 2019 14:44:53  INFO BasePage.py click_element [ line:104 ] 点击收发货管理: 元素：('xpath', '//*[@id="menu_13000000"]') 点击事件。
 Thu, 23 May 2019 14:44:54  INFO BasePage.py wait_eleVisible [ line:23 ] 等待元素可见。
 Thu, 23 May 2019 14:44:54  INFO BasePage.py wait_eleVisible [ line:30 ] 点击转运-核对打单: 元素 ('xpath', '//*[@id="menu_13111000"]/a') 已可见,等待起始时间：2019-05-23 14:44:54.202016,等待时长：0
 Thu, 23 May 2019 14:44:54  INFO BasePage.py get_element [ line:58 ] 点击转运-核对打单：开始查找元素：('xpath', '//*[@id="menu_13111000"]/a')
 Thu, 23 May 2019 14:44:54  INFO BasePage.py click_element [ line:104 ] 点击转运-核对打单: 元素：('xpath', '//*[@id="menu_13111000"]/a') 点击事件。
 Thu, 23 May 2019 14:44:56  INFO BasePage.py wait_eleVisible [ line:23 ] 等待元素可见。
 Thu, 23 May 2019 14:44:56  INFO BasePage.py wait_eleVisible [ line:30 ] 输入订单号: 元素 ('xpath', '//*[@id="orderid"]') 已可见,等待起始时间：2019-05-23 14:44:56.457896,等待时长：0
 Thu, 23 May 2019 14:44:56  INFO BasePage.py get_element [ line:58 ] 输入订单号：开始查找元素：('xpath', '//*[@id="orderid"]')
 Thu, 23 May 2019 14:44:56  INFO BasePage.py input_text [ line:86 ] 输入订单号: 元素：('xpath', '//*[@id="orderid"]') 输入内容：911491782
 Thu, 23 May 2019 14:44:57  INFO BasePage.py get_element [ line:58 ] ：开始查找元素：('xpath', '//*[@id="orderid"]')
 Thu, 23 May 2019 14:44:57  INFO BasePage.py isElementExist [ line:251 ] 判断元素是否存在('xpath', '//*[@class="success"]//td[5]//input')
 Thu, 23 May 2019 14:44:57  INFO BasePage.py isElementExist [ line:259 ] 元素不存在
 Thu, 23 May 2019 14:44:57  INFO BasePage.py wait_eleVisible [ line:23 ] 等待元素可见。
 Thu, 23 May 2019 14:44:58  INFO BasePage.py wait_eleVisible [ line:30 ] 获取需要扫描的数量: 元素 ('xpath', '//*[@class="check_quantity"]') 已可见,等待起始时间：2019-05-23 14:44:57.798841,等待时长：0
 Thu, 23 May 2019 14:44:58  INFO BasePage.py get_element [ line:58 ] 获取需要扫描的数量：开始查找元素：('xpath', '//*[@class="check_quantity"]')
 Thu, 23 May 2019 14:44:58  INFO BasePage.py get_text [ line:188 ] 获取需要扫描的数量：获取元素：('xpath', '//*[@class="check_quantity"]') 的文本内容
 Thu, 23 May 2019 14:44:58  INFO BasePage.py get_text [ line:191 ] 获取需要扫描的数量：元素：('xpath', '//*[@class="check_quantity"]') 的文本内容为：1
 Thu, 23 May 2019 14:44:59  INFO BasePage.py wait_eleVisible [ line:23 ] 等待元素可见。
 Thu, 23 May 2019 14:44:59  INFO BasePage.py wait_eleVisible [ line:30 ] 获取SKU: 元素 ('xpath', '//*[@class="check_sku"]') 已可见,等待起始时间：2019-05-23 14:44:59.386636,等待时长：0
 Thu, 23 May 2019 14:44:59  INFO BasePage.py get_element [ line:58 ] 获取SKU：开始查找元素：('xpath', '//*[@class="check_sku"]')
 Thu, 23 May 2019 14:44:59  INFO BasePage.py get_text [ line:188 ] 获取SKU：获取元素：('xpath', '//*[@class="check_sku"]') 的文本内容
 Thu, 23 May 2019 14:44:59  INFO BasePage.py get_text [ line:191 ] 获取SKU：元素：('xpath', '//*[@class="check_sku"]') 的文本内容为：NGH4092903C
 Thu, 23 May 2019 14:44:59  INFO BasePage.py wait_eleVisible [ line:23 ] 等待元素可见。
 Thu, 23 May 2019 14:44:59  INFO BasePage.py wait_eleVisible [ line:30 ] 输入SKU: 元素 ('xpath', '//*[@id="sku"]') 已可见,等待起始时间：2019-05-23 14:44:59.444560,等待时长：0
 Thu, 23 May 2019 14:44:59  INFO BasePage.py get_element [ line:58 ] 输入SKU：开始查找元素：('xpath', '//*[@id="sku"]')
 Thu, 23 May 2019 14:44:59  INFO BasePage.py input_text [ line:86 ] 输入SKU: 元素：('xpath', '//*[@id="sku"]') 输入内容：NGH4092903C
 Thu, 23 May 2019 14:44:59  INFO BasePage.py get_element [ line:58 ] ：开始查找元素：('xpath', '//*[@id="sku"]')
 Thu, 23 May 2019 14:45:00  INFO BasePage.py wait_eleVisible [ line:23 ] 等待元素可见。
 Thu, 23 May 2019 14:45:00  ERROR BasePage.py wait_eleVisible [ line:33 ] 等待元素可见异常
Traceback (most recent call last):
  File "D:\pythonxu\python_ERP\Common\BasePage.py", line 27, in wait_eleVisible
    WebDriverWait(self.driver,wait_times,poll_frequency).until(EC.visibility_of_element_located(locator))
  File "C:\Users\test\AppData\Local\Programs\Python\Python37\lib\site-packages\selenium\webdriver\support\wait.py", line 71, in until
    value = method(self._driver)
  File "C:\Users\test\AppData\Local\Programs\Python\Python37\lib\site-packages\selenium\webdriver\support\expected_conditions.py", line 128, in __call__
    return _element_if_visible(_find_element(driver, self.locator))
  File "C:\Users\test\AppData\Local\Programs\Python\Python37\lib\site-packages\selenium\webdriver\support\expected_conditions.py", line 415, in _find_element
    raise e
  File "C:\Users\test\AppData\Local\Programs\Python\Python37\lib\site-packages\selenium\webdriver\support\expected_conditions.py", line 411, in _find_element
    return driver.find_element(*by)
  File "C:\Users\test\AppData\Local\Programs\Python\Python37\lib\site-packages\selenium\webdriver\remote\webdriver.py", line 978, in find_element
    'value': value})['value']
  File "C:\Users\test\AppData\Local\Programs\Python\Python37\lib\site-packages\selenium\webdriver\remote\webdriver.py", line 321, in execute
    self.error_handler.check_response(response)
  File "C:\Users\test\AppData\Local\Programs\Python\Python37\lib\site-packages\selenium\webdriver\remote\errorhandler.py", line 241, in check_response
    raise exception_class(message, screen, stacktrace, alert_text)
selenium.common.exceptions.UnexpectedAlertPresentException: Alert Text: None
Message: unexpected alert open
  (Session info: chrome=74.0.3729.169)
  (Driver info: chromedriver=2.37.544315 (730aa6a5fdba159ac9f4c1e8cbc59bf1b5ce12b7),platform=Windows NT 10.0.17763 x86_64)

 Thu, 23 May 2019 14:45:00  INFO BasePage.py window_switch [ line:172 ] 切换窗口位置-1，功能点
 Thu, 23 May 2019 14:45:00  INFO BasePage.py window_switch [ line:176 ] 窗口切换成功
 Thu, 23 May 2019 14:45:02  INFO BasePage.py window_switch [ line:172 ] 切换窗口位置-1，功能点
 Thu, 23 May 2019 14:45:02  INFO BasePage.py window_switch [ line:176 ] 窗口切换成功
 Thu, 23 May 2019 14:45:04  INFO kdi_scan.py kdi_scan_cku [ line:52 ] 快递出库扫描
 Thu, 23 May 2019 14:45:06  INFO BasePage.py wait_eleVisible [ line:23 ] 等待元素可见。
 Thu, 23 May 2019 14:45:06  INFO BasePage.py wait_eleVisible [ line:30 ] 点击收发货管理: 元素 ('xpath', '//*[@id="menu_13000000"]') 已可见,等待起始时间：2019-05-23 14:45:06.483632,等待时长：0
 Thu, 23 May 2019 14:45:06  INFO BasePage.py get_element [ line:58 ] 点击收发货管理：开始查找元素：('xpath', '//*[@id="menu_13000000"]')
 Thu, 23 May 2019 14:45:06  INFO BasePage.py click_element [ line:104 ] 点击收发货管理: 元素：('xpath', '//*[@id="menu_13000000"]') 点击事件。
 Thu, 23 May 2019 14:45:07  INFO BasePage.py wait_eleVisible [ line:23 ] 等待元素可见。
 Thu, 23 May 2019 14:45:07  INFO BasePage.py wait_eleVisible [ line:30 ] 点击快递出库扫描: 元素 ('xpath', '//*[@id="menu_13111100"]/a') 已可见,等待起始时间：2019-05-23 14:45:07.084493,等待时长：0
 Thu, 23 May 2019 14:45:07  INFO BasePage.py get_element [ line:58 ] 点击快递出库扫描：开始查找元素：('xpath', '//*[@id="menu_13111100"]/a')
 Thu, 23 May 2019 14:45:07  INFO BasePage.py click_element [ line:104 ] 点击快递出库扫描: 元素：('xpath', '//*[@id="menu_13111100"]/a') 点击事件。
 Thu, 23 May 2019 14:45:53  INFO BasePage.py wait_eleVisible [ line:23 ] 等待元素可见。
 Thu, 23 May 2019 14:45:53  INFO BasePage.py wait_eleVisible [ line:30 ] 快递列表点击: 元素 ('xpath', '//*[@id="s2id_logistics-type"]') 已可见,等待起始时间：2019-05-23 14:45:53.339256,等待时长：0
 Thu, 23 May 2019 14:45:53  INFO BasePage.py get_element [ line:58 ] 快递列表点击：开始查找元素：('xpath', '//*[@id="s2id_logistics-type"]')
 Thu, 23 May 2019 14:45:53  INFO BasePage.py click_element [ line:104 ] 快递列表点击: 元素：('xpath', '//*[@id="s2id_logistics-type"]') 点击事件。
 Thu, 23 May 2019 14:45:54  INFO BasePage.py wait_eleVisible [ line:23 ] 等待元素可见。
 Thu, 23 May 2019 14:45:54  INFO BasePage.py wait_eleVisible [ line:30 ] 快递列表输入: 元素 ('xpath', '//*[@id="s2id_autogen1_search"]') 已可见,等待起始时间：2019-05-23 14:45:54.042829,等待时长：0
 Thu, 23 May 2019 14:45:54  INFO BasePage.py get_element [ line:58 ] 快递列表输入：开始查找元素：('xpath', '//*[@id="s2id_autogen1_search"]')
 Thu, 23 May 2019 14:45:54  INFO BasePage.py input_text [ line:86 ] 快递列表输入: 元素：('xpath', '//*[@id="s2id_autogen1_search"]') 输入内容：谷仓-USPS-小包美西仓(转运)(150)
 Thu, 23 May 2019 14:45:55  INFO BasePage.py wait_eleVisible [ line:23 ] 等待元素可见。
 Thu, 23 May 2019 14:45:55  INFO BasePage.py wait_eleVisible [ line:30 ] 快递列表选择: 元素 ('xpath', '//*[@id="select2-drop"]//ul') 已可见,等待起始时间：2019-05-23 14:45:55.003866,等待时长：0
 Thu, 23 May 2019 14:45:55  INFO BasePage.py get_element [ line:58 ] 快递列表选择：开始查找元素：('xpath', '//*[@id="select2-drop"]//ul')
 Thu, 23 May 2019 14:45:55  INFO BasePage.py click_element [ line:104 ] 快递列表选择: 元素：('xpath', '//*[@id="select2-drop"]//ul') 点击事件。
 Thu, 23 May 2019 14:45:56  INFO BasePage.py wait_eleVisible [ line:23 ] 等待元素可见。
 Thu, 23 May 2019 14:45:56  INFO BasePage.py wait_eleVisible [ line:30 ] 输入跟踪号: 元素 ('xpath', '//*[@id="trackingnum"]') 已可见,等待起始时间：2019-05-23 14:45:56.105651,等待时长：0
 Thu, 23 May 2019 14:45:56  INFO BasePage.py get_element [ line:58 ] 输入跟踪号：开始查找元素：('xpath', '//*[@id="trackingnum"]')
 Thu, 23 May 2019 14:45:56  INFO BasePage.py input_text [ line:86 ] 输入跟踪号: 元素：('xpath', '//*[@id="trackingnum"]') 输入内容：PEA-4209662833anhqx
 Thu, 23 May 2019 14:45:56  INFO BasePage.py get_element [ line:58 ] ：开始查找元素：('xpath', '//*[@id="trackingnum"]')
 Thu, 23 May 2019 14:45:59  INFO BasePage.py isElementExist [ line:251 ] 判断元素是否存在//*[@placeholder="请输入数字"]
 Thu, 23 May 2019 14:45:59  INFO BasePage.py isElementExist [ line:259 ] 元素不存在
 Thu, 23 May 2019 14:45:59  INFO BasePage.py wait_eleVisible [ line:23 ] 等待元素可见。
 Thu, 23 May 2019 14:45:59  INFO BasePage.py wait_eleVisible [ line:30 ] 点击强制出库按钮: 元素 ('xpath', '//*[@data-id="ok"]') 已可见,等待起始时间：2019-05-23 14:45:59.325704,等待时长：0
 Thu, 23 May 2019 14:45:59  INFO BasePage.py get_element [ line:58 ] 点击强制出库按钮：开始查找元素：('xpath', '//*[@data-id="ok"]')
 Thu, 23 May 2019 14:45:59  INFO BasePage.py click_element [ line:104 ] 点击强制出库按钮: 元素：('xpath', '//*[@data-id="ok"]') 点击事件。
 Thu, 23 May 2019 14:46:01  INFO order_guanli_page.py chaxun_code [ line:57 ] 查询订单号
 Thu, 23 May 2019 14:46:01  INFO BasePage.py wait_eleVisible [ line:23 ] 等待元素可见。
 Thu, 23 May 2019 14:46:01  INFO BasePage.py wait_eleVisible [ line:30 ] 输入平台订单号: 元素 ('xpath', '//*[@placeholder="系统订单号|平台订单号"]') 已可见,等待起始时间：2019-05-23 14:46:01.401963,等待时长：0
 Thu, 23 May 2019 14:46:01  INFO BasePage.py get_element [ line:58 ] 输入平台订单号：开始查找元素：('xpath', '//*[@placeholder="系统订单号|平台订单号"]')
 Thu, 23 May 2019 14:46:01  INFO BasePage.py input_text [ line:86 ] 输入平台订单号: 元素：('xpath', '//*[@placeholder="系统订单号|平台订单号"]') 输入内容：PEA-4209662833anhqx
 Thu, 23 May 2019 14:46:01  INFO BasePage.py wait_eleVisible [ line:23 ] 等待元素可见。
 Thu, 23 May 2019 14:46:01  INFO BasePage.py wait_eleVisible [ line:30 ] 点击搜索按钮: 元素 ('xpath', '//*[@class="btn btn-default"]') 已可见,等待起始时间：2019-05-23 14:46:01.661090,等待时长：0
 Thu, 23 May 2019 14:46:01  INFO BasePage.py get_element [ line:58 ] 点击搜索按钮：开始查找元素：('xpath', '//*[@class="btn btn-default"]')
 Thu, 23 May 2019 14:46:01  INFO BasePage.py click_element [ line:104 ] 点击搜索按钮: 元素：('xpath', '//*[@class="btn btn-default"]') 点击事件。
 Thu, 23 May 2019 14:46:05  INFO BasePage.py wait_eleVisible [ line:23 ] 等待元素可见。
 Thu, 23 May 2019 14:46:05  INFO BasePage.py wait_eleVisible [ line:30 ] 获取订单状态: 元素 ('xpath', '//*[@id="order-list"]//tbody//tr//td[3]//*') 已可见,等待起始时间：2019-05-23 14:46:05.349808,等待时长：0
 Thu, 23 May 2019 14:46:05  INFO BasePage.py get_element [ line:58 ] 获取订单状态：开始查找元素：('xpath', '//*[@id="order-list"]//tbody//tr//td[3]//*')
 Thu, 23 May 2019 14:46:05  INFO BasePage.py get_text [ line:188 ] 获取订单状态：获取元素：('xpath', '//*[@id="order-list"]//tbody//tr//td[3]//*') 的文本内容
 Thu, 23 May 2019 14:46:05  INFO BasePage.py get_text [ line:191 ] 获取订单状态：元素：('xpath', '//*[@id="order-list"]//tbody//tr//td[3]//*') 的文本内容为：已发货
 Thu, 23 May 2019 14:46:06  INFO conftest.py login_web [ line:45 ] =====用例后置：关闭浏览器会话,清理环境=======
 Thu, 23 May 2019 14:46:09  INFO conftest.py login_web [ line:37 ] =====用例前置：初始化浏览器会话，登陆WEB系统=======
 Thu, 23 May 2019 14:46:15  INFO login_page.py login [ line:16 ] 登陆页面_登陆功能
 Thu, 23 May 2019 14:46:15  INFO BasePage.py wait_eleVisible [ line:23 ] 等待元素可见。
 Thu, 23 May 2019 14:46:15  INFO BasePage.py wait_eleVisible [ line:30 ] 输入用户名: 元素 ('xpath', '//*[@id="username"]') 已可见,等待起始时间：2019-05-23 14:46:15.840063,等待时长：0
 Thu, 23 May 2019 14:46:15  INFO BasePage.py get_element [ line:58 ] 输入用户名：开始查找元素：('xpath', '//*[@id="username"]')
 Thu, 23 May 2019 14:46:15  INFO BasePage.py input_text [ line:86 ] 输入用户名: 元素：('xpath', '//*[@id="username"]') 输入内容：it_gongyingying
 Thu, 23 May 2019 14:46:15  INFO BasePage.py wait_eleVisible [ line:23 ] 等待元素可见。
 Thu, 23 May 2019 14:46:16  INFO BasePage.py wait_eleVisible [ line:30 ] 输入密码: 元素 ('xpath', '//*[@id="password"]') 已可见,等待起始时间：2019-05-23 14:46:15.977425,等待时长：0
 Thu, 23 May 2019 14:46:16  INFO BasePage.py get_element [ line:58 ] 输入密码：开始查找元素：('xpath', '//*[@id="password"]')
 Thu, 23 May 2019 14:46:16  INFO BasePage.py input_text [ line:86 ] 输入密码: 元素：('xpath', '//*[@id="password"]') 输入内容：111
 Thu, 23 May 2019 14:46:16  INFO BasePage.py wait_eleVisible [ line:23 ] 等待元素可见。
 Thu, 23 May 2019 14:46:16  INFO BasePage.py wait_eleVisible [ line:30 ] 输入验证码: 元素 ('xpath', '//*[@id="captcha"]') 已可见,等待起始时间：2019-05-23 14:46:16.066187,等待时长：0
 Thu, 23 May 2019 14:46:16  INFO BasePage.py get_element [ line:58 ] 输入验证码：开始查找元素：('xpath', '//*[@id="captcha"]')
 Thu, 23 May 2019 14:46:16  INFO BasePage.py input_text [ line:86 ] 输入验证码: 元素：('xpath', '//*[@id="captcha"]') 输入内容：1111
 Thu, 23 May 2019 14:46:16  INFO BasePage.py wait_eleVisible [ line:23 ] 等待元素可见。
 Thu, 23 May 2019 14:46:16  INFO BasePage.py wait_eleVisible [ line:30 ] 点击登录按钮: 元素 ('xpath', '//*[@id="login-btn"]') 已可见,等待起始时间：2019-05-23 14:46:16.161220,等待时长：0
 Thu, 23 May 2019 14:46:16  INFO BasePage.py get_element [ line:58 ] 点击登录按钮：开始查找元素：('xpath', '//*[@id="login-btn"]')
 Thu, 23 May 2019 14:46:16  INFO BasePage.py click_element [ line:104 ] 点击登录按钮: 元素：('xpath', '//*[@id="login-btn"]') 点击事件。
 Thu, 23 May 2019 14:46:18  INFO test_quan.py test_permisva_ank [ line:120 ] *********权限：开始执行平台账号权限验证用例*********
 Thu, 23 May 2019 14:46:18  INFO BasePage.py wait_eleVisible [ line:23 ] 等待元素可见。
 Thu, 23 May 2019 14:46:18  INFO BasePage.py wait_eleVisible [ line:30 ] 点击待合并按钮: 元素 ('xpath', '//*[@id="status-deliver"]/a[2]') 已可见,等待起始时间：2019-05-23 14:46:18.321470,等待时长：0
 Thu, 23 May 2019 14:46:18  INFO BasePage.py get_element [ line:58 ] 点击待合并按钮：开始查找元素：('xpath', '//*[@id="status-deliver"]/a[2]')
 Thu, 23 May 2019 14:46:18  INFO BasePage.py click_element [ line:104 ] 点击待合并按钮: 元素：('xpath', '//*[@id="status-deliver"]/a[2]') 点击事件。
 Thu, 23 May 2019 14:46:18  INFO BasePage.py window_switch [ line:172 ] 切换窗口位置-1，功能点窗口切换
 Thu, 23 May 2019 14:46:18  INFO BasePage.py window_switch [ line:176 ] 窗口切换成功
 Thu, 23 May 2019 14:46:20  INFO order_guanli_page.py new_order [ line:20 ] 点击新建订单按钮
 Thu, 23 May 2019 14:46:20  INFO BasePage.py wait_eleVisible [ line:23 ] 等待元素可见。
