 Fri, 24 May 2019 10:04:03  INFO logger.py <module> [ line:23 ] 测试开始
 Fri, 24 May 2019 10:04:03  INFO conftest.py login_web [ line:37 ] =====用例前置：初始化浏览器会话，登陆WEB系统=======
 Fri, 24 May 2019 10:04:10  INFO login_page.py login [ line:16 ] 登陆页面_登陆功能
 Fri, 24 May 2019 10:04:10  INFO BasePage.py wait_eleVisible [ line:23 ] 等待元素可见。
 Fri, 24 May 2019 10:04:10  INFO BasePage.py wait_eleVisible [ line:30 ] 输入用户名: 元素 ('xpath', '//*[@id="username"]') 已可见,等待起始时间：2019-05-24 10:04:10.092509,等待时长：0
 Fri, 24 May 2019 10:04:10  INFO BasePage.py get_element [ line:58 ] 输入用户名：开始查找元素：('xpath', '//*[@id="username"]')
 Fri, 24 May 2019 10:04:10  INFO BasePage.py input_text [ line:86 ] 输入用户名: 元素：('xpath', '//*[@id="username"]') 输入内容：it_gongyingying
 Fri, 24 May 2019 10:04:10  INFO BasePage.py wait_eleVisible [ line:23 ] 等待元素可见。
 Fri, 24 May 2019 10:04:10  INFO BasePage.py wait_eleVisible [ line:30 ] 输入密码: 元素 ('xpath', '//*[@id="password"]') 已可见,等待起始时间：2019-05-24 10:04:10.230341,等待时长：0
 Fri, 24 May 2019 10:04:10  INFO BasePage.py get_element [ line:58 ] 输入密码：开始查找元素：('xpath', '//*[@id="password"]')
 Fri, 24 May 2019 10:04:10  INFO BasePage.py input_text [ line:86 ] 输入密码: 元素：('xpath', '//*[@id="password"]') 输入内容：111
 Fri, 24 May 2019 10:04:10  INFO BasePage.py wait_eleVisible [ line:23 ] 等待元素可见。
 Fri, 24 May 2019 10:04:10  INFO BasePage.py wait_eleVisible [ line:30 ] 输入验证码: 元素 ('xpath', '//*[@id="captcha"]') 已可见,等待起始时间：2019-05-24 10:04:10.318107,等待时长：0
 Fri, 24 May 2019 10:04:10  INFO BasePage.py get_element [ line:58 ] 输入验证码：开始查找元素：('xpath', '//*[@id="captcha"]')
 Fri, 24 May 2019 10:04:10  INFO BasePage.py input_text [ line:86 ] 输入验证码: 元素：('xpath', '//*[@id="captcha"]') 输入内容：1111
 Fri, 24 May 2019 10:04:10  INFO BasePage.py wait_eleVisible [ line:23 ] 等待元素可见。
 Fri, 24 May 2019 10:04:10  INFO BasePage.py wait_eleVisible [ line:30 ] 点击登录按钮: 元素 ('xpath', '//*[@id="login-btn"]') 已可见,等待起始时间：2019-05-24 10:04:10.428810,等待时长：0
 Fri, 24 May 2019 10:04:10  INFO BasePage.py get_element [ line:58 ] 点击登录按钮：开始查找元素：('xpath', '//*[@id="login-btn"]')
 Fri, 24 May 2019 10:04:10  INFO BasePage.py click_element [ line:104 ] 点击登录按钮: 元素：('xpath', '//*[@id="login-btn"]') 点击事件。
 Fri, 24 May 2019 10:04:12  INFO test_quan.py test_permisva_rkupass_qx [ line:385 ] *********入库：开始执行周结入库权限的用例*********
 Fri, 24 May 2019 10:04:13  INFO login_page.py clear_login [ line:25 ] 切换账号
 Fri, 24 May 2019 10:04:13  INFO BasePage.py get_element [ line:58 ] 点击用户：开始查找元素：('xpath', '//*[@aria-expanded="false"]')
 Fri, 24 May 2019 10:04:14  INFO BasePage.py wait_eleVisible [ line:23 ] 等待元素可见。
 Fri, 24 May 2019 10:04:30  ERROR BasePage.py wait_eleVisible [ line:33 ] 等待元素可见异常
Traceback (most recent call last):
  File "D:\pythonxu\python_ERP\Common\BasePage.py", line 27, in wait_eleVisible
    WebDriverWait(self.driver,wait_times,poll_frequency).until(EC.visibility_of_element_located(locator))
  File "C:\Users\test\AppData\Local\Programs\Python\Python37\lib\site-packages\selenium\webdriver\support\wait.py", line 80, in until
    raise TimeoutException(message, screen, stacktrace)
selenium.common.exceptions.TimeoutException: Message: 

 Fri, 24 May 2019 10:04:30  INFO BasePage.py _screenshot [ line:208 ] 截图成功，图片路径为：D:\pythonxu\python_ERP\ScreenShot/xu_2019-05-24-10-04-30_点击用户.png
 Fri, 24 May 2019 10:04:30  INFO BasePage.py wait_eleVisible [ line:23 ] 等待元素可见。
 Fri, 24 May 2019 10:04:30  INFO BasePage.py wait_eleVisible [ line:30 ] 点击注销用户: 元素 ('xpath', '//*[@aria-expanded="false"]') 已可见,等待起始时间：2019-05-24 10:04:30.541066,等待时长：0
 Fri, 24 May 2019 10:04:30  INFO BasePage.py get_element [ line:58 ] 点击注销用户：开始查找元素：('xpath', '//*[@aria-expanded="false"]')
 Fri, 24 May 2019 10:04:30  INFO BasePage.py click_element [ line:104 ] 点击注销用户: 元素：('xpath', '//*[@aria-expanded="false"]') 点击事件。
 Fri, 24 May 2019 10:04:31  INFO BasePage.py wait_eleVisible [ line:23 ] 等待元素可见。
 Fri, 24 May 2019 10:04:31  INFO BasePage.py wait_eleVisible [ line:30 ] 退出: 元素 ('xpath', '//*[@title="注销"]') 已可见,等待起始时间：2019-05-24 10:04:31.674911,等待时长：0
 Fri, 24 May 2019 10:04:31  INFO BasePage.py get_element [ line:58 ] 退出：开始查找元素：('xpath', '//*[@title="注销"]')
 Fri, 24 May 2019 10:04:31  INFO BasePage.py click_element [ line:104 ] 退出: 元素：('xpath', '//*[@title="注销"]') 点击事件。
 Fri, 24 May 2019 10:04:35  INFO login_page.py login [ line:16 ] 登陆页面_登陆功能
 Fri, 24 May 2019 10:04:35  INFO BasePage.py wait_eleVisible [ line:23 ] 等待元素可见。
 Fri, 24 May 2019 10:04:35  INFO BasePage.py wait_eleVisible [ line:30 ] 输入用户名: 元素 ('xpath', '//*[@id="username"]') 已可见,等待起始时间：2019-05-24 10:04:35.183408,等待时长：0
 Fri, 24 May 2019 10:04:35  INFO BasePage.py get_element [ line:58 ] 输入用户名：开始查找元素：('xpath', '//*[@id="username"]')
 Fri, 24 May 2019 10:04:35  INFO BasePage.py input_text [ line:86 ] 输入用户名: 元素：('xpath', '//*[@id="username"]') 输入内容：PD_Wangxiaochuan
 Fri, 24 May 2019 10:04:35  INFO BasePage.py wait_eleVisible [ line:23 ] 等待元素可见。
 Fri, 24 May 2019 10:04:35  INFO BasePage.py wait_eleVisible [ line:30 ] 输入密码: 元素 ('xpath', '//*[@id="password"]') 已可见,等待起始时间：2019-05-24 10:04:35.321141,等待时长：0
 Fri, 24 May 2019 10:04:35  INFO BasePage.py get_element [ line:58 ] 输入密码：开始查找元素：('xpath', '//*[@id="password"]')
 Fri, 24 May 2019 10:04:35  INFO BasePage.py input_text [ line:86 ] 输入密码: 元素：('xpath', '//*[@id="password"]') 输入内容：111
 Fri, 24 May 2019 10:04:35  INFO BasePage.py wait_eleVisible [ line:23 ] 等待元素可见。
 Fri, 24 May 2019 10:04:35  INFO BasePage.py wait_eleVisible [ line:30 ] 输入验证码: 元素 ('xpath', '//*[@id="captcha"]') 已可见,等待起始时间：2019-05-24 10:04:35.407137,等待时长：0
 Fri, 24 May 2019 10:04:35  INFO BasePage.py get_element [ line:58 ] 输入验证码：开始查找元素：('xpath', '//*[@id="captcha"]')
 Fri, 24 May 2019 10:04:35  INFO BasePage.py input_text [ line:86 ] 输入验证码: 元素：('xpath', '//*[@id="captcha"]') 输入内容：1111
 Fri, 24 May 2019 10:04:35  INFO BasePage.py wait_eleVisible [ line:23 ] 等待元素可见。
 Fri, 24 May 2019 10:04:35  INFO BasePage.py wait_eleVisible [ line:30 ] 点击登录按钮: 元素 ('xpath', '//*[@id="login-btn"]') 已可见,等待起始时间：2019-05-24 10:04:35.506341,等待时长：0
 Fri, 24 May 2019 10:04:35  INFO BasePage.py get_element [ line:58 ] 点击登录按钮：开始查找元素：('xpath', '//*[@id="login-btn"]')
 Fri, 24 May 2019 10:04:35  INFO BasePage.py click_element [ line:104 ] 点击登录按钮: 元素：('xpath', '//*[@id="login-btn"]') 点击事件。
 Fri, 24 May 2019 10:04:39  INFO BasePage.py wait_eleVisible [ line:23 ] 等待元素可见。
 Fri, 24 May 2019 10:04:39  INFO BasePage.py wait_eleVisible [ line:30 ] 点击库存管理按钮: 元素 ('xpath', '//*[@id="menu_11000000"]') 已可见,等待起始时间：2019-05-24 10:04:39.667682,等待时长：0
 Fri, 24 May 2019 10:04:39  INFO BasePage.py get_element [ line:58 ] 点击库存管理按钮：开始查找元素：('xpath', '//*[@id="menu_11000000"]')
 Fri, 24 May 2019 10:04:39  INFO BasePage.py click_element [ line:104 ] 点击库存管理按钮: 元素：('xpath', '//*[@id="menu_11000000"]') 点击事件。
 Fri, 24 May 2019 10:04:39  INFO BasePage.py wait_eleVisible [ line:23 ] 等待元素可见。
 Fri, 24 May 2019 10:04:40  INFO BasePage.py wait_eleVisible [ line:30 ] 点击建议采购按钮: 元素 ('xpath', '//*[@id="menu_11131400"]') 已可见,等待起始时间：2019-05-24 10:04:39.972943,等待时长：0
 Fri, 24 May 2019 10:04:40  INFO BasePage.py get_element [ line:58 ] 点击建议采购按钮：开始查找元素：('xpath', '//*[@id="menu_11131400"]')
 Fri, 24 May 2019 10:04:40  INFO BasePage.py click_element [ line:104 ] 点击建议采购按钮: 元素：('xpath', '//*[@id="menu_11131400"]') 点击事件。
 Fri, 24 May 2019 10:04:45  INFO suggest_jianyi_page.py filtrate_order_qx [ line:23 ] 采购订单筛选
 Fri, 24 May 2019 10:04:45  INFO BasePage.py select [ line:140 ] ('xpath', '//*[@name="query.listingStatus"]'):选择上架select列表操作
 Fri, 24 May 2019 10:04:45  INFO BasePage.py wait_eleVisible [ line:23 ] 等待元素可见。
 Fri, 24 May 2019 10:04:45  INFO BasePage.py wait_eleVisible [ line:30 ] 选择上架: 元素 ('xpath', '//*[@name="query.listingStatus"]') 已可见,等待起始时间：2019-05-24 10:04:45.190136,等待时长：0
 Fri, 24 May 2019 10:04:45  INFO BasePage.py get_element [ line:58 ] 选择上架：开始查找元素：('xpath', '//*[@name="query.listingStatus"]')
 Fri, 24 May 2019 10:04:46  INFO BasePage.py select [ line:148 ] select列表操作完毕上架
 Fri, 24 May 2019 10:04:46  INFO BasePage.py select [ line:140 ] ('xpath', '//*[@name="query.hasInTransit"]'):选择否select列表操作
 Fri, 24 May 2019 10:04:46  INFO BasePage.py wait_eleVisible [ line:23 ] 等待元素可见。
 Fri, 24 May 2019 10:04:46  INFO BasePage.py wait_eleVisible [ line:30 ] 选择否: 元素 ('xpath', '//*[@name="query.hasInTransit"]') 已可见,等待起始时间：2019-05-24 10:04:46.800724,等待时长：0
 Fri, 24 May 2019 10:04:46  INFO BasePage.py get_element [ line:58 ] 选择否：开始查找元素：('xpath', '//*[@name="query.hasInTransit"]')
 Fri, 24 May 2019 10:04:48  INFO BasePage.py select [ line:148 ] select列表操作完毕否
 Fri, 24 May 2019 10:04:49  INFO BasePage.py wait_eleVisible [ line:23 ] 等待元素可见。
 Fri, 24 May 2019 10:04:49  INFO BasePage.py wait_eleVisible [ line:30 ] 点击搜索: 元素 ('xpath', '//i[@class="icon-search"]') 已可见,等待起始时间：2019-05-24 10:04:49.404071,等待时长：0
 Fri, 24 May 2019 10:04:49  INFO BasePage.py get_element [ line:58 ] 点击搜索：开始查找元素：('xpath', '//i[@class="icon-search"]')
 Fri, 24 May 2019 10:04:49  INFO BasePage.py click_element [ line:104 ] 点击搜索: 元素：('xpath', '//i[@class="icon-search"]') 点击事件。
 Fri, 24 May 2019 10:04:52  INFO BasePage.py wait_eleVisible [ line:23 ] 等待元素可见。
 Fri, 24 May 2019 10:04:52  INFO BasePage.py wait_eleVisible [ line:30 ] SKU: 元素 ('xpath', '//*[@id="data-list"]//tr[1]//label//a') 已可见,等待起始时间：2019-05-24 10:04:52.569108,等待时长：0
 Fri, 24 May 2019 10:04:52  INFO BasePage.py get_element [ line:58 ] SKU：开始查找元素：('xpath', '//*[@id="data-list"]//tr[1]//label//a')
 Fri, 24 May 2019 10:04:52  INFO BasePage.py get_text [ line:188 ] SKU：获取元素：('xpath', '//*[@id="data-list"]//tr[1]//label//a') 的文本内容
 Fri, 24 May 2019 10:04:52  INFO BasePage.py get_text [ line:191 ] SKU：元素：('xpath', '//*[@id="data-list"]//tr[1]//label//a') 的文本内容为：ZJH5032401B
 Fri, 24 May 2019 10:04:52  INFO BasePage.py wait_eleVisible [ line:23 ] 等待元素可见。
 Fri, 24 May 2019 10:04:52  INFO BasePage.py wait_eleVisible [ line:30 ] 获取采购数量: 元素 ('xpath', '//*[@id="data-list"]//tr[1]//td[19]//input[2]') 已可见,等待起始时间：2019-05-24 10:04:52.616001,等待时长：0
 Fri, 24 May 2019 10:04:52  INFO BasePage.py get_element [ line:58 ] 获取采购数量：开始查找元素：('xpath', '//*[@id="data-list"]//tr[1]//td[19]//input[2]')
 Fri, 24 May 2019 10:04:52  INFO BasePage.py get_element_attribute [ line:121 ] 获取采购数量: 获取元素：('xpath', '//*[@id="data-list"]//tr[1]//td[19]//input[2]') 的属性：value
 Fri, 24 May 2019 10:04:52  INFO BasePage.py get_element_attribute [ line:124 ] 获取采购数量: 元素：('xpath', '//*[@id="data-list"]//tr[1]//td[19]//input[2]') 的属性：value 值为：68
 Fri, 24 May 2019 10:04:52  INFO test_quan.py test_permisva_rkupass_qx [ line:412 ] 采购的数量为68
 Fri, 24 May 2019 10:04:53  INFO kucun.py get_kucun [ line:13 ] 获取开始库存或最后库存
 Fri, 24 May 2019 10:04:53  INFO BasePage.py wait_eleVisible [ line:23 ] 等待元素可见。
 Fri, 24 May 2019 10:04:53  INFO BasePage.py wait_eleVisible [ line:30 ] 点击库存管理: 元素 ('xpath', '//*[@id="menu_11000000"]') 已可见,等待起始时间：2019-05-24 10:04:53.662655,等待时长：0
 Fri, 24 May 2019 10:04:53  INFO BasePage.py get_element [ line:58 ] 点击库存管理：开始查找元素：('xpath', '//*[@id="menu_11000000"]')
 Fri, 24 May 2019 10:04:53  INFO BasePage.py click_element [ line:104 ] 点击库存管理: 元素：('xpath', '//*[@id="menu_11000000"]') 点击事件。
 Fri, 24 May 2019 10:04:53  INFO BasePage.py wait_eleVisible [ line:23 ] 等待元素可见。
 Fri, 24 May 2019 10:04:53  INFO BasePage.py wait_eleVisible [ line:30 ] 点击大浪仓库: 元素 ('xpath', '//*[@id="menu_11110000_false_01"]/a') 已可见,等待起始时间：2019-05-24 10:04:53.754652,等待时长：0
 Fri, 24 May 2019 10:04:53  INFO BasePage.py get_element [ line:58 ] 点击大浪仓库：开始查找元素：('xpath', '//*[@id="menu_11110000_false_01"]/a')
 Fri, 24 May 2019 10:04:53  INFO BasePage.py click_element [ line:104 ] 点击大浪仓库: 元素：('xpath', '//*[@id="menu_11110000_false_01"]/a') 点击事件。
 Fri, 24 May 2019 10:04:59  INFO BasePage.py wait_eleVisible [ line:23 ] 等待元素可见。
 Fri, 24 May 2019 10:04:59  INFO BasePage.py wait_eleVisible [ line:30 ] 输入SKU: 元素 ('xpath', '//*[@id="product-sku"]') 已可见,等待起始时间：2019-05-24 10:04:59.704957,等待时长：0
 Fri, 24 May 2019 10:04:59  INFO BasePage.py get_element [ line:58 ] 输入SKU：开始查找元素：('xpath', '//*[@id="product-sku"]')
 Fri, 24 May 2019 10:04:59  INFO BasePage.py input_text [ line:86 ] 输入SKU: 元素：('xpath', '//*[@id="product-sku"]') 输入内容：ZJH5032401B
 Fri, 24 May 2019 10:04:59  INFO BasePage.py wait_eleVisible [ line:23 ] 等待元素可见。
 Fri, 24 May 2019 10:04:59  INFO BasePage.py wait_eleVisible [ line:30 ] 点击搜索: 元素 ('xpath', '//*[@id="search-form"]/div/div[2]/button[1]') 已可见,等待起始时间：2019-05-24 10:04:59.960809,等待时长：0
 Fri, 24 May 2019 10:04:59  INFO BasePage.py get_element [ line:58 ] 点击搜索：开始查找元素：('xpath', '//*[@id="search-form"]/div/div[2]/button[1]')
 Fri, 24 May 2019 10:05:00  INFO BasePage.py click_element [ line:104 ] 点击搜索: 元素：('xpath', '//*[@id="search-form"]/div/div[2]/button[1]') 点击事件。
 Fri, 24 May 2019 10:05:03  INFO BasePage.py wait_eleVisible [ line:23 ] 等待元素可见。
 Fri, 24 May 2019 10:05:03  INFO BasePage.py wait_eleVisible [ line:30 ] 返回库存: 元素 ('xpath', '//table[@id="data-list"]/tbody//tr[1]//td[8]') 已可见,等待起始时间：2019-05-24 10:05:03.788786,等待时长：0
 Fri, 24 May 2019 10:05:03  INFO BasePage.py get_element [ line:58 ] 返回库存：开始查找元素：('xpath', '//table[@id="data-list"]/tbody//tr[1]//td[8]')
 Fri, 24 May 2019 10:05:03  INFO BasePage.py get_text [ line:188 ] 返回库存：获取元素：('xpath', '//table[@id="data-list"]/tbody//tr[1]//td[8]') 的文本内容
 Fri, 24 May 2019 10:05:03  INFO BasePage.py get_text [ line:191 ] 返回库存：元素：('xpath', '//table[@id="data-list"]/tbody//tr[1]//td[8]') 的文本内容为：2
 Fri, 24 May 2019 10:05:03  INFO test_quan.py test_permisva_rkupass_qx [ line:416 ] 库存为：2
 Fri, 24 May 2019 10:05:03  INFO BasePage.py wait_eleVisible [ line:23 ] 等待元素可见。
 Fri, 24 May 2019 10:05:03  INFO BasePage.py wait_eleVisible [ line:30 ] 点击库存管理按钮: 元素 ('xpath', '//*[@id="menu_11000000"]') 已可见,等待起始时间：2019-05-24 10:05:03.847295,等待时长：0
 Fri, 24 May 2019 10:05:03  INFO BasePage.py get_element [ line:58 ] 点击库存管理按钮：开始查找元素：('xpath', '//*[@id="menu_11000000"]')
 Fri, 24 May 2019 10:05:03  INFO BasePage.py click_element [ line:104 ] 点击库存管理按钮: 元素：('xpath', '//*[@id="menu_11000000"]') 点击事件。
 Fri, 24 May 2019 10:05:03  INFO BasePage.py wait_eleVisible [ line:23 ] 等待元素可见。
 Fri, 24 May 2019 10:05:03  INFO BasePage.py wait_eleVisible [ line:30 ] 点击建议采购按钮: 元素 ('xpath', '//*[@id="menu_11131400"]') 已可见,等待起始时间：2019-05-24 10:05:03.962891,等待时长：0
 Fri, 24 May 2019 10:05:03  INFO BasePage.py get_element [ line:58 ] 点击建议采购按钮：开始查找元素：('xpath', '//*[@id="menu_11131400"]')
 Fri, 24 May 2019 10:05:04  INFO BasePage.py click_element [ line:104 ] 点击建议采购按钮: 元素：('xpath', '//*[@id="menu_11131400"]') 点击事件。
 Fri, 24 May 2019 10:05:08  INFO suggest_jianyi_page.py input_sku [ line:36 ] 输入SKU搜索
 Fri, 24 May 2019 10:05:08  INFO BasePage.py wait_eleVisible [ line:23 ] 等待元素可见。
 Fri, 24 May 2019 10:05:08  INFO BasePage.py wait_eleVisible [ line:30 ] 输入SKU: 元素 ('xpath', '//*[@id="product-sku"]') 已可见,等待起始时间：2019-05-24 10:05:08.409116,等待时长：0
 Fri, 24 May 2019 10:05:08  INFO BasePage.py get_element [ line:58 ] 输入SKU：开始查找元素：('xpath', '//*[@id="product-sku"]')
 Fri, 24 May 2019 10:05:08  INFO BasePage.py input_text [ line:86 ] 输入SKU: 元素：('xpath', '//*[@id="product-sku"]') 输入内容：ZJH5032401B
 Fri, 24 May 2019 10:05:09  INFO BasePage.py wait_eleVisible [ line:23 ] 等待元素可见。
 Fri, 24 May 2019 10:05:09  INFO BasePage.py wait_eleVisible [ line:30 ] 点击搜索按钮: 元素 ('xpath', '//i[@class="icon-search"]') 已可见,等待起始时间：2019-05-24 10:05:09.547492,等待时长：0
 Fri, 24 May 2019 10:05:09  INFO BasePage.py get_element [ line:58 ] 点击搜索按钮：开始查找元素：('xpath', '//i[@class="icon-search"]')
 Fri, 24 May 2019 10:05:09  INFO BasePage.py click_element [ line:104 ] 点击搜索按钮: 元素：('xpath', '//i[@class="icon-search"]') 点击事件。
 Fri, 24 May 2019 10:05:12  INFO suggest_jianyi_page.py choose_order [ line:43 ] 勾选订单
 Fri, 24 May 2019 10:05:12  INFO BasePage.py wait_eleVisible [ line:23 ] 等待元素可见。
 Fri, 24 May 2019 10:05:12  INFO BasePage.py wait_eleVisible [ line:30 ] 勾选第一个订单: 元素 ('xpath', '//input[@name="checkedSkuList"]') 已可见,等待起始时间：2019-05-24 10:05:12.872257,等待时长：0
 Fri, 24 May 2019 10:05:12  INFO BasePage.py get_element [ line:58 ] 勾选第一个订单：开始查找元素：('xpath', '//input[@name="checkedSkuList"]')
 Fri, 24 May 2019 10:05:12  INFO BasePage.py click_element [ line:104 ] 勾选第一个订单: 元素：('xpath', '//input[@name="checkedSkuList"]') 点击事件。
 Fri, 24 May 2019 10:05:13  INFO BasePage.py wait_eleVisible [ line:23 ] 等待元素可见。
 Fri, 24 May 2019 10:05:14  INFO BasePage.py wait_eleVisible [ line:30 ] 生成采购单: 元素 ('xpath', '//*[@id="purchase-form"]//button[1]') 已可见,等待起始时间：2019-05-24 10:05:13.955423,等待时长：0
 Fri, 24 May 2019 10:05:14  INFO BasePage.py get_element [ line:58 ] 生成采购单：开始查找元素：('xpath', '//*[@id="purchase-form"]//button[1]')
 Fri, 24 May 2019 10:05:14  INFO BasePage.py click_element [ line:104 ] 生成采购单: 元素：('xpath', '//*[@id="purchase-form"]//button[1]') 点击事件。
 Fri, 24 May 2019 10:05:17  INFO BasePage.py get_alert [ line:237 ] 弹窗处理
 Fri, 24 May 2019 10:05:17  INFO BasePage.py get_alert [ line:242 ] alert弹窗处理完成
 Fri, 24 May 2019 10:05:20  INFO list_caiguo_page.py bulk_operation [ line:48 ] 确认是否可付款 或 是否需确认
 Fri, 24 May 2019 10:05:23  INFO BasePage.py wait_eleVisible [ line:23 ] 等待元素可见。
 Fri, 24 May 2019 10:05:23  INFO BasePage.py wait_eleVisible [ line:30 ] 点击采购单列表: 元素 ('xpath', '//ul[@class="nav nav-tabs custom"]//*[@id="menu_11131000"]') 已可见,等待起始时间：2019-05-24 10:05:23.101105,等待时长：0
 Fri, 24 May 2019 10:05:23  INFO BasePage.py get_element [ line:58 ] 点击采购单列表：开始查找元素：('xpath', '//ul[@class="nav nav-tabs custom"]//*[@id="menu_11131000"]')
 Fri, 24 May 2019 10:05:23  INFO BasePage.py click_element [ line:104 ] 点击采购单列表: 元素：('xpath', '//ul[@class="nav nav-tabs custom"]//*[@id="menu_11131000"]') 点击事件。
 Fri, 24 May 2019 10:05:26  INFO BasePage.py wait_eleVisible [ line:23 ] 等待元素可见。
 Fri, 24 May 2019 10:05:26  INFO BasePage.py wait_eleVisible [ line:30 ] 输入SKU查询: 元素 ('xpath', '//*[@id="product-sku"]') 已可见,等待起始时间：2019-05-24 10:05:26.622446,等待时长：0
 Fri, 24 May 2019 10:05:26  INFO BasePage.py get_element [ line:58 ] 输入SKU查询：开始查找元素：('xpath', '//*[@id="product-sku"]')
 Fri, 24 May 2019 10:05:26  INFO BasePage.py input_text [ line:86 ] 输入SKU查询: 元素：('xpath', '//*[@id="product-sku"]') 输入内容：ZJH5032401B
 Fri, 24 May 2019 10:05:27  INFO BasePage.py wait_eleVisible [ line:23 ] 等待元素可见。
 Fri, 24 May 2019 10:05:27  INFO BasePage.py wait_eleVisible [ line:30 ] sku查询按钮: 元素 ('xpath', '//*[@id="submitBtn"]') 已可见,等待起始时间：2019-05-24 10:05:27.323617,等待时长：0
 Fri, 24 May 2019 10:05:27  INFO BasePage.py get_element [ line:58 ] sku查询按钮：开始查找元素：('xpath', '//*[@id="submitBtn"]')
 Fri, 24 May 2019 10:05:27  INFO BasePage.py click_element [ line:104 ] sku查询按钮: 元素：('xpath', '//*[@id="submitBtn"]') 点击事件。
 Fri, 24 May 2019 10:05:30  INFO BasePage.py get_money_way [ line:277 ] 判断结款方式是否可见//table[@id="data-list"]//tbody//tr[1]//td[8]
 Fri, 24 May 2019 10:05:30  INFO BasePage.py get_money_way [ line:281 ] 类型<class 'str'>
 Fri, 24 May 2019 10:05:30  INFO BasePage.py get_money_way [ line:282 ] 结款方式阿里线上：线上现结
 Fri, 24 May 2019 10:05:30  INFO BasePage.py wait_eleVisible [ line:23 ] 等待元素可见。
 Fri, 24 May 2019 10:05:30  INFO BasePage.py wait_eleVisible [ line:30 ] 获取外部订单号，用于判断是否为空: 元素 ('xpath', '//table[@id="data-list"]//tbody//tr[1]//td[9]') 已可见,等待起始时间：2019-05-24 10:05:30.818790,等待时长：0
 Fri, 24 May 2019 10:05:30  INFO BasePage.py get_element [ line:58 ] 获取外部订单号，用于判断是否为空：开始查找元素：('xpath', '//table[@id="data-list"]//tbody//tr[1]//td[9]')
 Fri, 24 May 2019 10:05:30  INFO BasePage.py get_text [ line:188 ] 获取外部订单号，用于判断是否为空：获取元素：('xpath', '//table[@id="data-list"]//tbody//tr[1]//td[9]') 的文本内容
 Fri, 24 May 2019 10:05:30  INFO BasePage.py get_text [ line:191 ] 获取外部订单号，用于判断是否为空：元素：('xpath', '//table[@id="data-list"]//tbody//tr[1]//td[9]') 的文本内容为：
 Fri, 24 May 2019 10:05:30  INFO list_caiguo_page.py bulk_operation [ line:58 ] 外部订单号为空
 Fri, 24 May 2019 10:05:33  INFO BasePage.py wait_eleVisible [ line:23 ] 等待元素可见。
 Fri, 24 May 2019 10:05:33  INFO BasePage.py wait_eleVisible [ line:30 ] 勾选订单: 元素 ('xpath', '//*[@id="data-list"]//tbody//tr[1]//td[1]//input[2]') 已可见,等待起始时间：2019-05-24 10:05:33.866101,等待时长：0
 Fri, 24 May 2019 10:05:33  INFO BasePage.py get_element [ line:58 ] 勾选订单：开始查找元素：('xpath', '//*[@id="data-list"]//tbody//tr[1]//td[1]//input[2]')
 Fri, 24 May 2019 10:05:33  INFO BasePage.py click_element [ line:104 ] 勾选订单: 元素：('xpath', '//*[@id="data-list"]//tbody//tr[1]//td[1]//input[2]') 点击事件。
 Fri, 24 May 2019 10:05:33  INFO BasePage.py wait_eleVisible [ line:23 ] 等待元素可见。
 Fri, 24 May 2019 10:05:33  INFO BasePage.py wait_eleVisible [ line:30 ] 选择批量操作: 元素 ('xpath', '//select[@class="form-control input-medium input-inline order-do"]') 已可见,等待起始时间：2019-05-24 10:05:33.944010,等待时长：0
 Fri, 24 May 2019 10:05:33  INFO BasePage.py get_element [ line:58 ] 选择批量操作：开始查找元素：('xpath', '//select[@class="form-control input-medium input-inline order-do"]')
 Fri, 24 May 2019 10:05:33  INFO BasePage.py click_element [ line:104 ] 选择批量操作: 元素：('xpath', '//select[@class="form-control input-medium input-inline order-do"]') 点击事件。
 Fri, 24 May 2019 10:05:34  INFO BasePage.py isElementExist [ line:251 ] 判断元素是否存在('xpath', '//select[@class="form-control input-medium input-inline order-do"]//optgroup//option[6]')
 Fri, 24 May 2019 10:05:34  INFO BasePage.py isElementExist [ line:259 ] 判断修改采购单是否存在
 Fri, 24 May 2019 10:05:34  INFO BasePage.py wait_eleVisible [ line:23 ] 等待元素可见。
 Fri, 24 May 2019 10:05:34  INFO BasePage.py wait_eleVisible [ line:30 ] 点击编辑按钮: 元素 ('xpath', '//*[@id="data-list"]//tbody//tr[1]//td[13]/a[4]') 已可见,等待起始时间：2019-05-24 10:05:34.533784,等待时长：0
 Fri, 24 May 2019 10:05:34  INFO BasePage.py get_element [ line:58 ] 点击编辑按钮：开始查找元素：('xpath', '//*[@id="data-list"]//tbody//tr[1]//td[13]/a[4]')
 Fri, 24 May 2019 10:05:34  INFO BasePage.py click_element [ line:104 ] 点击编辑按钮: 元素：('xpath', '//*[@id="data-list"]//tbody//tr[1]//td[13]/a[4]') 点击事件。
 Fri, 24 May 2019 10:05:35  INFO BasePage.py wait_eleVisible [ line:23 ] 等待元素可见。
 Fri, 24 May 2019 10:05:35  INFO BasePage.py wait_eleVisible [ line:30 ] 输入订单号: 元素 ('xpath', '//*[@id="external-orderId"]') 已可见,等待起始时间：2019-05-24 10:05:35.717926,等待时长：0
 Fri, 24 May 2019 10:05:35  INFO BasePage.py get_element [ line:58 ] 输入订单号：开始查找元素：('xpath', '//*[@id="external-orderId"]')
 Fri, 24 May 2019 10:05:35  INFO BasePage.py input_text [ line:86 ] 输入订单号: 元素：('xpath', '//*[@id="external-orderId"]') 输入内容：680006
 Fri, 24 May 2019 10:05:36  INFO BasePage.py wait_eleVisible [ line:23 ] 等待元素可见。
 Fri, 24 May 2019 10:05:36  INFO BasePage.py wait_eleVisible [ line:30 ] 确认修改: 元素 ('xpath', '//*[@id="fixed-bottom"]//button') 已可见,等待起始时间：2019-05-24 10:05:36.362551,等待时长：0
 Fri, 24 May 2019 10:05:36  INFO BasePage.py get_element [ line:58 ] 确认修改：开始查找元素：('xpath', '//*[@id="fixed-bottom"]//button')
 Fri, 24 May 2019 10:05:36  INFO BasePage.py click_element [ line:104 ] 确认修改: 元素：('xpath', '//*[@id="fixed-bottom"]//button') 点击事件。
 Fri, 24 May 2019 10:05:36  INFO BasePage.py get_alert [ line:237 ] 弹窗处理
 Fri, 24 May 2019 10:05:36  INFO BasePage.py get_alert [ line:242 ] alert弹窗处理完成
 Fri, 24 May 2019 10:05:37  INFO list_caiguo_page.py bulk_operation [ line:79 ] 是否需要确认
 Fri, 24 May 2019 10:05:41  INFO BasePage.py wait_eleVisible [ line:23 ] 等待元素可见。
 Fri, 24 May 2019 10:05:41  INFO BasePage.py wait_eleVisible [ line:30 ] 勾选订单: 元素 ('xpath', '//*[@id="data-list"]//tbody//tr[1]//td[1]//input[2]') 已可见,等待起始时间：2019-05-24 10:05:41.463763,等待时长：0
 Fri, 24 May 2019 10:05:41  INFO BasePage.py get_element [ line:58 ] 勾选订单：开始查找元素：('xpath', '//*[@id="data-list"]//tbody//tr[1]//td[1]//input[2]')
 Fri, 24 May 2019 10:05:41  INFO BasePage.py click_element [ line:104 ] 勾选订单: 元素：('xpath', '//*[@id="data-list"]//tbody//tr[1]//td[1]//input[2]') 点击事件。
 Fri, 24 May 2019 10:05:41  INFO BasePage.py wait_eleVisible [ line:23 ] 等待元素可见。
 Fri, 24 May 2019 10:05:41  INFO BasePage.py wait_eleVisible [ line:30 ] 选择批量操作: 元素 ('xpath', '//select[@class="form-control input-medium input-inline order-do"]') 已可见,等待起始时间：2019-05-24 10:05:41.537134,等待时长：0
 Fri, 24 May 2019 10:05:41  INFO BasePage.py get_element [ line:58 ] 选择批量操作：开始查找元素：('xpath', '//select[@class="form-control input-medium input-inline order-do"]')
 Fri, 24 May 2019 10:05:41  INFO BasePage.py click_element [ line:104 ] 选择批量操作: 元素：('xpath', '//select[@class="form-control input-medium input-inline order-do"]') 点击事件。
 Fri, 24 May 2019 10:05:41  INFO BasePage.py wait_eleVisible [ line:23 ] 等待元素可见。
 Fri, 24 May 2019 10:05:41  INFO BasePage.py wait_eleVisible [ line:30 ] 点击确认按钮: 元素 ('xpath', '//select[@class="form-control input-medium input-inline order-do"]//optgroup//option[2]') 已可见,等待起始时间：2019-05-24 10:05:41.619103,等待时长：0
 Fri, 24 May 2019 10:05:41  INFO BasePage.py get_element [ line:58 ] 点击确认按钮：开始查找元素：('xpath', '//select[@class="form-control input-medium input-inline order-do"]//optgroup//option[2]')
 Fri, 24 May 2019 10:05:41  INFO BasePage.py click_element [ line:104 ] 点击确认按钮: 元素：('xpath', '//select[@class="form-control input-medium input-inline order-do"]//optgroup//option[2]') 点击事件。
 Fri, 24 May 2019 10:05:42  INFO BasePage.py wait_eleVisible [ line:23 ] 等待元素可见。
 Fri, 24 May 2019 10:05:42  INFO BasePage.py wait_eleVisible [ line:30 ] 点击确认按钮: 元素 ('xpath', '//button[@data-id="ok"]') 已可见,等待起始时间：2019-05-24 10:05:42.716323,等待时长：0
 Fri, 24 May 2019 10:05:42  INFO BasePage.py get_element [ line:58 ] 点击确认按钮：开始查找元素：('xpath', '//button[@data-id="ok"]')
 Fri, 24 May 2019 10:05:42  INFO BasePage.py click_element [ line:104 ] 点击确认按钮: 元素：('xpath', '//button[@data-id="ok"]') 点击事件。
 Fri, 24 May 2019 10:05:47  INFO list_caiguo_page.py input_expressage [ line:26 ] 填写快递单号：680006
 Fri, 24 May 2019 10:05:47  INFO BasePage.py wait_eleVisible [ line:23 ] 等待元素可见。
 Fri, 24 May 2019 10:05:47  INFO BasePage.py wait_eleVisible [ line:30 ] 点击快递单号: 元素 ('xpath', '//table[@id="data-list"]//tbody//tr[1]//td[11]//a') 已可见,等待起始时间：2019-05-24 10:05:47.822438,等待时长：0
 Fri, 24 May 2019 10:05:47  INFO BasePage.py get_element [ line:58 ] 点击快递单号：开始查找元素：('xpath', '//table[@id="data-list"]//tbody//tr[1]//td[11]//a')
 Fri, 24 May 2019 10:05:47  INFO BasePage.py click_element [ line:104 ] 点击快递单号: 元素：('xpath', '//table[@id="data-list"]//tbody//tr[1]//td[11]//a') 点击事件。
 Fri, 24 May 2019 10:05:48  INFO BasePage.py wait_eleVisible [ line:23 ] 等待元素可见。
 Fri, 24 May 2019 10:05:48  INFO BasePage.py wait_eleVisible [ line:30 ] 输入快递单号: 元素 ('xpath', '//textarea[@class="form-control"]') 已可见,等待起始时间：2019-05-24 10:05:48.434325,等待时长：0
 Fri, 24 May 2019 10:05:48  INFO BasePage.py get_element [ line:58 ] 输入快递单号：开始查找元素：('xpath', '//textarea[@class="form-control"]')
 Fri, 24 May 2019 10:05:48  INFO BasePage.py input_text [ line:86 ] 输入快递单号: 元素：('xpath', '//textarea[@class="form-control"]') 输入内容：680006
 Fri, 24 May 2019 10:05:48  INFO BasePage.py wait_eleVisible [ line:23 ] 等待元素可见。
 Fri, 24 May 2019 10:05:48  INFO BasePage.py wait_eleVisible [ line:30 ] 点击确认按钮: 元素 ('xpath', '//button[@class="btn blue editable-submit"]') 已可见,等待起始时间：2019-05-24 10:05:48.533196,等待时长：0
 Fri, 24 May 2019 10:05:48  INFO BasePage.py get_element [ line:58 ] 点击确认按钮：开始查找元素：('xpath', '//button[@class="btn blue editable-submit"]')
 Fri, 24 May 2019 10:05:48  INFO BasePage.py click_element [ line:104 ] 点击确认按钮: 元素：('xpath', '//button[@class="btn blue editable-submit"]') 点击事件。
 Fri, 24 May 2019 10:05:52  INFO list_caiguo_page.py confirm_purchase [ line:35 ] 确认采购下单
 Fri, 24 May 2019 10:05:52  INFO BasePage.py wait_eleVisible [ line:23 ] 等待元素可见。
 Fri, 24 May 2019 10:05:52  INFO BasePage.py wait_eleVisible [ line:30 ] 点击确认采购按钮: 元素 ('xpath', '//table[@id="data-list"]//tbody//tr[1]//td[13]//a[3]') 已可见,等待起始时间：2019-05-24 10:05:52.623106,等待时长：0
 Fri, 24 May 2019 10:05:52  INFO BasePage.py get_element [ line:58 ] 点击确认采购按钮：开始查找元素：('xpath', '//table[@id="data-list"]//tbody//tr[1]//td[13]//a[3]')
 Fri, 24 May 2019 10:05:52  INFO BasePage.py click_element [ line:104 ] 点击确认采购按钮: 元素：('xpath', '//table[@id="data-list"]//tbody//tr[1]//td[13]//a[3]') 点击事件。
 Fri, 24 May 2019 10:05:53  INFO BasePage.py wait_eleVisible [ line:23 ] 等待元素可见。
 Fri, 24 May 2019 10:05:53  INFO BasePage.py wait_eleVisible [ line:30 ] 点击确认按钮: 元素 ('xpath', '//button[@data-id="ok"]') 已可见,等待起始时间：2019-05-24 10:05:53.234696,等待时长：0
 Fri, 24 May 2019 10:05:53  INFO BasePage.py get_element [ line:58 ] 点击确认按钮：开始查找元素：('xpath', '//button[@data-id="ok"]')
 Fri, 24 May 2019 10:05:53  INFO BasePage.py click_element [ line:104 ] 点击确认按钮: 元素：('xpath', '//button[@data-id="ok"]') 点击事件。
 Fri, 24 May 2019 10:05:53  INFO BasePage.py wait_eleVisible [ line:23 ] 等待元素可见。
 Fri, 24 May 2019 10:05:53  INFO BasePage.py wait_eleVisible [ line:30 ] 二次确认: 元素 ('xpath', '//button[@data-id="ok"]') 已可见,等待起始时间：2019-05-24 10:05:53.817246,等待时长：0
 Fri, 24 May 2019 10:05:53  INFO BasePage.py get_element [ line:58 ] 二次确认：开始查找元素：('xpath', '//button[@data-id="ok"]')
 Fri, 24 May 2019 10:05:53  INFO BasePage.py click_element [ line:104 ] 二次确认: 元素：('xpath', '//button[@data-id="ok"]') 点击事件。
 Fri, 24 May 2019 10:05:54  INFO BasePage.py wait_eleVisible [ line:23 ] 等待元素可见。
 Fri, 24 May 2019 10:05:54  INFO BasePage.py wait_eleVisible [ line:30 ] 获取订单号，用于断言订单是pass是否正常: 元素 ('xpath', '//*[@id="data-list"]/tbody/tr[1]/td[2]//div[1]') 已可见,等待起始时间：2019-05-24 10:05:54.294174,等待时长：0
 Fri, 24 May 2019 10:05:54  INFO BasePage.py get_element [ line:58 ] 获取订单号，用于断言订单是pass是否正常：开始查找元素：('xpath', '//*[@id="data-list"]/tbody/tr[1]/td[2]//div[1]')
 Fri, 24 May 2019 10:05:54  INFO BasePage.py get_text [ line:188 ] 获取订单号，用于断言订单是pass是否正常：获取元素：('xpath', '//*[@id="data-list"]/tbody/tr[1]/td[2]//div[1]') 的文本内容
 Fri, 24 May 2019 10:05:54  INFO BasePage.py get_text [ line:191 ] 获取订单号，用于断言订单是pass是否正常：元素：('xpath', '//*[@id="data-list"]/tbody/tr[1]/td[2]//div[1]') 的文本内容为：PO20190524100517664
 Fri, 24 May 2019 10:05:57  INFO login_page.py clear_login [ line:25 ] 切换账号
 Fri, 24 May 2019 10:05:57  INFO BasePage.py get_element [ line:58 ] 点击用户：开始查找元素：('xpath', '//*[@aria-expanded="false"]')
 Fri, 24 May 2019 10:05:58  INFO BasePage.py wait_eleVisible [ line:23 ] 等待元素可见。
 Fri, 24 May 2019 10:05:58  INFO BasePage.py wait_eleVisible [ line:30 ] 点击用户: 元素 ('xpath', '//*[@title="注销"]') 已可见,等待起始时间：2019-05-24 10:05:58.412765,等待时长：0
 Fri, 24 May 2019 10:05:58  INFO BasePage.py get_element [ line:58 ] 点击用户：开始查找元素：('xpath', '//*[@title="注销"]')
 Fri, 24 May 2019 10:05:58  INFO BasePage.py click_element [ line:104 ] 点击用户: 元素：('xpath', '//*[@title="注销"]') 点击事件。
 Fri, 24 May 2019 10:06:01  INFO login_page.py login [ line:16 ] 登陆页面_登陆功能
 Fri, 24 May 2019 10:06:01  INFO BasePage.py wait_eleVisible [ line:23 ] 等待元素可见。
 Fri, 24 May 2019 10:06:01  INFO BasePage.py wait_eleVisible [ line:30 ] 输入用户名: 元素 ('xpath', '//*[@id="username"]') 已可见,等待起始时间：2019-05-24 10:06:01.896763,等待时长：0
 Fri, 24 May 2019 10:06:01  INFO BasePage.py get_element [ line:58 ] 输入用户名：开始查找元素：('xpath', '//*[@id="username"]')
 Fri, 24 May 2019 10:06:01  INFO BasePage.py input_text [ line:86 ] 输入用户名: 元素：('xpath', '//*[@id="username"]') 输入内容：002782
 Fri, 24 May 2019 10:06:01  INFO BasePage.py wait_eleVisible [ line:23 ] 等待元素可见。
 Fri, 24 May 2019 10:06:02  INFO BasePage.py wait_eleVisible [ line:30 ] 输入密码: 元素 ('xpath', '//*[@id="password"]') 已可见,等待起始时间：2019-05-24 10:06:01.990252,等待时长：0
 Fri, 24 May 2019 10:06:02  INFO BasePage.py get_element [ line:58 ] 输入密码：开始查找元素：('xpath', '//*[@id="password"]')
 Fri, 24 May 2019 10:06:02  INFO BasePage.py input_text [ line:86 ] 输入密码: 元素：('xpath', '//*[@id="password"]') 输入内容：111
 Fri, 24 May 2019 10:06:02  INFO BasePage.py wait_eleVisible [ line:23 ] 等待元素可见。
 Fri, 24 May 2019 10:06:02  INFO BasePage.py wait_eleVisible [ line:30 ] 输入验证码: 元素 ('xpath', '//*[@id="captcha"]') 已可见,等待起始时间：2019-05-24 10:06:02.077944,等待时长：0
 Fri, 24 May 2019 10:06:02  INFO BasePage.py get_element [ line:58 ] 输入验证码：开始查找元素：('xpath', '//*[@id="captcha"]')
 Fri, 24 May 2019 10:06:02  INFO BasePage.py input_text [ line:86 ] 输入验证码: 元素：('xpath', '//*[@id="captcha"]') 输入内容：1111
 Fri, 24 May 2019 10:06:02  INFO BasePage.py wait_eleVisible [ line:23 ] 等待元素可见。
 Fri, 24 May 2019 10:06:02  INFO BasePage.py wait_eleVisible [ line:30 ] 点击登录按钮: 元素 ('xpath', '//*[@id="login-btn"]') 已可见,等待起始时间：2019-05-24 10:06:02.182295,等待时长：0
 Fri, 24 May 2019 10:06:02  INFO BasePage.py get_element [ line:58 ] 点击登录按钮：开始查找元素：('xpath', '//*[@id="login-btn"]')
 Fri, 24 May 2019 10:06:02  INFO BasePage.py click_element [ line:104 ] 点击登录按钮: 元素：('xpath', '//*[@id="login-btn"]') 点击事件。
 Fri, 24 May 2019 10:06:06  INFO rku_scan.py back_to_scan [ line:20 ] 回货扫描
 Fri, 24 May 2019 10:06:06  INFO BasePage.py wait_eleVisible [ line:23 ] 等待元素可见。
 Fri, 24 May 2019 10:06:06  INFO BasePage.py wait_eleVisible [ line:30 ] 点击收发货管理: 元素 ('xpath', '//*[@id="menu_13000000"]/a') 已可见,等待起始时间：2019-05-24 10:06:06.371169,等待时长：0
 Fri, 24 May 2019 10:06:06  INFO BasePage.py get_element [ line:58 ] 点击收发货管理：开始查找元素：('xpath', '//*[@id="menu_13000000"]/a')
 Fri, 24 May 2019 10:06:06  INFO BasePage.py click_element [ line:104 ] 点击收发货管理: 元素：('xpath', '//*[@id="menu_13000000"]/a') 点击事件。
 Fri, 24 May 2019 10:06:06  INFO BasePage.py wait_eleVisible [ line:23 ] 等待元素可见。
 Fri, 24 May 2019 10:06:06  INFO BasePage.py wait_eleVisible [ line:30 ] 点击回货扫描: 元素 ('xpath', '//*[@id="menu_13131400"]/a') 已可见,等待起始时间：2019-05-24 10:06:06.455213,等待时长：0
 Fri, 24 May 2019 10:06:06  INFO BasePage.py get_element [ line:58 ] 点击回货扫描：开始查找元素：('xpath', '//*[@id="menu_13131400"]/a')
 Fri, 24 May 2019 10:06:06  INFO BasePage.py click_element [ line:104 ] 点击回货扫描: 元素：('xpath', '//*[@id="menu_13131400"]/a') 点击事件。
 Fri, 24 May 2019 10:06:06  INFO BasePage.py wait_eleVisible [ line:23 ] 等待元素可见。
 Fri, 24 May 2019 10:06:06  INFO BasePage.py wait_eleVisible [ line:30 ] 输入快递订单号: 元素 ('xpath', '//*[@id="expressId"]') 已可见,等待起始时间：2019-05-24 10:06:06.662791,等待时长：0
 Fri, 24 May 2019 10:06:06  INFO BasePage.py get_element [ line:58 ] 输入快递订单号：开始查找元素：('xpath', '//*[@id="expressId"]')
 Fri, 24 May 2019 10:06:06  INFO BasePage.py input_text [ line:86 ] 输入快递订单号: 元素：('xpath', '//*[@id="expressId"]') 输入内容：680006
 Fri, 24 May 2019 10:06:06  INFO BasePage.py get_element [ line:58 ] ：开始查找元素：('xpath', '//*[@id="expressId"]')
 Fri, 24 May 2019 10:06:10  INFO login_page.py clear_login [ line:25 ] 切换账号
 Fri, 24 May 2019 10:06:10  INFO BasePage.py get_element [ line:58 ] 点击用户：开始查找元素：('xpath', '//*[@aria-expanded="false"]')
 Fri, 24 May 2019 10:06:11  INFO BasePage.py wait_eleVisible [ line:23 ] 等待元素可见。
 Fri, 24 May 2019 10:06:11  INFO BasePage.py wait_eleVisible [ line:30 ] 点击用户: 元素 ('xpath', '//*[@title="注销"]') 已可见,等待起始时间：2019-05-24 10:06:11.871027,等待时长：0
 Fri, 24 May 2019 10:06:11  INFO BasePage.py get_element [ line:58 ] 点击用户：开始查找元素：('xpath', '//*[@title="注销"]')
 Fri, 24 May 2019 10:06:11  INFO BasePage.py click_element [ line:104 ] 点击用户: 元素：('xpath', '//*[@title="注销"]') 点击事件。
 Fri, 24 May 2019 10:06:15  INFO login_page.py login [ line:16 ] 登陆页面_登陆功能
 Fri, 24 May 2019 10:06:15  INFO BasePage.py wait_eleVisible [ line:23 ] 等待元素可见。
 Fri, 24 May 2019 10:06:15  INFO BasePage.py wait_eleVisible [ line:30 ] 输入用户名: 元素 ('xpath', '//*[@id="username"]') 已可见,等待起始时间：2019-05-24 10:06:15.333724,等待时长：0
 Fri, 24 May 2019 10:06:15  INFO BasePage.py get_element [ line:58 ] 输入用户名：开始查找元素：('xpath', '//*[@id="username"]')
 Fri, 24 May 2019 10:06:15  INFO BasePage.py input_text [ line:86 ] 输入用户名: 元素：('xpath', '//*[@id="username"]') 输入内容：171706
 Fri, 24 May 2019 10:06:15  INFO BasePage.py wait_eleVisible [ line:23 ] 等待元素可见。
 Fri, 24 May 2019 10:06:15  INFO BasePage.py wait_eleVisible [ line:30 ] 输入密码: 元素 ('xpath', '//*[@id="password"]') 已可见,等待起始时间：2019-05-24 10:06:15.427993,等待时长：0
 Fri, 24 May 2019 10:06:15  INFO BasePage.py get_element [ line:58 ] 输入密码：开始查找元素：('xpath', '//*[@id="password"]')
 Fri, 24 May 2019 10:06:15  INFO BasePage.py input_text [ line:86 ] 输入密码: 元素：('xpath', '//*[@id="password"]') 输入内容：111
 Fri, 24 May 2019 10:06:15  INFO BasePage.py wait_eleVisible [ line:23 ] 等待元素可见。
 Fri, 24 May 2019 10:06:15  INFO BasePage.py wait_eleVisible [ line:30 ] 输入验证码: 元素 ('xpath', '//*[@id="captcha"]') 已可见,等待起始时间：2019-05-24 10:06:15.517834,等待时长：0
 Fri, 24 May 2019 10:06:15  INFO BasePage.py get_element [ line:58 ] 输入验证码：开始查找元素：('xpath', '//*[@id="captcha"]')
 Fri, 24 May 2019 10:06:15  INFO BasePage.py input_text [ line:86 ] 输入验证码: 元素：('xpath', '//*[@id="captcha"]') 输入内容：1111
 Fri, 24 May 2019 10:06:15  INFO BasePage.py wait_eleVisible [ line:23 ] 等待元素可见。
 Fri, 24 May 2019 10:06:15  INFO BasePage.py wait_eleVisible [ line:30 ] 点击登录按钮: 元素 ('xpath', '//*[@id="login-btn"]') 已可见,等待起始时间：2019-05-24 10:06:15.614480,等待时长：0
 Fri, 24 May 2019 10:06:15  INFO BasePage.py get_element [ line:58 ] 点击登录按钮：开始查找元素：('xpath', '//*[@id="login-btn"]')
 Fri, 24 May 2019 10:06:15  INFO BasePage.py click_element [ line:104 ] 点击登录按钮: 元素：('xpath', '//*[@id="login-btn"]') 点击事件。
 Fri, 24 May 2019 10:06:19  INFO rku_scan.py ex_to_scan [ line:40 ] 快递单号扫描
 Fri, 24 May 2019 10:06:19  INFO BasePage.py wait_eleVisible [ line:23 ] 等待元素可见。
 Fri, 24 May 2019 10:06:19  INFO BasePage.py wait_eleVisible [ line:30 ] 点击收发货管理: 元素 ('xpath', '//*[@id="menu_13000000"]/a') 已可见,等待起始时间：2019-05-24 10:06:19.782998,等待时长：0
 Fri, 24 May 2019 10:06:19  INFO BasePage.py get_element [ line:58 ] 点击收发货管理：开始查找元素：('xpath', '//*[@id="menu_13000000"]/a')
 Fri, 24 May 2019 10:06:19  INFO BasePage.py click_element [ line:104 ] 点击收发货管理: 元素：('xpath', '//*[@id="menu_13000000"]/a') 点击事件。
 Fri, 24 May 2019 10:06:19  INFO BasePage.py wait_eleVisible [ line:23 ] 等待元素可见。
 Fri, 24 May 2019 10:06:19  INFO BasePage.py wait_eleVisible [ line:30 ] 点击快递单号查询: 元素 ('xpath', '//*[@id="menu_13000000"]//*[@id="menu_13131000"]/a') 已可见,等待起始时间：2019-05-24 10:06:19.862809,等待时长：0
 Fri, 24 May 2019 10:06:19  INFO BasePage.py get_element [ line:58 ] 点击快递单号查询：开始查找元素：('xpath', '//*[@id="menu_13000000"]//*[@id="menu_13131000"]/a')
 Fri, 24 May 2019 10:06:19  INFO BasePage.py click_element [ line:104 ] 点击快递单号查询: 元素：('xpath', '//*[@id="menu_13000000"]//*[@id="menu_13131000"]/a') 点击事件。
 Fri, 24 May 2019 10:06:22  INFO BasePage.py wait_eleVisible [ line:23 ] 等待元素可见。
 Fri, 24 May 2019 10:06:22  INFO BasePage.py wait_eleVisible [ line:30 ] 输入快递单号: 元素 ('xpath', '//*[@id="expressId"]') 已可见,等待起始时间：2019-05-24 10:06:22.062847,等待时长：0
 Fri, 24 May 2019 10:06:22  INFO BasePage.py get_element [ line:58 ] 输入快递单号：开始查找元素：('xpath', '//*[@id="expressId"]')
 Fri, 24 May 2019 10:06:22  INFO BasePage.py input_text [ line:86 ] 输入快递单号: 元素：('xpath', '//*[@id="expressId"]') 输入内容：680006
 Fri, 24 May 2019 10:06:22  INFO BasePage.py get_element [ line:58 ] ：开始查找元素：('xpath', '//*[@id="expressId"]')
 Fri, 24 May 2019 10:06:24  INFO BasePage.py wait_eleVisible [ line:23 ] 等待元素可见。
 Fri, 24 May 2019 10:06:24  INFO BasePage.py wait_eleVisible [ line:30 ] 入库数量: 元素 ('xpath', '//input[@name="inStock.items[0].quantity"]') 已可见,等待起始时间：2019-05-24 10:06:24.734803,等待时长：0
 Fri, 24 May 2019 10:06:24  INFO BasePage.py get_element [ line:58 ] 入库数量：开始查找元素：('xpath', '//input[@name="inStock.items[0].quantity"]')
 Fri, 24 May 2019 10:06:24  INFO BasePage.py input_text [ line:86 ] 入库数量: 元素：('xpath', '//input[@name="inStock.items[0].quantity"]') 输入内容：68
 Fri, 24 May 2019 10:06:25  INFO BasePage.py wait_eleVisible [ line:23 ] 等待元素可见。
 Fri, 24 May 2019 10:06:25  INFO BasePage.py wait_eleVisible [ line:30 ] 生成入库单: 元素 ('xpath', '//button[@class="btn btn-default btn-xs"]') 已可见,等待起始时间：2019-05-24 10:06:25.825353,等待时长：0
 Fri, 24 May 2019 10:06:25  INFO BasePage.py get_element [ line:58 ] 生成入库单：开始查找元素：('xpath', '//button[@class="btn btn-default btn-xs"]')
 Fri, 24 May 2019 10:06:25  INFO BasePage.py click_element [ line:104 ] 生成入库单: 元素：('xpath', '//button[@class="btn btn-default btn-xs"]') 点击事件。
 Fri, 24 May 2019 10:06:26  INFO BasePage.py get_alert [ line:237 ] 弹窗处理
 Fri, 24 May 2019 10:06:26  INFO BasePage.py get_alert [ line:242 ] alert弹窗处理完成
 Fri, 24 May 2019 10:06:31  INFO login_page.py clear_login [ line:25 ] 切换账号
 Fri, 24 May 2019 10:06:31  INFO BasePage.py get_element [ line:58 ] 点击用户：开始查找元素：('xpath', '//*[@aria-expanded="false"]')
 Fri, 24 May 2019 10:06:33  INFO BasePage.py wait_eleVisible [ line:23 ] 等待元素可见。
 Fri, 24 May 2019 10:06:33  INFO BasePage.py wait_eleVisible [ line:30 ] 点击用户: 元素 ('xpath', '//*[@title="注销"]') 已可见,等待起始时间：2019-05-24 10:06:33.006350,等待时长：0
 Fri, 24 May 2019 10:06:33  INFO BasePage.py get_element [ line:58 ] 点击用户：开始查找元素：('xpath', '//*[@title="注销"]')
 Fri, 24 May 2019 10:06:33  INFO BasePage.py click_element [ line:104 ] 点击用户: 元素：('xpath', '//*[@title="注销"]') 点击事件。
 Fri, 24 May 2019 10:06:36  INFO login_page.py login [ line:16 ] 登陆页面_登陆功能
 Fri, 24 May 2019 10:06:36  INFO BasePage.py wait_eleVisible [ line:23 ] 等待元素可见。
 Fri, 24 May 2019 10:06:36  INFO BasePage.py wait_eleVisible [ line:30 ] 输入用户名: 元素 ('xpath', '//*[@id="username"]') 已可见,等待起始时间：2019-05-24 10:06:36.467466,等待时长：0
 Fri, 24 May 2019 10:06:36  INFO BasePage.py get_element [ line:58 ] 输入用户名：开始查找元素：('xpath', '//*[@id="username"]')
 Fri, 24 May 2019 10:06:36  INFO BasePage.py input_text [ line:86 ] 输入用户名: 元素：('xpath', '//*[@id="username"]') 输入内容：172883
 Fri, 24 May 2019 10:06:36  INFO BasePage.py wait_eleVisible [ line:23 ] 等待元素可见。
 Fri, 24 May 2019 10:06:36  INFO BasePage.py wait_eleVisible [ line:30 ] 输入密码: 元素 ('xpath', '//*[@id="password"]') 已可见,等待起始时间：2019-05-24 10:06:36.567247,等待时长：0
 Fri, 24 May 2019 10:06:36  INFO BasePage.py get_element [ line:58 ] 输入密码：开始查找元素：('xpath', '//*[@id="password"]')
 Fri, 24 May 2019 10:06:36  INFO BasePage.py input_text [ line:86 ] 输入密码: 元素：('xpath', '//*[@id="password"]') 输入内容：111
 Fri, 24 May 2019 10:06:36  INFO BasePage.py wait_eleVisible [ line:23 ] 等待元素可见。
 Fri, 24 May 2019 10:06:36  INFO BasePage.py wait_eleVisible [ line:30 ] 输入验证码: 元素 ('xpath', '//*[@id="captcha"]') 已可见,等待起始时间：2019-05-24 10:06:36.655753,等待时长：0
 Fri, 24 May 2019 10:06:36  INFO BasePage.py get_element [ line:58 ] 输入验证码：开始查找元素：('xpath', '//*[@id="captcha"]')
 Fri, 24 May 2019 10:06:36  INFO BasePage.py input_text [ line:86 ] 输入验证码: 元素：('xpath', '//*[@id="captcha"]') 输入内容：1111
 Fri, 24 May 2019 10:06:36  INFO BasePage.py wait_eleVisible [ line:23 ] 等待元素可见。
 Fri, 24 May 2019 10:06:36  INFO BasePage.py wait_eleVisible [ line:30 ] 点击登录按钮: 元素 ('xpath', '//*[@id="login-btn"]') 已可见,等待起始时间：2019-05-24 10:06:36.759502,等待时长：0
 Fri, 24 May 2019 10:06:36  INFO BasePage.py get_element [ line:58 ] 点击登录按钮：开始查找元素：('xpath', '//*[@id="login-btn"]')
 Fri, 24 May 2019 10:06:36  INFO BasePage.py click_element [ line:104 ] 点击登录按钮: 元素：('xpath', '//*[@id="login-btn"]') 点击事件。
 Fri, 24 May 2019 10:06:43  INFO rku_scan.py qc_ng_scan [ line:240 ] QC扫描
 Fri, 24 May 2019 10:06:43  INFO BasePage.py wait_eleVisible [ line:23 ] 等待元素可见。
 Fri, 24 May 2019 10:06:43  INFO BasePage.py wait_eleVisible [ line:30 ] 点击收发货管理: 元素 ('xpath', '//*[@id="menu_13000000"]/a') 已可见,等待起始时间：2019-05-24 10:06:43.206322,等待时长：0
 Fri, 24 May 2019 10:06:43  INFO BasePage.py get_element [ line:58 ] 点击收发货管理：开始查找元素：('xpath', '//*[@id="menu_13000000"]/a')
 Fri, 24 May 2019 10:06:43  INFO BasePage.py click_element [ line:104 ] 点击收发货管理: 元素：('xpath', '//*[@id="menu_13000000"]/a') 点击事件。
 Fri, 24 May 2019 10:06:43  INFO BasePage.py wait_eleVisible [ line:23 ] 等待元素可见。
 Fri, 24 May 2019 10:06:43  INFO BasePage.py wait_eleVisible [ line:30 ] QC扫描: 元素 ('xpath', '//*[@id="menu_13000000"]//*[@id="menu_13131100"]/a') 已可见,等待起始时间：2019-05-24 10:06:43.282399,等待时长：0
 Fri, 24 May 2019 10:06:43  INFO BasePage.py get_element [ line:58 ] QC扫描：开始查找元素：('xpath', '//*[@id="menu_13000000"]//*[@id="menu_13131100"]/a')
 Fri, 24 May 2019 10:06:43  INFO BasePage.py click_element [ line:104 ] QC扫描: 元素：('xpath', '//*[@id="menu_13000000"]//*[@id="menu_13131100"]/a') 点击事件。
 Fri, 24 May 2019 10:06:45  INFO BasePage.py wait_eleVisible [ line:23 ] 等待元素可见。
 Fri, 24 May 2019 10:06:45  INFO BasePage.py wait_eleVisible [ line:30 ] 二维码输入: 元素 ('xpath', '//*[@id="uuidAndSku"]') 已可见,等待起始时间：2019-05-24 10:06:45.575973,等待时长：0
 Fri, 24 May 2019 10:06:45  INFO BasePage.py get_element [ line:58 ] 二维码输入：开始查找元素：('xpath', '//*[@id="uuidAndSku"]')
 Fri, 24 May 2019 10:06:45  INFO BasePage.py input_text [ line:86 ] 二维码输入: 元素：('xpath', '//*[@id="uuidAndSku"]') 输入内容：190524100627486001.ZJH5032401B
 Fri, 24 May 2019 10:06:46  INFO BasePage.py get_element [ line:58 ] ：开始查找元素：('xpath', '//*[@id="uuidAndSku"]')
 Fri, 24 May 2019 10:06:47  INFO BasePage.py wait_eleVisible [ line:23 ] 等待元素可见。
 Fri, 24 May 2019 10:06:47  INFO BasePage.py wait_eleVisible [ line:30 ] 二次确认: 元素 ('xpath', '//button[@data-id="ok"]') 已可见,等待起始时间：2019-05-24 10:06:47.817401,等待时长：0
 Fri, 24 May 2019 10:06:47  INFO BasePage.py get_element [ line:58 ] 二次确认：开始查找元素：('xpath', '//button[@data-id="ok"]')
 Fri, 24 May 2019 10:06:47  INFO BasePage.py click_element [ line:104 ] 二次确认: 元素：('xpath', '//button[@data-id="ok"]') 点击事件。
 Fri, 24 May 2019 10:06:48  INFO BasePage.py isElementExist_2 [ line:264 ] 判断元素是否可见//form[@id="qcRecordForm"]
 Fri, 24 May 2019 10:07:04  INFO BasePage.py isElementExist_2 [ line:272 ] 元素不可见
 Fri, 24 May 2019 10:07:04  INFO BasePage.py wait_eleVisible [ line:23 ] 等待元素可见。
 Fri, 24 May 2019 10:07:04  INFO BasePage.py wait_eleVisible [ line:30 ] NG按钮点击: 元素 ('xpath', '//*[@id="ng-top"]') 已可见,等待起始时间：2019-05-24 10:07:04.032432,等待时长：0
 Fri, 24 May 2019 10:07:04  INFO BasePage.py get_element [ line:58 ] NG按钮点击：开始查找元素：('xpath', '//*[@id="ng-top"]')
 Fri, 24 May 2019 10:07:04  INFO BasePage.py click_element [ line:104 ] NG按钮点击: 元素：('xpath', '//*[@id="ng-top"]') 点击事件。
 Fri, 24 May 2019 10:07:05  INFO BasePage.py wait_eleVisible [ line:23 ] 等待元素可见。
 Fri, 24 May 2019 10:07:05  INFO BasePage.py wait_eleVisible [ line:30 ] 款式不符: 元素 ('xpath', '//*[@id="select2-drop"]//li[4]') 已可见,等待起始时间：2019-05-24 10:07:05.173502,等待时长：0
 Fri, 24 May 2019 10:07:05  INFO BasePage.py get_element [ line:58 ] 款式不符：开始查找元素：('xpath', '//*[@id="select2-drop"]//li[4]')
 Fri, 24 May 2019 10:07:05  INFO BasePage.py click_element [ line:104 ] 款式不符: 元素：('xpath', '//*[@id="select2-drop"]//li[4]') 点击事件。
 Fri, 24 May 2019 10:07:07  INFO BasePage.py wait_eleVisible [ line:23 ] 等待元素可见。
 Fri, 24 May 2019 10:07:07  INFO BasePage.py wait_eleVisible [ line:30 ] 确认: 元素 ('xpath', '//*[@data-id="ok"]') 已可见,等待起始时间：2019-05-24 10:07:07.278343,等待时长：0
 Fri, 24 May 2019 10:07:07  INFO BasePage.py get_element [ line:58 ] 确认：开始查找元素：('xpath', '//*[@data-id="ok"]')
 Fri, 24 May 2019 10:07:07  INFO BasePage.py click_element [ line:104 ] 确认: 元素：('xpath', '//*[@data-id="ok"]') 点击事件。
 Fri, 24 May 2019 10:07:10  INFO login_page.py clear_login [ line:25 ] 切换账号
 Fri, 24 May 2019 10:07:10  INFO BasePage.py get_element [ line:58 ] 点击用户：开始查找元素：('xpath', '//*[@aria-expanded="false"]')
 Fri, 24 May 2019 10:07:11  INFO BasePage.py wait_eleVisible [ line:23 ] 等待元素可见。
 Fri, 24 May 2019 10:07:11  INFO BasePage.py wait_eleVisible [ line:30 ] 点击用户: 元素 ('xpath', '//*[@title="注销"]') 已可见,等待起始时间：2019-05-24 10:07:11.423481,等待时长：0
 Fri, 24 May 2019 10:07:11  INFO BasePage.py get_element [ line:58 ] 点击用户：开始查找元素：('xpath', '//*[@title="注销"]')
 Fri, 24 May 2019 10:07:11  INFO BasePage.py click_element [ line:104 ] 点击用户: 元素：('xpath', '//*[@title="注销"]') 点击事件。
 Fri, 24 May 2019 10:07:14  INFO login_page.py login [ line:16 ] 登陆页面_登陆功能
 Fri, 24 May 2019 10:07:14  INFO BasePage.py wait_eleVisible [ line:23 ] 等待元素可见。
 Fri, 24 May 2019 10:07:14  INFO BasePage.py wait_eleVisible [ line:30 ] 输入用户名: 元素 ('xpath', '//*[@id="username"]') 已可见,等待起始时间：2019-05-24 10:07:14.918092,等待时长：0
 Fri, 24 May 2019 10:07:14  INFO BasePage.py get_element [ line:58 ] 输入用户名：开始查找元素：('xpath', '//*[@id="username"]')
 Fri, 24 May 2019 10:07:14  INFO BasePage.py input_text [ line:86 ] 输入用户名: 元素：('xpath', '//*[@id="username"]') 输入内容：000715
 Fri, 24 May 2019 10:07:15  INFO BasePage.py wait_eleVisible [ line:23 ] 等待元素可见。
 Fri, 24 May 2019 10:07:15  INFO BasePage.py wait_eleVisible [ line:30 ] 输入密码: 元素 ('xpath', '//*[@id="password"]') 已可见,等待起始时间：2019-05-24 10:07:15.014705,等待时长：0
 Fri, 24 May 2019 10:07:15  INFO BasePage.py get_element [ line:58 ] 输入密码：开始查找元素：('xpath', '//*[@id="password"]')
 Fri, 24 May 2019 10:07:15  INFO BasePage.py input_text [ line:86 ] 输入密码: 元素：('xpath', '//*[@id="password"]') 输入内容：111
 Fri, 24 May 2019 10:07:15  INFO BasePage.py wait_eleVisible [ line:23 ] 等待元素可见。
 Fri, 24 May 2019 10:07:15  INFO BasePage.py wait_eleVisible [ line:30 ] 输入验证码: 元素 ('xpath', '//*[@id="captcha"]') 已可见,等待起始时间：2019-05-24 10:07:15.102469,等待时长：0
 Fri, 24 May 2019 10:07:15  INFO BasePage.py get_element [ line:58 ] 输入验证码：开始查找元素：('xpath', '//*[@id="captcha"]')
 Fri, 24 May 2019 10:07:15  INFO BasePage.py input_text [ line:86 ] 输入验证码: 元素：('xpath', '//*[@id="captcha"]') 输入内容：1111
 Fri, 24 May 2019 10:07:15  INFO BasePage.py wait_eleVisible [ line:23 ] 等待元素可见。
 Fri, 24 May 2019 10:07:15  INFO BasePage.py wait_eleVisible [ line:30 ] 点击登录按钮: 元素 ('xpath', '//*[@id="login-btn"]') 已可见,等待起始时间：2019-05-24 10:07:15.207189,等待时长：0
 Fri, 24 May 2019 10:07:15  INFO BasePage.py get_element [ line:58 ] 点击登录按钮：开始查找元素：('xpath', '//*[@id="login-btn"]')
 Fri, 24 May 2019 10:07:15  INFO BasePage.py click_element [ line:104 ] 点击登录按钮: 元素：('xpath', '//*[@id="login-btn"]') 点击事件。
 Fri, 24 May 2019 10:07:19  INFO ng_caig_rku_cli.py get_pending [ line:12 ] 获取NG采购待处理订单
 Fri, 24 May 2019 10:07:19  INFO BasePage.py wait_eleVisible [ line:23 ] 等待元素可见。
 Fri, 24 May 2019 10:07:19  INFO BasePage.py wait_eleVisible [ line:30 ] 点击收发货管理: 元素 ('xpath', '//*[@id="menu_13000000"]') 已可见,等待起始时间：2019-05-24 10:07:19.377069,等待时长：0
 Fri, 24 May 2019 10:07:19  INFO BasePage.py get_element [ line:58 ] 点击收发货管理：开始查找元素：('xpath', '//*[@id="menu_13000000"]')
 Fri, 24 May 2019 10:07:19  INFO BasePage.py click_element [ line:104 ] 点击收发货管理: 元素：('xpath', '//*[@id="menu_13000000"]') 点击事件。
 Fri, 24 May 2019 10:07:19  INFO BasePage.py wait_eleVisible [ line:23 ] 等待元素可见。
 Fri, 24 May 2019 10:07:19  INFO BasePage.py wait_eleVisible [ line:30 ] NG采购待处理按钮: 元素 ('xpath', '//*[@id="menu_13121400"]') 已可见,等待起始时间：2019-05-24 10:07:19.470771,等待时长：0
 Fri, 24 May 2019 10:07:19  INFO BasePage.py get_element [ line:58 ] NG采购待处理按钮：开始查找元素：('xpath', '//*[@id="menu_13121400"]')
 Fri, 24 May 2019 10:07:19  INFO BasePage.py click_element [ line:104 ] NG采购待处理按钮: 元素：('xpath', '//*[@id="menu_13121400"]') 点击事件。
 Fri, 24 May 2019 10:07:23  INFO BasePage.py wait_eleVisible [ line:23 ] 等待元素可见。
 Fri, 24 May 2019 10:07:24  INFO BasePage.py wait_eleVisible [ line:30 ] 输入sku: 元素 ('xpath', '//*[@id="product-sku"]') 已可见,等待起始时间：2019-05-24 10:07:23.990865,等待时长：0
 Fri, 24 May 2019 10:07:24  INFO BasePage.py get_element [ line:58 ] 输入sku：开始查找元素：('xpath', '//*[@id="product-sku"]')
 Fri, 24 May 2019 10:07:24  INFO BasePage.py input_text [ line:86 ] 输入sku: 元素：('xpath', '//*[@id="product-sku"]') 输入内容：ZJH5032401B
 Fri, 24 May 2019 10:07:24  INFO BasePage.py wait_eleVisible [ line:23 ] 等待元素可见。
 Fri, 24 May 2019 10:07:24  INFO BasePage.py wait_eleVisible [ line:30 ] 点击搜索按钮: 元素 ('xpath', '//*[@id="search-form"]//button[1]') 已可见,等待起始时间：2019-05-24 10:07:24.805815,等待时长：0
 Fri, 24 May 2019 10:07:24  INFO BasePage.py get_element [ line:58 ] 点击搜索按钮：开始查找元素：('xpath', '//*[@id="search-form"]//button[1]')
 Fri, 24 May 2019 10:07:24  INFO BasePage.py click_element [ line:104 ] 点击搜索按钮: 元素：('xpath', '//*[@id="search-form"]//button[1]') 点击事件。
 Fri, 24 May 2019 10:07:30  INFO ng_caig_rku_cli.py dispose [ line:24 ] 订单开始处理
 Fri, 24 May 2019 10:07:30  INFO BasePage.py wait_eleVisible [ line:23 ] 等待元素可见。
 Fri, 24 May 2019 10:07:30  INFO BasePage.py wait_eleVisible [ line:30 ] 勾选第一个订单: 元素 ('xpath', '//div[@class="page-container"]//tr[@id][1]//*[@name="inIds"]') 已可见,等待起始时间：2019-05-24 10:07:30.227948,等待时长：0
 Fri, 24 May 2019 10:07:30  INFO BasePage.py get_element [ line:58 ] 勾选第一个订单：开始查找元素：('xpath', '//div[@class="page-container"]//tr[@id][1]//*[@name="inIds"]')
 Fri, 24 May 2019 10:07:30  INFO BasePage.py click_element [ line:104 ] 勾选第一个订单: 元素：('xpath', '//div[@class="page-container"]//tr[@id][1]//*[@name="inIds"]') 点击事件。
 Fri, 24 May 2019 10:07:30  INFO BasePage.py wait_eleVisible [ line:23 ] 等待元素可见。
 Fri, 24 May 2019 10:07:30  INFO BasePage.py wait_eleVisible [ line:30 ] NG采购操作栏: 元素 ('xpath', '//select[@class="form-control input-medium input-inline  order-do"]') 已可见,等待起始时间：2019-05-24 10:07:30.856281,等待时长：0
 Fri, 24 May 2019 10:07:30  INFO BasePage.py get_element [ line:58 ] NG采购操作栏：开始查找元素：('xpath', '//select[@class="form-control input-medium input-inline  order-do"]')
 Fri, 24 May 2019 10:07:30  INFO BasePage.py click_element [ line:104 ] NG采购操作栏: 元素：('xpath', '//select[@class="form-control input-medium input-inline  order-do"]') 点击事件。
 Fri, 24 May 2019 10:07:31  INFO BasePage.py wait_eleVisible [ line:23 ] 等待元素可见。
 Fri, 24 May 2019 10:07:31  INFO BasePage.py wait_eleVisible [ line:30 ] #PASS: 元素 ('xpath', '//select[@class="form-control input-medium input-inline  order-do"]//*[@value="pass"]') 已可见,等待起始时间：2019-05-24 10:07:31.966683,等待时长：0
 Fri, 24 May 2019 10:07:31  INFO BasePage.py get_element [ line:58 ] #PASS：开始查找元素：('xpath', '//select[@class="form-control input-medium input-inline  order-do"]//*[@value="pass"]')
 Fri, 24 May 2019 10:07:31  INFO BasePage.py click_element [ line:104 ] #PASS: 元素：('xpath', '//select[@class="form-control input-medium input-inline  order-do"]//*[@value="pass"]') 点击事件。
 Fri, 24 May 2019 10:07:33  INFO BasePage.py wait_eleVisible [ line:23 ] 等待元素可见。
 Fri, 24 May 2019 10:07:33  INFO BasePage.py wait_eleVisible [ line:30 ] 输入pass理由: 元素 ('xpath', '//*[@id="pass-reason"]') 已可见,等待起始时间：2019-05-24 10:07:33.082355,等待时长：0
 Fri, 24 May 2019 10:07:33  INFO BasePage.py get_element [ line:58 ] 输入pass理由：开始查找元素：('xpath', '//*[@id="pass-reason"]')
 Fri, 24 May 2019 10:07:33  INFO BasePage.py input_text [ line:86 ] 输入pass理由: 元素：('xpath', '//*[@id="pass-reason"]') 输入内容：pass
 Fri, 24 May 2019 10:07:34  INFO BasePage.py wait_eleVisible [ line:23 ] 等待元素可见。
 Fri, 24 May 2019 10:07:34  INFO BasePage.py wait_eleVisible [ line:30 ] OK: 元素 ('xpath', '//*[@data-id="ok"]') 已可见,等待起始时间：2019-05-24 10:07:34.224726,等待时长：0
 Fri, 24 May 2019 10:07:34  INFO BasePage.py get_element [ line:58 ] OK：开始查找元素：('xpath', '//*[@data-id="ok"]')
 Fri, 24 May 2019 10:07:34  INFO BasePage.py click_element [ line:104 ] OK: 元素：('xpath', '//*[@data-id="ok"]') 点击事件。
 Fri, 24 May 2019 10:07:40  INFO BasePage.py wait_eleVisible [ line:23 ] 等待元素可见。
 Fri, 24 May 2019 10:07:40  INFO BasePage.py wait_eleVisible [ line:30 ] 等待QC订单处理: 元素 ('xpath', '//*[@id="menu_13000000"]') 已可见,等待起始时间：2019-05-24 10:07:40.338171,等待时长：0
 Fri, 24 May 2019 10:07:40  INFO BasePage.py get_element [ line:58 ] 等待QC订单处理：开始查找元素：('xpath', '//*[@id="menu_13000000"]')
 Fri, 24 May 2019 10:07:40  INFO BasePage.py click_element [ line:104 ] 等待QC订单处理: 元素：('xpath', '//*[@id="menu_13000000"]') 点击事件。
 Fri, 24 May 2019 10:07:40  INFO BasePage.py wait_eleVisible [ line:23 ] 等待元素可见。
 Fri, 24 May 2019 10:07:40  INFO BasePage.py wait_eleVisible [ line:30 ] 等待QC订单处理: 元素 ('xpath', '//*[@id="menu_13120000"]//*[@id="menu_13121100"]') 已可见,等待起始时间：2019-05-24 10:07:40.464589,等待时长：0
 Fri, 24 May 2019 10:07:40  INFO BasePage.py get_element [ line:58 ] 等待QC订单处理：开始查找元素：('xpath', '//*[@id="menu_13120000"]//*[@id="menu_13121100"]')
 Fri, 24 May 2019 10:07:40  INFO BasePage.py click_element [ line:104 ] 等待QC订单处理: 元素：('xpath', '//*[@id="menu_13120000"]//*[@id="menu_13121100"]') 点击事件。
 Fri, 24 May 2019 10:07:46  INFO BasePage.py wait_eleVisible [ line:23 ] 等待元素可见。
 Fri, 24 May 2019 10:07:46  INFO BasePage.py wait_eleVisible [ line:30 ] SKU输入: 元素 ('xpath', '//*[@id="product-sku"]') 已可见,等待起始时间：2019-05-24 10:07:46.420751,等待时长：0
 Fri, 24 May 2019 10:07:46  INFO BasePage.py get_element [ line:58 ] SKU输入：开始查找元素：('xpath', '//*[@id="product-sku"]')
 Fri, 24 May 2019 10:07:46  INFO BasePage.py input_text [ line:86 ] SKU输入: 元素：('xpath', '//*[@id="product-sku"]') 输入内容：ZJH5032401B
 Fri, 24 May 2019 10:07:46  INFO BasePage.py wait_eleVisible [ line:23 ] 等待元素可见。
 Fri, 24 May 2019 10:07:46  INFO BasePage.py wait_eleVisible [ line:30 ] 订单号输入: 元素 ('xpath', '//*[@name="query.purchaseOrder.purchaseOrder"]') 已可见,等待起始时间：2019-05-24 10:07:46.703609,等待时长：0
 Fri, 24 May 2019 10:07:46  INFO BasePage.py get_element [ line:58 ] 订单号输入：开始查找元素：('xpath', '//*[@name="query.purchaseOrder.purchaseOrder"]')
 Fri, 24 May 2019 10:07:46  INFO BasePage.py input_text [ line:86 ] 订单号输入: 元素：('xpath', '//*[@name="query.purchaseOrder.purchaseOrder"]') 输入内容：PO20190524100517664
 Fri, 24 May 2019 10:07:47  INFO BasePage.py wait_eleVisible [ line:23 ] 等待元素可见。
 Fri, 24 May 2019 10:07:47  INFO BasePage.py wait_eleVisible [ line:30 ] 点击搜索按钮: 元素 ('xpath', '//*[@id="search-form"]//button[1]') 已可见,等待起始时间：2019-05-24 10:07:47.140024,等待时长：0
 Fri, 24 May 2019 10:07:47  INFO BasePage.py get_element [ line:58 ] 点击搜索按钮：开始查找元素：('xpath', '//*[@id="search-form"]//button[1]')
 Fri, 24 May 2019 10:07:47  INFO BasePage.py click_element [ line:104 ] 点击搜索按钮: 元素：('xpath', '//*[@id="search-form"]//button[1]') 点击事件。
 Fri, 24 May 2019 10:07:52  INFO BasePage.py wait_eleVisible [ line:23 ] 等待元素可见。
 Fri, 24 May 2019 10:07:52  INFO BasePage.py wait_eleVisible [ line:30 ] 判断订单是否存在: 元素 ('xpath', '//*[@id="data-list"]/tbody/tr[1]/td[12]') 已可见,等待起始时间：2019-05-24 10:07:52.636141,等待时长：0
 Fri, 24 May 2019 10:07:52  INFO BasePage.py get_element [ line:58 ] 判断订单是否存在：开始查找元素：('xpath', '//*[@id="data-list"]/tbody/tr[1]/td[12]')
 Fri, 24 May 2019 10:07:52  INFO BasePage.py get_text [ line:188 ] 判断订单是否存在：获取元素：('xpath', '//*[@id="data-list"]/tbody/tr[1]/td[12]') 的文本内容
 Fri, 24 May 2019 10:07:52  INFO BasePage.py get_text [ line:191 ] 判断订单是否存在：元素：('xpath', '//*[@id="data-list"]/tbody/tr[1]/td[12]') 的文本内容为：等待QC
 Fri, 24 May 2019 10:07:52  INFO kucun.py get_kucun [ line:13 ] 获取开始库存或最后库存
 Fri, 24 May 2019 10:07:52  INFO BasePage.py wait_eleVisible [ line:23 ] 等待元素可见。
 Fri, 24 May 2019 10:07:52  INFO BasePage.py wait_eleVisible [ line:30 ] 点击库存管理: 元素 ('xpath', '//*[@id="menu_11000000"]') 已可见,等待起始时间：2019-05-24 10:07:52.698626,等待时长：0
 Fri, 24 May 2019 10:07:52  INFO BasePage.py get_element [ line:58 ] 点击库存管理：开始查找元素：('xpath', '//*[@id="menu_11000000"]')
 Fri, 24 May 2019 10:07:52  INFO BasePage.py click_element [ line:104 ] 点击库存管理: 元素：('xpath', '//*[@id="menu_11000000"]') 点击事件。
 Fri, 24 May 2019 10:07:52  INFO BasePage.py wait_eleVisible [ line:23 ] 等待元素可见。
 Fri, 24 May 2019 10:07:52  INFO BasePage.py wait_eleVisible [ line:30 ] 点击大浪仓库: 元素 ('xpath', '//*[@id="menu_11110000_false_01"]/a') 已可见,等待起始时间：2019-05-24 10:07:52.809400,等待时长：0
 Fri, 24 May 2019 10:07:52  INFO BasePage.py get_element [ line:58 ] 点击大浪仓库：开始查找元素：('xpath', '//*[@id="menu_11110000_false_01"]/a')
 Fri, 24 May 2019 10:07:52  INFO BasePage.py click_element [ line:104 ] 点击大浪仓库: 元素：('xpath', '//*[@id="menu_11110000_false_01"]/a') 点击事件。
 Fri, 24 May 2019 10:07:53  INFO BasePage.py wait_eleVisible [ line:23 ] 等待元素可见。
 Fri, 24 May 2019 10:07:53  INFO BasePage.py wait_eleVisible [ line:30 ] 输入SKU: 元素 ('xpath', '//*[@id="product-sku"]') 已可见,等待起始时间：2019-05-24 10:07:53.896564,等待时长：0
 Fri, 24 May 2019 10:07:53  INFO BasePage.py get_element [ line:58 ] 输入SKU：开始查找元素：('xpath', '//*[@id="product-sku"]')
 Fri, 24 May 2019 10:07:53  INFO BasePage.py input_text [ line:86 ] 输入SKU: 元素：('xpath', '//*[@id="product-sku"]') 输入内容：ZJH5032401B
 Fri, 24 May 2019 10:07:54  INFO BasePage.py wait_eleVisible [ line:23 ] 等待元素可见。
 Fri, 24 May 2019 10:07:54  INFO BasePage.py wait_eleVisible [ line:30 ] 点击搜索: 元素 ('xpath', '//*[@id="search-form"]/div/div[2]/button[1]') 已可见,等待起始时间：2019-05-24 10:07:54.151011,等待时长：0
 Fri, 24 May 2019 10:07:54  INFO BasePage.py get_element [ line:58 ] 点击搜索：开始查找元素：('xpath', '//*[@id="search-form"]/div/div[2]/button[1]')
 Fri, 24 May 2019 10:07:54  INFO BasePage.py click_element [ line:104 ] 点击搜索: 元素：('xpath', '//*[@id="search-form"]/div/div[2]/button[1]') 点击事件。
 Fri, 24 May 2019 10:07:58  INFO BasePage.py wait_eleVisible [ line:23 ] 等待元素可见。
 Fri, 24 May 2019 10:07:58  INFO BasePage.py wait_eleVisible [ line:30 ] 返回库存: 元素 ('xpath', '//table[@id="data-list"]/tbody//tr[1]//td[8]') 已可见,等待起始时间：2019-05-24 10:07:58.016044,等待时长：0
 Fri, 24 May 2019 10:07:58  INFO BasePage.py get_element [ line:58 ] 返回库存：开始查找元素：('xpath', '//table[@id="data-list"]/tbody//tr[1]//td[8]')
 Fri, 24 May 2019 10:07:58  INFO BasePage.py get_text [ line:188 ] 返回库存：获取元素：('xpath', '//table[@id="data-list"]/tbody//tr[1]//td[8]') 的文本内容
 Fri, 24 May 2019 10:07:58  INFO BasePage.py get_text [ line:191 ] 返回库存：元素：('xpath', '//table[@id="data-list"]/tbody//tr[1]//td[8]') 的文本内容为：2
 Fri, 24 May 2019 10:07:58  INFO conftest.py login_web [ line:45 ] =====用例后置：关闭浏览器会话,清理环境=======
