 Fri, 24 May 2019 13:37:14  INFO logger.py <module> [ line:23 ] 测试开始
 Fri, 24 May 2019 13:37:14  INFO conftest.py login_web [ line:37 ] =====用例前置：初始化浏览器会话，登陆WEB系统=======
 Fri, 24 May 2019 13:37:21  INFO login_page.py login [ line:16 ] 登陆页面_登陆功能
 Fri, 24 May 2019 13:37:21  INFO BasePage.py wait_eleVisible [ line:23 ] 等待元素可见。
 Fri, 24 May 2019 13:37:21  INFO BasePage.py wait_eleVisible [ line:30 ] 输入用户名: 元素 ('xpath', '//*[@id="username"]') 已可见,等待起始时间：2019-05-24 13:37:21.179814,等待时长：0
 Fri, 24 May 2019 13:37:21  INFO BasePage.py get_element [ line:58 ] 输入用户名：开始查找元素：('xpath', '//*[@id="username"]')
 Fri, 24 May 2019 13:37:21  INFO BasePage.py input_text [ line:86 ] 输入用户名: 元素：('xpath', '//*[@id="username"]') 输入内容：it_gongyingying
 Fri, 24 May 2019 13:37:21  INFO BasePage.py wait_eleVisible [ line:23 ] 等待元素可见。
 Fri, 24 May 2019 13:37:21  INFO BasePage.py wait_eleVisible [ line:30 ] 输入密码: 元素 ('xpath', '//*[@id="password"]') 已可见,等待起始时间：2019-05-24 13:37:21.325023,等待时长：0
 Fri, 24 May 2019 13:37:21  INFO BasePage.py get_element [ line:58 ] 输入密码：开始查找元素：('xpath', '//*[@id="password"]')
 Fri, 24 May 2019 13:37:21  INFO BasePage.py input_text [ line:86 ] 输入密码: 元素：('xpath', '//*[@id="password"]') 输入内容：111
 Fri, 24 May 2019 13:37:21  INFO BasePage.py wait_eleVisible [ line:23 ] 等待元素可见。
 Fri, 24 May 2019 13:37:21  INFO BasePage.py wait_eleVisible [ line:30 ] 输入验证码: 元素 ('xpath', '//*[@id="captcha"]') 已可见,等待起始时间：2019-05-24 13:37:21.417775,等待时长：0
 Fri, 24 May 2019 13:37:21  INFO BasePage.py get_element [ line:58 ] 输入验证码：开始查找元素：('xpath', '//*[@id="captcha"]')
 Fri, 24 May 2019 13:37:21  INFO BasePage.py input_text [ line:86 ] 输入验证码: 元素：('xpath', '//*[@id="captcha"]') 输入内容：1111
 Fri, 24 May 2019 13:37:21  INFO BasePage.py wait_eleVisible [ line:23 ] 等待元素可见。
 Fri, 24 May 2019 13:37:21  INFO BasePage.py wait_eleVisible [ line:30 ] 点击登录按钮: 元素 ('xpath', '//*[@id="login-btn"]') 已可见,等待起始时间：2019-05-24 13:37:21.519503,等待时长：0
 Fri, 24 May 2019 13:37:21  INFO BasePage.py get_element [ line:58 ] 点击登录按钮：开始查找元素：('xpath', '//*[@id="login-btn"]')
 Fri, 24 May 2019 13:37:21  INFO BasePage.py click_element [ line:104 ] 点击登录按钮: 元素：('xpath', '//*[@id="login-btn"]') 点击事件。
 Fri, 24 May 2019 13:37:23  INFO test_quan.py test_permisva_rku_ng_qx [ line:552 ] *********入库：开始执行周结入库权限的用例*********
 Fri, 24 May 2019 13:37:24  INFO login_page.py clear_login [ line:25 ] 切换账号
 Fri, 24 May 2019 13:37:24  INFO BasePage.py get_element [ line:58 ] 点击用户：开始查找元素：('xpath', '//*[@aria-expanded="false"]')
 Fri, 24 May 2019 13:37:25  INFO BasePage.py wait_eleVisible [ line:23 ] 等待元素可见。
 Fri, 24 May 2019 13:37:40  ERROR BasePage.py wait_eleVisible [ line:33 ] 等待元素可见异常
Traceback (most recent call last):
  File "D:\pythonxu\python_ERP\Common\BasePage.py", line 27, in wait_eleVisible
    WebDriverWait(self.driver,wait_times,poll_frequency).until(EC.visibility_of_element_located(locator))
  File "C:\Users\test\AppData\Local\Programs\Python\Python37\lib\site-packages\selenium\webdriver\support\wait.py", line 80, in until
    raise TimeoutException(message, screen, stacktrace)
selenium.common.exceptions.TimeoutException: Message: 

 Fri, 24 May 2019 13:37:41  INFO BasePage.py _screenshot [ line:208 ] 截图成功，图片路径为：D:\pythonxu\python_ERP\ScreenShot/xu_2019-05-24-13-37-40_点击用户.png
 Fri, 24 May 2019 13:37:41  INFO BasePage.py wait_eleVisible [ line:23 ] 等待元素可见。
 Fri, 24 May 2019 13:37:41  INFO BasePage.py wait_eleVisible [ line:30 ] 点击注销用户: 元素 ('xpath', '//*[@aria-expanded="false"]') 已可见,等待起始时间：2019-05-24 13:37:41.237929,等待时长：0
 Fri, 24 May 2019 13:37:41  INFO BasePage.py get_element [ line:58 ] 点击注销用户：开始查找元素：('xpath', '//*[@aria-expanded="false"]')
 Fri, 24 May 2019 13:37:41  INFO BasePage.py click_element [ line:104 ] 点击注销用户: 元素：('xpath', '//*[@aria-expanded="false"]') 点击事件。
 Fri, 24 May 2019 13:37:42  INFO BasePage.py wait_eleVisible [ line:23 ] 等待元素可见。
 Fri, 24 May 2019 13:37:42  INFO BasePage.py wait_eleVisible [ line:30 ] 退出: 元素 ('xpath', '//*[@title="注销"]') 已可见,等待起始时间：2019-05-24 13:37:42.332940,等待时长：0
 Fri, 24 May 2019 13:37:42  INFO BasePage.py get_element [ line:58 ] 退出：开始查找元素：('xpath', '//*[@title="注销"]')
 Fri, 24 May 2019 13:37:42  INFO BasePage.py click_element [ line:104 ] 退出: 元素：('xpath', '//*[@title="注销"]') 点击事件。
 Fri, 24 May 2019 13:37:45  INFO login_page.py login [ line:16 ] 登陆页面_登陆功能
 Fri, 24 May 2019 13:37:45  INFO BasePage.py wait_eleVisible [ line:23 ] 等待元素可见。
 Fri, 24 May 2019 13:37:45  INFO BasePage.py wait_eleVisible [ line:30 ] 输入用户名: 元素 ('xpath', '//*[@id="username"]') 已可见,等待起始时间：2019-05-24 13:37:45.874502,等待时长：0
 Fri, 24 May 2019 13:37:45  INFO BasePage.py get_element [ line:58 ] 输入用户名：开始查找元素：('xpath', '//*[@id="username"]')
 Fri, 24 May 2019 13:37:45  INFO BasePage.py input_text [ line:86 ] 输入用户名: 元素：('xpath', '//*[@id="username"]') 输入内容：PD_Wangxiaochuan
 Fri, 24 May 2019 13:37:46  INFO BasePage.py wait_eleVisible [ line:23 ] 等待元素可见。
 Fri, 24 May 2019 13:37:46  INFO BasePage.py wait_eleVisible [ line:30 ] 输入密码: 元素 ('xpath', '//*[@id="password"]') 已可见,等待起始时间：2019-05-24 13:37:46.043325,等待时长：0
 Fri, 24 May 2019 13:37:46  INFO BasePage.py get_element [ line:58 ] 输入密码：开始查找元素：('xpath', '//*[@id="password"]')
 Fri, 24 May 2019 13:37:46  INFO BasePage.py input_text [ line:86 ] 输入密码: 元素：('xpath', '//*[@id="password"]') 输入内容：111
 Fri, 24 May 2019 13:37:46  INFO BasePage.py wait_eleVisible [ line:23 ] 等待元素可见。
 Fri, 24 May 2019 13:37:46  INFO BasePage.py wait_eleVisible [ line:30 ] 输入验证码: 元素 ('xpath', '//*[@id="captcha"]') 已可见,等待起始时间：2019-05-24 13:37:46.133417,等待时长：0
 Fri, 24 May 2019 13:37:46  INFO BasePage.py get_element [ line:58 ] 输入验证码：开始查找元素：('xpath', '//*[@id="captcha"]')
 Fri, 24 May 2019 13:37:46  INFO BasePage.py input_text [ line:86 ] 输入验证码: 元素：('xpath', '//*[@id="captcha"]') 输入内容：1111
 Fri, 24 May 2019 13:37:46  INFO BasePage.py wait_eleVisible [ line:23 ] 等待元素可见。
 Fri, 24 May 2019 13:37:46  INFO BasePage.py wait_eleVisible [ line:30 ] 点击登录按钮: 元素 ('xpath', '//*[@id="login-btn"]') 已可见,等待起始时间：2019-05-24 13:37:46.229541,等待时长：0
 Fri, 24 May 2019 13:37:46  INFO BasePage.py get_element [ line:58 ] 点击登录按钮：开始查找元素：('xpath', '//*[@id="login-btn"]')
 Fri, 24 May 2019 13:37:46  INFO BasePage.py click_element [ line:104 ] 点击登录按钮: 元素：('xpath', '//*[@id="login-btn"]') 点击事件。
 Fri, 24 May 2019 13:37:50  INFO BasePage.py wait_eleVisible [ line:23 ] 等待元素可见。
 Fri, 24 May 2019 13:37:50  INFO BasePage.py wait_eleVisible [ line:30 ] 点击库存管理按钮: 元素 ('xpath', '//*[@id="menu_11000000"]') 已可见,等待起始时间：2019-05-24 13:37:50.400086,等待时长：0
 Fri, 24 May 2019 13:37:50  INFO BasePage.py get_element [ line:58 ] 点击库存管理按钮：开始查找元素：('xpath', '//*[@id="menu_11000000"]')
 Fri, 24 May 2019 13:37:50  INFO BasePage.py click_element [ line:104 ] 点击库存管理按钮: 元素：('xpath', '//*[@id="menu_11000000"]') 点击事件。
 Fri, 24 May 2019 13:37:50  INFO BasePage.py wait_eleVisible [ line:23 ] 等待元素可见。
 Fri, 24 May 2019 13:37:50  INFO BasePage.py wait_eleVisible [ line:30 ] 点击建议采购按钮: 元素 ('xpath', '//*[@id="menu_11131400"]') 已可见,等待起始时间：2019-05-24 13:37:50.505834,等待时长：0
 Fri, 24 May 2019 13:37:50  INFO BasePage.py get_element [ line:58 ] 点击建议采购按钮：开始查找元素：('xpath', '//*[@id="menu_11131400"]')
 Fri, 24 May 2019 13:37:50  INFO BasePage.py click_element [ line:104 ] 点击建议采购按钮: 元素：('xpath', '//*[@id="menu_11131400"]') 点击事件。
 Fri, 24 May 2019 13:37:54  INFO suggest_jianyi_page.py filtrate_order_qx [ line:23 ] 采购订单筛选
 Fri, 24 May 2019 13:37:54  INFO BasePage.py select [ line:140 ] ('xpath', '//*[@name="query.listingStatus"]'):选择上架select列表操作
 Fri, 24 May 2019 13:37:54  INFO BasePage.py wait_eleVisible [ line:23 ] 等待元素可见。
 Fri, 24 May 2019 13:37:54  INFO BasePage.py wait_eleVisible [ line:30 ] 选择上架: 元素 ('xpath', '//*[@name="query.listingStatus"]') 已可见,等待起始时间：2019-05-24 13:37:54.874189,等待时长：0
 Fri, 24 May 2019 13:37:54  INFO BasePage.py get_element [ line:58 ] 选择上架：开始查找元素：('xpath', '//*[@name="query.listingStatus"]')
 Fri, 24 May 2019 13:37:56  INFO BasePage.py select [ line:148 ] select列表操作完毕上架
 Fri, 24 May 2019 13:37:56  INFO BasePage.py select [ line:140 ] ('xpath', '//*[@name="query.hasInTransit"]'):选择否select列表操作
 Fri, 24 May 2019 13:37:56  INFO BasePage.py wait_eleVisible [ line:23 ] 等待元素可见。
 Fri, 24 May 2019 13:37:56  INFO BasePage.py wait_eleVisible [ line:30 ] 选择否: 元素 ('xpath', '//*[@name="query.hasInTransit"]') 已可见,等待起始时间：2019-05-24 13:37:56.491695,等待时长：0
 Fri, 24 May 2019 13:37:56  INFO BasePage.py get_element [ line:58 ] 选择否：开始查找元素：('xpath', '//*[@name="query.hasInTransit"]')
 Fri, 24 May 2019 13:37:58  INFO BasePage.py select [ line:148 ] select列表操作完毕否
 Fri, 24 May 2019 13:37:59  INFO BasePage.py wait_eleVisible [ line:23 ] 等待元素可见。
 Fri, 24 May 2019 13:37:59  INFO BasePage.py wait_eleVisible [ line:30 ] 点击搜索: 元素 ('xpath', '//i[@class="icon-search"]') 已可见,等待起始时间：2019-05-24 13:37:59.107021,等待时长：0
 Fri, 24 May 2019 13:37:59  INFO BasePage.py get_element [ line:58 ] 点击搜索：开始查找元素：('xpath', '//i[@class="icon-search"]')
 Fri, 24 May 2019 13:37:59  INFO BasePage.py click_element [ line:104 ] 点击搜索: 元素：('xpath', '//i[@class="icon-search"]') 点击事件。
 Fri, 24 May 2019 13:38:02  INFO BasePage.py wait_eleVisible [ line:23 ] 等待元素可见。
 Fri, 24 May 2019 13:38:02  INFO BasePage.py wait_eleVisible [ line:30 ] SKU: 元素 ('xpath', '//*[@id="data-list"]//tr[1]//label//a') 已可见,等待起始时间：2019-05-24 13:38:02.344263,等待时长：0
 Fri, 24 May 2019 13:38:02  INFO BasePage.py get_element [ line:58 ] SKU：开始查找元素：('xpath', '//*[@id="data-list"]//tr[1]//label//a')
 Fri, 24 May 2019 13:38:02  INFO BasePage.py get_text [ line:188 ] SKU：获取元素：('xpath', '//*[@id="data-list"]//tr[1]//label//a') 的文本内容
 Fri, 24 May 2019 13:38:02  INFO BasePage.py get_text [ line:191 ] SKU：元素：('xpath', '//*[@id="data-list"]//tr[1]//label//a') 的文本内容为：HJQ50421141A
 Fri, 24 May 2019 13:38:02  INFO BasePage.py wait_eleVisible [ line:23 ] 等待元素可见。
 Fri, 24 May 2019 13:38:02  INFO BasePage.py wait_eleVisible [ line:30 ] 获取采购数量: 元素 ('xpath', '//*[@id="data-list"]//tr[1]//td[19]//input[2]') 已可见,等待起始时间：2019-05-24 13:38:02.391127,等待时长：0
 Fri, 24 May 2019 13:38:02  INFO BasePage.py get_element [ line:58 ] 获取采购数量：开始查找元素：('xpath', '//*[@id="data-list"]//tr[1]//td[19]//input[2]')
 Fri, 24 May 2019 13:38:02  INFO BasePage.py get_element_attribute [ line:121 ] 获取采购数量: 获取元素：('xpath', '//*[@id="data-list"]//tr[1]//td[19]//input[2]') 的属性：value
 Fri, 24 May 2019 13:38:02  INFO BasePage.py get_element_attribute [ line:124 ] 获取采购数量: 元素：('xpath', '//*[@id="data-list"]//tr[1]//td[19]//input[2]') 的属性：value 值为：48
 Fri, 24 May 2019 13:38:02  INFO test_quan.py test_permisva_rku_ng_qx [ line:579 ] 采购的数量为48
 Fri, 24 May 2019 13:38:03  INFO kucun.py get_kucun [ line:13 ] 获取开始库存或最后库存
 Fri, 24 May 2019 13:38:03  INFO BasePage.py wait_eleVisible [ line:23 ] 等待元素可见。
 Fri, 24 May 2019 13:38:03  INFO BasePage.py wait_eleVisible [ line:30 ] 点击库存管理: 元素 ('xpath', '//*[@id="menu_11000000"]') 已可见,等待起始时间：2019-05-24 13:38:03.437783,等待时长：0
 Fri, 24 May 2019 13:38:03  INFO BasePage.py get_element [ line:58 ] 点击库存管理：开始查找元素：('xpath', '//*[@id="menu_11000000"]')
 Fri, 24 May 2019 13:38:03  INFO BasePage.py click_element [ line:104 ] 点击库存管理: 元素：('xpath', '//*[@id="menu_11000000"]') 点击事件。
 Fri, 24 May 2019 13:38:03  INFO BasePage.py wait_eleVisible [ line:23 ] 等待元素可见。
 Fri, 24 May 2019 13:38:03  INFO BasePage.py wait_eleVisible [ line:30 ] 点击大浪仓库: 元素 ('xpath', '//*[@id="menu_11110000_false_01"]/a') 已可见,等待起始时间：2019-05-24 13:38:03.521844,等待时长：0
 Fri, 24 May 2019 13:38:03  INFO BasePage.py get_element [ line:58 ] 点击大浪仓库：开始查找元素：('xpath', '//*[@id="menu_11110000_false_01"]/a')
 Fri, 24 May 2019 13:38:03  INFO BasePage.py click_element [ line:104 ] 点击大浪仓库: 元素：('xpath', '//*[@id="menu_11110000_false_01"]/a') 点击事件。
 Fri, 24 May 2019 13:38:05  INFO BasePage.py wait_eleVisible [ line:23 ] 等待元素可见。
 Fri, 24 May 2019 13:38:05  INFO BasePage.py wait_eleVisible [ line:30 ] 输入SKU: 元素 ('xpath', '//*[@id="product-sku"]') 已可见,等待起始时间：2019-05-24 13:38:05.457084,等待时长：0
 Fri, 24 May 2019 13:38:05  INFO BasePage.py get_element [ line:58 ] 输入SKU：开始查找元素：('xpath', '//*[@id="product-sku"]')
 Fri, 24 May 2019 13:38:05  INFO BasePage.py input_text [ line:86 ] 输入SKU: 元素：('xpath', '//*[@id="product-sku"]') 输入内容：HJQ50421141A
 Fri, 24 May 2019 13:38:05  INFO BasePage.py wait_eleVisible [ line:23 ] 等待元素可见。
 Fri, 24 May 2019 13:38:05  INFO BasePage.py wait_eleVisible [ line:30 ] 点击搜索: 元素 ('xpath', '//*[@id="search-form"]/div/div[2]/button[1]') 已可见,等待起始时间：2019-05-24 13:38:05.826824,等待时长：0
 Fri, 24 May 2019 13:38:05  INFO BasePage.py get_element [ line:58 ] 点击搜索：开始查找元素：('xpath', '//*[@id="search-form"]/div/div[2]/button[1]')
 Fri, 24 May 2019 13:38:05  INFO BasePage.py click_element [ line:104 ] 点击搜索: 元素：('xpath', '//*[@id="search-form"]/div/div[2]/button[1]') 点击事件。
 Fri, 24 May 2019 13:38:09  INFO BasePage.py wait_eleVisible [ line:23 ] 等待元素可见。
 Fri, 24 May 2019 13:38:09  INFO BasePage.py wait_eleVisible [ line:30 ] 返回库存: 元素 ('xpath', '//table[@id="data-list"]/tbody//tr[1]//td[8]') 已可见,等待起始时间：2019-05-24 13:38:09.654448,等待时长：0
 Fri, 24 May 2019 13:38:09  INFO BasePage.py get_element [ line:58 ] 返回库存：开始查找元素：('xpath', '//table[@id="data-list"]/tbody//tr[1]//td[8]')
 Fri, 24 May 2019 13:38:09  INFO BasePage.py get_text [ line:188 ] 返回库存：获取元素：('xpath', '//table[@id="data-list"]/tbody//tr[1]//td[8]') 的文本内容
 Fri, 24 May 2019 13:38:09  INFO BasePage.py get_text [ line:191 ] 返回库存：元素：('xpath', '//table[@id="data-list"]/tbody//tr[1]//td[8]') 的文本内容为：13
 Fri, 24 May 2019 13:38:09  INFO test_quan.py test_permisva_rku_ng_qx [ line:583 ] 库存为：13
 Fri, 24 May 2019 13:38:09  INFO BasePage.py wait_eleVisible [ line:23 ] 等待元素可见。
 Fri, 24 May 2019 13:38:09  INFO BasePage.py wait_eleVisible [ line:30 ] 点击库存管理按钮: 元素 ('xpath', '//*[@id="menu_11000000"]') 已可见,等待起始时间：2019-05-24 13:38:09.710007,等待时长：0
 Fri, 24 May 2019 13:38:09  INFO BasePage.py get_element [ line:58 ] 点击库存管理按钮：开始查找元素：('xpath', '//*[@id="menu_11000000"]')
 Fri, 24 May 2019 13:38:09  INFO BasePage.py click_element [ line:104 ] 点击库存管理按钮: 元素：('xpath', '//*[@id="menu_11000000"]') 点击事件。
 Fri, 24 May 2019 13:38:09  INFO BasePage.py wait_eleVisible [ line:23 ] 等待元素可见。
 Fri, 24 May 2019 13:38:09  INFO BasePage.py wait_eleVisible [ line:30 ] 点击建议采购按钮: 元素 ('xpath', '//*[@id="menu_11131400"]') 已可见,等待起始时间：2019-05-24 13:38:09.848735,等待时长：0
 Fri, 24 May 2019 13:38:09  INFO BasePage.py get_element [ line:58 ] 点击建议采购按钮：开始查找元素：('xpath', '//*[@id="menu_11131400"]')
 Fri, 24 May 2019 13:38:09  INFO BasePage.py click_element [ line:104 ] 点击建议采购按钮: 元素：('xpath', '//*[@id="menu_11131400"]') 点击事件。
 Fri, 24 May 2019 13:38:14  INFO suggest_jianyi_page.py input_sku [ line:36 ] 输入SKU搜索
 Fri, 24 May 2019 13:38:14  INFO BasePage.py wait_eleVisible [ line:23 ] 等待元素可见。
 Fri, 24 May 2019 13:38:14  INFO BasePage.py wait_eleVisible [ line:30 ] 输入SKU: 元素 ('xpath', '//*[@id="product-sku"]') 已可见,等待起始时间：2019-05-24 13:38:14.349895,等待时长：0
 Fri, 24 May 2019 13:38:14  INFO BasePage.py get_element [ line:58 ] 输入SKU：开始查找元素：('xpath', '//*[@id="product-sku"]')
 Fri, 24 May 2019 13:38:14  INFO BasePage.py input_text [ line:86 ] 输入SKU: 元素：('xpath', '//*[@id="product-sku"]') 输入内容：HJQ50421141A
 Fri, 24 May 2019 13:38:15  INFO BasePage.py wait_eleVisible [ line:23 ] 等待元素可见。
 Fri, 24 May 2019 13:38:15  INFO BasePage.py wait_eleVisible [ line:30 ] 点击搜索按钮: 元素 ('xpath', '//i[@class="icon-search"]') 已可见,等待起始时间：2019-05-24 13:38:15.557796,等待时长：0
 Fri, 24 May 2019 13:38:15  INFO BasePage.py get_element [ line:58 ] 点击搜索按钮：开始查找元素：('xpath', '//i[@class="icon-search"]')
 Fri, 24 May 2019 13:38:15  INFO BasePage.py click_element [ line:104 ] 点击搜索按钮: 元素：('xpath', '//i[@class="icon-search"]') 点击事件。
 Fri, 24 May 2019 13:38:18  INFO suggest_jianyi_page.py choose_order [ line:43 ] 勾选订单
 Fri, 24 May 2019 13:38:18  INFO BasePage.py wait_eleVisible [ line:23 ] 等待元素可见。
 Fri, 24 May 2019 13:38:18  INFO BasePage.py wait_eleVisible [ line:30 ] 勾选第一个订单: 元素 ('xpath', '//input[@name="checkedSkuList"]') 已可见,等待起始时间：2019-05-24 13:38:18.864753,等待时长：0
 Fri, 24 May 2019 13:38:18  INFO BasePage.py get_element [ line:58 ] 勾选第一个订单：开始查找元素：('xpath', '//input[@name="checkedSkuList"]')
 Fri, 24 May 2019 13:38:18  INFO BasePage.py click_element [ line:104 ] 勾选第一个订单: 元素：('xpath', '//input[@name="checkedSkuList"]') 点击事件。
 Fri, 24 May 2019 13:38:19  INFO BasePage.py wait_eleVisible [ line:23 ] 等待元素可见。
 Fri, 24 May 2019 13:38:19  INFO BasePage.py wait_eleVisible [ line:30 ] 生成采购单: 元素 ('xpath', '//*[@id="purchase-form"]//button[1]') 已可见,等待起始时间：2019-05-24 13:38:19.947855,等待时长：0
 Fri, 24 May 2019 13:38:19  INFO BasePage.py get_element [ line:58 ] 生成采购单：开始查找元素：('xpath', '//*[@id="purchase-form"]//button[1]')
 Fri, 24 May 2019 13:38:19  INFO BasePage.py click_element [ line:104 ] 生成采购单: 元素：('xpath', '//*[@id="purchase-form"]//button[1]') 点击事件。
 Fri, 24 May 2019 13:38:23  INFO BasePage.py get_alert [ line:237 ] 弹窗处理
 Fri, 24 May 2019 13:38:23  INFO BasePage.py get_alert [ line:242 ] alert弹窗处理完成
 Fri, 24 May 2019 13:38:26  INFO list_caiguo_page.py bulk_operation [ line:48 ] 确认是否可付款 或 是否需确认
 Fri, 24 May 2019 13:38:29  INFO BasePage.py wait_eleVisible [ line:23 ] 等待元素可见。
 Fri, 24 May 2019 13:38:29  INFO BasePage.py wait_eleVisible [ line:30 ] 点击采购单列表: 元素 ('xpath', '//ul[@class="nav nav-tabs custom"]//*[@id="menu_11131000"]') 已可见,等待起始时间：2019-05-24 13:38:29.058683,等待时长：0
 Fri, 24 May 2019 13:38:29  INFO BasePage.py get_element [ line:58 ] 点击采购单列表：开始查找元素：('xpath', '//ul[@class="nav nav-tabs custom"]//*[@id="menu_11131000"]')
 Fri, 24 May 2019 13:38:29  INFO BasePage.py click_element [ line:104 ] 点击采购单列表: 元素：('xpath', '//ul[@class="nav nav-tabs custom"]//*[@id="menu_11131000"]') 点击事件。
 Fri, 24 May 2019 13:38:32  INFO BasePage.py wait_eleVisible [ line:23 ] 等待元素可见。
 Fri, 24 May 2019 13:38:32  INFO BasePage.py wait_eleVisible [ line:30 ] 输入SKU查询: 元素 ('xpath', '//*[@id="product-sku"]') 已可见,等待起始时间：2019-05-24 13:38:32.660925,等待时长：0
 Fri, 24 May 2019 13:38:32  INFO BasePage.py get_element [ line:58 ] 输入SKU查询：开始查找元素：('xpath', '//*[@id="product-sku"]')
 Fri, 24 May 2019 13:38:32  INFO BasePage.py input_text [ line:86 ] 输入SKU查询: 元素：('xpath', '//*[@id="product-sku"]') 输入内容：HJQ50421141A
 Fri, 24 May 2019 13:38:33  INFO BasePage.py wait_eleVisible [ line:23 ] 等待元素可见。
 Fri, 24 May 2019 13:38:33  INFO BasePage.py wait_eleVisible [ line:30 ] sku查询按钮: 元素 ('xpath', '//*[@id="submitBtn"]') 已可见,等待起始时间：2019-05-24 13:38:33.393024,等待时长：0
 Fri, 24 May 2019 13:38:33  INFO BasePage.py get_element [ line:58 ] sku查询按钮：开始查找元素：('xpath', '//*[@id="submitBtn"]')
 Fri, 24 May 2019 13:38:33  INFO BasePage.py click_element [ line:104 ] sku查询按钮: 元素：('xpath', '//*[@id="submitBtn"]') 点击事件。
 Fri, 24 May 2019 13:38:36  INFO BasePage.py get_money_way [ line:277 ] 判断结款方式是否可见//table[@id="data-list"]//tbody//tr[1]//td[8]
 Fri, 24 May 2019 13:38:36  INFO BasePage.py get_money_way [ line:281 ] 类型<class 'str'>
 Fri, 24 May 2019 13:38:36  INFO BasePage.py get_money_way [ line:282 ] 结款方式阿里线上：线上现结
 Fri, 24 May 2019 13:38:36  INFO BasePage.py wait_eleVisible [ line:23 ] 等待元素可见。
 Fri, 24 May 2019 13:38:36  INFO BasePage.py wait_eleVisible [ line:30 ] 获取外部订单号，用于判断是否为空: 元素 ('xpath', '//table[@id="data-list"]//tbody//tr[1]//td[9]') 已可见,等待起始时间：2019-05-24 13:38:36.930832,等待时长：0
 Fri, 24 May 2019 13:38:36  INFO BasePage.py get_element [ line:58 ] 获取外部订单号，用于判断是否为空：开始查找元素：('xpath', '//table[@id="data-list"]//tbody//tr[1]//td[9]')
 Fri, 24 May 2019 13:38:36  INFO BasePage.py get_text [ line:188 ] 获取外部订单号，用于判断是否为空：获取元素：('xpath', '//table[@id="data-list"]//tbody//tr[1]//td[9]') 的文本内容
 Fri, 24 May 2019 13:38:36  INFO BasePage.py get_text [ line:191 ] 获取外部订单号，用于判断是否为空：元素：('xpath', '//table[@id="data-list"]//tbody//tr[1]//td[9]') 的文本内容为：
 Fri, 24 May 2019 13:38:36  INFO list_caiguo_page.py bulk_operation [ line:58 ] 外部订单号为空
 Fri, 24 May 2019 13:38:39  INFO BasePage.py wait_eleVisible [ line:23 ] 等待元素可见。
 Fri, 24 May 2019 13:38:40  INFO BasePage.py wait_eleVisible [ line:30 ] 勾选订单: 元素 ('xpath', '//*[@id="data-list"]//tbody//tr[1]//td[1]//input[2]') 已可见,等待起始时间：2019-05-24 13:38:39.986663,等待时长：0
 Fri, 24 May 2019 13:38:40  INFO BasePage.py get_element [ line:58 ] 勾选订单：开始查找元素：('xpath', '//*[@id="data-list"]//tbody//tr[1]//td[1]//input[2]')
 Fri, 24 May 2019 13:38:40  INFO BasePage.py click_element [ line:104 ] 勾选订单: 元素：('xpath', '//*[@id="data-list"]//tbody//tr[1]//td[1]//input[2]') 点击事件。
 Fri, 24 May 2019 13:38:40  INFO BasePage.py wait_eleVisible [ line:23 ] 等待元素可见。
 Fri, 24 May 2019 13:38:40  INFO BasePage.py wait_eleVisible [ line:30 ] 选择批量操作: 元素 ('xpath', '//select[@class="form-control input-medium input-inline order-do"]') 已可见,等待起始时间：2019-05-24 13:38:40.063659,等待时长：0
 Fri, 24 May 2019 13:38:40  INFO BasePage.py get_element [ line:58 ] 选择批量操作：开始查找元素：('xpath', '//select[@class="form-control input-medium input-inline order-do"]')
 Fri, 24 May 2019 13:38:40  INFO BasePage.py click_element [ line:104 ] 选择批量操作: 元素：('xpath', '//select[@class="form-control input-medium input-inline order-do"]') 点击事件。
 Fri, 24 May 2019 13:38:40  INFO BasePage.py isElementExist [ line:251 ] 判断元素是否存在('xpath', '//select[@class="form-control input-medium input-inline order-do"]//optgroup//option[6]')
 Fri, 24 May 2019 13:38:40  INFO BasePage.py isElementExist [ line:259 ] 判断修改采购单是否存在
 Fri, 24 May 2019 13:38:40  INFO BasePage.py wait_eleVisible [ line:23 ] 等待元素可见。
 Fri, 24 May 2019 13:38:40  INFO BasePage.py wait_eleVisible [ line:30 ] 点击编辑按钮: 元素 ('xpath', '//*[@id="data-list"]//tbody//tr[1]//td[13]/a[4]') 已可见,等待起始时间：2019-05-24 13:38:40.672980,等待时长：0
 Fri, 24 May 2019 13:38:40  INFO BasePage.py get_element [ line:58 ] 点击编辑按钮：开始查找元素：('xpath', '//*[@id="data-list"]//tbody//tr[1]//td[13]/a[4]')
 Fri, 24 May 2019 13:38:40  INFO BasePage.py click_element [ line:104 ] 点击编辑按钮: 元素：('xpath', '//*[@id="data-list"]//tbody//tr[1]//td[13]/a[4]') 点击事件。
 Fri, 24 May 2019 13:38:41  INFO BasePage.py wait_eleVisible [ line:23 ] 等待元素可见。
 Fri, 24 May 2019 13:38:41  INFO BasePage.py wait_eleVisible [ line:30 ] 输入订单号: 元素 ('xpath', '//*[@id="external-orderId"]') 已可见,等待起始时间：2019-05-24 13:38:41.896407,等待时长：0
 Fri, 24 May 2019 13:38:41  INFO BasePage.py get_element [ line:58 ] 输入订单号：开始查找元素：('xpath', '//*[@id="external-orderId"]')
 Fri, 24 May 2019 13:38:41  INFO BasePage.py input_text [ line:86 ] 输入订单号: 元素：('xpath', '//*[@id="external-orderId"]') 输入内容：686512
 Fri, 24 May 2019 13:38:42  INFO BasePage.py wait_eleVisible [ line:23 ] 等待元素可见。
 Fri, 24 May 2019 13:38:42  INFO BasePage.py wait_eleVisible [ line:30 ] 确认修改: 元素 ('xpath', '//*[@id="fixed-bottom"]//button') 已可见,等待起始时间：2019-05-24 13:38:42.552271,等待时长：0
 Fri, 24 May 2019 13:38:42  INFO BasePage.py get_element [ line:58 ] 确认修改：开始查找元素：('xpath', '//*[@id="fixed-bottom"]//button')
 Fri, 24 May 2019 13:38:42  INFO BasePage.py click_element [ line:104 ] 确认修改: 元素：('xpath', '//*[@id="fixed-bottom"]//button') 点击事件。
 Fri, 24 May 2019 13:38:42  INFO BasePage.py get_alert [ line:237 ] 弹窗处理
 Fri, 24 May 2019 13:38:42  INFO BasePage.py get_alert [ line:242 ] alert弹窗处理完成
 Fri, 24 May 2019 13:38:43  INFO list_caiguo_page.py bulk_operation [ line:79 ] 是否需要确认
 Fri, 24 May 2019 13:38:47  INFO BasePage.py wait_eleVisible [ line:23 ] 等待元素可见。
 Fri, 24 May 2019 13:38:47  INFO BasePage.py wait_eleVisible [ line:30 ] 勾选订单: 元素 ('xpath', '//*[@id="data-list"]//tbody//tr[1]//td[1]//input[2]') 已可见,等待起始时间：2019-05-24 13:38:47.654053,等待时长：0
 Fri, 24 May 2019 13:38:47  INFO BasePage.py get_element [ line:58 ] 勾选订单：开始查找元素：('xpath', '//*[@id="data-list"]//tbody//tr[1]//td[1]//input[2]')
 Fri, 24 May 2019 13:38:47  INFO BasePage.py click_element [ line:104 ] 勾选订单: 元素：('xpath', '//*[@id="data-list"]//tbody//tr[1]//td[1]//input[2]') 点击事件。
 Fri, 24 May 2019 13:38:47  INFO BasePage.py wait_eleVisible [ line:23 ] 等待元素可见。
 Fri, 24 May 2019 13:38:47  INFO BasePage.py wait_eleVisible [ line:30 ] 选择批量操作: 元素 ('xpath', '//select[@class="form-control input-medium input-inline order-do"]') 已可见,等待起始时间：2019-05-24 13:38:47.729838,等待时长：0
 Fri, 24 May 2019 13:38:47  INFO BasePage.py get_element [ line:58 ] 选择批量操作：开始查找元素：('xpath', '//select[@class="form-control input-medium input-inline order-do"]')
 Fri, 24 May 2019 13:38:47  INFO BasePage.py click_element [ line:104 ] 选择批量操作: 元素：('xpath', '//select[@class="form-control input-medium input-inline order-do"]') 点击事件。
 Fri, 24 May 2019 13:38:47  INFO BasePage.py wait_eleVisible [ line:23 ] 等待元素可见。
 Fri, 24 May 2019 13:38:47  INFO BasePage.py wait_eleVisible [ line:30 ] 点击确认按钮: 元素 ('xpath', '//select[@class="form-control input-medium input-inline order-do"]//optgroup//option[2]') 已可见,等待起始时间：2019-05-24 13:38:47.810856,等待时长：0
 Fri, 24 May 2019 13:38:47  INFO BasePage.py get_element [ line:58 ] 点击确认按钮：开始查找元素：('xpath', '//select[@class="form-control input-medium input-inline order-do"]//optgroup//option[2]')
 Fri, 24 May 2019 13:38:47  INFO BasePage.py click_element [ line:104 ] 点击确认按钮: 元素：('xpath', '//select[@class="form-control input-medium input-inline order-do"]//optgroup//option[2]') 点击事件。
 Fri, 24 May 2019 13:38:48  INFO BasePage.py wait_eleVisible [ line:23 ] 等待元素可见。
 Fri, 24 May 2019 13:38:48  INFO BasePage.py wait_eleVisible [ line:30 ] 点击确认按钮: 元素 ('xpath', '//button[@data-id="ok"]') 已可见,等待起始时间：2019-05-24 13:38:48.899673,等待时长：0
 Fri, 24 May 2019 13:38:48  INFO BasePage.py get_element [ line:58 ] 点击确认按钮：开始查找元素：('xpath', '//button[@data-id="ok"]')
 Fri, 24 May 2019 13:38:48  INFO BasePage.py click_element [ line:104 ] 点击确认按钮: 元素：('xpath', '//button[@data-id="ok"]') 点击事件。
 Fri, 24 May 2019 13:38:53  INFO list_caiguo_page.py input_expressage [ line:26 ] 填写快递单号：686512
 Fri, 24 May 2019 13:38:53  INFO BasePage.py wait_eleVisible [ line:23 ] 等待元素可见。
 Fri, 24 May 2019 13:38:54  INFO BasePage.py wait_eleVisible [ line:30 ] 点击快递单号: 元素 ('xpath', '//table[@id="data-list"]//tbody//tr[1]//td[11]//a') 已可见,等待起始时间：2019-05-24 13:38:53.994936,等待时长：0
 Fri, 24 May 2019 13:38:54  INFO BasePage.py get_element [ line:58 ] 点击快递单号：开始查找元素：('xpath', '//table[@id="data-list"]//tbody//tr[1]//td[11]//a')
 Fri, 24 May 2019 13:38:54  INFO BasePage.py click_element [ line:104 ] 点击快递单号: 元素：('xpath', '//table[@id="data-list"]//tbody//tr[1]//td[11]//a') 点击事件。
 Fri, 24 May 2019 13:38:54  INFO BasePage.py wait_eleVisible [ line:23 ] 等待元素可见。
 Fri, 24 May 2019 13:38:54  INFO BasePage.py wait_eleVisible [ line:30 ] 输入快递单号: 元素 ('xpath', '//textarea[@class="form-control"]') 已可见,等待起始时间：2019-05-24 13:38:54.608187,等待时长：0
 Fri, 24 May 2019 13:38:54  INFO BasePage.py get_element [ line:58 ] 输入快递单号：开始查找元素：('xpath', '//textarea[@class="form-control"]')
 Fri, 24 May 2019 13:38:54  INFO BasePage.py input_text [ line:86 ] 输入快递单号: 元素：('xpath', '//textarea[@class="form-control"]') 输入内容：686512
 Fri, 24 May 2019 13:38:54  INFO BasePage.py wait_eleVisible [ line:23 ] 等待元素可见。
 Fri, 24 May 2019 13:38:54  INFO BasePage.py wait_eleVisible [ line:30 ] 点击确认按钮: 元素 ('xpath', '//button[@class="btn blue editable-submit"]') 已可见,等待起始时间：2019-05-24 13:38:54.712428,等待时长：0
 Fri, 24 May 2019 13:38:54  INFO BasePage.py get_element [ line:58 ] 点击确认按钮：开始查找元素：('xpath', '//button[@class="btn blue editable-submit"]')
 Fri, 24 May 2019 13:38:54  INFO BasePage.py click_element [ line:104 ] 点击确认按钮: 元素：('xpath', '//button[@class="btn blue editable-submit"]') 点击事件。
 Fri, 24 May 2019 13:38:58  INFO list_caiguo_page.py confirm_purchase [ line:35 ] 确认采购下单
 Fri, 24 May 2019 13:38:58  INFO BasePage.py wait_eleVisible [ line:23 ] 等待元素可见。
 Fri, 24 May 2019 13:38:58  INFO BasePage.py wait_eleVisible [ line:30 ] 点击确认采购按钮: 元素 ('xpath', '//table[@id="data-list"]//tbody//tr[1]//td[13]//a[3]') 已可见,等待起始时间：2019-05-24 13:38:58.791784,等待时长：0
 Fri, 24 May 2019 13:38:58  INFO BasePage.py get_element [ line:58 ] 点击确认采购按钮：开始查找元素：('xpath', '//table[@id="data-list"]//tbody//tr[1]//td[13]//a[3]')
 Fri, 24 May 2019 13:38:58  INFO BasePage.py click_element [ line:104 ] 点击确认采购按钮: 元素：('xpath', '//table[@id="data-list"]//tbody//tr[1]//td[13]//a[3]') 点击事件。
 Fri, 24 May 2019 13:38:59  INFO BasePage.py wait_eleVisible [ line:23 ] 等待元素可见。
 Fri, 24 May 2019 13:38:59  INFO BasePage.py wait_eleVisible [ line:30 ] 点击确认按钮: 元素 ('xpath', '//button[@data-id="ok"]') 已可见,等待起始时间：2019-05-24 13:38:59.393094,等待时长：0
 Fri, 24 May 2019 13:38:59  INFO BasePage.py get_element [ line:58 ] 点击确认按钮：开始查找元素：('xpath', '//button[@data-id="ok"]')
 Fri, 24 May 2019 13:38:59  INFO BasePage.py click_element [ line:104 ] 点击确认按钮: 元素：('xpath', '//button[@data-id="ok"]') 点击事件。
 Fri, 24 May 2019 13:38:59  INFO BasePage.py wait_eleVisible [ line:23 ] 等待元素可见。
 Fri, 24 May 2019 13:39:00  INFO BasePage.py wait_eleVisible [ line:30 ] 二次确认: 元素 ('xpath', '//button[@data-id="ok"]') 已可见,等待起始时间：2019-05-24 13:38:59.970818,等待时长：0
 Fri, 24 May 2019 13:39:00  INFO BasePage.py get_element [ line:58 ] 二次确认：开始查找元素：('xpath', '//button[@data-id="ok"]')
 Fri, 24 May 2019 13:39:00  INFO BasePage.py click_element [ line:104 ] 二次确认: 元素：('xpath', '//button[@data-id="ok"]') 点击事件。
 Fri, 24 May 2019 13:39:00  INFO BasePage.py wait_eleVisible [ line:23 ] 等待元素可见。
 Fri, 24 May 2019 13:39:00  INFO BasePage.py wait_eleVisible [ line:30 ] 获取订单号，用于断言订单是pass是否正常: 元素 ('xpath', '//*[@id="data-list"]/tbody/tr[1]/td[2]//div[1]') 已可见,等待起始时间：2019-05-24 13:39:00.709126,等待时长：0
 Fri, 24 May 2019 13:39:00  INFO BasePage.py get_element [ line:58 ] 获取订单号，用于断言订单是pass是否正常：开始查找元素：('xpath', '//*[@id="data-list"]/tbody/tr[1]/td[2]//div[1]')
 Fri, 24 May 2019 13:39:00  INFO BasePage.py get_text [ line:188 ] 获取订单号，用于断言订单是pass是否正常：获取元素：('xpath', '//*[@id="data-list"]/tbody/tr[1]/td[2]//div[1]') 的文本内容
 Fri, 24 May 2019 13:39:00  INFO BasePage.py get_text [ line:191 ] 获取订单号，用于断言订单是pass是否正常：元素：('xpath', '//*[@id="data-list"]/tbody/tr[1]/td[2]//div[1]') 的文本内容为：PO20190524133823489
 Fri, 24 May 2019 13:39:03  INFO login_page.py clear_login [ line:25 ] 切换账号
 Fri, 24 May 2019 13:39:03  INFO BasePage.py get_element [ line:58 ] 点击用户：开始查找元素：('xpath', '//*[@aria-expanded="false"]')
 Fri, 24 May 2019 13:39:04  INFO BasePage.py wait_eleVisible [ line:23 ] 等待元素可见。
 Fri, 24 May 2019 13:39:04  INFO BasePage.py wait_eleVisible [ line:30 ] 点击用户: 元素 ('xpath', '//*[@title="注销"]') 已可见,等待起始时间：2019-05-24 13:39:04.833862,等待时长：0
 Fri, 24 May 2019 13:39:04  INFO BasePage.py get_element [ line:58 ] 点击用户：开始查找元素：('xpath', '//*[@title="注销"]')
 Fri, 24 May 2019 13:39:04  INFO BasePage.py click_element [ line:104 ] 点击用户: 元素：('xpath', '//*[@title="注销"]') 点击事件。
 Fri, 24 May 2019 13:39:08  INFO login_page.py login [ line:16 ] 登陆页面_登陆功能
 Fri, 24 May 2019 13:39:08  INFO BasePage.py wait_eleVisible [ line:23 ] 等待元素可见。
 Fri, 24 May 2019 13:39:08  INFO BasePage.py wait_eleVisible [ line:30 ] 输入用户名: 元素 ('xpath', '//*[@id="username"]') 已可见,等待起始时间：2019-05-24 13:39:08.324189,等待时长：0
 Fri, 24 May 2019 13:39:08  INFO BasePage.py get_element [ line:58 ] 输入用户名：开始查找元素：('xpath', '//*[@id="username"]')
 Fri, 24 May 2019 13:39:08  INFO BasePage.py input_text [ line:86 ] 输入用户名: 元素：('xpath', '//*[@id="username"]') 输入内容：002782
 Fri, 24 May 2019 13:39:08  INFO BasePage.py wait_eleVisible [ line:23 ] 等待元素可见。
 Fri, 24 May 2019 13:39:08  INFO BasePage.py wait_eleVisible [ line:30 ] 输入密码: 元素 ('xpath', '//*[@id="password"]') 已可见,等待起始时间：2019-05-24 13:39:08.420566,等待时长：0
 Fri, 24 May 2019 13:39:08  INFO BasePage.py get_element [ line:58 ] 输入密码：开始查找元素：('xpath', '//*[@id="password"]')
 Fri, 24 May 2019 13:39:08  INFO BasePage.py input_text [ line:86 ] 输入密码: 元素：('xpath', '//*[@id="password"]') 输入内容：111
 Fri, 24 May 2019 13:39:08  INFO BasePage.py wait_eleVisible [ line:23 ] 等待元素可见。
 Fri, 24 May 2019 13:39:08  INFO BasePage.py wait_eleVisible [ line:30 ] 输入验证码: 元素 ('xpath', '//*[@id="captcha"]') 已可见,等待起始时间：2019-05-24 13:39:08.507264,等待时长：0
 Fri, 24 May 2019 13:39:08  INFO BasePage.py get_element [ line:58 ] 输入验证码：开始查找元素：('xpath', '//*[@id="captcha"]')
 Fri, 24 May 2019 13:39:08  INFO BasePage.py input_text [ line:86 ] 输入验证码: 元素：('xpath', '//*[@id="captcha"]') 输入内容：1111
 Fri, 24 May 2019 13:39:08  INFO BasePage.py wait_eleVisible [ line:23 ] 等待元素可见。
 Fri, 24 May 2019 13:39:08  INFO BasePage.py wait_eleVisible [ line:30 ] 点击登录按钮: 元素 ('xpath', '//*[@id="login-btn"]') 已可见,等待起始时间：2019-05-24 13:39:08.605280,等待时长：0
 Fri, 24 May 2019 13:39:08  INFO BasePage.py get_element [ line:58 ] 点击登录按钮：开始查找元素：('xpath', '//*[@id="login-btn"]')
 Fri, 24 May 2019 13:39:08  INFO BasePage.py click_element [ line:104 ] 点击登录按钮: 元素：('xpath', '//*[@id="login-btn"]') 点击事件。
 Fri, 24 May 2019 13:39:12  INFO rku_scan.py back_to_scan [ line:20 ] 回货扫描
 Fri, 24 May 2019 13:39:12  INFO BasePage.py wait_eleVisible [ line:23 ] 等待元素可见。
 Fri, 24 May 2019 13:39:12  INFO BasePage.py wait_eleVisible [ line:30 ] 点击收发货管理: 元素 ('xpath', '//*[@id="menu_13000000"]/a') 已可见,等待起始时间：2019-05-24 13:39:12.780474,等待时长：0
 Fri, 24 May 2019 13:39:12  INFO BasePage.py get_element [ line:58 ] 点击收发货管理：开始查找元素：('xpath', '//*[@id="menu_13000000"]/a')
 Fri, 24 May 2019 13:39:12  INFO BasePage.py click_element [ line:104 ] 点击收发货管理: 元素：('xpath', '//*[@id="menu_13000000"]/a') 点击事件。
 Fri, 24 May 2019 13:39:12  INFO BasePage.py wait_eleVisible [ line:23 ] 等待元素可见。
 Fri, 24 May 2019 13:39:12  INFO BasePage.py wait_eleVisible [ line:30 ] 点击回货扫描: 元素 ('xpath', '//*[@id="menu_13131400"]/a') 已可见,等待起始时间：2019-05-24 13:39:12.876862,等待时长：0
 Fri, 24 May 2019 13:39:12  INFO BasePage.py get_element [ line:58 ] 点击回货扫描：开始查找元素：('xpath', '//*[@id="menu_13131400"]/a')
 Fri, 24 May 2019 13:39:12  INFO BasePage.py click_element [ line:104 ] 点击回货扫描: 元素：('xpath', '//*[@id="menu_13131400"]/a') 点击事件。
 Fri, 24 May 2019 13:39:13  INFO BasePage.py wait_eleVisible [ line:23 ] 等待元素可见。
 Fri, 24 May 2019 13:39:13  INFO BasePage.py wait_eleVisible [ line:30 ] 输入快递订单号: 元素 ('xpath', '//*[@id="expressId"]') 已可见,等待起始时间：2019-05-24 13:39:13.122486,等待时长：0
 Fri, 24 May 2019 13:39:13  INFO BasePage.py get_element [ line:58 ] 输入快递订单号：开始查找元素：('xpath', '//*[@id="expressId"]')
 Fri, 24 May 2019 13:39:13  INFO BasePage.py input_text [ line:86 ] 输入快递订单号: 元素：('xpath', '//*[@id="expressId"]') 输入内容：686512
 Fri, 24 May 2019 13:39:13  INFO BasePage.py get_element [ line:58 ] ：开始查找元素：('xpath', '//*[@id="expressId"]')
 Fri, 24 May 2019 13:39:17  INFO login_page.py clear_login [ line:25 ] 切换账号
 Fri, 24 May 2019 13:39:17  INFO BasePage.py get_element [ line:58 ] 点击用户：开始查找元素：('xpath', '//*[@aria-expanded="false"]')
 Fri, 24 May 2019 13:39:18  INFO BasePage.py wait_eleVisible [ line:23 ] 等待元素可见。
 Fri, 24 May 2019 13:39:18  INFO BasePage.py wait_eleVisible [ line:30 ] 点击用户: 元素 ('xpath', '//*[@title="注销"]') 已可见,等待起始时间：2019-05-24 13:39:18.315951,等待时长：0
 Fri, 24 May 2019 13:39:18  INFO BasePage.py get_element [ line:58 ] 点击用户：开始查找元素：('xpath', '//*[@title="注销"]')
 Fri, 24 May 2019 13:39:18  INFO BasePage.py click_element [ line:104 ] 点击用户: 元素：('xpath', '//*[@title="注销"]') 点击事件。
 Fri, 24 May 2019 13:39:21  INFO login_page.py login [ line:16 ] 登陆页面_登陆功能
 Fri, 24 May 2019 13:39:21  INFO BasePage.py wait_eleVisible [ line:23 ] 等待元素可见。
 Fri, 24 May 2019 13:39:21  INFO BasePage.py wait_eleVisible [ line:30 ] 输入用户名: 元素 ('xpath', '//*[@id="username"]') 已可见,等待起始时间：2019-05-24 13:39:21.777020,等待时长：0
 Fri, 24 May 2019 13:39:21  INFO BasePage.py get_element [ line:58 ] 输入用户名：开始查找元素：('xpath', '//*[@id="username"]')
 Fri, 24 May 2019 13:39:21  INFO BasePage.py input_text [ line:86 ] 输入用户名: 元素：('xpath', '//*[@id="username"]') 输入内容：171706
 Fri, 24 May 2019 13:39:21  INFO BasePage.py wait_eleVisible [ line:23 ] 等待元素可见。
 Fri, 24 May 2019 13:39:21  INFO BasePage.py wait_eleVisible [ line:30 ] 输入密码: 元素 ('xpath', '//*[@id="password"]') 已可见,等待起始时间：2019-05-24 13:39:21.886513,等待时长：0
 Fri, 24 May 2019 13:39:21  INFO BasePage.py get_element [ line:58 ] 输入密码：开始查找元素：('xpath', '//*[@id="password"]')
 Fri, 24 May 2019 13:39:21  INFO BasePage.py input_text [ line:86 ] 输入密码: 元素：('xpath', '//*[@id="password"]') 输入内容：111
 Fri, 24 May 2019 13:39:21  INFO BasePage.py wait_eleVisible [ line:23 ] 等待元素可见。
 Fri, 24 May 2019 13:39:22  INFO BasePage.py wait_eleVisible [ line:30 ] 输入验证码: 元素 ('xpath', '//*[@id="captcha"]') 已可见,等待起始时间：2019-05-24 13:39:21.976273,等待时长：0
 Fri, 24 May 2019 13:39:22  INFO BasePage.py get_element [ line:58 ] 输入验证码：开始查找元素：('xpath', '//*[@id="captcha"]')
 Fri, 24 May 2019 13:39:22  INFO BasePage.py input_text [ line:86 ] 输入验证码: 元素：('xpath', '//*[@id="captcha"]') 输入内容：1111
 Fri, 24 May 2019 13:39:22  INFO BasePage.py wait_eleVisible [ line:23 ] 等待元素可见。
 Fri, 24 May 2019 13:39:22  INFO BasePage.py wait_eleVisible [ line:30 ] 点击登录按钮: 元素 ('xpath', '//*[@id="login-btn"]') 已可见,等待起始时间：2019-05-24 13:39:22.076008,等待时长：0
 Fri, 24 May 2019 13:39:22  INFO BasePage.py get_element [ line:58 ] 点击登录按钮：开始查找元素：('xpath', '//*[@id="login-btn"]')
 Fri, 24 May 2019 13:39:22  INFO BasePage.py click_element [ line:104 ] 点击登录按钮: 元素：('xpath', '//*[@id="login-btn"]') 点击事件。
 Fri, 24 May 2019 13:39:26  INFO rku_scan.py ex_to_scan [ line:40 ] 快递单号扫描
 Fri, 24 May 2019 13:39:26  INFO BasePage.py wait_eleVisible [ line:23 ] 等待元素可见。
 Fri, 24 May 2019 13:39:26  INFO BasePage.py wait_eleVisible [ line:30 ] 点击收发货管理: 元素 ('xpath', '//*[@id="menu_13000000"]/a') 已可见,等待起始时间：2019-05-24 13:39:26.267585,等待时长：0
 Fri, 24 May 2019 13:39:26  INFO BasePage.py get_element [ line:58 ] 点击收发货管理：开始查找元素：('xpath', '//*[@id="menu_13000000"]/a')
 Fri, 24 May 2019 13:39:26  INFO BasePage.py click_element [ line:104 ] 点击收发货管理: 元素：('xpath', '//*[@id="menu_13000000"]/a') 点击事件。
 Fri, 24 May 2019 13:39:26  INFO BasePage.py wait_eleVisible [ line:23 ] 等待元素可见。
 Fri, 24 May 2019 13:39:26  INFO BasePage.py wait_eleVisible [ line:30 ] 点击快递单号查询: 元素 ('xpath', '//*[@id="menu_13000000"]//*[@id="menu_13131000"]/a') 已可见,等待起始时间：2019-05-24 13:39:26.363119,等待时长：0
 Fri, 24 May 2019 13:39:26  INFO BasePage.py get_element [ line:58 ] 点击快递单号查询：开始查找元素：('xpath', '//*[@id="menu_13000000"]//*[@id="menu_13131000"]/a')
 Fri, 24 May 2019 13:39:26  INFO BasePage.py click_element [ line:104 ] 点击快递单号查询: 元素：('xpath', '//*[@id="menu_13000000"]//*[@id="menu_13131000"]/a') 点击事件。
 Fri, 24 May 2019 13:39:28  INFO BasePage.py wait_eleVisible [ line:23 ] 等待元素可见。
 Fri, 24 May 2019 13:39:28  INFO BasePage.py wait_eleVisible [ line:30 ] 输入快递单号: 元素 ('xpath', '//*[@id="expressId"]') 已可见,等待起始时间：2019-05-24 13:39:28.569420,等待时长：0
 Fri, 24 May 2019 13:39:28  INFO BasePage.py get_element [ line:58 ] 输入快递单号：开始查找元素：('xpath', '//*[@id="expressId"]')
 Fri, 24 May 2019 13:39:28  INFO BasePage.py input_text [ line:86 ] 输入快递单号: 元素：('xpath', '//*[@id="expressId"]') 输入内容：686512
 Fri, 24 May 2019 13:39:29  INFO BasePage.py get_element [ line:58 ] ：开始查找元素：('xpath', '//*[@id="expressId"]')
 Fri, 24 May 2019 13:39:31  INFO BasePage.py wait_eleVisible [ line:23 ] 等待元素可见。
 Fri, 24 May 2019 13:39:31  INFO BasePage.py wait_eleVisible [ line:30 ] 入库数量: 元素 ('xpath', '//input[@name="inStock.items[0].quantity"]') 已可见,等待起始时间：2019-05-24 13:39:31.303798,等待时长：0
 Fri, 24 May 2019 13:39:31  INFO BasePage.py get_element [ line:58 ] 入库数量：开始查找元素：('xpath', '//input[@name="inStock.items[0].quantity"]')
 Fri, 24 May 2019 13:39:31  INFO BasePage.py input_text [ line:86 ] 入库数量: 元素：('xpath', '//input[@name="inStock.items[0].quantity"]') 输入内容：48
 Fri, 24 May 2019 13:39:32  INFO BasePage.py wait_eleVisible [ line:23 ] 等待元素可见。
 Fri, 24 May 2019 13:39:32  INFO BasePage.py wait_eleVisible [ line:30 ] 生成入库单: 元素 ('xpath', '//button[@class="btn btn-default btn-xs"]') 已可见,等待起始时间：2019-05-24 13:39:32.400687,等待时长：0
 Fri, 24 May 2019 13:39:32  INFO BasePage.py get_element [ line:58 ] 生成入库单：开始查找元素：('xpath', '//button[@class="btn btn-default btn-xs"]')
 Fri, 24 May 2019 13:39:32  INFO BasePage.py click_element [ line:104 ] 生成入库单: 元素：('xpath', '//button[@class="btn btn-default btn-xs"]') 点击事件。
 Fri, 24 May 2019 13:39:33  INFO BasePage.py get_alert [ line:237 ] 弹窗处理
 Fri, 24 May 2019 13:39:33  INFO BasePage.py get_alert [ line:242 ] alert弹窗处理完成
 Fri, 24 May 2019 13:39:38  INFO login_page.py clear_login [ line:25 ] 切换账号
 Fri, 24 May 2019 13:39:38  INFO BasePage.py get_element [ line:58 ] 点击用户：开始查找元素：('xpath', '//*[@aria-expanded="false"]')
 Fri, 24 May 2019 13:39:39  INFO BasePage.py wait_eleVisible [ line:23 ] 等待元素可见。
 Fri, 24 May 2019 13:39:39  INFO BasePage.py wait_eleVisible [ line:30 ] 点击用户: 元素 ('xpath', '//*[@title="注销"]') 已可见,等待起始时间：2019-05-24 13:39:39.549539,等待时长：0
 Fri, 24 May 2019 13:39:39  INFO BasePage.py get_element [ line:58 ] 点击用户：开始查找元素：('xpath', '//*[@title="注销"]')
 Fri, 24 May 2019 13:39:39  INFO BasePage.py click_element [ line:104 ] 点击用户: 元素：('xpath', '//*[@title="注销"]') 点击事件。
 Fri, 24 May 2019 13:39:43  INFO login_page.py login [ line:16 ] 登陆页面_登陆功能
 Fri, 24 May 2019 13:39:43  INFO BasePage.py wait_eleVisible [ line:23 ] 等待元素可见。
 Fri, 24 May 2019 13:39:43  INFO BasePage.py wait_eleVisible [ line:30 ] 输入用户名: 元素 ('xpath', '//*[@id="username"]') 已可见,等待起始时间：2019-05-24 13:39:43.074460,等待时长：0
 Fri, 24 May 2019 13:39:43  INFO BasePage.py get_element [ line:58 ] 输入用户名：开始查找元素：('xpath', '//*[@id="username"]')
 Fri, 24 May 2019 13:39:43  INFO BasePage.py input_text [ line:86 ] 输入用户名: 元素：('xpath', '//*[@id="username"]') 输入内容：172883
 Fri, 24 May 2019 13:39:43  INFO BasePage.py wait_eleVisible [ line:23 ] 等待元素可见。
 Fri, 24 May 2019 13:39:43  INFO BasePage.py wait_eleVisible [ line:30 ] 输入密码: 元素 ('xpath', '//*[@id="password"]') 已可见,等待起始时间：2019-05-24 13:39:43.172718,等待时长：0
 Fri, 24 May 2019 13:39:43  INFO BasePage.py get_element [ line:58 ] 输入密码：开始查找元素：('xpath', '//*[@id="password"]')
 Fri, 24 May 2019 13:39:43  INFO BasePage.py input_text [ line:86 ] 输入密码: 元素：('xpath', '//*[@id="password"]') 输入内容：111
 Fri, 24 May 2019 13:39:43  INFO BasePage.py wait_eleVisible [ line:23 ] 等待元素可见。
 Fri, 24 May 2019 13:39:43  INFO BasePage.py wait_eleVisible [ line:30 ] 输入验证码: 元素 ('xpath', '//*[@id="captcha"]') 已可见,等待起始时间：2019-05-24 13:39:43.263476,等待时长：0
 Fri, 24 May 2019 13:39:43  INFO BasePage.py get_element [ line:58 ] 输入验证码：开始查找元素：('xpath', '//*[@id="captcha"]')
 Fri, 24 May 2019 13:39:43  INFO BasePage.py input_text [ line:86 ] 输入验证码: 元素：('xpath', '//*[@id="captcha"]') 输入内容：1111
 Fri, 24 May 2019 13:39:43  INFO BasePage.py wait_eleVisible [ line:23 ] 等待元素可见。
 Fri, 24 May 2019 13:39:43  INFO BasePage.py wait_eleVisible [ line:30 ] 点击登录按钮: 元素 ('xpath', '//*[@id="login-btn"]') 已可见,等待起始时间：2019-05-24 13:39:43.364086,等待时长：0
 Fri, 24 May 2019 13:39:43  INFO BasePage.py get_element [ line:58 ] 点击登录按钮：开始查找元素：('xpath', '//*[@id="login-btn"]')
 Fri, 24 May 2019 13:39:43  INFO BasePage.py click_element [ line:104 ] 点击登录按钮: 元素：('xpath', '//*[@id="login-btn"]') 点击事件。
 Fri, 24 May 2019 13:39:49  INFO rku_scan.py qc_ng_scan [ line:240 ] QC扫描
 Fri, 24 May 2019 13:39:49  INFO BasePage.py wait_eleVisible [ line:23 ] 等待元素可见。
 Fri, 24 May 2019 13:39:49  INFO BasePage.py wait_eleVisible [ line:30 ] 点击收发货管理: 元素 ('xpath', '//*[@id="menu_13000000"]/a') 已可见,等待起始时间：2019-05-24 13:39:49.844160,等待时长：0
 Fri, 24 May 2019 13:39:49  INFO BasePage.py get_element [ line:58 ] 点击收发货管理：开始查找元素：('xpath', '//*[@id="menu_13000000"]/a')
 Fri, 24 May 2019 13:39:49  INFO BasePage.py click_element [ line:104 ] 点击收发货管理: 元素：('xpath', '//*[@id="menu_13000000"]/a') 点击事件。
 Fri, 24 May 2019 13:39:49  INFO BasePage.py wait_eleVisible [ line:23 ] 等待元素可见。
 Fri, 24 May 2019 13:39:49  INFO BasePage.py wait_eleVisible [ line:30 ] QC扫描: 元素 ('xpath', '//*[@id="menu_13000000"]//*[@id="menu_13131100"]/a') 已可见,等待起始时间：2019-05-24 13:39:49.933302,等待时长：0
 Fri, 24 May 2019 13:39:49  INFO BasePage.py get_element [ line:58 ] QC扫描：开始查找元素：('xpath', '//*[@id="menu_13000000"]//*[@id="menu_13131100"]/a')
 Fri, 24 May 2019 13:39:49  INFO BasePage.py click_element [ line:104 ] QC扫描: 元素：('xpath', '//*[@id="menu_13000000"]//*[@id="menu_13131100"]/a') 点击事件。
 Fri, 24 May 2019 13:39:52  INFO BasePage.py wait_eleVisible [ line:23 ] 等待元素可见。
 Fri, 24 May 2019 13:39:52  INFO BasePage.py wait_eleVisible [ line:30 ] 二维码输入: 元素 ('xpath', '//*[@id="uuidAndSku"]') 已可见,等待起始时间：2019-05-24 13:39:52.398548,等待时长：0
 Fri, 24 May 2019 13:39:52  INFO BasePage.py get_element [ line:58 ] 二维码输入：开始查找元素：('xpath', '//*[@id="uuidAndSku"]')
 Fri, 24 May 2019 13:39:52  INFO BasePage.py input_text [ line:86 ] 二维码输入: 元素：('xpath', '//*[@id="uuidAndSku"]') 输入内容：190524133933935012.HJQ50421141A
 Fri, 24 May 2019 13:39:53  INFO BasePage.py get_element [ line:58 ] ：开始查找元素：('xpath', '//*[@id="uuidAndSku"]')
 Fri, 24 May 2019 13:39:54  INFO BasePage.py wait_eleVisible [ line:23 ] 等待元素可见。
 Fri, 24 May 2019 13:39:54  INFO BasePage.py wait_eleVisible [ line:30 ] 二次确认: 元素 ('xpath', '//button[@data-id="ok"]') 已可见,等待起始时间：2019-05-24 13:39:54.641811,等待时长：0
 Fri, 24 May 2019 13:39:54  INFO BasePage.py get_element [ line:58 ] 二次确认：开始查找元素：('xpath', '//button[@data-id="ok"]')
 Fri, 24 May 2019 13:39:54  INFO BasePage.py click_element [ line:104 ] 二次确认: 元素：('xpath', '//button[@data-id="ok"]') 点击事件。
 Fri, 24 May 2019 13:39:55  INFO BasePage.py isElementExist_2 [ line:264 ] 判断元素是否可见//form[@id="qcRecordForm"]
 Fri, 24 May 2019 13:40:10  INFO BasePage.py isElementExist_2 [ line:272 ] 元素不可见
 Fri, 24 May 2019 13:40:10  INFO BasePage.py wait_eleVisible [ line:23 ] 等待元素可见。
 Fri, 24 May 2019 13:40:10  INFO BasePage.py wait_eleVisible [ line:30 ] NG按钮点击: 元素 ('xpath', '//*[@id="ng-top"]') 已可见,等待起始时间：2019-05-24 13:40:10.870452,等待时长：0
 Fri, 24 May 2019 13:40:10  INFO BasePage.py get_element [ line:58 ] NG按钮点击：开始查找元素：('xpath', '//*[@id="ng-top"]')
 Fri, 24 May 2019 13:40:10  INFO BasePage.py click_element [ line:104 ] NG按钮点击: 元素：('xpath', '//*[@id="ng-top"]') 点击事件。
 Fri, 24 May 2019 13:40:11  INFO BasePage.py wait_eleVisible [ line:23 ] 等待元素可见。
 Fri, 24 May 2019 13:40:12  INFO BasePage.py wait_eleVisible [ line:30 ] 颜色不符: 元素 ('xpath', '//*[@id="select2-drop"]//li[3]') 已可见,等待起始时间：2019-05-24 13:40:11.998540,等待时长：0
 Fri, 24 May 2019 13:40:12  INFO BasePage.py get_element [ line:58 ] 颜色不符：开始查找元素：('xpath', '//*[@id="select2-drop"]//li[3]')
 Fri, 24 May 2019 13:40:12  INFO BasePage.py click_element [ line:104 ] 颜色不符: 元素：('xpath', '//*[@id="select2-drop"]//li[3]') 点击事件。
 Fri, 24 May 2019 13:40:13  INFO BasePage.py select [ line:140 ] ('xpath', '//*[@class="ui-dialog-grid"]//*[@id="target-status"]'):选择NG入库待处理select列表操作
 Fri, 24 May 2019 13:40:13  INFO BasePage.py wait_eleVisible [ line:23 ] 等待元素可见。
 Fri, 24 May 2019 13:40:13  INFO BasePage.py wait_eleVisible [ line:30 ] 选择NG入库待处理: 元素 ('xpath', '//*[@class="ui-dialog-grid"]//*[@id="target-status"]') 已可见,等待起始时间：2019-05-24 13:40:13.100881,等待时长：0
 Fri, 24 May 2019 13:40:13  INFO BasePage.py get_element [ line:58 ] 选择NG入库待处理：开始查找元素：('xpath', '//*[@class="ui-dialog-grid"]//*[@id="target-status"]')
 Fri, 24 May 2019 13:40:14  INFO BasePage.py select [ line:148 ] select列表操作完毕NG入库待处理
 Fri, 24 May 2019 13:40:14  INFO BasePage.py wait_eleVisible [ line:23 ] 等待元素可见。
 Fri, 24 May 2019 13:40:14  INFO BasePage.py wait_eleVisible [ line:30 ] 确认: 元素 ('xpath', '//*[@data-id="ok"]') 已可见,等待起始时间：2019-05-24 13:40:14.775355,等待时长：0
 Fri, 24 May 2019 13:40:14  INFO BasePage.py get_element [ line:58 ] 确认：开始查找元素：('xpath', '//*[@data-id="ok"]')
 Fri, 24 May 2019 13:40:14  INFO BasePage.py click_element [ line:104 ] 确认: 元素：('xpath', '//*[@data-id="ok"]') 点击事件。
 Fri, 24 May 2019 13:40:17  INFO login_page.py clear_login [ line:25 ] 切换账号
 Fri, 24 May 2019 13:40:17  INFO BasePage.py get_element [ line:58 ] 点击用户：开始查找元素：('xpath', '//*[@aria-expanded="false"]')
 Fri, 24 May 2019 13:40:18  INFO BasePage.py wait_eleVisible [ line:23 ] 等待元素可见。
 Fri, 24 May 2019 13:40:18  INFO BasePage.py wait_eleVisible [ line:30 ] 点击用户: 元素 ('xpath', '//*[@title="注销"]') 已可见,等待起始时间：2019-05-24 13:40:18.913277,等待时长：0
 Fri, 24 May 2019 13:40:18  INFO BasePage.py get_element [ line:58 ] 点击用户：开始查找元素：('xpath', '//*[@title="注销"]')
 Fri, 24 May 2019 13:40:18  INFO BasePage.py click_element [ line:104 ] 点击用户: 元素：('xpath', '//*[@title="注销"]') 点击事件。
 Fri, 24 May 2019 13:40:22  INFO login_page.py login [ line:16 ] 登陆页面_登陆功能
 Fri, 24 May 2019 13:40:22  INFO BasePage.py wait_eleVisible [ line:23 ] 等待元素可见。
 Fri, 24 May 2019 13:40:22  INFO BasePage.py wait_eleVisible [ line:30 ] 输入用户名: 元素 ('xpath', '//*[@id="username"]') 已可见,等待起始时间：2019-05-24 13:40:22.439821,等待时长：0
 Fri, 24 May 2019 13:40:22  INFO BasePage.py get_element [ line:58 ] 输入用户名：开始查找元素：('xpath', '//*[@id="username"]')
 Fri, 24 May 2019 13:40:22  INFO BasePage.py input_text [ line:86 ] 输入用户名: 元素：('xpath', '//*[@id="username"]') 输入内容：000715
 Fri, 24 May 2019 13:40:22  INFO BasePage.py wait_eleVisible [ line:23 ] 等待元素可见。
 Fri, 24 May 2019 13:40:22  INFO BasePage.py wait_eleVisible [ line:30 ] 输入密码: 元素 ('xpath', '//*[@id="password"]') 已可见,等待起始时间：2019-05-24 13:40:22.539815,等待时长：0
 Fri, 24 May 2019 13:40:22  INFO BasePage.py get_element [ line:58 ] 输入密码：开始查找元素：('xpath', '//*[@id="password"]')
 Fri, 24 May 2019 13:40:22  INFO BasePage.py input_text [ line:86 ] 输入密码: 元素：('xpath', '//*[@id="password"]') 输入内容：111
 Fri, 24 May 2019 13:40:22  INFO BasePage.py wait_eleVisible [ line:23 ] 等待元素可见。
 Fri, 24 May 2019 13:40:22  INFO BasePage.py wait_eleVisible [ line:30 ] 输入验证码: 元素 ('xpath', '//*[@id="captcha"]') 已可见,等待起始时间：2019-05-24 13:40:22.627663,等待时长：0
 Fri, 24 May 2019 13:40:22  INFO BasePage.py get_element [ line:58 ] 输入验证码：开始查找元素：('xpath', '//*[@id="captcha"]')
 Fri, 24 May 2019 13:40:22  INFO BasePage.py input_text [ line:86 ] 输入验证码: 元素：('xpath', '//*[@id="captcha"]') 输入内容：1111
 Fri, 24 May 2019 13:40:22  INFO BasePage.py wait_eleVisible [ line:23 ] 等待元素可见。
 Fri, 24 May 2019 13:40:22  INFO BasePage.py wait_eleVisible [ line:30 ] 点击登录按钮: 元素 ('xpath', '//*[@id="login-btn"]') 已可见,等待起始时间：2019-05-24 13:40:22.727396,等待时长：0
 Fri, 24 May 2019 13:40:22  INFO BasePage.py get_element [ line:58 ] 点击登录按钮：开始查找元素：('xpath', '//*[@id="login-btn"]')
 Fri, 24 May 2019 13:40:22  INFO BasePage.py click_element [ line:104 ] 点击登录按钮: 元素：('xpath', '//*[@id="login-btn"]') 点击事件。
 Fri, 24 May 2019 13:40:26  INFO ng_caig_rku_cli.py get_rku_pending [ line:52 ] 获取NG采购待处理订单
 Fri, 24 May 2019 13:40:26  INFO BasePage.py wait_eleVisible [ line:23 ] 等待元素可见。
 Fri, 24 May 2019 13:40:26  INFO BasePage.py wait_eleVisible [ line:30 ] 点击收发货管理: 元素 ('xpath', '//*[@id="menu_13000000"]') 已可见,等待起始时间：2019-05-24 13:40:26.898315,等待时长：0
 Fri, 24 May 2019 13:40:26  INFO BasePage.py get_element [ line:58 ] 点击收发货管理：开始查找元素：('xpath', '//*[@id="menu_13000000"]')
 Fri, 24 May 2019 13:40:26  INFO BasePage.py click_element [ line:104 ] 点击收发货管理: 元素：('xpath', '//*[@id="menu_13000000"]') 点击事件。
 Fri, 24 May 2019 13:40:26  INFO BasePage.py wait_eleVisible [ line:23 ] 等待元素可见。
 Fri, 24 May 2019 13:40:27  INFO BasePage.py wait_eleVisible [ line:30 ] NG入库待处理: 元素 ('xpath', '//*[@id="menu_13121700"]') 已可见,等待起始时间：2019-05-24 13:40:26.990871,等待时长：0
 Fri, 24 May 2019 13:40:27  INFO BasePage.py get_element [ line:58 ] NG入库待处理：开始查找元素：('xpath', '//*[@id="menu_13121700"]')
 Fri, 24 May 2019 13:40:27  INFO BasePage.py click_element [ line:104 ] NG入库待处理: 元素：('xpath', '//*[@id="menu_13121700"]') 点击事件。
 Fri, 24 May 2019 13:40:31  INFO BasePage.py wait_eleVisible [ line:23 ] 等待元素可见。
 Fri, 24 May 2019 13:40:31  INFO BasePage.py wait_eleVisible [ line:30 ] 输入sku: 元素 ('xpath', '//*[@id="product-sku"]') 已可见,等待起始时间：2019-05-24 13:40:31.710666,等待时长：0
 Fri, 24 May 2019 13:40:31  INFO BasePage.py get_element [ line:58 ] 输入sku：开始查找元素：('xpath', '//*[@id="product-sku"]')
 Fri, 24 May 2019 13:40:31  INFO BasePage.py input_text [ line:86 ] 输入sku: 元素：('xpath', '//*[@id="product-sku"]') 输入内容：HJQ50421141A
 Fri, 24 May 2019 13:40:32  INFO BasePage.py wait_eleVisible [ line:23 ] 等待元素可见。
 Fri, 24 May 2019 13:40:32  INFO BasePage.py wait_eleVisible [ line:30 ] 点击搜索按钮: 元素 ('xpath', '//*[@id="search-form"]//button[1]') 已可见,等待起始时间：2019-05-24 13:40:32.514691,等待时长：0
 Fri, 24 May 2019 13:40:32  INFO BasePage.py get_element [ line:58 ] 点击搜索按钮：开始查找元素：('xpath', '//*[@id="search-form"]//button[1]')
 Fri, 24 May 2019 13:40:32  INFO BasePage.py click_element [ line:104 ] 点击搜索按钮: 元素：('xpath', '//*[@id="search-form"]//button[1]') 点击事件。
 Fri, 24 May 2019 13:40:37  INFO ng_caig_rku_cli.py rku_dispose [ line:63 ] 订单开始处理
 Fri, 24 May 2019 13:40:37  INFO BasePage.py wait_eleVisible [ line:23 ] 等待元素可见。
 Fri, 24 May 2019 13:40:38  INFO BasePage.py wait_eleVisible [ line:30 ] 勾选第一个订单: 元素 ('xpath', '//div[@class="page-container"]//tr[@id][1]//*[@name="inIds"]') 已可见,等待起始时间：2019-05-24 13:40:37.995799,等待时长：0
 Fri, 24 May 2019 13:40:38  INFO BasePage.py get_element [ line:58 ] 勾选第一个订单：开始查找元素：('xpath', '//div[@class="page-container"]//tr[@id][1]//*[@name="inIds"]')
 Fri, 24 May 2019 13:40:38  INFO BasePage.py click_element [ line:104 ] 勾选第一个订单: 元素：('xpath', '//div[@class="page-container"]//tr[@id][1]//*[@name="inIds"]') 点击事件。
 Fri, 24 May 2019 13:40:38  INFO BasePage.py wait_eleVisible [ line:23 ] 等待元素可见。
 Fri, 24 May 2019 13:40:38  INFO BasePage.py wait_eleVisible [ line:30 ] 点击NG采购操作栏: 元素 ('xpath', '//select[@class="form-control input-medium input-inline  order-do"]') 已可见,等待起始时间：2019-05-24 13:40:38.647772,等待时长：0
 Fri, 24 May 2019 13:40:38  INFO BasePage.py get_element [ line:58 ] 点击NG采购操作栏：开始查找元素：('xpath', '//select[@class="form-control input-medium input-inline  order-do"]')
 Fri, 24 May 2019 13:40:38  INFO BasePage.py click_element [ line:104 ] 点击NG采购操作栏: 元素：('xpath', '//select[@class="form-control input-medium input-inline  order-do"]') 点击事件。
 Fri, 24 May 2019 13:40:39  INFO BasePage.py wait_eleVisible [ line:23 ] 等待元素可见。
 Fri, 24 May 2019 13:40:39  INFO BasePage.py wait_eleVisible [ line:30 ] 废弃: 元素 ('xpath', '//select[@class="form-control input-medium input-inline  order-do"]//option[text()="废弃"]') 已可见,等待起始时间：2019-05-24 13:40:39.756638,等待时长：0
 Fri, 24 May 2019 13:40:39  INFO BasePage.py get_element [ line:58 ] 废弃：开始查找元素：('xpath', '//select[@class="form-control input-medium input-inline  order-do"]//option[text()="废弃"]')
 Fri, 24 May 2019 13:40:39  INFO BasePage.py click_element [ line:104 ] 废弃: 元素：('xpath', '//select[@class="form-control input-medium input-inline  order-do"]//option[text()="废弃"]') 点击事件。
 Fri, 24 May 2019 13:40:40  INFO BasePage.py get_alert [ line:237 ] 废弃弹窗确认弹窗处理
 Fri, 24 May 2019 13:40:40  INFO BasePage.py get_alert [ line:242 ] alert弹窗处理完成
 Fri, 24 May 2019 13:40:43  INFO ng_caig_rku_cli.py rku_dispose [ line:74 ] 窗口总数：['CDwindow-15BE8305DCAA371D9325B5062F0C6467', 'CDwindow-07C35AD7A16D19A12B5274D78F21A761']
 Fri, 24 May 2019 13:40:43  INFO BasePage.py window_switch [ line:172 ] 切换窗口位置0，功能点
 Fri, 24 May 2019 13:40:43  INFO BasePage.py window_switch [ line:176 ] 窗口切换成功
 Fri, 24 May 2019 13:40:44  INFO qc_noorder_bulp_ddai.py feiqi_dispose [ line:38 ] 废弃订单处理
 Fri, 24 May 2019 13:40:44  INFO BasePage.py wait_eleVisible [ line:23 ] 等待元素可见。
 Fri, 24 May 2019 13:40:44  INFO BasePage.py wait_eleVisible [ line:30 ] 点击废弃订单处理: 元素 ('xpath', '//*[@id="instock-nav"]/li[10]/a') 已可见,等待起始时间：2019-05-24 13:40:44.869892,等待时长：0
 Fri, 24 May 2019 13:40:44  INFO BasePage.py get_element [ line:58 ] 点击废弃订单处理：开始查找元素：('xpath', '//*[@id="instock-nav"]/li[10]/a')
 Fri, 24 May 2019 13:40:44  INFO BasePage.py click_element [ line:104 ] 点击废弃订单处理: 元素：('xpath', '//*[@id="instock-nav"]/li[10]/a') 点击事件。
 Fri, 24 May 2019 13:40:50  INFO BasePage.py wait_eleVisible [ line:23 ] 等待元素可见。
 Fri, 24 May 2019 13:40:50  INFO BasePage.py wait_eleVisible [ line:30 ] SKU输入: 元素 ('xpath', '//*[@id="product-sku"]') 已可见,等待起始时间：2019-05-24 13:40:50.320519,等待时长：0
 Fri, 24 May 2019 13:40:50  INFO BasePage.py get_element [ line:58 ] SKU输入：开始查找元素：('xpath', '//*[@id="product-sku"]')
 Fri, 24 May 2019 13:40:50  INFO BasePage.py input_text [ line:86 ] SKU输入: 元素：('xpath', '//*[@id="product-sku"]') 输入内容：HJQ50421141A
 Fri, 24 May 2019 13:40:50  INFO BasePage.py wait_eleVisible [ line:23 ] 等待元素可见。
 Fri, 24 May 2019 13:40:50  INFO BasePage.py wait_eleVisible [ line:30 ] 订单号输入: 元素 ('xpath', '//*[@name="query.purchaseOrder.purchaseOrder"]') 已可见,等待起始时间：2019-05-24 13:40:50.609114,等待时长：0
 Fri, 24 May 2019 13:40:50  INFO BasePage.py get_element [ line:58 ] 订单号输入：开始查找元素：('xpath', '//*[@name="query.purchaseOrder.purchaseOrder"]')
 Fri, 24 May 2019 13:40:50  INFO BasePage.py input_text [ line:86 ] 订单号输入: 元素：('xpath', '//*[@name="query.purchaseOrder.purchaseOrder"]') 输入内容：PO20190524133823489
 Fri, 24 May 2019 13:40:50  INFO BasePage.py wait_eleVisible [ line:23 ] 等待元素可见。
 Fri, 24 May 2019 13:40:51  INFO BasePage.py wait_eleVisible [ line:30 ] 点击搜索按钮: 元素 ('xpath', '//*[@id="search-form"]//button[1]') 已可见,等待起始时间：2019-05-24 13:40:50.988861,等待时长：0
 Fri, 24 May 2019 13:40:51  INFO BasePage.py get_element [ line:58 ] 点击搜索按钮：开始查找元素：('xpath', '//*[@id="search-form"]//button[1]')
 Fri, 24 May 2019 13:40:51  INFO BasePage.py click_element [ line:104 ] 点击搜索按钮: 元素：('xpath', '//*[@id="search-form"]//button[1]') 点击事件。
 Fri, 24 May 2019 13:40:56  INFO BasePage.py wait_eleVisible [ line:23 ] 等待元素可见。
 Fri, 24 May 2019 13:40:56  INFO BasePage.py wait_eleVisible [ line:30 ] 判断订单是否存在: 元素 ('xpath', '//*[@id="data-list"]/tbody/tr[1]/td[12]') 已可见,等待起始时间：2019-05-24 13:40:56.654051,等待时长：0
 Fri, 24 May 2019 13:40:56  INFO BasePage.py get_element [ line:58 ] 判断订单是否存在：开始查找元素：('xpath', '//*[@id="data-list"]/tbody/tr[1]/td[12]')
 Fri, 24 May 2019 13:40:56  INFO BasePage.py get_text [ line:188 ] 判断订单是否存在：获取元素：('xpath', '//*[@id="data-list"]/tbody/tr[1]/td[12]') 的文本内容
 Fri, 24 May 2019 13:40:56  INFO BasePage.py get_text [ line:191 ] 判断订单是否存在：元素：('xpath', '//*[@id="data-list"]/tbody/tr[1]/td[12]') 的文本内容为：已废弃
 Fri, 24 May 2019 13:40:57  INFO kucun.py get_kucun [ line:13 ] 获取开始库存或最后库存
 Fri, 24 May 2019 13:40:57  INFO BasePage.py wait_eleVisible [ line:23 ] 等待元素可见。
 Fri, 24 May 2019 13:40:57  INFO BasePage.py wait_eleVisible [ line:30 ] 点击库存管理: 元素 ('xpath', '//*[@id="menu_11000000"]') 已可见,等待起始时间：2019-05-24 13:40:57.763163,等待时长：0
 Fri, 24 May 2019 13:40:57  INFO BasePage.py get_element [ line:58 ] 点击库存管理：开始查找元素：('xpath', '//*[@id="menu_11000000"]')
 Fri, 24 May 2019 13:40:57  INFO BasePage.py click_element [ line:104 ] 点击库存管理: 元素：('xpath', '//*[@id="menu_11000000"]') 点击事件。
 Fri, 24 May 2019 13:40:57  INFO BasePage.py wait_eleVisible [ line:23 ] 等待元素可见。
 Fri, 24 May 2019 13:40:57  INFO BasePage.py wait_eleVisible [ line:30 ] 点击大浪仓库: 元素 ('xpath', '//*[@id="menu_11110000_false_01"]/a') 已可见,等待起始时间：2019-05-24 13:40:57.892593,等待时长：0
 Fri, 24 May 2019 13:40:57  INFO BasePage.py get_element [ line:58 ] 点击大浪仓库：开始查找元素：('xpath', '//*[@id="menu_11110000_false_01"]/a')
 Fri, 24 May 2019 13:40:57  INFO BasePage.py click_element [ line:104 ] 点击大浪仓库: 元素：('xpath', '//*[@id="menu_11110000_false_01"]/a') 点击事件。
 Fri, 24 May 2019 13:40:59  INFO BasePage.py wait_eleVisible [ line:23 ] 等待元素可见。
 Fri, 24 May 2019 13:40:59  INFO BasePage.py wait_eleVisible [ line:30 ] 输入SKU: 元素 ('xpath', '//*[@id="product-sku"]') 已可见,等待起始时间：2019-05-24 13:40:59.310379,等待时长：0
 Fri, 24 May 2019 13:40:59  INFO BasePage.py get_element [ line:58 ] 输入SKU：开始查找元素：('xpath', '//*[@id="product-sku"]')
 Fri, 24 May 2019 13:40:59  INFO BasePage.py input_text [ line:86 ] 输入SKU: 元素：('xpath', '//*[@id="product-sku"]') 输入内容：HJQ50421141A
 Fri, 24 May 2019 13:40:59  INFO BasePage.py wait_eleVisible [ line:23 ] 等待元素可见。
 Fri, 24 May 2019 13:40:59  INFO BasePage.py wait_eleVisible [ line:30 ] 点击搜索: 元素 ('xpath', '//*[@id="search-form"]/div/div[2]/button[1]') 已可见,等待起始时间：2019-05-24 13:40:59.820939,等待时长：0
 Fri, 24 May 2019 13:40:59  INFO BasePage.py get_element [ line:58 ] 点击搜索：开始查找元素：('xpath', '//*[@id="search-form"]/div/div[2]/button[1]')
 Fri, 24 May 2019 13:40:59  INFO BasePage.py click_element [ line:104 ] 点击搜索: 元素：('xpath', '//*[@id="search-form"]/div/div[2]/button[1]') 点击事件。
 Fri, 24 May 2019 13:41:03  INFO BasePage.py wait_eleVisible [ line:23 ] 等待元素可见。
 Fri, 24 May 2019 13:41:03  INFO BasePage.py wait_eleVisible [ line:30 ] 返回库存: 元素 ('xpath', '//table[@id="data-list"]/tbody//tr[1]//td[8]') 已可见,等待起始时间：2019-05-24 13:41:03.696842,等待时长：0
 Fri, 24 May 2019 13:41:03  INFO BasePage.py get_element [ line:58 ] 返回库存：开始查找元素：('xpath', '//table[@id="data-list"]/tbody//tr[1]//td[8]')
 Fri, 24 May 2019 13:41:03  INFO BasePage.py get_text [ line:188 ] 返回库存：获取元素：('xpath', '//table[@id="data-list"]/tbody//tr[1]//td[8]') 的文本内容
 Fri, 24 May 2019 13:41:03  INFO BasePage.py get_text [ line:191 ] 返回库存：元素：('xpath', '//table[@id="data-list"]/tbody//tr[1]//td[8]') 的文本内容为：13
 Fri, 24 May 2019 13:41:03  INFO conftest.py login_web [ line:45 ] =====用例后置：关闭浏览器会话,清理环境=======
