 Fri, 24 May 2019 09:15:46  INFO logger.py <module> [ line:23 ] 测试开始
 Fri, 24 May 2019 09:15:47  INFO conftest.py login_web [ line:37 ] =====用例前置：初始化浏览器会话，登陆WEB系统=======
 Fri, 24 May 2019 09:15:54  INFO login_page.py login [ line:16 ] 登陆页面_登陆功能
 Fri, 24 May 2019 09:15:54  INFO BasePage.py wait_eleVisible [ line:23 ] 等待元素可见。
 Fri, 24 May 2019 09:15:54  INFO BasePage.py wait_eleVisible [ line:30 ] 输入用户名: 元素 ('xpath', '//*[@id="username"]') 已可见,等待起始时间：2019-05-24 09:15:54.068994,等待时长：0
 Fri, 24 May 2019 09:15:54  INFO BasePage.py get_element [ line:58 ] 输入用户名：开始查找元素：('xpath', '//*[@id="username"]')
 Fri, 24 May 2019 09:15:54  INFO BasePage.py input_text [ line:86 ] 输入用户名: 元素：('xpath', '//*[@id="username"]') 输入内容：it_gongyingying
 Fri, 24 May 2019 09:15:54  INFO BasePage.py wait_eleVisible [ line:23 ] 等待元素可见。
 Fri, 24 May 2019 09:15:54  INFO BasePage.py wait_eleVisible [ line:30 ] 输入密码: 元素 ('xpath', '//*[@id="password"]') 已可见,等待起始时间：2019-05-24 09:15:54.395587,等待时长：0
 Fri, 24 May 2019 09:15:54  INFO BasePage.py get_element [ line:58 ] 输入密码：开始查找元素：('xpath', '//*[@id="password"]')
 Fri, 24 May 2019 09:15:54  INFO BasePage.py input_text [ line:86 ] 输入密码: 元素：('xpath', '//*[@id="password"]') 输入内容：111
 Fri, 24 May 2019 09:15:54  INFO BasePage.py wait_eleVisible [ line:23 ] 等待元素可见。
 Fri, 24 May 2019 09:15:54  INFO BasePage.py wait_eleVisible [ line:30 ] 输入验证码: 元素 ('xpath', '//*[@id="captcha"]') 已可见,等待起始时间：2019-05-24 09:15:54.492152,等待时长：0
 Fri, 24 May 2019 09:15:54  INFO BasePage.py get_element [ line:58 ] 输入验证码：开始查找元素：('xpath', '//*[@id="captcha"]')
 Fri, 24 May 2019 09:15:54  INFO BasePage.py input_text [ line:86 ] 输入验证码: 元素：('xpath', '//*[@id="captcha"]') 输入内容：1111
 Fri, 24 May 2019 09:15:54  INFO BasePage.py wait_eleVisible [ line:23 ] 等待元素可见。
 Fri, 24 May 2019 09:15:54  INFO BasePage.py wait_eleVisible [ line:30 ] 点击登录按钮: 元素 ('xpath', '//*[@id="login-btn"]') 已可见,等待起始时间：2019-05-24 09:15:54.588870,等待时长：0
 Fri, 24 May 2019 09:15:54  INFO BasePage.py get_element [ line:58 ] 点击登录按钮：开始查找元素：('xpath', '//*[@id="login-btn"]')
 Fri, 24 May 2019 09:15:54  INFO BasePage.py click_element [ line:104 ] 点击登录按钮: 元素：('xpath', '//*[@id="login-btn"]') 点击事件。
 Fri, 24 May 2019 09:15:56  INFO test_quan.py test_permisva_rkupass_qx [ line:384 ] *********入库：开始执行周结入库权限的用例*********
 Fri, 24 May 2019 09:15:57  INFO login_page.py clear_login [ line:25 ] 切换账号
 Fri, 24 May 2019 09:15:57  INFO BasePage.py get_element [ line:58 ] 点击用户：开始查找元素：('xpath', '//*[@aria-expanded="false"]')
 Fri, 24 May 2019 09:15:58  INFO BasePage.py wait_eleVisible [ line:23 ] 等待元素可见。
 Fri, 24 May 2019 09:16:13  ERROR BasePage.py wait_eleVisible [ line:33 ] 等待元素可见异常
Traceback (most recent call last):
  File "D:\pythonxu\python_ERP\Common\BasePage.py", line 27, in wait_eleVisible
    WebDriverWait(self.driver,wait_times,poll_frequency).until(EC.visibility_of_element_located(locator))
  File "C:\Users\test\AppData\Local\Programs\Python\Python37\lib\site-packages\selenium\webdriver\support\wait.py", line 80, in until
    raise TimeoutException(message, screen, stacktrace)
selenium.common.exceptions.TimeoutException: Message: 

 Fri, 24 May 2019 09:16:14  INFO BasePage.py _screenshot [ line:208 ] 截图成功，图片路径为：D:\pythonxu\python_ERP\ScreenShot/xu_2019-05-24-09-16-13_点击用户.png
 Fri, 24 May 2019 09:16:14  INFO BasePage.py wait_eleVisible [ line:23 ] 等待元素可见。
 Fri, 24 May 2019 09:16:14  INFO BasePage.py wait_eleVisible [ line:30 ] 点击注销用户: 元素 ('xpath', '//*[@aria-expanded="false"]') 已可见,等待起始时间：2019-05-24 09:16:14.267097,等待时长：0
 Fri, 24 May 2019 09:16:14  INFO BasePage.py get_element [ line:58 ] 点击注销用户：开始查找元素：('xpath', '//*[@aria-expanded="false"]')
 Fri, 24 May 2019 09:16:14  INFO BasePage.py click_element [ line:104 ] 点击注销用户: 元素：('xpath', '//*[@aria-expanded="false"]') 点击事件。
 Fri, 24 May 2019 09:16:15  INFO BasePage.py wait_eleVisible [ line:23 ] 等待元素可见。
 Fri, 24 May 2019 09:16:15  INFO BasePage.py wait_eleVisible [ line:30 ] 退出: 元素 ('xpath', '//*[@title="注销"]') 已可见,等待起始时间：2019-05-24 09:16:15.362624,等待时长：0
 Fri, 24 May 2019 09:16:15  INFO BasePage.py get_element [ line:58 ] 退出：开始查找元素：('xpath', '//*[@title="注销"]')
 Fri, 24 May 2019 09:16:15  INFO BasePage.py click_element [ line:104 ] 退出: 元素：('xpath', '//*[@title="注销"]') 点击事件。
 Fri, 24 May 2019 09:16:18  INFO login_page.py login [ line:16 ] 登陆页面_登陆功能
 Fri, 24 May 2019 09:16:18  INFO BasePage.py wait_eleVisible [ line:23 ] 等待元素可见。
 Fri, 24 May 2019 09:16:18  INFO BasePage.py wait_eleVisible [ line:30 ] 输入用户名: 元素 ('xpath', '//*[@id="username"]') 已可见,等待起始时间：2019-05-24 09:16:18.899129,等待时长：0
 Fri, 24 May 2019 09:16:18  INFO BasePage.py get_element [ line:58 ] 输入用户名：开始查找元素：('xpath', '//*[@id="username"]')
 Fri, 24 May 2019 09:16:18  INFO BasePage.py input_text [ line:86 ] 输入用户名: 元素：('xpath', '//*[@id="username"]') 输入内容：PD_Wangxiaochuan
 Fri, 24 May 2019 09:16:19  INFO BasePage.py wait_eleVisible [ line:23 ] 等待元素可见。
 Fri, 24 May 2019 09:16:19  INFO BasePage.py wait_eleVisible [ line:30 ] 输入密码: 元素 ('xpath', '//*[@id="password"]') 已可见,等待起始时间：2019-05-24 09:16:19.043145,等待时长：0
 Fri, 24 May 2019 09:16:19  INFO BasePage.py get_element [ line:58 ] 输入密码：开始查找元素：('xpath', '//*[@id="password"]')
 Fri, 24 May 2019 09:16:19  INFO BasePage.py input_text [ line:86 ] 输入密码: 元素：('xpath', '//*[@id="password"]') 输入内容：111
 Fri, 24 May 2019 09:16:19  INFO BasePage.py wait_eleVisible [ line:23 ] 等待元素可见。
 Fri, 24 May 2019 09:16:19  INFO BasePage.py wait_eleVisible [ line:30 ] 输入验证码: 元素 ('xpath', '//*[@id="captcha"]') 已可见,等待起始时间：2019-05-24 09:16:19.129995,等待时长：0
 Fri, 24 May 2019 09:16:19  INFO BasePage.py get_element [ line:58 ] 输入验证码：开始查找元素：('xpath', '//*[@id="captcha"]')
 Fri, 24 May 2019 09:16:19  INFO BasePage.py input_text [ line:86 ] 输入验证码: 元素：('xpath', '//*[@id="captcha"]') 输入内容：1111
 Fri, 24 May 2019 09:16:19  INFO BasePage.py wait_eleVisible [ line:23 ] 等待元素可见。
 Fri, 24 May 2019 09:16:19  INFO BasePage.py wait_eleVisible [ line:30 ] 点击登录按钮: 元素 ('xpath', '//*[@id="login-btn"]') 已可见,等待起始时间：2019-05-24 09:16:19.233699,等待时长：0
 Fri, 24 May 2019 09:16:19  INFO BasePage.py get_element [ line:58 ] 点击登录按钮：开始查找元素：('xpath', '//*[@id="login-btn"]')
 Fri, 24 May 2019 09:16:19  INFO BasePage.py click_element [ line:104 ] 点击登录按钮: 元素：('xpath', '//*[@id="login-btn"]') 点击事件。
 Fri, 24 May 2019 09:16:23  INFO BasePage.py wait_eleVisible [ line:23 ] 等待元素可见。
 Fri, 24 May 2019 09:16:23  INFO BasePage.py wait_eleVisible [ line:30 ] 点击库存管理按钮: 元素 ('xpath', '//*[@id="menu_11000000"]') 已可见,等待起始时间：2019-05-24 09:16:23.408673,等待时长：0
 Fri, 24 May 2019 09:16:23  INFO BasePage.py get_element [ line:58 ] 点击库存管理按钮：开始查找元素：('xpath', '//*[@id="menu_11000000"]')
 Fri, 24 May 2019 09:16:23  INFO BasePage.py click_element [ line:104 ] 点击库存管理按钮: 元素：('xpath', '//*[@id="menu_11000000"]') 点击事件。
 Fri, 24 May 2019 09:16:23  INFO BasePage.py wait_eleVisible [ line:23 ] 等待元素可见。
 Fri, 24 May 2019 09:16:23  INFO BasePage.py wait_eleVisible [ line:30 ] 点击建议采购按钮: 元素 ('xpath', '//*[@id="menu_11131400"]') 已可见,等待起始时间：2019-05-24 09:16:23.516903,等待时长：0
 Fri, 24 May 2019 09:16:23  INFO BasePage.py get_element [ line:58 ] 点击建议采购按钮：开始查找元素：('xpath', '//*[@id="menu_11131400"]')
 Fri, 24 May 2019 09:16:23  INFO BasePage.py click_element [ line:104 ] 点击建议采购按钮: 元素：('xpath', '//*[@id="menu_11131400"]') 点击事件。
 Fri, 24 May 2019 09:16:28  INFO suggest_jianyi_page.py filtrate_order_qx [ line:23 ] 采购订单筛选
 Fri, 24 May 2019 09:16:28  INFO BasePage.py select [ line:140 ] ('xpath', '//*[@name="query.listingStatus"]'):选择上架select列表操作
 Fri, 24 May 2019 09:16:28  INFO BasePage.py wait_eleVisible [ line:23 ] 等待元素可见。
 Fri, 24 May 2019 09:16:28  INFO BasePage.py wait_eleVisible [ line:30 ] 选择上架: 元素 ('xpath', '//*[@name="query.listingStatus"]') 已可见,等待起始时间：2019-05-24 09:16:28.474586,等待时长：0
 Fri, 24 May 2019 09:16:28  INFO BasePage.py get_element [ line:58 ] 选择上架：开始查找元素：('xpath', '//*[@name="query.listingStatus"]')
 Fri, 24 May 2019 09:16:30  INFO BasePage.py select [ line:148 ] select列表操作完毕上架
 Fri, 24 May 2019 09:16:30  INFO BasePage.py select [ line:140 ] ('xpath', '//*[@name="query.hasInTransit"]'):选择否select列表操作
 Fri, 24 May 2019 09:16:30  INFO BasePage.py wait_eleVisible [ line:23 ] 等待元素可见。
 Fri, 24 May 2019 09:16:30  INFO BasePage.py wait_eleVisible [ line:30 ] 选择否: 元素 ('xpath', '//*[@name="query.hasInTransit"]') 已可见,等待起始时间：2019-05-24 09:16:30.069797,等待时长：0
 Fri, 24 May 2019 09:16:30  INFO BasePage.py get_element [ line:58 ] 选择否：开始查找元素：('xpath', '//*[@name="query.hasInTransit"]')
 Fri, 24 May 2019 09:16:31  INFO BasePage.py select [ line:148 ] select列表操作完毕否
 Fri, 24 May 2019 09:16:32  INFO BasePage.py wait_eleVisible [ line:23 ] 等待元素可见。
 Fri, 24 May 2019 09:16:32  INFO BasePage.py wait_eleVisible [ line:30 ] 点击搜索: 元素 ('xpath', '//i[@class="icon-search"]') 已可见,等待起始时间：2019-05-24 09:16:32.683039,等待时长：0
 Fri, 24 May 2019 09:16:32  INFO BasePage.py get_element [ line:58 ] 点击搜索：开始查找元素：('xpath', '//i[@class="icon-search"]')
 Fri, 24 May 2019 09:16:32  INFO BasePage.py click_element [ line:104 ] 点击搜索: 元素：('xpath', '//i[@class="icon-search"]') 点击事件。
 Fri, 24 May 2019 09:16:36  INFO BasePage.py wait_eleVisible [ line:23 ] 等待元素可见。
 Fri, 24 May 2019 09:16:36  INFO BasePage.py wait_eleVisible [ line:30 ] SKU: 元素 ('xpath', '//*[@id="data-list"]//tr[1]//label//a') 已可见,等待起始时间：2019-05-24 09:16:36.016589,等待时长：0
 Fri, 24 May 2019 09:16:36  INFO BasePage.py get_element [ line:58 ] SKU：开始查找元素：('xpath', '//*[@id="data-list"]//tr[1]//label//a')
 Fri, 24 May 2019 09:16:36  INFO BasePage.py get_text [ line:188 ] SKU：获取元素：('xpath', '//*[@id="data-list"]//tr[1]//label//a') 的文本内容
 Fri, 24 May 2019 09:16:36  INFO BasePage.py get_text [ line:191 ] SKU：元素：('xpath', '//*[@id="data-list"]//tr[1]//label//a') 的文本内容为：HJQ50423158A
 Fri, 24 May 2019 09:16:36  INFO BasePage.py wait_eleVisible [ line:23 ] 等待元素可见。
 Fri, 24 May 2019 09:16:36  INFO BasePage.py wait_eleVisible [ line:30 ] 获取采购数量: 元素 ('xpath', '//*[@id="data-list"]//tr[1]//td[19]//input[2]') 已可见,等待起始时间：2019-05-24 09:16:36.063423,等待时长：0
 Fri, 24 May 2019 09:16:36  INFO BasePage.py get_element [ line:58 ] 获取采购数量：开始查找元素：('xpath', '//*[@id="data-list"]//tr[1]//td[19]//input[2]')
 Fri, 24 May 2019 09:16:36  INFO BasePage.py get_element_attribute [ line:121 ] 获取采购数量: 获取元素：('xpath', '//*[@id="data-list"]//tr[1]//td[19]//input[2]') 的属性：value
 Fri, 24 May 2019 09:16:36  INFO BasePage.py get_element_attribute [ line:124 ] 获取采购数量: 元素：('xpath', '//*[@id="data-list"]//tr[1]//td[19]//input[2]') 的属性：value 值为：222
 Fri, 24 May 2019 09:16:36  INFO test_quan.py test_permisva_rkupass_qx [ line:409 ] 采购的数量为222
 Fri, 24 May 2019 09:16:37  INFO kucun.py get_kucun [ line:13 ] 获取开始库存或最后库存
 Fri, 24 May 2019 09:16:37  INFO BasePage.py wait_eleVisible [ line:23 ] 等待元素可见。
 Fri, 24 May 2019 09:16:37  INFO BasePage.py wait_eleVisible [ line:30 ] 点击库存管理: 元素 ('xpath', '//*[@id="menu_11000000"]') 已可见,等待起始时间：2019-05-24 09:16:37.125702,等待时长：0
 Fri, 24 May 2019 09:16:37  INFO BasePage.py get_element [ line:58 ] 点击库存管理：开始查找元素：('xpath', '//*[@id="menu_11000000"]')
 Fri, 24 May 2019 09:16:37  INFO BasePage.py click_element [ line:104 ] 点击库存管理: 元素：('xpath', '//*[@id="menu_11000000"]') 点击事件。
 Fri, 24 May 2019 09:16:37  INFO BasePage.py wait_eleVisible [ line:23 ] 等待元素可见。
 Fri, 24 May 2019 09:16:37  INFO BasePage.py wait_eleVisible [ line:30 ] 点击大浪仓库: 元素 ('xpath', '//*[@id="menu_11110000_false_01"]/a') 已可见,等待起始时间：2019-05-24 09:16:37.209980,等待时长：0
 Fri, 24 May 2019 09:16:37  INFO BasePage.py get_element [ line:58 ] 点击大浪仓库：开始查找元素：('xpath', '//*[@id="menu_11110000_false_01"]/a')
 Fri, 24 May 2019 09:16:37  INFO BasePage.py click_element [ line:104 ] 点击大浪仓库: 元素：('xpath', '//*[@id="menu_11110000_false_01"]/a') 点击事件。
 Fri, 24 May 2019 09:16:39  INFO BasePage.py wait_eleVisible [ line:23 ] 等待元素可见。
 Fri, 24 May 2019 09:16:39  INFO BasePage.py wait_eleVisible [ line:30 ] 输入SKU: 元素 ('xpath', '//*[@id="product-sku"]') 已可见,等待起始时间：2019-05-24 09:16:39.536942,等待时长：0
 Fri, 24 May 2019 09:16:39  INFO BasePage.py get_element [ line:58 ] 输入SKU：开始查找元素：('xpath', '//*[@id="product-sku"]')
 Fri, 24 May 2019 09:16:39  INFO BasePage.py input_text [ line:86 ] 输入SKU: 元素：('xpath', '//*[@id="product-sku"]') 输入内容：HJQ50423158A
 Fri, 24 May 2019 09:16:39  INFO BasePage.py wait_eleVisible [ line:23 ] 等待元素可见。
 Fri, 24 May 2019 09:16:39  INFO BasePage.py wait_eleVisible [ line:30 ] 点击搜索: 元素 ('xpath', '//*[@id="search-form"]/div/div[2]/button[1]') 已可见,等待起始时间：2019-05-24 09:16:39.812557,等待时长：0
 Fri, 24 May 2019 09:16:39  INFO BasePage.py get_element [ line:58 ] 点击搜索：开始查找元素：('xpath', '//*[@id="search-form"]/div/div[2]/button[1]')
 Fri, 24 May 2019 09:16:39  INFO BasePage.py click_element [ line:104 ] 点击搜索: 元素：('xpath', '//*[@id="search-form"]/div/div[2]/button[1]') 点击事件。
 Fri, 24 May 2019 09:16:43  INFO BasePage.py wait_eleVisible [ line:23 ] 等待元素可见。
 Fri, 24 May 2019 09:16:43  INFO BasePage.py wait_eleVisible [ line:30 ] 返回库存: 元素 ('xpath', '//table[@id="data-list"]/tbody//tr[1]//td[8]') 已可见,等待起始时间：2019-05-24 09:16:43.708537,等待时长：0
 Fri, 24 May 2019 09:16:43  INFO BasePage.py get_element [ line:58 ] 返回库存：开始查找元素：('xpath', '//table[@id="data-list"]/tbody//tr[1]//td[8]')
 Fri, 24 May 2019 09:16:43  INFO BasePage.py get_text [ line:188 ] 返回库存：获取元素：('xpath', '//table[@id="data-list"]/tbody//tr[1]//td[8]') 的文本内容
 Fri, 24 May 2019 09:16:43  INFO BasePage.py get_text [ line:191 ] 返回库存：元素：('xpath', '//table[@id="data-list"]/tbody//tr[1]//td[8]') 的文本内容为：1841
 Fri, 24 May 2019 09:16:43  INFO test_quan.py test_permisva_rkupass_qx [ line:413 ] 库存为：1841
 Fri, 24 May 2019 09:16:43  INFO BasePage.py wait_eleVisible [ line:23 ] 等待元素可见。
 Fri, 24 May 2019 09:16:43  INFO BasePage.py wait_eleVisible [ line:30 ] 点击库存管理按钮: 元素 ('xpath', '//*[@id="menu_11000000"]') 已可见,等待起始时间：2019-05-24 09:16:43.772033,等待时长：0
 Fri, 24 May 2019 09:16:43  INFO BasePage.py get_element [ line:58 ] 点击库存管理按钮：开始查找元素：('xpath', '//*[@id="menu_11000000"]')
 Fri, 24 May 2019 09:16:43  INFO BasePage.py click_element [ line:104 ] 点击库存管理按钮: 元素：('xpath', '//*[@id="menu_11000000"]') 点击事件。
 Fri, 24 May 2019 09:16:43  INFO BasePage.py wait_eleVisible [ line:23 ] 等待元素可见。
 Fri, 24 May 2019 09:16:43  INFO BasePage.py wait_eleVisible [ line:30 ] 点击建议采购按钮: 元素 ('xpath', '//*[@id="menu_11131400"]') 已可见,等待起始时间：2019-05-24 09:16:43.879747,等待时长：0
 Fri, 24 May 2019 09:16:43  INFO BasePage.py get_element [ line:58 ] 点击建议采购按钮：开始查找元素：('xpath', '//*[@id="menu_11131400"]')
 Fri, 24 May 2019 09:16:43  INFO BasePage.py click_element [ line:104 ] 点击建议采购按钮: 元素：('xpath', '//*[@id="menu_11131400"]') 点击事件。
 Fri, 24 May 2019 09:16:48  INFO suggest_jianyi_page.py input_sku [ line:36 ] 输入SKU搜索
 Fri, 24 May 2019 09:16:48  INFO BasePage.py wait_eleVisible [ line:23 ] 等待元素可见。
 Fri, 24 May 2019 09:16:48  INFO BasePage.py wait_eleVisible [ line:30 ] 输入SKU: 元素 ('xpath', '//*[@id="product-sku"]') 已可见,等待起始时间：2019-05-24 09:16:48.640680,等待时长：0
 Fri, 24 May 2019 09:16:48  INFO BasePage.py get_element [ line:58 ] 输入SKU：开始查找元素：('xpath', '//*[@id="product-sku"]')
 Fri, 24 May 2019 09:16:48  INFO BasePage.py input_text [ line:86 ] 输入SKU: 元素：('xpath', '//*[@id="product-sku"]') 输入内容：HJQ50423158A
 Fri, 24 May 2019 09:16:49  INFO BasePage.py wait_eleVisible [ line:23 ] 等待元素可见。
 Fri, 24 May 2019 09:16:49  INFO BasePage.py wait_eleVisible [ line:30 ] 点击搜索按钮: 元素 ('xpath', '//i[@class="icon-search"]') 已可见,等待起始时间：2019-05-24 09:16:49.833322,等待时长：0
 Fri, 24 May 2019 09:16:49  INFO BasePage.py get_element [ line:58 ] 点击搜索按钮：开始查找元素：('xpath', '//i[@class="icon-search"]')
 Fri, 24 May 2019 09:16:49  INFO BasePage.py click_element [ line:104 ] 点击搜索按钮: 元素：('xpath', '//i[@class="icon-search"]') 点击事件。
 Fri, 24 May 2019 09:16:53  INFO suggest_jianyi_page.py choose_order [ line:43 ] 勾选订单
 Fri, 24 May 2019 09:16:53  INFO BasePage.py wait_eleVisible [ line:23 ] 等待元素可见。
 Fri, 24 May 2019 09:16:53  INFO BasePage.py wait_eleVisible [ line:30 ] 勾选第一个订单: 元素 ('xpath', '//input[@name="checkedSkuList"]') 已可见,等待起始时间：2019-05-24 09:16:53.324677,等待时长：0
 Fri, 24 May 2019 09:16:53  INFO BasePage.py get_element [ line:58 ] 勾选第一个订单：开始查找元素：('xpath', '//input[@name="checkedSkuList"]')
 Fri, 24 May 2019 09:16:53  INFO BasePage.py click_element [ line:104 ] 勾选第一个订单: 元素：('xpath', '//input[@name="checkedSkuList"]') 点击事件。
 Fri, 24 May 2019 09:16:54  INFO BasePage.py wait_eleVisible [ line:23 ] 等待元素可见。
 Fri, 24 May 2019 09:16:54  INFO BasePage.py wait_eleVisible [ line:30 ] 生成采购单: 元素 ('xpath', '//*[@id="purchase-form"]//button[1]') 已可见,等待起始时间：2019-05-24 09:16:54.422192,等待时长：0
 Fri, 24 May 2019 09:16:54  INFO BasePage.py get_element [ line:58 ] 生成采购单：开始查找元素：('xpath', '//*[@id="purchase-form"]//button[1]')
 Fri, 24 May 2019 09:16:54  INFO BasePage.py click_element [ line:104 ] 生成采购单: 元素：('xpath', '//*[@id="purchase-form"]//button[1]') 点击事件。
 Fri, 24 May 2019 09:16:57  INFO BasePage.py get_alert [ line:237 ] 弹窗处理
 Fri, 24 May 2019 09:16:57  INFO BasePage.py get_alert [ line:242 ] alert弹窗处理完成
 Fri, 24 May 2019 09:17:00  INFO list_caiguo_page.py bulk_operation [ line:48 ] 确认是否可付款 或 是否需确认
 Fri, 24 May 2019 09:17:03  INFO BasePage.py wait_eleVisible [ line:23 ] 等待元素可见。
 Fri, 24 May 2019 09:17:03  INFO BasePage.py wait_eleVisible [ line:30 ] 点击采购单列表: 元素 ('xpath', '//ul[@class="nav nav-tabs custom"]//*[@id="menu_11131000"]') 已可见,等待起始时间：2019-05-24 09:17:03.534966,等待时长：0
 Fri, 24 May 2019 09:17:03  INFO BasePage.py get_element [ line:58 ] 点击采购单列表：开始查找元素：('xpath', '//ul[@class="nav nav-tabs custom"]//*[@id="menu_11131000"]')
 Fri, 24 May 2019 09:17:03  INFO BasePage.py click_element [ line:104 ] 点击采购单列表: 元素：('xpath', '//ul[@class="nav nav-tabs custom"]//*[@id="menu_11131000"]') 点击事件。
 Fri, 24 May 2019 09:17:07  INFO BasePage.py wait_eleVisible [ line:23 ] 等待元素可见。
 Fri, 24 May 2019 09:17:07  INFO BasePage.py wait_eleVisible [ line:30 ] 输入SKU查询: 元素 ('xpath', '//*[@id="product-sku"]') 已可见,等待起始时间：2019-05-24 09:17:07.384319,等待时长：0
 Fri, 24 May 2019 09:17:07  INFO BasePage.py get_element [ line:58 ] 输入SKU查询：开始查找元素：('xpath', '//*[@id="product-sku"]')
 Fri, 24 May 2019 09:17:07  INFO BasePage.py input_text [ line:86 ] 输入SKU查询: 元素：('xpath', '//*[@id="product-sku"]') 输入内容：HJQ50423158A
 Fri, 24 May 2019 09:17:08  INFO BasePage.py wait_eleVisible [ line:23 ] 等待元素可见。
 Fri, 24 May 2019 09:17:08  INFO BasePage.py wait_eleVisible [ line:30 ] sku查询按钮: 元素 ('xpath', '//*[@id="submitBtn"]') 已可见,等待起始时间：2019-05-24 09:17:08.114164,等待时长：0
 Fri, 24 May 2019 09:17:08  INFO BasePage.py get_element [ line:58 ] sku查询按钮：开始查找元素：('xpath', '//*[@id="submitBtn"]')
 Fri, 24 May 2019 09:17:08  INFO BasePage.py click_element [ line:104 ] sku查询按钮: 元素：('xpath', '//*[@id="submitBtn"]') 点击事件。
 Fri, 24 May 2019 09:17:11  INFO BasePage.py get_money_way [ line:277 ] 判断结款方式是否可见//table[@id="data-list"]//tbody//tr[1]//td[8]
 Fri, 24 May 2019 09:17:11  INFO BasePage.py get_money_way [ line:281 ] 类型<class 'str'>
 Fri, 24 May 2019 09:17:11  INFO BasePage.py get_money_way [ line:282 ] 结款方式阿里线上：线上现结
 Fri, 24 May 2019 09:17:11  INFO BasePage.py wait_eleVisible [ line:23 ] 等待元素可见。
 Fri, 24 May 2019 09:17:11  INFO BasePage.py wait_eleVisible [ line:30 ] 获取外部订单号，用于判断是否为空: 元素 ('xpath', '//table[@id="data-list"]//tbody//tr[1]//td[9]') 已可见,等待起始时间：2019-05-24 09:17:11.819283,等待时长：0
 Fri, 24 May 2019 09:17:11  INFO BasePage.py get_element [ line:58 ] 获取外部订单号，用于判断是否为空：开始查找元素：('xpath', '//table[@id="data-list"]//tbody//tr[1]//td[9]')
 Fri, 24 May 2019 09:17:11  INFO BasePage.py get_text [ line:188 ] 获取外部订单号，用于判断是否为空：获取元素：('xpath', '//table[@id="data-list"]//tbody//tr[1]//td[9]') 的文本内容
 Fri, 24 May 2019 09:17:11  INFO BasePage.py get_text [ line:191 ] 获取外部订单号，用于判断是否为空：元素：('xpath', '//table[@id="data-list"]//tbody//tr[1]//td[9]') 的文本内容为：
 Fri, 24 May 2019 09:17:11  INFO list_caiguo_page.py bulk_operation [ line:58 ] 外部订单号为空
 Fri, 24 May 2019 09:17:14  INFO BasePage.py wait_eleVisible [ line:23 ] 等待元素可见。
 Fri, 24 May 2019 09:17:14  INFO BasePage.py wait_eleVisible [ line:30 ] 勾选订单: 元素 ('xpath', '//*[@id="data-list"]//tbody//tr[1]//td[1]//input[2]') 已可见,等待起始时间：2019-05-24 09:17:14.885990,等待时长：0
 Fri, 24 May 2019 09:17:14  INFO BasePage.py get_element [ line:58 ] 勾选订单：开始查找元素：('xpath', '//*[@id="data-list"]//tbody//tr[1]//td[1]//input[2]')
 Fri, 24 May 2019 09:17:14  INFO BasePage.py click_element [ line:104 ] 勾选订单: 元素：('xpath', '//*[@id="data-list"]//tbody//tr[1]//td[1]//input[2]') 点击事件。
 Fri, 24 May 2019 09:17:14  INFO BasePage.py wait_eleVisible [ line:23 ] 等待元素可见。
 Fri, 24 May 2019 09:17:14  INFO BasePage.py wait_eleVisible [ line:30 ] 选择批量操作: 元素 ('xpath', '//select[@class="form-control input-medium input-inline order-do"]') 已可见,等待起始时间：2019-05-24 09:17:14.963616,等待时长：0
 Fri, 24 May 2019 09:17:14  INFO BasePage.py get_element [ line:58 ] 选择批量操作：开始查找元素：('xpath', '//select[@class="form-control input-medium input-inline order-do"]')
 Fri, 24 May 2019 09:17:14  INFO BasePage.py click_element [ line:104 ] 选择批量操作: 元素：('xpath', '//select[@class="form-control input-medium input-inline order-do"]') 点击事件。
 Fri, 24 May 2019 09:17:15  INFO BasePage.py isElementExist [ line:251 ] 判断元素是否存在('xpath', '//select[@class="form-control input-medium input-inline order-do"]//optgroup//option[6]')
 Fri, 24 May 2019 09:17:15  INFO BasePage.py isElementExist [ line:259 ] 判断修改采购单是否存在
 Fri, 24 May 2019 09:17:15  INFO BasePage.py wait_eleVisible [ line:23 ] 等待元素可见。
 Fri, 24 May 2019 09:17:15  INFO BasePage.py wait_eleVisible [ line:30 ] 点击编辑按钮: 元素 ('xpath', '//*[@id="data-list"]//tbody//tr[1]//td[13]/a[4]') 已可见,等待起始时间：2019-05-24 09:17:15.567366,等待时长：0
 Fri, 24 May 2019 09:17:15  INFO BasePage.py get_element [ line:58 ] 点击编辑按钮：开始查找元素：('xpath', '//*[@id="data-list"]//tbody//tr[1]//td[13]/a[4]')
 Fri, 24 May 2019 09:17:15  INFO BasePage.py click_element [ line:104 ] 点击编辑按钮: 元素：('xpath', '//*[@id="data-list"]//tbody//tr[1]//td[13]/a[4]') 点击事件。
 Fri, 24 May 2019 09:17:16  INFO BasePage.py wait_eleVisible [ line:23 ] 等待元素可见。
 Fri, 24 May 2019 09:17:16  INFO BasePage.py wait_eleVisible [ line:30 ] 输入订单号: 元素 ('xpath', '//*[@id="external-orderId"]') 已可见,等待起始时间：2019-05-24 09:17:16.891134,等待时长：0
 Fri, 24 May 2019 09:17:16  INFO BasePage.py get_element [ line:58 ] 输入订单号：开始查找元素：('xpath', '//*[@id="external-orderId"]')
 Fri, 24 May 2019 09:17:16  INFO BasePage.py input_text [ line:86 ] 输入订单号: 元素：('xpath', '//*[@id="external-orderId"]') 输入内容：683767
 Fri, 24 May 2019 09:17:17  INFO BasePage.py wait_eleVisible [ line:23 ] 等待元素可见。
 Fri, 24 May 2019 09:17:17  INFO BasePage.py wait_eleVisible [ line:30 ] 确认修改: 元素 ('xpath', '//*[@id="fixed-bottom"]//button') 已可见,等待起始时间：2019-05-24 09:17:17.520538,等待时长：0
 Fri, 24 May 2019 09:17:17  INFO BasePage.py get_element [ line:58 ] 确认修改：开始查找元素：('xpath', '//*[@id="fixed-bottom"]//button')
 Fri, 24 May 2019 09:17:17  INFO BasePage.py click_element [ line:104 ] 确认修改: 元素：('xpath', '//*[@id="fixed-bottom"]//button') 点击事件。
 Fri, 24 May 2019 09:17:17  INFO BasePage.py get_alert [ line:237 ] 弹窗处理
 Fri, 24 May 2019 09:17:17  INFO BasePage.py get_alert [ line:242 ] alert弹窗处理完成
 Fri, 24 May 2019 09:17:18  INFO list_caiguo_page.py bulk_operation [ line:79 ] 是否需要确认
 Fri, 24 May 2019 09:17:22  INFO BasePage.py wait_eleVisible [ line:23 ] 等待元素可见。
 Fri, 24 May 2019 09:17:22  INFO BasePage.py wait_eleVisible [ line:30 ] 勾选订单: 元素 ('xpath', '//*[@id="data-list"]//tbody//tr[1]//td[1]//input[2]') 已可见,等待起始时间：2019-05-24 09:17:22.649502,等待时长：0
 Fri, 24 May 2019 09:17:22  INFO BasePage.py get_element [ line:58 ] 勾选订单：开始查找元素：('xpath', '//*[@id="data-list"]//tbody//tr[1]//td[1]//input[2]')
 Fri, 24 May 2019 09:17:22  INFO BasePage.py click_element [ line:104 ] 勾选订单: 元素：('xpath', '//*[@id="data-list"]//tbody//tr[1]//td[1]//input[2]') 点击事件。
 Fri, 24 May 2019 09:17:22  INFO BasePage.py wait_eleVisible [ line:23 ] 等待元素可见。
 Fri, 24 May 2019 09:17:22  INFO BasePage.py wait_eleVisible [ line:30 ] 选择批量操作: 元素 ('xpath', '//select[@class="form-control input-medium input-inline order-do"]') 已可见,等待起始时间：2019-05-24 09:17:22.744801,等待时长：0
 Fri, 24 May 2019 09:17:22  INFO BasePage.py get_element [ line:58 ] 选择批量操作：开始查找元素：('xpath', '//select[@class="form-control input-medium input-inline order-do"]')
 Fri, 24 May 2019 09:17:22  INFO BasePage.py click_element [ line:104 ] 选择批量操作: 元素：('xpath', '//select[@class="form-control input-medium input-inline order-do"]') 点击事件。
 Fri, 24 May 2019 09:17:22  INFO BasePage.py wait_eleVisible [ line:23 ] 等待元素可见。
 Fri, 24 May 2019 09:17:22  INFO BasePage.py wait_eleVisible [ line:30 ] 点击确认按钮: 元素 ('xpath', '//select[@class="form-control input-medium input-inline order-do"]//optgroup//option[2]') 已可见,等待起始时间：2019-05-24 09:17:22.830151,等待时长：0
 Fri, 24 May 2019 09:17:22  INFO BasePage.py get_element [ line:58 ] 点击确认按钮：开始查找元素：('xpath', '//select[@class="form-control input-medium input-inline order-do"]//optgroup//option[2]')
 Fri, 24 May 2019 09:17:22  INFO BasePage.py click_element [ line:104 ] 点击确认按钮: 元素：('xpath', '//select[@class="form-control input-medium input-inline order-do"]//optgroup//option[2]') 点击事件。
 Fri, 24 May 2019 09:17:23  INFO BasePage.py wait_eleVisible [ line:23 ] 等待元素可见。
 Fri, 24 May 2019 09:17:23  INFO BasePage.py wait_eleVisible [ line:30 ] 点击确认按钮: 元素 ('xpath', '//button[@data-id="ok"]') 已可见,等待起始时间：2019-05-24 09:17:23.936918,等待时长：0
 Fri, 24 May 2019 09:17:23  INFO BasePage.py get_element [ line:58 ] 点击确认按钮：开始查找元素：('xpath', '//button[@data-id="ok"]')
 Fri, 24 May 2019 09:17:23  INFO BasePage.py click_element [ line:104 ] 点击确认按钮: 元素：('xpath', '//button[@data-id="ok"]') 点击事件。
 Fri, 24 May 2019 09:17:29  INFO list_caiguo_page.py input_expressage [ line:26 ] 填写快递单号：683767
 Fri, 24 May 2019 09:17:29  INFO BasePage.py wait_eleVisible [ line:23 ] 等待元素可见。
 Fri, 24 May 2019 09:17:29  INFO BasePage.py wait_eleVisible [ line:30 ] 点击快递单号: 元素 ('xpath', '//table[@id="data-list"]//tbody//tr[1]//td[11]//a') 已可见,等待起始时间：2019-05-24 09:17:29.032263,等待时长：0
 Fri, 24 May 2019 09:17:29  INFO BasePage.py get_element [ line:58 ] 点击快递单号：开始查找元素：('xpath', '//table[@id="data-list"]//tbody//tr[1]//td[11]//a')
 Fri, 24 May 2019 09:17:29  INFO BasePage.py click_element [ line:104 ] 点击快递单号: 元素：('xpath', '//table[@id="data-list"]//tbody//tr[1]//td[11]//a') 点击事件。
 Fri, 24 May 2019 09:17:29  INFO BasePage.py wait_eleVisible [ line:23 ] 等待元素可见。
 Fri, 24 May 2019 09:17:29  INFO BasePage.py wait_eleVisible [ line:30 ] 输入快递单号: 元素 ('xpath', '//textarea[@class="form-control"]') 已可见,等待起始时间：2019-05-24 09:17:29.654638,等待时长：0
 Fri, 24 May 2019 09:17:29  INFO BasePage.py get_element [ line:58 ] 输入快递单号：开始查找元素：('xpath', '//textarea[@class="form-control"]')
 Fri, 24 May 2019 09:17:29  INFO BasePage.py input_text [ line:86 ] 输入快递单号: 元素：('xpath', '//textarea[@class="form-control"]') 输入内容：683767
 Fri, 24 May 2019 09:17:29  INFO BasePage.py wait_eleVisible [ line:23 ] 等待元素可见。
 Fri, 24 May 2019 09:17:29  INFO BasePage.py wait_eleVisible [ line:30 ] 点击确认按钮: 元素 ('xpath', '//button[@class="btn blue editable-submit"]') 已可见,等待起始时间：2019-05-24 09:17:29.772667,等待时长：0
 Fri, 24 May 2019 09:17:29  INFO BasePage.py get_element [ line:58 ] 点击确认按钮：开始查找元素：('xpath', '//button[@class="btn blue editable-submit"]')
 Fri, 24 May 2019 09:17:29  INFO BasePage.py click_element [ line:104 ] 点击确认按钮: 元素：('xpath', '//button[@class="btn blue editable-submit"]') 点击事件。
 Fri, 24 May 2019 09:17:33  INFO list_caiguo_page.py confirm_purchase [ line:35 ] 确认采购下单
 Fri, 24 May 2019 09:17:33  INFO BasePage.py wait_eleVisible [ line:23 ] 等待元素可见。
 Fri, 24 May 2019 09:17:33  INFO BasePage.py wait_eleVisible [ line:30 ] 点击确认采购按钮: 元素 ('xpath', '//table[@id="data-list"]//tbody//tr[1]//td[13]//a[3]') 已可见,等待起始时间：2019-05-24 09:17:33.862709,等待时长：0
 Fri, 24 May 2019 09:17:33  INFO BasePage.py get_element [ line:58 ] 点击确认采购按钮：开始查找元素：('xpath', '//table[@id="data-list"]//tbody//tr[1]//td[13]//a[3]')
 Fri, 24 May 2019 09:17:33  INFO BasePage.py click_element [ line:104 ] 点击确认采购按钮: 元素：('xpath', '//table[@id="data-list"]//tbody//tr[1]//td[13]//a[3]') 点击事件。
 Fri, 24 May 2019 09:17:34  INFO BasePage.py wait_eleVisible [ line:23 ] 等待元素可见。
 Fri, 24 May 2019 09:17:34  INFO BasePage.py wait_eleVisible [ line:30 ] 点击确认按钮: 元素 ('xpath', '//button[@data-id="ok"]') 已可见,等待起始时间：2019-05-24 09:17:34.451776,等待时长：0
 Fri, 24 May 2019 09:17:34  INFO BasePage.py get_element [ line:58 ] 点击确认按钮：开始查找元素：('xpath', '//button[@data-id="ok"]')
 Fri, 24 May 2019 09:17:34  INFO BasePage.py click_element [ line:104 ] 点击确认按钮: 元素：('xpath', '//button[@data-id="ok"]') 点击事件。
 Fri, 24 May 2019 09:17:35  INFO BasePage.py wait_eleVisible [ line:23 ] 等待元素可见。
 Fri, 24 May 2019 09:17:35  INFO BasePage.py wait_eleVisible [ line:30 ] 二次确认: 元素 ('xpath', '//button[@data-id="ok"]') 已可见,等待起始时间：2019-05-24 09:17:35.038652,等待时长：0
 Fri, 24 May 2019 09:17:35  INFO BasePage.py get_element [ line:58 ] 二次确认：开始查找元素：('xpath', '//button[@data-id="ok"]')
 Fri, 24 May 2019 09:17:35  INFO BasePage.py click_element [ line:104 ] 二次确认: 元素：('xpath', '//button[@data-id="ok"]') 点击事件。
 Fri, 24 May 2019 09:17:38  INFO login_page.py clear_login [ line:25 ] 切换账号
 Fri, 24 May 2019 09:17:38  INFO BasePage.py get_element [ line:58 ] 点击用户：开始查找元素：('xpath', '//*[@aria-expanded="false"]')
 Fri, 24 May 2019 09:17:39  INFO BasePage.py wait_eleVisible [ line:23 ] 等待元素可见。
 Fri, 24 May 2019 09:17:39  INFO BasePage.py wait_eleVisible [ line:30 ] 点击用户: 元素 ('xpath', '//*[@title="注销"]') 已可见,等待起始时间：2019-05-24 09:17:39.830060,等待时长：0
 Fri, 24 May 2019 09:17:39  INFO BasePage.py get_element [ line:58 ] 点击用户：开始查找元素：('xpath', '//*[@title="注销"]')
 Fri, 24 May 2019 09:17:39  INFO BasePage.py click_element [ line:104 ] 点击用户: 元素：('xpath', '//*[@title="注销"]') 点击事件。
 Fri, 24 May 2019 09:17:43  INFO login_page.py login [ line:16 ] 登陆页面_登陆功能
 Fri, 24 May 2019 09:17:43  INFO BasePage.py wait_eleVisible [ line:23 ] 等待元素可见。
 Fri, 24 May 2019 09:17:43  INFO BasePage.py wait_eleVisible [ line:30 ] 输入用户名: 元素 ('xpath', '//*[@id="username"]') 已可见,等待起始时间：2019-05-24 09:17:43.317944,等待时长：0
 Fri, 24 May 2019 09:17:43  INFO BasePage.py get_element [ line:58 ] 输入用户名：开始查找元素：('xpath', '//*[@id="username"]')
 Fri, 24 May 2019 09:17:43  INFO BasePage.py input_text [ line:86 ] 输入用户名: 元素：('xpath', '//*[@id="username"]') 输入内容：002782
 Fri, 24 May 2019 09:17:43  INFO BasePage.py wait_eleVisible [ line:23 ] 等待元素可见。
 Fri, 24 May 2019 09:17:43  INFO BasePage.py wait_eleVisible [ line:30 ] 输入密码: 元素 ('xpath', '//*[@id="password"]') 已可见,等待起始时间：2019-05-24 09:17:43.713829,等待时长：0
 Fri, 24 May 2019 09:17:43  INFO BasePage.py get_element [ line:58 ] 输入密码：开始查找元素：('xpath', '//*[@id="password"]')
 Fri, 24 May 2019 09:17:43  INFO BasePage.py input_text [ line:86 ] 输入密码: 元素：('xpath', '//*[@id="password"]') 输入内容：111
 Fri, 24 May 2019 09:17:43  INFO BasePage.py wait_eleVisible [ line:23 ] 等待元素可见。
 Fri, 24 May 2019 09:17:43  INFO BasePage.py wait_eleVisible [ line:30 ] 输入验证码: 元素 ('xpath', '//*[@id="captcha"]') 已可见,等待起始时间：2019-05-24 09:17:43.812566,等待时长：0
 Fri, 24 May 2019 09:17:43  INFO BasePage.py get_element [ line:58 ] 输入验证码：开始查找元素：('xpath', '//*[@id="captcha"]')
 Fri, 24 May 2019 09:17:43  INFO BasePage.py input_text [ line:86 ] 输入验证码: 元素：('xpath', '//*[@id="captcha"]') 输入内容：1111
 Fri, 24 May 2019 09:17:43  INFO BasePage.py wait_eleVisible [ line:23 ] 等待元素可见。
 Fri, 24 May 2019 09:17:43  INFO BasePage.py wait_eleVisible [ line:30 ] 点击登录按钮: 元素 ('xpath', '//*[@id="login-btn"]') 已可见,等待起始时间：2019-05-24 09:17:43.904957,等待时长：0
 Fri, 24 May 2019 09:17:43  INFO BasePage.py get_element [ line:58 ] 点击登录按钮：开始查找元素：('xpath', '//*[@id="login-btn"]')
 Fri, 24 May 2019 09:17:43  INFO BasePage.py click_element [ line:104 ] 点击登录按钮: 元素：('xpath', '//*[@id="login-btn"]') 点击事件。
 Fri, 24 May 2019 09:17:48  INFO rku_scan.py back_to_scan [ line:20 ] 回货扫描
 Fri, 24 May 2019 09:17:48  INFO BasePage.py wait_eleVisible [ line:23 ] 等待元素可见。
 Fri, 24 May 2019 09:17:48  INFO BasePage.py wait_eleVisible [ line:30 ] 点击收发货管理: 元素 ('xpath', '//*[@id="menu_13000000"]/a') 已可见,等待起始时间：2019-05-24 09:17:48.083384,等待时长：0
 Fri, 24 May 2019 09:17:48  INFO BasePage.py get_element [ line:58 ] 点击收发货管理：开始查找元素：('xpath', '//*[@id="menu_13000000"]/a')
 Fri, 24 May 2019 09:17:48  INFO BasePage.py click_element [ line:104 ] 点击收发货管理: 元素：('xpath', '//*[@id="menu_13000000"]/a') 点击事件。
 Fri, 24 May 2019 09:17:48  INFO BasePage.py wait_eleVisible [ line:23 ] 等待元素可见。
 Fri, 24 May 2019 09:17:48  INFO BasePage.py wait_eleVisible [ line:30 ] 点击回货扫描: 元素 ('xpath', '//*[@id="menu_13131400"]/a') 已可见,等待起始时间：2019-05-24 09:17:48.167189,等待时长：0
 Fri, 24 May 2019 09:17:48  INFO BasePage.py get_element [ line:58 ] 点击回货扫描：开始查找元素：('xpath', '//*[@id="menu_13131400"]/a')
 Fri, 24 May 2019 09:17:48  INFO BasePage.py click_element [ line:104 ] 点击回货扫描: 元素：('xpath', '//*[@id="menu_13131400"]/a') 点击事件。
 Fri, 24 May 2019 09:17:48  INFO BasePage.py wait_eleVisible [ line:23 ] 等待元素可见。
 Fri, 24 May 2019 09:17:48  INFO BasePage.py wait_eleVisible [ line:30 ] 输入快递订单号: 元素 ('xpath', '//*[@id="expressId"]') 已可见,等待起始时间：2019-05-24 09:17:48.430145,等待时长：0
 Fri, 24 May 2019 09:17:48  INFO BasePage.py get_element [ line:58 ] 输入快递订单号：开始查找元素：('xpath', '//*[@id="expressId"]')
 Fri, 24 May 2019 09:17:48  INFO BasePage.py input_text [ line:86 ] 输入快递订单号: 元素：('xpath', '//*[@id="expressId"]') 输入内容：683767
 Fri, 24 May 2019 09:17:48  INFO BasePage.py get_element [ line:58 ] ：开始查找元素：('xpath', '//*[@id="expressId"]')
 Fri, 24 May 2019 09:17:52  INFO login_page.py clear_login [ line:25 ] 切换账号
 Fri, 24 May 2019 09:17:52  INFO BasePage.py get_element [ line:58 ] 点击用户：开始查找元素：('xpath', '//*[@aria-expanded="false"]')
 Fri, 24 May 2019 09:17:53  INFO BasePage.py wait_eleVisible [ line:23 ] 等待元素可见。
 Fri, 24 May 2019 09:17:53  INFO BasePage.py wait_eleVisible [ line:30 ] 点击用户: 元素 ('xpath', '//*[@title="注销"]') 已可见,等待起始时间：2019-05-24 09:17:53.625683,等待时长：0
 Fri, 24 May 2019 09:17:53  INFO BasePage.py get_element [ line:58 ] 点击用户：开始查找元素：('xpath', '//*[@title="注销"]')
 Fri, 24 May 2019 09:17:53  INFO BasePage.py click_element [ line:104 ] 点击用户: 元素：('xpath', '//*[@title="注销"]') 点击事件。
 Fri, 24 May 2019 09:17:57  INFO login_page.py login [ line:16 ] 登陆页面_登陆功能
 Fri, 24 May 2019 09:17:57  INFO BasePage.py wait_eleVisible [ line:23 ] 等待元素可见。
 Fri, 24 May 2019 09:17:57  INFO BasePage.py wait_eleVisible [ line:30 ] 输入用户名: 元素 ('xpath', '//*[@id="username"]') 已可见,等待起始时间：2019-05-24 09:17:57.082868,等待时长：0
 Fri, 24 May 2019 09:17:57  INFO BasePage.py get_element [ line:58 ] 输入用户名：开始查找元素：('xpath', '//*[@id="username"]')
 Fri, 24 May 2019 09:17:57  INFO BasePage.py input_text [ line:86 ] 输入用户名: 元素：('xpath', '//*[@id="username"]') 输入内容：171706
 Fri, 24 May 2019 09:17:57  INFO BasePage.py wait_eleVisible [ line:23 ] 等待元素可见。
 Fri, 24 May 2019 09:17:57  INFO BasePage.py wait_eleVisible [ line:30 ] 输入密码: 元素 ('xpath', '//*[@id="password"]') 已可见,等待起始时间：2019-05-24 09:17:57.179738,等待时长：0
 Fri, 24 May 2019 09:17:57  INFO BasePage.py get_element [ line:58 ] 输入密码：开始查找元素：('xpath', '//*[@id="password"]')
 Fri, 24 May 2019 09:17:57  INFO BasePage.py input_text [ line:86 ] 输入密码: 元素：('xpath', '//*[@id="password"]') 输入内容：111
 Fri, 24 May 2019 09:17:57  INFO BasePage.py wait_eleVisible [ line:23 ] 等待元素可见。
 Fri, 24 May 2019 09:17:57  INFO BasePage.py wait_eleVisible [ line:30 ] 输入验证码: 元素 ('xpath', '//*[@id="captcha"]') 已可见,等待起始时间：2019-05-24 09:17:57.267277,等待时长：0
 Fri, 24 May 2019 09:17:57  INFO BasePage.py get_element [ line:58 ] 输入验证码：开始查找元素：('xpath', '//*[@id="captcha"]')
 Fri, 24 May 2019 09:17:57  INFO BasePage.py input_text [ line:86 ] 输入验证码: 元素：('xpath', '//*[@id="captcha"]') 输入内容：1111
 Fri, 24 May 2019 09:17:57  INFO BasePage.py wait_eleVisible [ line:23 ] 等待元素可见。
 Fri, 24 May 2019 09:17:57  INFO BasePage.py wait_eleVisible [ line:30 ] 点击登录按钮: 元素 ('xpath', '//*[@id="login-btn"]') 已可见,等待起始时间：2019-05-24 09:17:57.369442,等待时长：0
 Fri, 24 May 2019 09:17:57  INFO BasePage.py get_element [ line:58 ] 点击登录按钮：开始查找元素：('xpath', '//*[@id="login-btn"]')
 Fri, 24 May 2019 09:17:57  INFO BasePage.py click_element [ line:104 ] 点击登录按钮: 元素：('xpath', '//*[@id="login-btn"]') 点击事件。
 Fri, 24 May 2019 09:18:01  INFO rku_scan.py ex_to_scan [ line:40 ] 快递单号扫描
 Fri, 24 May 2019 09:18:01  INFO BasePage.py wait_eleVisible [ line:23 ] 等待元素可见。
 Fri, 24 May 2019 09:18:01  INFO BasePage.py wait_eleVisible [ line:30 ] 点击收发货管理: 元素 ('xpath', '//*[@id="menu_13000000"]/a') 已可见,等待起始时间：2019-05-24 09:18:01.544216,等待时长：0
 Fri, 24 May 2019 09:18:01  INFO BasePage.py get_element [ line:58 ] 点击收发货管理：开始查找元素：('xpath', '//*[@id="menu_13000000"]/a')
 Fri, 24 May 2019 09:18:01  INFO BasePage.py click_element [ line:104 ] 点击收发货管理: 元素：('xpath', '//*[@id="menu_13000000"]/a') 点击事件。
 Fri, 24 May 2019 09:18:01  INFO BasePage.py wait_eleVisible [ line:23 ] 等待元素可见。
 Fri, 24 May 2019 09:18:01  INFO BasePage.py wait_eleVisible [ line:30 ] 点击快递单号查询: 元素 ('xpath', '//*[@id="menu_13000000"]//*[@id="menu_13131000"]/a') 已可见,等待起始时间：2019-05-24 09:18:01.626822,等待时长：0
 Fri, 24 May 2019 09:18:01  INFO BasePage.py get_element [ line:58 ] 点击快递单号查询：开始查找元素：('xpath', '//*[@id="menu_13000000"]//*[@id="menu_13131000"]/a')
 Fri, 24 May 2019 09:18:01  INFO BasePage.py click_element [ line:104 ] 点击快递单号查询: 元素：('xpath', '//*[@id="menu_13000000"]//*[@id="menu_13131000"]/a') 点击事件。
 Fri, 24 May 2019 09:18:03  INFO BasePage.py wait_eleVisible [ line:23 ] 等待元素可见。
 Fri, 24 May 2019 09:18:03  INFO BasePage.py wait_eleVisible [ line:30 ] 输入快递单号: 元素 ('xpath', '//*[@id="expressId"]') 已可见,等待起始时间：2019-05-24 09:18:03.946417,等待时长：0
 Fri, 24 May 2019 09:18:03  INFO BasePage.py get_element [ line:58 ] 输入快递单号：开始查找元素：('xpath', '//*[@id="expressId"]')
 Fri, 24 May 2019 09:18:03  INFO BasePage.py input_text [ line:86 ] 输入快递单号: 元素：('xpath', '//*[@id="expressId"]') 输入内容：683767
 Fri, 24 May 2019 09:18:04  INFO BasePage.py get_element [ line:58 ] ：开始查找元素：('xpath', '//*[@id="expressId"]')
 Fri, 24 May 2019 09:18:06  INFO BasePage.py wait_eleVisible [ line:23 ] 等待元素可见。
 Fri, 24 May 2019 09:18:06  INFO BasePage.py wait_eleVisible [ line:30 ] 入库数量: 元素 ('xpath', '//input[@name="inStock.items[0].quantity"]') 已可见,等待起始时间：2019-05-24 09:18:06.600309,等待时长：0
 Fri, 24 May 2019 09:18:06  INFO BasePage.py get_element [ line:58 ] 入库数量：开始查找元素：('xpath', '//input[@name="inStock.items[0].quantity"]')
 Fri, 24 May 2019 09:18:06  INFO BasePage.py input_text [ line:86 ] 入库数量: 元素：('xpath', '//input[@name="inStock.items[0].quantity"]') 输入内容：222
 Fri, 24 May 2019 09:18:07  INFO BasePage.py wait_eleVisible [ line:23 ] 等待元素可见。
 Fri, 24 May 2019 09:18:07  INFO BasePage.py wait_eleVisible [ line:30 ] 生成入库单: 元素 ('xpath', '//button[@class="btn btn-default btn-xs"]') 已可见,等待起始时间：2019-05-24 09:18:07.693363,等待时长：0
 Fri, 24 May 2019 09:18:07  INFO BasePage.py get_element [ line:58 ] 生成入库单：开始查找元素：('xpath', '//button[@class="btn btn-default btn-xs"]')
 Fri, 24 May 2019 09:18:07  INFO BasePage.py click_element [ line:104 ] 生成入库单: 元素：('xpath', '//button[@class="btn btn-default btn-xs"]') 点击事件。
 Fri, 24 May 2019 09:18:08  INFO BasePage.py get_alert [ line:237 ] 弹窗处理
 Fri, 24 May 2019 09:18:08  INFO BasePage.py get_alert [ line:242 ] alert弹窗处理完成
 Fri, 24 May 2019 09:18:13  INFO login_page.py clear_login [ line:25 ] 切换账号
 Fri, 24 May 2019 09:18:13  INFO BasePage.py get_element [ line:58 ] 点击用户：开始查找元素：('xpath', '//*[@aria-expanded="false"]')
 Fri, 24 May 2019 09:18:14  INFO BasePage.py wait_eleVisible [ line:23 ] 等待元素可见。
 Fri, 24 May 2019 09:18:30  ERROR BasePage.py wait_eleVisible [ line:33 ] 等待元素可见异常
Traceback (most recent call last):
  File "D:\pythonxu\python_ERP\Common\BasePage.py", line 27, in wait_eleVisible
    WebDriverWait(self.driver,wait_times,poll_frequency).until(EC.visibility_of_element_located(locator))
  File "C:\Users\test\AppData\Local\Programs\Python\Python37\lib\site-packages\selenium\webdriver\support\wait.py", line 80, in until
    raise TimeoutException(message, screen, stacktrace)
selenium.common.exceptions.TimeoutException: Message: 

 Fri, 24 May 2019 09:18:30  INFO BasePage.py _screenshot [ line:208 ] 截图成功，图片路径为：D:\pythonxu\python_ERP\ScreenShot/xu_2019-05-24-09-18-30_点击用户.png
 Fri, 24 May 2019 09:18:30  INFO BasePage.py wait_eleVisible [ line:23 ] 等待元素可见。
 Fri, 24 May 2019 09:18:30  INFO BasePage.py wait_eleVisible [ line:30 ] 点击注销用户: 元素 ('xpath', '//*[@aria-expanded="false"]') 已可见,等待起始时间：2019-05-24 09:18:30.632270,等待时长：0
 Fri, 24 May 2019 09:18:30  INFO BasePage.py get_element [ line:58 ] 点击注销用户：开始查找元素：('xpath', '//*[@aria-expanded="false"]')
 Fri, 24 May 2019 09:18:30  INFO BasePage.py click_element [ line:104 ] 点击注销用户: 元素：('xpath', '//*[@aria-expanded="false"]') 点击事件。
 Fri, 24 May 2019 09:18:31  INFO BasePage.py wait_eleVisible [ line:23 ] 等待元素可见。
 Fri, 24 May 2019 09:18:31  INFO BasePage.py wait_eleVisible [ line:30 ] 退出: 元素 ('xpath', '//*[@title="注销"]') 已可见,等待起始时间：2019-05-24 09:18:31.709028,等待时长：0
 Fri, 24 May 2019 09:18:31  INFO BasePage.py get_element [ line:58 ] 退出：开始查找元素：('xpath', '//*[@title="注销"]')
 Fri, 24 May 2019 09:18:31  INFO BasePage.py click_element [ line:104 ] 退出: 元素：('xpath', '//*[@title="注销"]') 点击事件。
 Fri, 24 May 2019 09:18:35  INFO login_page.py login [ line:16 ] 登陆页面_登陆功能
 Fri, 24 May 2019 09:18:35  INFO BasePage.py wait_eleVisible [ line:23 ] 等待元素可见。
 Fri, 24 May 2019 09:18:35  INFO BasePage.py wait_eleVisible [ line:30 ] 输入用户名: 元素 ('xpath', '//*[@id="username"]') 已可见,等待起始时间：2019-05-24 09:18:35.184548,等待时长：0
 Fri, 24 May 2019 09:18:35  INFO BasePage.py get_element [ line:58 ] 输入用户名：开始查找元素：('xpath', '//*[@id="username"]')
 Fri, 24 May 2019 09:18:35  INFO BasePage.py input_text [ line:86 ] 输入用户名: 元素：('xpath', '//*[@id="username"]') 输入内容：172883
 Fri, 24 May 2019 09:18:35  INFO BasePage.py wait_eleVisible [ line:23 ] 等待元素可见。
 Fri, 24 May 2019 09:18:35  INFO BasePage.py wait_eleVisible [ line:30 ] 输入密码: 元素 ('xpath', '//*[@id="password"]') 已可见,等待起始时间：2019-05-24 09:18:35.286208,等待时长：0
 Fri, 24 May 2019 09:18:35  INFO BasePage.py get_element [ line:58 ] 输入密码：开始查找元素：('xpath', '//*[@id="password"]')
 Fri, 24 May 2019 09:18:35  INFO BasePage.py input_text [ line:86 ] 输入密码: 元素：('xpath', '//*[@id="password"]') 输入内容：111
 Fri, 24 May 2019 09:18:35  INFO BasePage.py wait_eleVisible [ line:23 ] 等待元素可见。
 Fri, 24 May 2019 09:18:35  INFO BasePage.py wait_eleVisible [ line:30 ] 输入验证码: 元素 ('xpath', '//*[@id="captcha"]') 已可见,等待起始时间：2019-05-24 09:18:35.376013,等待时长：0
 Fri, 24 May 2019 09:18:35  INFO BasePage.py get_element [ line:58 ] 输入验证码：开始查找元素：('xpath', '//*[@id="captcha"]')
 Fri, 24 May 2019 09:18:35  INFO BasePage.py input_text [ line:86 ] 输入验证码: 元素：('xpath', '//*[@id="captcha"]') 输入内容：1111
 Fri, 24 May 2019 09:18:35  INFO BasePage.py wait_eleVisible [ line:23 ] 等待元素可见。
 Fri, 24 May 2019 09:18:35  INFO BasePage.py wait_eleVisible [ line:30 ] 点击登录按钮: 元素 ('xpath', '//*[@id="login-btn"]') 已可见,等待起始时间：2019-05-24 09:18:35.469903,等待时长：0
 Fri, 24 May 2019 09:18:35  INFO BasePage.py get_element [ line:58 ] 点击登录按钮：开始查找元素：('xpath', '//*[@id="login-btn"]')
 Fri, 24 May 2019 09:18:35  INFO BasePage.py click_element [ line:104 ] 点击登录按钮: 元素：('xpath', '//*[@id="login-btn"]') 点击事件。
 Fri, 24 May 2019 09:18:41  INFO rku_scan.py qc_ng_scan [ line:240 ] QC扫描
 Fri, 24 May 2019 09:18:41  INFO BasePage.py wait_eleVisible [ line:23 ] 等待元素可见。
 Fri, 24 May 2019 09:18:42  INFO BasePage.py wait_eleVisible [ line:30 ] 点击收发货管理: 元素 ('xpath', '//*[@id="menu_13000000"]/a') 已可见,等待起始时间：2019-05-24 09:18:41.976173,等待时长：0
 Fri, 24 May 2019 09:18:42  INFO BasePage.py get_element [ line:58 ] 点击收发货管理：开始查找元素：('xpath', '//*[@id="menu_13000000"]/a')
 Fri, 24 May 2019 09:18:42  INFO BasePage.py click_element [ line:104 ] 点击收发货管理: 元素：('xpath', '//*[@id="menu_13000000"]/a') 点击事件。
 Fri, 24 May 2019 09:18:42  INFO BasePage.py wait_eleVisible [ line:23 ] 等待元素可见。
 Fri, 24 May 2019 09:18:42  INFO BasePage.py wait_eleVisible [ line:30 ] QC扫描: 元素 ('xpath', '//*[@id="menu_13000000"]//*[@id="menu_13131100"]/a') 已可见,等待起始时间：2019-05-24 09:18:42.065108,等待时长：0
 Fri, 24 May 2019 09:18:42  INFO BasePage.py get_element [ line:58 ] QC扫描：开始查找元素：('xpath', '//*[@id="menu_13000000"]//*[@id="menu_13131100"]/a')
 Fri, 24 May 2019 09:18:42  INFO BasePage.py click_element [ line:104 ] QC扫描: 元素：('xpath', '//*[@id="menu_13000000"]//*[@id="menu_13131100"]/a') 点击事件。
 Fri, 24 May 2019 09:18:44  INFO BasePage.py wait_eleVisible [ line:23 ] 等待元素可见。
 Fri, 24 May 2019 09:18:44  INFO BasePage.py wait_eleVisible [ line:30 ] 二维码输入: 元素 ('xpath', '//*[@id="uuidAndSku"]') 已可见,等待起始时间：2019-05-24 09:18:44.658063,等待时长：0
 Fri, 24 May 2019 09:18:44  INFO BasePage.py get_element [ line:58 ] 二维码输入：开始查找元素：('xpath', '//*[@id="uuidAndSku"]')
 Fri, 24 May 2019 09:18:44  INFO BasePage.py input_text [ line:86 ] 二维码输入: 元素：('xpath', '//*[@id="uuidAndSku"]') 输入内容：190524091809398035.HJQ50423158A
 Fri, 24 May 2019 09:18:45  INFO BasePage.py get_element [ line:58 ] ：开始查找元素：('xpath', '//*[@id="uuidAndSku"]')
 Fri, 24 May 2019 09:18:46  INFO BasePage.py wait_eleVisible [ line:23 ] 等待元素可见。
 Fri, 24 May 2019 09:18:46  INFO BasePage.py wait_eleVisible [ line:30 ] 二次确认: 元素 ('xpath', '//button[@data-id="ok"]') 已可见,等待起始时间：2019-05-24 09:18:46.900917,等待时长：0
 Fri, 24 May 2019 09:18:46  INFO BasePage.py get_element [ line:58 ] 二次确认：开始查找元素：('xpath', '//button[@data-id="ok"]')
 Fri, 24 May 2019 09:18:46  INFO BasePage.py click_element [ line:104 ] 二次确认: 元素：('xpath', '//button[@data-id="ok"]') 点击事件。
 Fri, 24 May 2019 09:18:47  INFO BasePage.py isElementExist_2 [ line:264 ] 判断元素是否可见//form[@id="qcRecordForm"]
 Fri, 24 May 2019 09:19:03  INFO BasePage.py isElementExist_2 [ line:272 ] 元素不可见
 Fri, 24 May 2019 09:19:03  INFO BasePage.py wait_eleVisible [ line:23 ] 等待元素可见。
 Fri, 24 May 2019 09:19:03  INFO BasePage.py wait_eleVisible [ line:30 ] NG按钮点击: 元素 ('xpath', '//*[@id="ng-top"]') 已可见,等待起始时间：2019-05-24 09:19:03.122625,等待时长：0
 Fri, 24 May 2019 09:19:03  INFO BasePage.py get_element [ line:58 ] NG按钮点击：开始查找元素：('xpath', '//*[@id="ng-top"]')
 Fri, 24 May 2019 09:19:03  INFO BasePage.py click_element [ line:104 ] NG按钮点击: 元素：('xpath', '//*[@id="ng-top"]') 点击事件。
 Fri, 24 May 2019 09:19:04  INFO BasePage.py wait_eleVisible [ line:23 ] 等待元素可见。
 Fri, 24 May 2019 09:19:04  INFO BasePage.py wait_eleVisible [ line:30 ] 款式不符: 元素 ('xpath', '//*[@id="select2-drop"]//li[4]') 已可见,等待起始时间：2019-05-24 09:19:04.275672,等待时长：0
 Fri, 24 May 2019 09:19:04  INFO BasePage.py get_element [ line:58 ] 款式不符：开始查找元素：('xpath', '//*[@id="select2-drop"]//li[4]')
 Fri, 24 May 2019 09:19:04  INFO BasePage.py click_element [ line:104 ] 款式不符: 元素：('xpath', '//*[@id="select2-drop"]//li[4]') 点击事件。
 Fri, 24 May 2019 09:19:06  INFO BasePage.py wait_eleVisible [ line:23 ] 等待元素可见。
 Fri, 24 May 2019 09:19:06  INFO BasePage.py wait_eleVisible [ line:30 ] 确认: 元素 ('xpath', '//*[@data-id="ok"]') 已可见,等待起始时间：2019-05-24 09:19:06.363626,等待时长：0
 Fri, 24 May 2019 09:19:06  INFO BasePage.py get_element [ line:58 ] 确认：开始查找元素：('xpath', '//*[@data-id="ok"]')
 Fri, 24 May 2019 09:19:06  INFO BasePage.py click_element [ line:104 ] 确认: 元素：('xpath', '//*[@data-id="ok"]') 点击事件。
 Fri, 24 May 2019 09:19:08  INFO conftest.py login_web [ line:45 ] =====用例后置：关闭浏览器会话,清理环境=======
