 Thu, 23 May 2019 17:03:16  INFO logger.py <module> [ line:23 ] 测试开始
 Thu, 23 May 2019 17:03:17  INFO conftest.py login_web [ line:37 ] =====用例前置：初始化浏览器会话，登陆WEB系统=======
 Thu, 23 May 2019 17:03:23  INFO login_page.py login [ line:16 ] 登陆页面_登陆功能
 Thu, 23 May 2019 17:03:23  INFO BasePage.py wait_eleVisible [ line:23 ] 等待元素可见。
 Thu, 23 May 2019 17:03:23  INFO BasePage.py wait_eleVisible [ line:30 ] 输入用户名: 元素 ('xpath', '//*[@id="username"]') 已可见,等待起始时间：2019-05-23 17:03:23.780520,等待时长：0
 Thu, 23 May 2019 17:03:23  INFO BasePage.py get_element [ line:58 ] 输入用户名：开始查找元素：('xpath', '//*[@id="username"]')
 Thu, 23 May 2019 17:03:23  INFO BasePage.py input_text [ line:86 ] 输入用户名: 元素：('xpath', '//*[@id="username"]') 输入内容：it_gongyingying
 Thu, 23 May 2019 17:03:23  INFO BasePage.py wait_eleVisible [ line:23 ] 等待元素可见。
 Thu, 23 May 2019 17:03:23  INFO BasePage.py wait_eleVisible [ line:30 ] 输入密码: 元素 ('xpath', '//*[@id="password"]') 已可见,等待起始时间：2019-05-23 17:03:23.937282,等待时长：0
 Thu, 23 May 2019 17:03:23  INFO BasePage.py get_element [ line:58 ] 输入密码：开始查找元素：('xpath', '//*[@id="password"]')
 Thu, 23 May 2019 17:03:23  INFO BasePage.py input_text [ line:86 ] 输入密码: 元素：('xpath', '//*[@id="password"]') 输入内容：111
 Thu, 23 May 2019 17:03:24  INFO BasePage.py wait_eleVisible [ line:23 ] 等待元素可见。
 Thu, 23 May 2019 17:03:24  INFO BasePage.py wait_eleVisible [ line:30 ] 输入验证码: 元素 ('xpath', '//*[@id="captcha"]') 已可见,等待起始时间：2019-05-23 17:03:24.035020,等待时长：0
 Thu, 23 May 2019 17:03:24  INFO BasePage.py get_element [ line:58 ] 输入验证码：开始查找元素：('xpath', '//*[@id="captcha"]')
 Thu, 23 May 2019 17:03:24  INFO BasePage.py input_text [ line:86 ] 输入验证码: 元素：('xpath', '//*[@id="captcha"]') 输入内容：1111
 Thu, 23 May 2019 17:03:24  INFO BasePage.py wait_eleVisible [ line:23 ] 等待元素可见。
 Thu, 23 May 2019 17:03:24  INFO BasePage.py wait_eleVisible [ line:30 ] 点击登录按钮: 元素 ('xpath', '//*[@id="login-btn"]') 已可见,等待起始时间：2019-05-23 17:03:24.133345,等待时长：0
 Thu, 23 May 2019 17:03:24  INFO BasePage.py get_element [ line:58 ] 点击登录按钮：开始查找元素：('xpath', '//*[@id="login-btn"]')
 Thu, 23 May 2019 17:03:24  INFO BasePage.py click_element [ line:104 ] 点击登录按钮: 元素：('xpath', '//*[@id="login-btn"]') 点击事件。
 Thu, 23 May 2019 17:03:26  INFO test_cku.py test_chuku_order_duopin [ line:112 ] *********入库：开始执行多品打单（快递）用例*********
 Thu, 23 May 2019 17:03:26  INFO BasePage.py wait_eleVisible [ line:23 ] 等待元素可见。
 Thu, 23 May 2019 17:03:26  INFO BasePage.py wait_eleVisible [ line:30 ] 点击待合并按钮: 元素 ('xpath', '//*[@id="status-deliver"]/a[2]') 已可见,等待起始时间：2019-05-23 17:03:26.297435,等待时长：0
 Thu, 23 May 2019 17:03:26  INFO BasePage.py get_element [ line:58 ] 点击待合并按钮：开始查找元素：('xpath', '//*[@id="status-deliver"]/a[2]')
 Thu, 23 May 2019 17:03:26  INFO BasePage.py click_element [ line:104 ] 点击待合并按钮: 元素：('xpath', '//*[@id="status-deliver"]/a[2]') 点击事件。
 Thu, 23 May 2019 17:03:26  INFO BasePage.py window_switch [ line:172 ] 切换窗口位置-1，功能点窗口切换
 Thu, 23 May 2019 17:03:26  INFO BasePage.py window_switch [ line:176 ] 窗口切换成功
 Thu, 23 May 2019 17:03:28  INFO order_guanli_page.py new_order [ line:20 ] 点击新建订单按钮
 Thu, 23 May 2019 17:03:28  INFO BasePage.py wait_eleVisible [ line:23 ] 等待元素可见。
 Thu, 23 May 2019 17:03:29  INFO BasePage.py wait_eleVisible [ line:30 ] 点击新建按钮: 元素 ('xpath', "//div[@class='pull-left']") 已可见,等待起始时间：2019-05-23 17:03:28.523330,等待时长：1
 Thu, 23 May 2019 17:03:29  INFO BasePage.py get_element [ line:58 ] 点击新建按钮：开始查找元素：('xpath', "//div[@class='pull-left']")
 Thu, 23 May 2019 17:03:29  INFO BasePage.py click_element [ line:104 ] 点击新建按钮: 元素：('xpath', "//div[@class='pull-left']") 点击事件。
 Thu, 23 May 2019 17:03:29  INFO BasePage.py window_switch [ line:172 ] 切换窗口位置-1，功能点窗口切换
 Thu, 23 May 2019 17:03:29  INFO BasePage.py window_switch [ line:176 ] 窗口切换成功
 Thu, 23 May 2019 17:03:31  INFO xinjian_page.py new_order [ line:20 ] 随机到的数据：['Amazon', '3780848679', '许寿龙', 'United States(美国US)', 'Kansas', '555 Lexington Avenue, 10th Floor, Room 202', '92647']
 Thu, 23 May 2019 17:03:31  INFO xinjian_page.py new_order [ line:21 ] 新建订单
 Thu, 23 May 2019 17:03:31  INFO BasePage.py select [ line:140 ] ('xpath', '//*[@id="platform-id"]'):平台选择select列表操作
 Thu, 23 May 2019 17:03:31  INFO BasePage.py wait_eleVisible [ line:23 ] 等待元素可见。
 Thu, 23 May 2019 17:03:32  INFO BasePage.py wait_eleVisible [ line:30 ] 平台选择: 元素 ('xpath', '//*[@id="platform-id"]') 已可见,等待起始时间：2019-05-23 17:03:31.791760,等待时长：1
 Thu, 23 May 2019 17:03:32  INFO BasePage.py get_element [ line:58 ] 平台选择：开始查找元素：('xpath', '//*[@id="platform-id"]')
 Thu, 23 May 2019 17:03:34  INFO BasePage.py select [ line:148 ] select列表操作完毕Amazon
 Thu, 23 May 2019 17:03:34  INFO BasePage.py select [ line:140 ] ('xpath', "//select[@class='input-xsmall  input-inline form-control']"):货币选择select列表操作
 Thu, 23 May 2019 17:03:34  INFO BasePage.py wait_eleVisible [ line:23 ] 等待元素可见。
 Thu, 23 May 2019 17:03:34  INFO BasePage.py wait_eleVisible [ line:30 ] 货币选择: 元素 ('xpath', "//select[@class='input-xsmall  input-inline form-control']") 已可见,等待起始时间：2019-05-23 17:03:34.524620,等待时长：0
 Thu, 23 May 2019 17:03:34  INFO BasePage.py get_element [ line:58 ] 货币选择：开始查找元素：('xpath', "//select[@class='input-xsmall  input-inline form-control']")
 Thu, 23 May 2019 17:03:36  INFO BasePage.py select [ line:148 ] select列表操作完毕VND
 Thu, 23 May 2019 17:03:36  INFO BasePage.py select [ line:140 ] ('xpath', "//select[@name='order.logisticsType']"):select列表操作
 Thu, 23 May 2019 17:03:36  INFO BasePage.py wait_eleVisible [ line:23 ] 等待元素可见。
 Thu, 23 May 2019 17:03:36  INFO BasePage.py wait_eleVisible [ line:30 ] : 元素 ('xpath', "//select[@name='order.logisticsType']") 已可见,等待起始时间：2019-05-23 17:03:36.182354,等待时长：0
 Thu, 23 May 2019 17:03:36  INFO BasePage.py get_element [ line:58 ] ：开始查找元素：('xpath', "//select[@name='order.logisticsType']")
 Thu, 23 May 2019 17:03:37  INFO BasePage.py select [ line:148 ] select列表操作完毕4PX物流-新加坡挂号
 Thu, 23 May 2019 17:03:38  INFO BasePage.py wait_eleVisible [ line:23 ] 等待元素可见。
 Thu, 23 May 2019 17:03:38  INFO BasePage.py wait_eleVisible [ line:30 ] 日期选择: 元素 ('xpath', "//input[@name='order.paidDate']") 已可见,等待起始时间：2019-05-23 17:03:38.339587,等待时长：0
 Thu, 23 May 2019 17:03:38  INFO BasePage.py get_element [ line:58 ] 日期选择：开始查找元素：('xpath', "//input[@name='order.paidDate']")
 Thu, 23 May 2019 17:03:38  INFO BasePage.py click_element [ line:104 ] 日期选择: 元素：('xpath', "//input[@name='order.paidDate']") 点击事件。
 Thu, 23 May 2019 17:03:38  INFO BasePage.py switchover_html [ line:159 ] 切换HTML页面
 Thu, 23 May 2019 17:03:38  INFO BasePage.py switchover_html [ line:162 ] HTML页面切换成功
 Thu, 23 May 2019 17:03:38  INFO BasePage.py wait_eleVisible [ line:23 ] 等待元素可见。
 Thu, 23 May 2019 17:03:38  INFO BasePage.py wait_eleVisible [ line:30 ] 日期确认: 元素 ('xpath', '//*[@id="dpOkInput"]') 已可见,等待起始时间：2019-05-23 17:03:38.459530,等待时长：0
 Thu, 23 May 2019 17:03:38  INFO BasePage.py get_element [ line:58 ] 日期确认：开始查找元素：('xpath', '//*[@id="dpOkInput"]')
 Thu, 23 May 2019 17:03:38  INFO BasePage.py click_element [ line:104 ] 日期确认: 元素：('xpath', '//*[@id="dpOkInput"]') 点击事件。
 Thu, 23 May 2019 17:03:39  INFO xinjian_page.py new_order [ line:129 ] 多品打单
 Thu, 23 May 2019 17:03:39  INFO xinjian_page.py new_order [ line:130 ] 订单号3780848679duop
 Thu, 23 May 2019 17:03:39  INFO BasePage.py wait_eleVisible [ line:23 ] 等待元素可见。
 Thu, 23 May 2019 17:03:39  INFO BasePage.py wait_eleVisible [ line:30 ] 输入平台订单号: 元素 ('xpath', '//*[@id="platform-order-id"]') 已可见,等待起始时间：2019-05-23 17:03:39.585134,等待时长：0
 Thu, 23 May 2019 17:03:39  INFO BasePage.py get_element [ line:58 ] 输入平台订单号：开始查找元素：('xpath', '//*[@id="platform-order-id"]')
 Thu, 23 May 2019 17:03:39  INFO BasePage.py input_text [ line:86 ] 输入平台订单号: 元素：('xpath', '//*[@id="platform-order-id"]') 输入内容：3780848679duop
 Thu, 23 May 2019 17:03:40  INFO BasePage.py wait_eleVisible [ line:23 ] 等待元素可见。
 Thu, 23 May 2019 17:03:40  INFO BasePage.py wait_eleVisible [ line:30 ] 选择添加商品: 元素 ('xpath', '//*[@id="tr-order-item-0"]/td[2]/button') 已可见,等待起始时间：2019-05-23 17:03:40.949535,等待时长：0
 Thu, 23 May 2019 17:03:40  INFO BasePage.py get_element [ line:58 ] 选择添加商品：开始查找元素：('xpath', '//*[@id="tr-order-item-0"]/td[2]/button')
 Thu, 23 May 2019 17:03:41  INFO BasePage.py click_element [ line:104 ] 选择添加商品: 元素：('xpath', '//*[@id="tr-order-item-0"]/td[2]/button') 点击事件。
 Thu, 23 May 2019 17:03:48  INFO BasePage.py switchover_html [ line:159 ] 切换HTML页面
 Thu, 23 May 2019 17:03:48  INFO BasePage.py switchover_html [ line:162 ] HTML页面切换成功
 Thu, 23 May 2019 17:03:48  INFO BasePage.py select [ line:140 ] ('xpath', '//*[@id="productStatusId"]'):筛选订单正常select列表操作
 Thu, 23 May 2019 17:03:48  INFO BasePage.py wait_eleVisible [ line:23 ] 等待元素可见。
 Thu, 23 May 2019 17:03:48  INFO BasePage.py wait_eleVisible [ line:30 ] 筛选订单正常: 元素 ('xpath', '//*[@id="productStatusId"]') 已可见,等待起始时间：2019-05-23 17:03:48.098161,等待时长：0
 Thu, 23 May 2019 17:03:48  INFO BasePage.py get_element [ line:58 ] 筛选订单正常：开始查找元素：('xpath', '//*[@id="productStatusId"]')
 Thu, 23 May 2019 17:03:49  INFO BasePage.py select [ line:148 ] select列表操作完毕正常
 Thu, 23 May 2019 17:03:49  INFO BasePage.py select [ line:140 ] ('xpath', '//*[@name="query.listingStatus"]'):筛选订单上架select列表操作
 Thu, 23 May 2019 17:03:49  INFO BasePage.py wait_eleVisible [ line:23 ] 等待元素可见。
 Thu, 23 May 2019 17:03:49  INFO BasePage.py wait_eleVisible [ line:30 ] 筛选订单上架: 元素 ('xpath', '//*[@name="query.listingStatus"]') 已可见,等待起始时间：2019-05-23 17:03:49.700102,等待时长：0
 Thu, 23 May 2019 17:03:49  INFO BasePage.py get_element [ line:58 ] 筛选订单上架：开始查找元素：('xpath', '//*[@name="query.listingStatus"]')
 Thu, 23 May 2019 17:03:51  INFO BasePage.py select [ line:148 ] select列表操作完毕上架
 Thu, 23 May 2019 17:03:51  INFO BasePage.py select [ line:140 ] ('xpath', '//*[@id="warehouse-id"]'):选择仓库select列表操作
 Thu, 23 May 2019 17:03:51  INFO BasePage.py wait_eleVisible [ line:23 ] 等待元素可见。
 Thu, 23 May 2019 17:03:51  INFO BasePage.py wait_eleVisible [ line:30 ] 选择仓库: 元素 ('xpath', '//*[@id="warehouse-id"]') 已可见,等待起始时间：2019-05-23 17:03:51.879128,等待时长：0
 Thu, 23 May 2019 17:03:51  INFO BasePage.py get_element [ line:58 ] 选择仓库：开始查找元素：('xpath', '//*[@id="warehouse-id"]')
 Thu, 23 May 2019 17:03:53  INFO BasePage.py select [ line:148 ] select列表操作完毕石岩仓库
 Thu, 23 May 2019 17:03:53  INFO BasePage.py wait_eleVisible [ line:23 ] 等待元素可见。
 Thu, 23 May 2019 17:03:53  INFO BasePage.py wait_eleVisible [ line:30 ] 库存1输入: 元素 ('xpath', '//*[@name="query.fromStock"]') 已可见,等待起始时间：2019-05-23 17:03:53.523852,等待时长：0
 Thu, 23 May 2019 17:03:53  INFO BasePage.py get_element [ line:58 ] 库存1输入：开始查找元素：('xpath', '//*[@name="query.fromStock"]')
 Thu, 23 May 2019 17:03:53  INFO BasePage.py input_text [ line:86 ] 库存1输入: 元素：('xpath', '//*[@name="query.fromStock"]') 输入内容：100
 Thu, 23 May 2019 17:03:53  INFO BasePage.py wait_eleVisible [ line:23 ] 等待元素可见。
 Thu, 23 May 2019 17:03:53  INFO BasePage.py wait_eleVisible [ line:30 ] 库存2输入: 元素 ('xpath', '//*[@name="query.toStock"]') 已可见,等待起始时间：2019-05-23 17:03:53.629623,等待时长：0
 Thu, 23 May 2019 17:03:53  INFO BasePage.py get_element [ line:58 ] 库存2输入：开始查找元素：('xpath', '//*[@name="query.toStock"]')
 Thu, 23 May 2019 17:03:53  INFO BasePage.py input_text [ line:86 ] 库存2输入: 元素：('xpath', '//*[@name="query.toStock"]') 输入内容：1000
 Thu, 23 May 2019 17:03:54  INFO BasePage.py wait_eleVisible [ line:23 ] 等待元素可见。
 Thu, 23 May 2019 17:03:54  INFO BasePage.py wait_eleVisible [ line:30 ] 点击搜索按钮: 元素 ('xpath', '//*[@id="search-form"]//button[1]') 已可见,等待起始时间：2019-05-23 17:03:54.242610,等待时长：0
 Thu, 23 May 2019 17:03:54  INFO BasePage.py get_element [ line:58 ] 点击搜索按钮：开始查找元素：('xpath', '//*[@id="search-form"]//button[1]')
 Thu, 23 May 2019 17:03:54  INFO BasePage.py click_element [ line:104 ] 点击搜索按钮: 元素：('xpath', '//*[@id="search-form"]//button[1]') 点击事件。
 Thu, 23 May 2019 17:04:09  INFO xinjian_page.py new_order [ line:147 ] 选择的SKU是3
 Thu, 23 May 2019 17:04:10  INFO BasePage.py wait_eleVisible [ line:23 ] 等待元素可见。
 Thu, 23 May 2019 17:04:10  INFO BasePage.py wait_eleVisible [ line:30 ] 点击确认按钮: 元素 ('xpath', '//*[@data-id="ok"]') 已可见,等待起始时间：2019-05-23 17:04:10.538992,等待时长：0
 Thu, 23 May 2019 17:04:10  INFO BasePage.py get_element [ line:58 ] 点击确认按钮：开始查找元素：('xpath', '//*[@data-id="ok"]')
 Thu, 23 May 2019 17:04:10  INFO BasePage.py click_element [ line:104 ] 点击确认按钮: 元素：('xpath', '//*[@data-id="ok"]') 点击事件。
 Thu, 23 May 2019 17:04:11  INFO BasePage.py wait_eleVisible [ line:23 ] 等待元素可见。
 Thu, 23 May 2019 17:04:11  INFO BasePage.py wait_eleVisible [ line:30 ] 数量输入: 元素 ('xpath', "//input[@name='order.orderItems[0].saleQuantity']") 已可见,等待起始时间：2019-05-23 17:04:11.680103,等待时长：0
 Thu, 23 May 2019 17:04:11  INFO BasePage.py get_element [ line:58 ] 数量输入：开始查找元素：('xpath', "//input[@name='order.orderItems[0].saleQuantity']")
 Thu, 23 May 2019 17:04:11  INFO BasePage.py input_text [ line:86 ] 数量输入: 元素：('xpath', "//input[@name='order.orderItems[0].saleQuantity']") 输入内容：1
 Thu, 23 May 2019 17:04:12  INFO BasePage.py wait_eleVisible [ line:23 ] 等待元素可见。
 Thu, 23 May 2019 17:04:13  INFO BasePage.py wait_eleVisible [ line:30 ] 查询价格: 元素 ('xpath', '//*[@id="menu_11000000"]') 已可见,等待起始时间：2019-05-23 17:04:12.996891,等待时长：0
 Thu, 23 May 2019 17:04:13  INFO BasePage.py get_element [ line:58 ] 查询价格：开始查找元素：('xpath', '//*[@id="menu_11000000"]')
 Thu, 23 May 2019 17:04:13  INFO BasePage.py click_element [ line:104 ] 查询价格: 元素：('xpath', '//*[@id="menu_11000000"]') 点击事件。
 Thu, 23 May 2019 17:04:13  INFO BasePage.py wait_eleVisible [ line:23 ] 等待元素可见。
 Thu, 23 May 2019 17:04:13  INFO BasePage.py wait_eleVisible [ line:30 ] 查询价格: 元素 ('xpath', '//*[@id="menu_11101200"]') 已可见,等待起始时间：2019-05-23 17:04:13.246957,等待时长：0
 Thu, 23 May 2019 17:04:13  INFO BasePage.py get_element [ line:58 ] 查询价格：开始查找元素：('xpath', '//*[@id="menu_11101200"]')
 Thu, 23 May 2019 17:04:13  INFO BasePage.py click_element [ line:104 ] 查询价格: 元素：('xpath', '//*[@id="menu_11101200"]') 点击事件。
 Thu, 23 May 2019 17:04:16  INFO BasePage.py wait_eleVisible [ line:23 ] 等待元素可见。
 Thu, 23 May 2019 17:04:16  INFO BasePage.py wait_eleVisible [ line:30 ] 查询价格: 元素 ('xpath', '//*[@id="product-sku"]') 已可见,等待起始时间：2019-05-23 17:04:16.290869,等待时长：0
 Thu, 23 May 2019 17:04:16  INFO BasePage.py get_element [ line:58 ] 查询价格：开始查找元素：('xpath', '//*[@id="product-sku"]')
 Thu, 23 May 2019 17:04:16  INFO BasePage.py input_text [ line:86 ] 查询价格: 元素：('xpath', '//*[@id="product-sku"]') 输入内容：XYQ50527126A
 Thu, 23 May 2019 17:04:16  INFO BasePage.py wait_eleVisible [ line:23 ] 等待元素可见。
 Thu, 23 May 2019 17:04:16  INFO BasePage.py wait_eleVisible [ line:30 ] 查询价格: 元素 ('xpath', '//*[@class="icon-search"]') 已可见,等待起始时间：2019-05-23 17:04:16.479649,等待时长：0
 Thu, 23 May 2019 17:04:16  INFO BasePage.py get_element [ line:58 ] 查询价格：开始查找元素：('xpath', '//*[@class="icon-search"]')
 Thu, 23 May 2019 17:04:16  INFO BasePage.py click_element [ line:104 ] 查询价格: 元素：('xpath', '//*[@class="icon-search"]') 点击事件。
 Thu, 23 May 2019 17:04:18  INFO BasePage.py wait_eleVisible [ line:23 ] 等待元素可见。
 Thu, 23 May 2019 17:04:18  INFO BasePage.py wait_eleVisible [ line:30 ] 查询价格: 元素 ('xpath', '//*[@id="data-list"]//span[51]/a') 已可见,等待起始时间：2019-05-23 17:04:18.813162,等待时长：0
 Thu, 23 May 2019 17:04:18  INFO BasePage.py get_element [ line:58 ] 查询价格：开始查找元素：('xpath', '//*[@id="data-list"]//span[51]/a')
 Thu, 23 May 2019 17:04:18  INFO BasePage.py click_element [ line:104 ] 查询价格: 元素：('xpath', '//*[@id="data-list"]//span[51]/a') 点击事件。
 Thu, 23 May 2019 17:04:19  INFO BasePage.py wait_eleVisible [ line:23 ] 等待元素可见。
 Thu, 23 May 2019 17:04:20  INFO BasePage.py wait_eleVisible [ line:30 ] 查询价格: 元素 ('xpath', '//*[@id="data-list"]//td[4]/div[2]') 已可见,等待起始时间：2019-05-23 17:04:19.987338,等待时长：0
 Thu, 23 May 2019 17:04:20  INFO BasePage.py get_element [ line:58 ] 查询价格：开始查找元素：('xpath', '//*[@id="data-list"]//td[4]/div[2]')
 Thu, 23 May 2019 17:04:20  INFO BasePage.py get_text [ line:188 ] 查询价格：获取元素：('xpath', '//*[@id="data-list"]//td[4]/div[2]') 的文本内容
 Thu, 23 May 2019 17:04:20  INFO BasePage.py get_text [ line:191 ] 查询价格：元素：('xpath', '//*[@id="data-list"]//td[4]/div[2]') 的文本内容为：qwe：22.38 AED eBay：4.41 USD(US) eBay：3.59 GBP(UK) eBay：5.76 CAD(CANADA) eBay：6.12 AUD(AUSTRALIA)
eBay：3.92 EUR(FRANCE) eBay：3.9 EUR(GERMANY) eBay谷仓海外仓(空运)：7.01 USD eBay谷仓海外仓(空运)：5.56 GBP eBay谷仓海外仓(空运)：9.1 CAD
eBay谷仓海外仓(空运)：9.82 AUD eBay谷仓海外仓(空运)：6.14 EUR eBay谷仓海外仓(空运)：6.14 EUR eBay谷仓海外仓(海运)：7.02 USD eBay谷仓海外仓(海运)：5.57 GBP
eBay谷仓海外仓(海运)：9.12 CAD eBay谷仓海外仓(海运)：9.85 AUD eBay谷仓海外仓(海运)：6.15 EUR eBay谷仓海外仓(海运)：6.15 EUR 速卖通平邮：3.65 USD
速卖通挂号：6.51 USD 速卖通俄罗斯挂号：6.25 USD 速卖通俄罗斯挂号(+30%)：8.12 USD 速卖通(+30%)：4.75 USD 速卖通(+23%)：4.38 USD
速卖通俄罗斯海外仓：4.8 USD 速卖通转运：8.51 USD 速卖通转运(+30%)：11.06 USD 亚马逊：6.37 USD 亚马逊：4.54 GBP
亚马逊：7.58 CAD 亚马逊：7.86 AUD 亚马逊：5.22 EUR 亚马逊：5.2 EUR 亚马逊：536.61 JPY
Wish挂号：6.27 USD Wish平邮：3.96 USD Wish谷仓海外仓：7.86 USD Lazada：13.92 MYR Lazada：67336.41 IDR
Lazada：6.83 SGD Lazada：121.09 THB Lazada：248.74 PHP Lazada：237907.76 VND EUB：5.99 USD
Cdiscount：6.17 EUR Elevenia：18.1 MYR Elevenia：70935.96 IDR Newegg：4.72 USD PriceMinister：6.51 EUR
Qoo10：9.85 SGD Linio：142.33 MXN Linio：4284.12 CLP Linio：23114.85 COP Linio：23.07 PEN
Linio：153.33 ARP 敦煌：5.09 USD Doba：4.73 USD Ensogo：5.07 USD Ensogo：23.75 MYR
Ensogo：115043.95 IDR Ensogo：7.89 SGD Ensogo：223.84 THB Ensogo：339.08 PHP Ensogo：179884.45 VND
Joom上架价：4.86 USD Shopee：82430.21 IDR Shopee：13.4 MYR Shopee：4.7 SGD Shopee：118.91 THB
Shopee：250.23 PHP Shopee：79846.94 VND Shopee：149.53 TWD Jumia：1688.69 NGN Jumia：361.68 KES
Jumia：4457.15 XOF Jumia：88.91 EGP Jumia：74.09 MAD Jumia：18.28 GHC Jumia：2496.47 XAF
Jumia：1247.27 UGX Paytm：522.94 INR Walmart：5.0 USD Wadi：41.43 SAR Wadi：10.84 AED
Daraz：455.29 PKR Daraz：336.81 BDT Daraz：696.33 LKR Daraz：5858.44 MMK Daraz：431.78 NPR
丰卖网平邮：3.5 USD 丰卖网挂号：3.62 USD 销售：0.0 CNY
 Thu, 23 May 2019 17:04:23  INFO chaxun_money.py money [ line:64 ] ssss:['qwe：22.38 AED eBay：4.41 USD(US) eBay：3.59 GBP(UK) eBay：5.76 CAD(CANADA) eBay：6.12 AUD(AUSTRALIA)', 'eBay：3.92 EUR(FRANCE) eBay：3.9 EUR(GERMANY) eBay谷仓海外仓(空运)：7.01 USD eBay谷仓海外仓(空运)：5.56 GBP eBay谷仓海外仓(空运)：9.1 CAD', 'eBay谷仓海外仓(空运)：9.82 AUD eBay谷仓海外仓(空运)：6.14 EUR eBay谷仓海外仓(空运)：6.14 EUR eBay谷仓海外仓(海运)：7.02 USD eBay谷仓海外仓(海运)：5.57 GBP', 'eBay谷仓海外仓(海运)：9.12 CAD eBay谷仓海外仓(海运)：9.85 AUD eBay谷仓海外仓(海运)：6.15 EUR eBay谷仓海外仓(海运)：6.15 EUR 速卖通平邮：3.65 USD', '速卖通挂号：6.51 USD 速卖通俄罗斯挂号：6.25 USD 速卖通俄罗斯挂号(+30%)：8.12 USD 速卖通(+30%)：4.75 USD 速卖通(+23%)：4.38 USD', '速卖通俄罗斯海外仓：4.8 USD 速卖通转运：8.51 USD 速卖通转运(+30%)：11.06 USD 亚马逊：6.37 USD 亚马逊：4.54 GBP', '亚马逊：7.58 CAD 亚马逊：7.86 AUD 亚马逊：5.22 EUR 亚马逊：5.2 EUR 亚马逊：536.61 JPY', 'Wish挂号：6.27 USD Wish平邮：3.96 USD Wish谷仓海外仓：7.86 USD Lazada：13.92 MYR Lazada：67336.41 IDR', 'Lazada：6.83 SGD Lazada：121.09 THB Lazada：248.74 PHP Lazada：237907.76 VND EUB：5.99 USD', 'Cdiscount：6.17 EUR Elevenia：18.1 MYR Elevenia：70935.96 IDR Newegg：4.72 USD PriceMinister：6.51 EUR', 'Qoo10：9.85 SGD Linio：142.33 MXN Linio：4284.12 CLP Linio：23114.85 COP Linio：23.07 PEN', 'Linio：153.33 ARP 敦煌：5.09 USD Doba：4.73 USD Ensogo：5.07 USD Ensogo：23.75 MYR', 'Ensogo：115043.95 IDR Ensogo：7.89 SGD Ensogo：223.84 THB Ensogo：339.08 PHP Ensogo：179884.45 VND', 'Joom上架价：4.86 USD Shopee：82430.21 IDR Shopee：13.4 MYR Shopee：4.7 SGD Shopee：118.91 THB', 'Shopee：250.23 PHP Shopee：79846.94 VND Shopee：149.53 TWD Jumia：1688.69 NGN Jumia：361.68 KES', 'Jumia：4457.15 XOF Jumia：88.91 EGP Jumia：74.09 MAD Jumia：18.28 GHC Jumia：2496.47 XAF', 'Jumia：1247.27 UGX Paytm：522.94 INR Walmart：5.0 USD Wadi：41.43 SAR Wadi：10.84 AED', 'Daraz：455.29 PKR Daraz：336.81 BDT Daraz：696.33 LKR Daraz：5858.44 MMK Daraz：431.78 NPR', '丰卖网平邮：3.5 USD 丰卖网挂号：3.62 USD 销售：0.0 CNY']
 Thu, 23 May 2019 17:04:23  INFO BasePage.py wait_eleVisible [ line:23 ] 等待元素可见。
 Thu, 23 May 2019 17:04:23  INFO BasePage.py wait_eleVisible [ line:30 ] 输入多少钱: 元素 ('xpath', "//input[@name='order.orderItems[0].productPrice']") 已可见,等待起始时间：2019-05-23 17:04:23.128304,等待时长：0
 Thu, 23 May 2019 17:04:23  INFO BasePage.py get_element [ line:58 ] 输入多少钱：开始查找元素：('xpath', "//input[@name='order.orderItems[0].productPrice']")
 Thu, 23 May 2019 17:04:23  INFO BasePage.py input_text [ line:86 ] 输入多少钱: 元素：('xpath', "//input[@name='order.orderItems[0].productPrice']") 输入内容：237907
 Thu, 23 May 2019 17:04:24  INFO xinjian_page.py new_order [ line:162 ] 第二个商品添加~~~~~~~~~~~~~~~~~~~~~~~~~~~~~~~~
 Thu, 23 May 2019 17:04:24  INFO BasePage.py wait_eleVisible [ line:23 ] 等待元素可见。
 Thu, 23 May 2019 17:04:24  INFO BasePage.py wait_eleVisible [ line:30 ] 添加第二个商品: 元素 ('xpath', '//*[@id="editable-new"]') 已可见,等待起始时间：2019-05-23 17:04:24.321115,等待时长：0
 Thu, 23 May 2019 17:04:24  INFO BasePage.py get_element [ line:58 ] 添加第二个商品：开始查找元素：('xpath', '//*[@id="editable-new"]')
 Thu, 23 May 2019 17:04:24  INFO BasePage.py click_element [ line:104 ] 添加第二个商品: 元素：('xpath', '//*[@id="editable-new"]') 点击事件。
 Thu, 23 May 2019 17:04:24  INFO BasePage.py wait_eleVisible [ line:23 ] 等待元素可见。
 Thu, 23 May 2019 17:04:25  INFO BasePage.py wait_eleVisible [ line:30 ] 选择添加商品: 元素 ('xpath', '//*[@id="tr-order-item-1"]/td[2]/button') 已可见,等待起始时间：2019-05-23 17:04:24.444126,等待时长：0
 Thu, 23 May 2019 17:04:25  INFO BasePage.py get_element [ line:58 ] 选择添加商品：开始查找元素：('xpath', '//*[@id="tr-order-item-1"]/td[2]/button')
 Thu, 23 May 2019 17:04:25  INFO BasePage.py click_element [ line:104 ] 选择添加商品: 元素：('xpath', '//*[@id="tr-order-item-1"]/td[2]/button') 点击事件。
 Thu, 23 May 2019 17:04:30  INFO BasePage.py switchover_html [ line:159 ] 切换HTML页面
 Thu, 23 May 2019 17:04:30  INFO BasePage.py switchover_html [ line:162 ] HTML页面切换成功
 Thu, 23 May 2019 17:04:30  INFO BasePage.py select [ line:140 ] ('xpath', '//*[@id="productStatusId"]'):筛选订单正常select列表操作
 Thu, 23 May 2019 17:04:30  INFO BasePage.py wait_eleVisible [ line:23 ] 等待元素可见。
 Thu, 23 May 2019 17:04:30  INFO BasePage.py wait_eleVisible [ line:30 ] 筛选订单正常: 元素 ('xpath', '//*[@id="productStatusId"]') 已可见,等待起始时间：2019-05-23 17:04:30.164214,等待时长：0
 Thu, 23 May 2019 17:04:30  INFO BasePage.py get_element [ line:58 ] 筛选订单正常：开始查找元素：('xpath', '//*[@id="productStatusId"]')
 Thu, 23 May 2019 17:04:31  INFO BasePage.py select [ line:148 ] select列表操作完毕正常
 Thu, 23 May 2019 17:04:31  INFO BasePage.py select [ line:140 ] ('xpath', '//*[@name="query.listingStatus"]'):筛选订单上架select列表操作
 Thu, 23 May 2019 17:04:31  INFO BasePage.py wait_eleVisible [ line:23 ] 等待元素可见。
 Thu, 23 May 2019 17:04:31  INFO BasePage.py wait_eleVisible [ line:30 ] 筛选订单上架: 元素 ('xpath', '//*[@name="query.listingStatus"]') 已可见,等待起始时间：2019-05-23 17:04:31.775317,等待时长：0
 Thu, 23 May 2019 17:04:31  INFO BasePage.py get_element [ line:58 ] 筛选订单上架：开始查找元素：('xpath', '//*[@name="query.listingStatus"]')
 Thu, 23 May 2019 17:04:33  INFO BasePage.py select [ line:148 ] select列表操作完毕上架
 Thu, 23 May 2019 17:04:33  INFO BasePage.py select [ line:140 ] ('xpath', '//*[@id="warehouse-id"]'):选择仓库select列表操作
 Thu, 23 May 2019 17:04:33  INFO BasePage.py wait_eleVisible [ line:23 ] 等待元素可见。
 Thu, 23 May 2019 17:04:33  INFO BasePage.py wait_eleVisible [ line:30 ] 选择仓库: 元素 ('xpath', '//*[@id="warehouse-id"]') 已可见,等待起始时间：2019-05-23 17:04:33.906745,等待时长：0
 Thu, 23 May 2019 17:04:33  INFO BasePage.py get_element [ line:58 ] 选择仓库：开始查找元素：('xpath', '//*[@id="warehouse-id"]')
 Thu, 23 May 2019 17:04:35  INFO BasePage.py select [ line:148 ] select列表操作完毕石岩仓库
 Thu, 23 May 2019 17:04:35  INFO BasePage.py wait_eleVisible [ line:23 ] 等待元素可见。
 Thu, 23 May 2019 17:04:35  INFO BasePage.py wait_eleVisible [ line:30 ] 库存1输入: 元素 ('xpath', '//*[@name="query.fromStock"]') 已可见,等待起始时间：2019-05-23 17:04:35.507967,等待时长：0
 Thu, 23 May 2019 17:04:35  INFO BasePage.py get_element [ line:58 ] 库存1输入：开始查找元素：('xpath', '//*[@name="query.fromStock"]')
 Thu, 23 May 2019 17:04:35  INFO BasePage.py input_text [ line:86 ] 库存1输入: 元素：('xpath', '//*[@name="query.fromStock"]') 输入内容：100
 Thu, 23 May 2019 17:04:35  INFO BasePage.py wait_eleVisible [ line:23 ] 等待元素可见。
 Thu, 23 May 2019 17:04:35  INFO BasePage.py wait_eleVisible [ line:30 ] 库存2输入: 元素 ('xpath', '//*[@name="query.toStock"]') 已可见,等待起始时间：2019-05-23 17:04:35.624783,等待时长：0
 Thu, 23 May 2019 17:04:35  INFO BasePage.py get_element [ line:58 ] 库存2输入：开始查找元素：('xpath', '//*[@name="query.toStock"]')
 Thu, 23 May 2019 17:04:35  INFO BasePage.py input_text [ line:86 ] 库存2输入: 元素：('xpath', '//*[@name="query.toStock"]') 输入内容：1000
 Thu, 23 May 2019 17:04:36  INFO BasePage.py wait_eleVisible [ line:23 ] 等待元素可见。
 Thu, 23 May 2019 17:04:36  INFO BasePage.py wait_eleVisible [ line:30 ] 点击搜索按钮: 元素 ('xpath', '//*[@id="search-form"]//button[1]') 已可见,等待起始时间：2019-05-23 17:04:36.285940,等待时长：0
 Thu, 23 May 2019 17:04:36  INFO BasePage.py get_element [ line:58 ] 点击搜索按钮：开始查找元素：('xpath', '//*[@id="search-form"]//button[1]')
 Thu, 23 May 2019 17:04:36  INFO BasePage.py click_element [ line:104 ] 点击搜索按钮: 元素：('xpath', '//*[@id="search-form"]//button[1]') 点击事件。
 Thu, 23 May 2019 17:04:52  INFO BasePage.py wait_eleVisible [ line:23 ] 等待元素可见。
 Thu, 23 May 2019 17:04:52  INFO BasePage.py wait_eleVisible [ line:30 ] 点击确认按钮: 元素 ('xpath', '//*[@data-id="ok"]') 已可见,等待起始时间：2019-05-23 17:04:52.605109,等待时长：0
 Thu, 23 May 2019 17:04:52  INFO BasePage.py get_element [ line:58 ] 点击确认按钮：开始查找元素：('xpath', '//*[@data-id="ok"]')
 Thu, 23 May 2019 17:04:52  INFO BasePage.py click_element [ line:104 ] 点击确认按钮: 元素：('xpath', '//*[@data-id="ok"]') 点击事件。
 Thu, 23 May 2019 17:04:53  INFO BasePage.py wait_eleVisible [ line:23 ] 等待元素可见。
 Thu, 23 May 2019 17:04:53  INFO BasePage.py wait_eleVisible [ line:30 ] 数量输入: 元素 ('xpath', "//input[@name='order.orderItems[1].saleQuantity']") 已可见,等待起始时间：2019-05-23 17:04:53.746136,等待时长：0
 Thu, 23 May 2019 17:04:53  INFO BasePage.py get_element [ line:58 ] 数量输入：开始查找元素：('xpath', "//input[@name='order.orderItems[1].saleQuantity']")
 Thu, 23 May 2019 17:04:53  INFO BasePage.py input_text [ line:86 ] 数量输入: 元素：('xpath', "//input[@name='order.orderItems[1].saleQuantity']") 输入内容：1
 Thu, 23 May 2019 17:04:54  INFO BasePage.py wait_eleVisible [ line:23 ] 等待元素可见。
 Thu, 23 May 2019 17:04:54  INFO BasePage.py wait_eleVisible [ line:30 ] 查询价格: 元素 ('xpath', '//*[@id="menu_11000000"]') 已可见,等待起始时间：2019-05-23 17:04:54.922351,等待时长：0
 Thu, 23 May 2019 17:04:54  INFO BasePage.py get_element [ line:58 ] 查询价格：开始查找元素：('xpath', '//*[@id="menu_11000000"]')
 Thu, 23 May 2019 17:04:55  INFO BasePage.py click_element [ line:104 ] 查询价格: 元素：('xpath', '//*[@id="menu_11000000"]') 点击事件。
 Thu, 23 May 2019 17:04:55  INFO BasePage.py wait_eleVisible [ line:23 ] 等待元素可见。
 Thu, 23 May 2019 17:04:55  INFO BasePage.py wait_eleVisible [ line:30 ] 查询价格: 元素 ('xpath', '//*[@id="menu_11101200"]') 已可见,等待起始时间：2019-05-23 17:04:55.131332,等待时长：0
 Thu, 23 May 2019 17:04:55  INFO BasePage.py get_element [ line:58 ] 查询价格：开始查找元素：('xpath', '//*[@id="menu_11101200"]')
 Thu, 23 May 2019 17:04:55  INFO BasePage.py click_element [ line:104 ] 查询价格: 元素：('xpath', '//*[@id="menu_11101200"]') 点击事件。
 Thu, 23 May 2019 17:04:58  INFO BasePage.py wait_eleVisible [ line:23 ] 等待元素可见。
 Thu, 23 May 2019 17:04:58  INFO BasePage.py wait_eleVisible [ line:30 ] 查询价格: 元素 ('xpath', '//*[@id="product-sku"]') 已可见,等待起始时间：2019-05-23 17:04:58.244020,等待时长：0
 Thu, 23 May 2019 17:04:58  INFO BasePage.py get_element [ line:58 ] 查询价格：开始查找元素：('xpath', '//*[@id="product-sku"]')
 Thu, 23 May 2019 17:04:58  INFO BasePage.py input_text [ line:86 ] 查询价格: 元素：('xpath', '//*[@id="product-sku"]') 输入内容：WDD50529282B
 Thu, 23 May 2019 17:04:58  INFO BasePage.py wait_eleVisible [ line:23 ] 等待元素可见。
 Thu, 23 May 2019 17:04:58  INFO BasePage.py wait_eleVisible [ line:30 ] 查询价格: 元素 ('xpath', '//*[@class="icon-search"]') 已可见,等待起始时间：2019-05-23 17:04:58.441080,等待时长：0
 Thu, 23 May 2019 17:04:58  INFO BasePage.py get_element [ line:58 ] 查询价格：开始查找元素：('xpath', '//*[@class="icon-search"]')
 Thu, 23 May 2019 17:04:58  INFO BasePage.py click_element [ line:104 ] 查询价格: 元素：('xpath', '//*[@class="icon-search"]') 点击事件。
 Thu, 23 May 2019 17:05:00  INFO BasePage.py wait_eleVisible [ line:23 ] 等待元素可见。
 Thu, 23 May 2019 17:05:00  INFO BasePage.py wait_eleVisible [ line:30 ] 查询价格: 元素 ('xpath', '//*[@id="data-list"]//span[51]/a') 已可见,等待起始时间：2019-05-23 17:05:00.688190,等待时长：0
 Thu, 23 May 2019 17:05:00  INFO BasePage.py get_element [ line:58 ] 查询价格：开始查找元素：('xpath', '//*[@id="data-list"]//span[51]/a')
 Thu, 23 May 2019 17:05:00  INFO BasePage.py click_element [ line:104 ] 查询价格: 元素：('xpath', '//*[@id="data-list"]//span[51]/a') 点击事件。
 Thu, 23 May 2019 17:05:01  INFO BasePage.py wait_eleVisible [ line:23 ] 等待元素可见。
 Thu, 23 May 2019 17:05:01  INFO BasePage.py wait_eleVisible [ line:30 ] 查询价格: 元素 ('xpath', '//*[@id="data-list"]//td[4]/div[2]') 已可见,等待起始时间：2019-05-23 17:05:01.866904,等待时长：0
 Thu, 23 May 2019 17:05:01  INFO BasePage.py get_element [ line:58 ] 查询价格：开始查找元素：('xpath', '//*[@id="data-list"]//td[4]/div[2]')
 Thu, 23 May 2019 17:05:01  INFO BasePage.py get_text [ line:188 ] 查询价格：获取元素：('xpath', '//*[@id="data-list"]//td[4]/div[2]') 的文本内容
 Thu, 23 May 2019 17:05:01  INFO BasePage.py get_text [ line:191 ] 查询价格：元素：('xpath', '//*[@id="data-list"]//td[4]/div[2]') 的文本内容为：qwe：15.95 AED eBay：3.06 USD(US) eBay：2.54 GBP(UK) eBay：3.99 CAD(CANADA) eBay：4.23 AUD(AUSTRALIA)
eBay：2.76 EUR(FRANCE) eBay：2.75 EUR(GERMANY) eBay谷仓海外仓(空运)：5.94 USD eBay谷仓海外仓(空运)：4.73 GBP eBay谷仓海外仓(空运)：7.68 CAD
eBay谷仓海外仓(空运)：8.29 AUD eBay谷仓海外仓(空运)：5.21 EUR eBay谷仓海外仓(空运)：5.21 EUR eBay谷仓海外仓(海运)：5.99 USD eBay谷仓海外仓(海运)：4.76 GBP
eBay谷仓海外仓(海运)：7.76 CAD eBay谷仓海外仓(海运)：8.38 AUD eBay谷仓海外仓(海运)：5.25 EUR eBay谷仓海外仓(海运)：5.25 EUR 速卖通平邮：2.4 USD
速卖通挂号：5.11 USD 速卖通俄罗斯挂号：5.15 USD 速卖通俄罗斯挂号(+30%)：6.7 USD 速卖通(+30%)：3.12 USD 速卖通(+23%)：2.88 USD
速卖通俄罗斯海外仓：3.33 USD 速卖通转运：6.31 USD 速卖通转运(+30%)：8.2 USD 亚马逊：3.74 USD 亚马逊：2.54 GBP
亚马逊：4.57 CAD 亚马逊：4.75 AUD 亚马逊：2.76 EUR 亚马逊：2.74 EUR 亚马逊：323.27 JPY
Wish挂号：5.12 USD Wish平邮：2.17 USD Wish谷仓海外仓：6.47 USD Lazada：8.66 MYR Lazada：40003.62 IDR
Lazada：4.85 SGD Lazada：74.94 THB Lazada：147.8 PHP Lazada：207142.86 VND EUB：4.97 USD
Cdiscount：4.89 EUR Elevenia：14.33 MYR Elevenia：52413.79 IDR Newegg：3.65 USD PriceMinister：5.46 EUR
Qoo10：8.54 SGD Linio：116.31 MXN Linio：3316.33 CLP Linio：18692.0 COP Linio：18.4 PEN
Linio：125.26 ARP 敦煌：3.93 USD Doba：3.83 USD Ensogo：4.14 USD Ensogo：19.09 MYR
Ensogo：98478.7 IDR Ensogo：6.41 SGD Ensogo：187.39 THB Ensogo：276.04 PHP Ensogo：153728.99 VND
Joom上架价：3.38 USD Shopee：64400.66 IDR Shopee：9.2 MYR Shopee：3.26 SGD Shopee：81.11 THB
Shopee：190.05 PHP Shopee：54897.96 VND Shopee：119.28 TWD Jumia：1164.56 NGN Jumia：195.09 KES
Jumia：2588.36 XOF Jumia：51.67 EGP Jumia：55.98 MAD Jumia：9.44 GHC Jumia：1415.04 XAF
Jumia：526.91 UGX Paytm：355.18 INR Walmart：2.49 USD Wadi：34.8 SAR Wadi：4.55 AED
Daraz：324.13 PKR Daraz：240.07 BDT Daraz：495.73 LKR Daraz：4178.33 MMK Daraz：307.98 NPR
丰卖网平邮：1.91 USD 丰卖网挂号：2.25 USD 销售：0.0 CNY
 Thu, 23 May 2019 17:05:04  INFO chaxun_money.py money [ line:64 ] ssss:['qwe：15.95 AED eBay：3.06 USD(US) eBay：2.54 GBP(UK) eBay：3.99 CAD(CANADA) eBay：4.23 AUD(AUSTRALIA)', 'eBay：2.76 EUR(FRANCE) eBay：2.75 EUR(GERMANY) eBay谷仓海外仓(空运)：5.94 USD eBay谷仓海外仓(空运)：4.73 GBP eBay谷仓海外仓(空运)：7.68 CAD', 'eBay谷仓海外仓(空运)：8.29 AUD eBay谷仓海外仓(空运)：5.21 EUR eBay谷仓海外仓(空运)：5.21 EUR eBay谷仓海外仓(海运)：5.99 USD eBay谷仓海外仓(海运)：4.76 GBP', 'eBay谷仓海外仓(海运)：7.76 CAD eBay谷仓海外仓(海运)：8.38 AUD eBay谷仓海外仓(海运)：5.25 EUR eBay谷仓海外仓(海运)：5.25 EUR 速卖通平邮：2.4 USD', '速卖通挂号：5.11 USD 速卖通俄罗斯挂号：5.15 USD 速卖通俄罗斯挂号(+30%)：6.7 USD 速卖通(+30%)：3.12 USD 速卖通(+23%)：2.88 USD', '速卖通俄罗斯海外仓：3.33 USD 速卖通转运：6.31 USD 速卖通转运(+30%)：8.2 USD 亚马逊：3.74 USD 亚马逊：2.54 GBP', '亚马逊：4.57 CAD 亚马逊：4.75 AUD 亚马逊：2.76 EUR 亚马逊：2.74 EUR 亚马逊：323.27 JPY', 'Wish挂号：5.12 USD Wish平邮：2.17 USD Wish谷仓海外仓：6.47 USD Lazada：8.66 MYR Lazada：40003.62 IDR', 'Lazada：4.85 SGD Lazada：74.94 THB Lazada：147.8 PHP Lazada：207142.86 VND EUB：4.97 USD', 'Cdiscount：4.89 EUR Elevenia：14.33 MYR Elevenia：52413.79 IDR Newegg：3.65 USD PriceMinister：5.46 EUR', 'Qoo10：8.54 SGD Linio：116.31 MXN Linio：3316.33 CLP Linio：18692.0 COP Linio：18.4 PEN', 'Linio：125.26 ARP 敦煌：3.93 USD Doba：3.83 USD Ensogo：4.14 USD Ensogo：19.09 MYR', 'Ensogo：98478.7 IDR Ensogo：6.41 SGD Ensogo：187.39 THB Ensogo：276.04 PHP Ensogo：153728.99 VND', 'Joom上架价：3.38 USD Shopee：64400.66 IDR Shopee：9.2 MYR Shopee：3.26 SGD Shopee：81.11 THB', 'Shopee：190.05 PHP Shopee：54897.96 VND Shopee：119.28 TWD Jumia：1164.56 NGN Jumia：195.09 KES', 'Jumia：2588.36 XOF Jumia：51.67 EGP Jumia：55.98 MAD Jumia：9.44 GHC Jumia：1415.04 XAF', 'Jumia：526.91 UGX Paytm：355.18 INR Walmart：2.49 USD Wadi：34.8 SAR Wadi：4.55 AED', 'Daraz：324.13 PKR Daraz：240.07 BDT Daraz：495.73 LKR Daraz：4178.33 MMK Daraz：307.98 NPR', '丰卖网平邮：1.91 USD 丰卖网挂号：2.25 USD 销售：0.0 CNY']
 Thu, 23 May 2019 17:05:04  INFO BasePage.py wait_eleVisible [ line:23 ] 等待元素可见。
 Thu, 23 May 2019 17:05:05  INFO BasePage.py wait_eleVisible [ line:30 ] 输入多少钱: 元素 ('xpath', "//input[@name='order.orderItems[1].productPrice']") 已可见,等待起始时间：2019-05-23 17:05:04.964314,等待时长：0
 Thu, 23 May 2019 17:05:05  INFO BasePage.py get_element [ line:58 ] 输入多少钱：开始查找元素：('xpath', "//input[@name='order.orderItems[1].productPrice']")
 Thu, 23 May 2019 17:05:05  INFO BasePage.py input_text [ line:86 ] 输入多少钱: 元素：('xpath', "//input[@name='order.orderItems[1].productPrice']") 输入内容：207142
 Thu, 23 May 2019 17:05:06  INFO BasePage.py wait_eleVisible [ line:23 ] 等待元素可见。
 Thu, 23 May 2019 17:05:06  INFO BasePage.py wait_eleVisible [ line:30 ] 输入买家ID: 元素 ('xpath', '//input[@name="order.buyerId"]') 已可见,等待起始时间：2019-05-23 17:05:06.184110,等待时长：0
 Thu, 23 May 2019 17:05:06  INFO BasePage.py get_element [ line:58 ] 输入买家ID：开始查找元素：('xpath', '//input[@name="order.buyerId"]')
 Thu, 23 May 2019 17:05:06  INFO BasePage.py input_text [ line:86 ] 输入买家ID: 元素：('xpath', '//input[@name="order.buyerId"]') 输入内容：3780848679duop
 Thu, 23 May 2019 17:05:06  INFO BasePage.py wait_eleVisible [ line:23 ] 等待元素可见。
 Thu, 23 May 2019 17:05:06  INFO BasePage.py wait_eleVisible [ line:30 ] 输入收件人: 元素 ('xpath', '//input[@name="order.buyerName"]') 已可见,等待起始时间：2019-05-23 17:05:06.499342,等待时长：0
 Thu, 23 May 2019 17:05:06  INFO BasePage.py get_element [ line:58 ] 输入收件人：开始查找元素：('xpath', '//input[@name="order.buyerName"]')
 Thu, 23 May 2019 17:05:06  INFO BasePage.py input_text [ line:86 ] 输入收件人: 元素：('xpath', '//input[@name="order.buyerName"]') 输入内容：许寿龙
 Thu, 23 May 2019 17:05:06  INFO BasePage.py wait_eleVisible [ line:23 ] 等待元素可见。
 Thu, 23 May 2019 17:05:06  INFO BasePage.py wait_eleVisible [ line:30 ] 输入邮箱: 元素 ('xpath', '//input[@name="order.buyerEmail"]') 已可见,等待起始时间：2019-05-23 17:05:06.643910,等待时长：0
 Thu, 23 May 2019 17:05:06  INFO BasePage.py get_element [ line:58 ] 输入邮箱：开始查找元素：('xpath', '//input[@name="order.buyerEmail"]')
 Thu, 23 May 2019 17:05:06  INFO BasePage.py input_text [ line:86 ] 输入邮箱: 元素：('xpath', '//input[@name="order.buyerEmail"]') 输入内容：ynin2gjs6tr@thrubay.com
 Thu, 23 May 2019 17:05:07  INFO BasePage.py wait_eleVisible [ line:23 ] 等待元素可见。
 Thu, 23 May 2019 17:05:07  INFO BasePage.py wait_eleVisible [ line:30 ] 输入州: 元素 ('xpath', '//input[@name="order.buyerStateOrProvince"]') 已可见,等待起始时间：2019-05-23 17:05:07.099690,等待时长：0
 Thu, 23 May 2019 17:05:07  INFO BasePage.py get_element [ line:58 ] 输入州：开始查找元素：('xpath', '//input[@name="order.buyerStateOrProvince"]')
 Thu, 23 May 2019 17:05:07  INFO BasePage.py input_text [ line:86 ] 输入州: 元素：('xpath', '//input[@name="order.buyerStateOrProvince"]') 输入内容：Kansas
 Thu, 23 May 2019 17:05:07  INFO BasePage.py wait_eleVisible [ line:23 ] 等待元素可见。
 Thu, 23 May 2019 17:05:07  INFO BasePage.py wait_eleVisible [ line:30 ] 输入街道: 元素 ('xpath', '//input[@name="order.street"]') 已可见,等待起始时间：2019-05-23 17:05:07.290720,等待时长：0
 Thu, 23 May 2019 17:05:07  INFO BasePage.py get_element [ line:58 ] 输入街道：开始查找元素：('xpath', '//input[@name="order.street"]')
 Thu, 23 May 2019 17:05:07  INFO BasePage.py input_text [ line:86 ] 输入街道: 元素：('xpath', '//input[@name="order.street"]') 输入内容：555 Lexington Avenue, 10th Floor, Room 202
 Thu, 23 May 2019 17:05:08  INFO BasePage.py wait_eleVisible [ line:23 ] 等待元素可见。
 Thu, 23 May 2019 17:05:08  INFO BasePage.py wait_eleVisible [ line:30 ] 输入邮编: 元素 ('xpath', '//input[@name="order.buyerPostalCode"]') 已可见,等待起始时间：2019-05-23 17:05:08.046433,等待时长：0
 Thu, 23 May 2019 17:05:08  INFO BasePage.py get_element [ line:58 ] 输入邮编：开始查找元素：('xpath', '//input[@name="order.buyerPostalCode"]')
 Thu, 23 May 2019 17:05:08  INFO BasePage.py input_text [ line:86 ] 输入邮编: 元素：('xpath', '//input[@name="order.buyerPostalCode"]') 输入内容：92647
 Thu, 23 May 2019 17:05:08  INFO BasePage.py wait_eleVisible [ line:23 ] 等待元素可见。
 Thu, 23 May 2019 17:05:08  INFO BasePage.py wait_eleVisible [ line:30 ] 输入电话: 元素 ('xpath', '//input[@name="order.buyerTel"]') 已可见,等待起始时间：2019-05-23 17:05:08.225551,等待时长：0
 Thu, 23 May 2019 17:05:08  INFO BasePage.py get_element [ line:58 ] 输入电话：开始查找元素：('xpath', '//input[@name="order.buyerTel"]')
 Thu, 23 May 2019 17:05:08  INFO BasePage.py input_text [ line:86 ] 输入电话: 元素：('xpath', '//input[@name="order.buyerTel"]') 输入内容：285-3600
 Thu, 23 May 2019 17:05:08  INFO BasePage.py select [ line:140 ] ('xpath', '//select[@name="order.buyerCountryCode"]'):选择国家select列表操作
 Thu, 23 May 2019 17:05:08  INFO BasePage.py wait_eleVisible [ line:23 ] 等待元素可见。
 Thu, 23 May 2019 17:05:08  INFO BasePage.py wait_eleVisible [ line:30 ] 选择国家: 元素 ('xpath', '//select[@name="order.buyerCountryCode"]') 已可见,等待起始时间：2019-05-23 17:05:08.439775,等待时长：0
 Thu, 23 May 2019 17:05:08  INFO BasePage.py get_element [ line:58 ] 选择国家：开始查找元素：('xpath', '//select[@name="order.buyerCountryCode"]')
 Thu, 23 May 2019 17:05:10  INFO BasePage.py select [ line:148 ] select列表操作完毕United States(美国US)
 Thu, 23 May 2019 17:05:12  INFO BasePage.py wait_eleVisible [ line:23 ] 等待元素可见。
 Thu, 23 May 2019 17:05:12  INFO BasePage.py wait_eleVisible [ line:30 ] 点击创建按钮: 元素 ('xpath', '//*[@id="fixed-bottom"]//button') 已可见,等待起始时间：2019-05-23 17:05:12.087886,等待时长：0
 Thu, 23 May 2019 17:05:12  INFO BasePage.py get_element [ line:58 ] 点击创建按钮：开始查找元素：('xpath', '//*[@id="fixed-bottom"]//button')
 Thu, 23 May 2019 17:05:12  INFO BasePage.py click_element [ line:104 ] 点击创建按钮: 元素：('xpath', '//*[@id="fixed-bottom"]//button') 点击事件。
 Thu, 23 May 2019 17:05:16  INFO order_guanli_page.py jian_move_he [ line:28 ] 待检查转为待合并
 Thu, 23 May 2019 17:05:16  INFO BasePage.py wait_eleVisible [ line:23 ] 等待元素可见。
 Thu, 23 May 2019 17:05:16  INFO BasePage.py wait_eleVisible [ line:30 ] 勾选第一个订单: 元素 ('xpath', '//*[@id="order-list"]//tbody//tr[1]//label') 已可见,等待起始时间：2019-05-23 17:05:16.079327,等待时长：0
 Thu, 23 May 2019 17:05:16  INFO BasePage.py get_element [ line:58 ] 勾选第一个订单：开始查找元素：('xpath', '//*[@id="order-list"]//tbody//tr[1]//label')
 Thu, 23 May 2019 17:05:16  INFO BasePage.py click_element [ line:104 ] 勾选第一个订单: 元素：('xpath', '//*[@id="order-list"]//tbody//tr[1]//label') 点击事件。
 Thu, 23 May 2019 17:05:16  INFO BasePage.py wait_eleVisible [ line:23 ] 等待元素可见。
 Thu, 23 May 2019 17:05:16  INFO BasePage.py wait_eleVisible [ line:30 ] 订单移动操作栏: 元素 ('xpath', '//*[@id="orderstatus-moving"]') 已可见,等待起始时间：2019-05-23 17:05:16.705078,等待时长：0
 Thu, 23 May 2019 17:05:16  INFO BasePage.py get_element [ line:58 ] 订单移动操作栏：开始查找元素：('xpath', '//*[@id="orderstatus-moving"]')
 Thu, 23 May 2019 17:05:16  INFO BasePage.py click_element [ line:104 ] 订单移动操作栏: 元素：('xpath', '//*[@id="orderstatus-moving"]') 点击事件。
 Thu, 23 May 2019 17:05:17  INFO BasePage.py wait_eleVisible [ line:23 ] 等待元素可见。
 Thu, 23 May 2019 17:05:17  INFO BasePage.py wait_eleVisible [ line:30 ] 点击一键等待打单: 元素 ('xpath', '//*[@id="orderstatus-moving"]/optgroup[1]/option[1]') 已可见,等待起始时间：2019-05-23 17:05:17.330725,等待时长：0
 Thu, 23 May 2019 17:05:17  INFO BasePage.py get_element [ line:58 ] 点击一键等待打单：开始查找元素：('xpath', '//*[@id="orderstatus-moving"]/optgroup[1]/option[1]')
 Thu, 23 May 2019 17:05:17  INFO BasePage.py click_element [ line:104 ] 点击一键等待打单: 元素：('xpath', '//*[@id="orderstatus-moving"]/optgroup[1]/option[1]') 点击事件。
 Thu, 23 May 2019 17:05:17  INFO BasePage.py get_alert [ line:237 ] 弹窗处理弹窗处理
 Thu, 23 May 2019 17:05:17  INFO BasePage.py get_alert [ line:242 ] alert弹窗处理完成
 Thu, 23 May 2019 17:05:18  INFO BasePage.py wait_eleVisible [ line:23 ] 等待元素可见。
 Thu, 23 May 2019 17:05:18  INFO BasePage.py wait_eleVisible [ line:30 ] 点击OK按钮: 元素 ('xpath', '//*[@data-id="ok"]') 已可见,等待起始时间：2019-05-23 17:05:18.425885,等待时长：0
 Thu, 23 May 2019 17:05:18  INFO BasePage.py get_element [ line:58 ] 点击OK按钮：开始查找元素：('xpath', '//*[@data-id="ok"]')
 Thu, 23 May 2019 17:05:18  INFO BasePage.py click_element [ line:104 ] 点击OK按钮: 元素：('xpath', '//*[@data-id="ok"]') 点击事件。
 Thu, 23 May 2019 17:05:24  INFO order_guanli_page.py chaxun_code [ line:57 ] 查询订单号
 Thu, 23 May 2019 17:05:24  INFO BasePage.py wait_eleVisible [ line:23 ] 等待元素可见。
 Thu, 23 May 2019 17:05:24  INFO BasePage.py wait_eleVisible [ line:30 ] 输入平台订单号: 元素 ('xpath', '//*[@placeholder="系统订单号|平台订单号"]') 已可见,等待起始时间：2019-05-23 17:05:24.324906,等待时长：0
 Thu, 23 May 2019 17:05:24  INFO BasePage.py get_element [ line:58 ] 输入平台订单号：开始查找元素：('xpath', '//*[@placeholder="系统订单号|平台订单号"]')
 Thu, 23 May 2019 17:05:24  INFO BasePage.py input_text [ line:86 ] 输入平台订单号: 元素：('xpath', '//*[@placeholder="系统订单号|平台订单号"]') 输入内容：3780848679duop
 Thu, 23 May 2019 17:05:24  INFO BasePage.py wait_eleVisible [ line:23 ] 等待元素可见。
 Thu, 23 May 2019 17:05:24  INFO BasePage.py wait_eleVisible [ line:30 ] 点击搜索按钮: 元素 ('xpath', '//*[@class="btn btn-default"]') 已可见,等待起始时间：2019-05-23 17:05:24.556089,等待时长：0
 Thu, 23 May 2019 17:05:24  INFO BasePage.py get_element [ line:58 ] 点击搜索按钮：开始查找元素：('xpath', '//*[@class="btn btn-default"]')
 Thu, 23 May 2019 17:05:24  INFO BasePage.py click_element [ line:104 ] 点击搜索按钮: 元素：('xpath', '//*[@class="btn btn-default"]') 点击事件。
 Thu, 23 May 2019 17:05:28  INFO order_guanli_page.py freight_gu [ line:64 ] 运费估算
 Thu, 23 May 2019 17:05:28  INFO BasePage.py wait_eleVisible [ line:23 ] 等待元素可见。
 Thu, 23 May 2019 17:05:28  INFO BasePage.py wait_eleVisible [ line:30 ] 点击运费估算: 元素 ('xpath', '//*[@title="运费估算"]') 已可见,等待起始时间：2019-05-23 17:05:28.462989,等待时长：0
 Thu, 23 May 2019 17:05:28  INFO BasePage.py get_element [ line:58 ] 点击运费估算：开始查找元素：('xpath', '//*[@title="运费估算"]')
 Thu, 23 May 2019 17:05:28  INFO BasePage.py click_element [ line:104 ] 点击运费估算: 元素：('xpath', '//*[@title="运费估算"]') 点击事件。
 Thu, 23 May 2019 17:05:28  INFO BasePage.py switchover_html [ line:159 ] 切换HTML页面
 Thu, 23 May 2019 17:05:28  INFO BasePage.py switchover_html [ line:162 ] HTML页面切换成功
 Thu, 23 May 2019 17:05:29  INFO BasePage.py select [ line:140 ] ('xpath', '//*[@name="transportationModeQueryCondition.logisticsType"]'):选择快递类型select列表操作
 Thu, 23 May 2019 17:05:29  INFO BasePage.py wait_eleVisible [ line:23 ] 等待元素可见。
 Thu, 23 May 2019 17:05:29  INFO BasePage.py wait_eleVisible [ line:30 ] 选择快递类型: 元素 ('xpath', '//*[@name="transportationModeQueryCondition.logisticsType"]') 已可见,等待起始时间：2019-05-23 17:05:29.143133,等待时长：0
 Thu, 23 May 2019 17:05:29  INFO BasePage.py get_element [ line:58 ] 选择快递类型：开始查找元素：('xpath', '//*[@name="transportationModeQueryCondition.logisticsType"]')
 Thu, 23 May 2019 17:05:30  INFO BasePage.py select [ line:148 ] select列表操作完毕快递
 Thu, 23 May 2019 17:05:30  INFO BasePage.py wait_eleVisible [ line:23 ] 等待元素可见。
 Thu, 23 May 2019 17:05:30  INFO BasePage.py wait_eleVisible [ line:30 ] 点击搜索按钮: 元素 ('xpath', '//*[@id="submit-form"]/div[9]/button') 已可见,等待起始时间：2019-05-23 17:05:30.789807,等待时长：0
 Thu, 23 May 2019 17:05:30  INFO BasePage.py get_element [ line:58 ] 点击搜索按钮：开始查找元素：('xpath', '//*[@id="submit-form"]/div[9]/button')
 Thu, 23 May 2019 17:05:30  INFO BasePage.py click_element [ line:104 ] 点击搜索按钮: 元素：('xpath', '//*[@id="submit-form"]/div[9]/button') 点击事件。
 Thu, 23 May 2019 17:05:31  INFO BasePage.py wait_eleVisible [ line:23 ] 等待元素可见。
 Thu, 23 May 2019 17:05:31  INFO BasePage.py wait_eleVisible [ line:30 ] 获取第一个快递文本: 元素 ('xpath', '//*[@id="data-list"]/tbody/tr[1]/td[2]') 已可见,等待起始时间：2019-05-23 17:05:31.939359,等待时长：0
 Thu, 23 May 2019 17:05:31  INFO BasePage.py get_element [ line:58 ] 获取第一个快递文本：开始查找元素：('xpath', '//*[@id="data-list"]/tbody/tr[1]/td[2]')
 Thu, 23 May 2019 17:05:31  INFO BasePage.py get_text [ line:188 ] 获取第一个快递文本：获取元素：('xpath', '//*[@id="data-list"]/tbody/tr[1]/td[2]') 的文本内容
 Thu, 23 May 2019 17:05:31  INFO BasePage.py get_text [ line:191 ] 获取第一个快递文本：元素：('xpath', '//*[@id="data-list"]/tbody/tr[1]/td[2]') 的文本内容为：其他-国内快递
 Thu, 23 May 2019 17:05:31  INFO BasePage.py wait_eleVisible [ line:23 ] 等待元素可见。
 Thu, 23 May 2019 17:05:32  INFO BasePage.py wait_eleVisible [ line:30 ] 获取第一个快递文本: 元素 ('xpath', '//*[@id="data-list"]/tbody/tr[1]/td[2]') 已可见,等待起始时间：2019-05-23 17:05:31.970603,等待时长：0
 Thu, 23 May 2019 17:05:32  INFO BasePage.py get_element [ line:58 ] 获取第一个快递文本：开始查找元素：('xpath', '//*[@id="data-list"]/tbody/tr[1]/td[2]')
 Thu, 23 May 2019 17:05:32  INFO BasePage.py get_text [ line:188 ] 获取第一个快递文本：获取元素：('xpath', '//*[@id="data-list"]/tbody/tr[1]/td[2]') 的文本内容
 Thu, 23 May 2019 17:05:32  INFO BasePage.py get_text [ line:191 ] 获取第一个快递文本：元素：('xpath', '//*[@id="data-list"]/tbody/tr[1]/td[2]') 的文本内容为：其他-国内快递
 Thu, 23 May 2019 17:05:32  INFO order_guanli_page.py freight_gu [ line:78 ] 物流方式：其他-国内快递
 Thu, 23 May 2019 17:05:33  INFO BasePage.py wait_eleVisible [ line:23 ] 等待元素可见。
 Thu, 23 May 2019 17:05:33  INFO BasePage.py wait_eleVisible [ line:30 ] 确认: 元素 ('xpath', '//*[@data-id="ok"]') 已可见,等待起始时间：2019-05-23 17:05:33.019161,等待时长：0
 Thu, 23 May 2019 17:05:33  INFO BasePage.py get_element [ line:58 ] 确认：开始查找元素：('xpath', '//*[@data-id="ok"]')
 Thu, 23 May 2019 17:05:33  INFO BasePage.py click_element [ line:104 ] 确认: 元素：('xpath', '//*[@data-id="ok"]') 点击事件。
 Thu, 23 May 2019 17:05:33  INFO order_guanli_page.py xiu_kdi_moth [ line:149 ] 修改快递方式
 Thu, 23 May 2019 17:05:33  INFO BasePage.py wait_eleVisible [ line:23 ] 等待元素可见。
 Thu, 23 May 2019 17:05:33  INFO BasePage.py wait_eleVisible [ line:30 ] 修改第一个订单: 元素 ('xpath', '//*[@id="order-list"]//tbody//tr[1]//label') 已可见,等待起始时间：2019-05-23 17:05:33.688967,等待时长：0
 Thu, 23 May 2019 17:05:33  INFO BasePage.py get_element [ line:58 ] 修改第一个订单：开始查找元素：('xpath', '//*[@id="order-list"]//tbody//tr[1]//label')
 Thu, 23 May 2019 17:05:33  INFO BasePage.py click_element [ line:104 ] 修改第一个订单: 元素：('xpath', '//*[@id="order-list"]//tbody//tr[1]//label') 点击事件。
 Thu, 23 May 2019 17:05:34  INFO BasePage.py wait_eleVisible [ line:23 ] 等待元素可见。
 Thu, 23 May 2019 17:05:34  INFO BasePage.py wait_eleVisible [ line:30 ] 修改运输方式: 元素 ('xpath', '//*[@id="select2-chosen-5"]') 已可见,等待起始时间：2019-05-23 17:05:34.280256,等待时长：0
 Thu, 23 May 2019 17:05:34  INFO BasePage.py get_element [ line:58 ] 修改运输方式：开始查找元素：('xpath', '//*[@id="select2-chosen-5"]')
 Thu, 23 May 2019 17:05:34  INFO BasePage.py click_element [ line:104 ] 修改运输方式: 元素：('xpath', '//*[@id="select2-chosen-5"]') 点击事件。
 Thu, 23 May 2019 17:05:34  INFO BasePage.py wait_eleVisible [ line:23 ] 等待元素可见。
 Thu, 23 May 2019 17:05:34  INFO BasePage.py wait_eleVisible [ line:30 ] 输入运输方式: 元素 ('xpath', '//*[@id="s2id_autogen5_search"]') 已可见,等待起始时间：2019-05-23 17:05:34.585942,等待时长：0
 Thu, 23 May 2019 17:05:34  INFO BasePage.py get_element [ line:58 ] 输入运输方式：开始查找元素：('xpath', '//*[@id="s2id_autogen5_search"]')
 Thu, 23 May 2019 17:05:34  INFO BasePage.py input_text [ line:86 ] 输入运输方式: 元素：('xpath', '//*[@id="s2id_autogen5_search"]') 输入内容：其他-国内快递
 Thu, 23 May 2019 17:05:35  INFO BasePage.py wait_eleVisible [ line:23 ] 等待元素可见。
 Thu, 23 May 2019 17:05:35  INFO BasePage.py wait_eleVisible [ line:30 ] 点击运输方式: 元素 ('xpath', '//*[@id="select2-results-5"]//ul') 已可见,等待起始时间：2019-05-23 17:05:35.219662,等待时长：0
 Thu, 23 May 2019 17:05:35  INFO BasePage.py get_element [ line:58 ] 点击运输方式：开始查找元素：('xpath', '//*[@id="select2-results-5"]//ul')
 Thu, 23 May 2019 17:05:35  INFO BasePage.py click_element [ line:104 ] 点击运输方式: 元素：('xpath', '//*[@id="select2-results-5"]//ul') 点击事件。
 Thu, 23 May 2019 17:05:35  INFO BasePage.py get_alert [ line:237 ] 弹窗处理
 Thu, 23 May 2019 17:05:35  INFO BasePage.py get_alert [ line:242 ] alert弹窗处理完成
 Thu, 23 May 2019 17:05:36  INFO BasePage.py wait_eleVisible [ line:23 ] 等待元素可见。
 Thu, 23 May 2019 17:05:36  INFO BasePage.py wait_eleVisible [ line:30 ] 确认: 元素 ('xpath', '//*[@data-id="ok"]') 已可见,等待起始时间：2019-05-23 17:05:36.364001,等待时长：0
 Thu, 23 May 2019 17:05:36  INFO BasePage.py get_element [ line:58 ] 确认：开始查找元素：('xpath', '//*[@data-id="ok"]')
 Thu, 23 May 2019 17:05:36  INFO BasePage.py click_element [ line:104 ] 确认: 元素：('xpath', '//*[@data-id="ok"]') 点击事件。
 Thu, 23 May 2019 17:05:36  INFO BasePage.py wait_eleVisible [ line:23 ] 等待元素可见。
 Thu, 23 May 2019 17:05:36  INFO BasePage.py wait_eleVisible [ line:30 ] : 元素 ('xpath', '//*[@id="order-list"]//tbody//tr[1]//label') 已可见,等待起始时间：2019-05-23 17:05:36.453734,等待时长：0
 Thu, 23 May 2019 17:05:36  INFO BasePage.py get_element [ line:58 ] ：开始查找元素：('xpath', '//*[@id="order-list"]//tbody//tr[1]//label')
 Thu, 23 May 2019 17:05:36  INFO BasePage.py get_text [ line:188 ] ：获取元素：('xpath', '//*[@id="order-list"]//tbody//tr[1]//label') 的文本内容
 Thu, 23 May 2019 17:05:36  INFO BasePage.py get_text [ line:191 ] ：元素：('xpath', '//*[@id="order-list"]//tbody//tr[1]//label') 的文本内容为：911491814
 Thu, 23 May 2019 17:05:37  INFO BasePage.py wait_eleVisible [ line:23 ] 等待元素可见。
 Thu, 23 May 2019 17:05:37  INFO BasePage.py wait_eleVisible [ line:30 ] 修改订单: 元素 ('xpath', '//*[@title="修改订单"]') 已可见,等待起始时间：2019-05-23 17:05:37.527159,等待时长：0
 Thu, 23 May 2019 17:05:37  INFO BasePage.py get_element [ line:58 ] 修改订单：开始查找元素：('xpath', '//*[@title="修改订单"]')
 Thu, 23 May 2019 17:05:37  INFO BasePage.py click_element [ line:104 ] 修改订单: 元素：('xpath', '//*[@title="修改订单"]') 点击事件。
 Thu, 23 May 2019 17:05:37  INFO BasePage.py window_switch [ line:172 ] 切换窗口位置-1，功能点窗口切换
 Thu, 23 May 2019 17:05:37  INFO BasePage.py window_switch [ line:176 ] 窗口切换成功
 Thu, 23 May 2019 17:05:39  INFO BasePage.py wait_eleVisible [ line:23 ] 等待元素可见。
 Thu, 23 May 2019 17:05:40  INFO BasePage.py wait_eleVisible [ line:30 ] 输入跟踪号: 元素 ('xpath', '//*[@id="order-tranking"]') 已可见,等待起始时间：2019-05-23 17:05:39.829173,等待时长：1
 Thu, 23 May 2019 17:05:40  INFO BasePage.py get_element [ line:58 ] 输入跟踪号：开始查找元素：('xpath', '//*[@id="order-tranking"]')
 Thu, 23 May 2019 17:05:40  INFO BasePage.py input_text [ line:86 ] 输入跟踪号: 元素：('xpath', '//*[@id="order-tranking"]') 输入内容：3780848679duop
 Thu, 23 May 2019 17:05:42  INFO BasePage.py wait_eleVisible [ line:23 ] 等待元素可见。
 Thu, 23 May 2019 17:05:42  INFO BasePage.py wait_eleVisible [ line:30 ] 增加跟踪号: 元素 ('xpath', '//*[@id="fixed-bottom"]//button') 已可见,等待起始时间：2019-05-23 17:05:42.123112,等待时长：0
 Thu, 23 May 2019 17:05:42  INFO BasePage.py get_element [ line:58 ] 增加跟踪号：开始查找元素：('xpath', '//*[@id="fixed-bottom"]//button')
 Thu, 23 May 2019 17:05:42  INFO BasePage.py click_element [ line:104 ] 增加跟踪号: 元素：('xpath', '//*[@id="fixed-bottom"]//button') 点击事件。
 Thu, 23 May 2019 17:05:42  INFO kdi_page.py he_move_dengdai [ line:19 ] 模块："待合并——等待打单"
 Thu, 23 May 2019 17:05:42  INFO BasePage.py wait_eleVisible [ line:23 ] 等待元素可见。
 Thu, 23 May 2019 17:05:43  INFO BasePage.py wait_eleVisible [ line:30 ] 订单管理按钮: 元素 ('xpath', '//*[@id="menu_12000000"]/a') 已可见,等待起始时间：2019-05-23 17:05:42.272162,等待时长：1
 Thu, 23 May 2019 17:05:43  INFO BasePage.py get_element [ line:58 ] 订单管理按钮：开始查找元素：('xpath', '//*[@id="menu_12000000"]/a')
 Thu, 23 May 2019 17:05:43  INFO BasePage.py click_element [ line:104 ] 订单管理按钮: 元素：('xpath', '//*[@id="menu_12000000"]/a') 点击事件。
 Thu, 23 May 2019 17:05:43  INFO BasePage.py wait_eleVisible [ line:23 ] 等待元素可见。
 Thu, 23 May 2019 17:05:43  INFO BasePage.py wait_eleVisible [ line:30 ] 订单管理待合并按钮: 元素 ('xpath', '//*[@id="menu_12111000"]/a') 已可见,等待起始时间：2019-05-23 17:05:43.528418,等待时长：0
 Thu, 23 May 2019 17:05:43  INFO BasePage.py get_element [ line:58 ] 订单管理待合并按钮：开始查找元素：('xpath', '//*[@id="menu_12111000"]/a')
 Thu, 23 May 2019 17:05:43  INFO BasePage.py click_element [ line:104 ] 订单管理待合并按钮: 元素：('xpath', '//*[@id="menu_12111000"]/a') 点击事件。
 Thu, 23 May 2019 17:05:45  INFO BasePage.py select [ line:140 ] ('name', 'query.searchType'):选择select列表的平台订单号select列表操作
 Thu, 23 May 2019 17:05:45  INFO BasePage.py wait_eleVisible [ line:23 ] 等待元素可见。
 Thu, 23 May 2019 17:05:45  INFO BasePage.py wait_eleVisible [ line:30 ] 选择select列表的平台订单号: 元素 ('name', 'query.searchType') 已可见,等待起始时间：2019-05-23 17:05:45.754069,等待时长：0
 Thu, 23 May 2019 17:05:45  INFO BasePage.py get_element [ line:58 ] 选择select列表的平台订单号：开始查找元素：('name', 'query.searchType')
 Thu, 23 May 2019 17:05:47  INFO BasePage.py select [ line:148 ] select列表操作完毕平台订单号
 Thu, 23 May 2019 17:05:48  INFO BasePage.py wait_eleVisible [ line:23 ] 等待元素可见。
 Thu, 23 May 2019 17:05:48  INFO BasePage.py wait_eleVisible [ line:30 ] 输入平台订单号: 元素 ('xpath', '//*[@id="search-value"]') 已可见,等待起始时间：2019-05-23 17:05:48.395627,等待时长：0
 Thu, 23 May 2019 17:05:48  INFO BasePage.py get_element [ line:58 ] 输入平台订单号：开始查找元素：('xpath', '//*[@id="search-value"]')
 Thu, 23 May 2019 17:05:48  INFO BasePage.py input_text [ line:86 ] 输入平台订单号: 元素：('xpath', '//*[@id="search-value"]') 输入内容：3780848679duop
 Thu, 23 May 2019 17:05:49  INFO BasePage.py wait_eleVisible [ line:23 ] 等待元素可见。
 Thu, 23 May 2019 17:05:49  INFO BasePage.py wait_eleVisible [ line:30 ] 点击订单按钮: 元素 ('xpath', '//*[@id="searchForm"]//button[@type="submit"]') 已可见,等待起始时间：2019-05-23 17:05:49.668423,等待时长：0
 Thu, 23 May 2019 17:05:49  INFO BasePage.py get_element [ line:58 ] 点击订单按钮：开始查找元素：('xpath', '//*[@id="searchForm"]//button[@type="submit"]')
 Thu, 23 May 2019 17:05:49  INFO BasePage.py click_element [ line:104 ] 点击订单按钮: 元素：('xpath', '//*[@id="searchForm"]//button[@type="submit"]') 点击事件。
 Thu, 23 May 2019 17:05:51  INFO BasePage.py wait_eleVisible [ line:23 ] 等待元素可见。
 Thu, 23 May 2019 17:05:51  INFO BasePage.py wait_eleVisible [ line:30 ] 勾选第一个订单: 元素 ('xpath', '//*[@name="orderIds"]') 已可见,等待起始时间：2019-05-23 17:05:51.867541,等待时长：0
 Thu, 23 May 2019 17:05:51  INFO BasePage.py get_element [ line:58 ] 勾选第一个订单：开始查找元素：('xpath', '//*[@name="orderIds"]')
 Thu, 23 May 2019 17:05:51  INFO BasePage.py click_element [ line:104 ] 勾选第一个订单: 元素：('xpath', '//*[@name="orderIds"]') 点击事件。
 Thu, 23 May 2019 17:05:52  INFO BasePage.py wait_eleVisible [ line:23 ] 等待元素可见。
 Thu, 23 May 2019 17:05:52  INFO BasePage.py wait_eleVisible [ line:30 ] 点击一键移动至等待打单: 元素 ('xpath', '//*[@id="op-cell"]/button[1]') 已可见,等待起始时间：2019-05-23 17:05:52.681832,等待时长：0
 Thu, 23 May 2019 17:05:52  INFO BasePage.py get_element [ line:58 ] 点击一键移动至等待打单：开始查找元素：('xpath', '//*[@id="op-cell"]/button[1]')
 Thu, 23 May 2019 17:05:52  INFO BasePage.py click_element [ line:104 ] 点击一键移动至等待打单: 元素：('xpath', '//*[@id="op-cell"]/button[1]') 点击事件。
 Thu, 23 May 2019 17:05:52  INFO BasePage.py switchover_html [ line:159 ] 切换HTML页面
 Thu, 23 May 2019 17:05:52  INFO BasePage.py switchover_html [ line:162 ] HTML页面切换成功
 Thu, 23 May 2019 17:05:53  INFO BasePage.py wait_eleVisible [ line:23 ] 等待元素可见。
 Thu, 23 May 2019 17:05:53  INFO BasePage.py wait_eleVisible [ line:30 ] 当前选择: 元素 ('xpath', '//*[@id="submit-form"]//input[@value=3]') 已可见,等待起始时间：2019-05-23 17:05:53.359279,等待时长：0
 Thu, 23 May 2019 17:05:53  INFO BasePage.py get_element [ line:58 ] 当前选择：开始查找元素：('xpath', '//*[@id="submit-form"]//input[@value=3]')
 Thu, 23 May 2019 17:05:53  INFO BasePage.py click_element [ line:104 ] 当前选择: 元素：('xpath', '//*[@id="submit-form"]//input[@value=3]') 点击事件。
 Thu, 23 May 2019 17:05:53  INFO BasePage.py wait_eleVisible [ line:23 ] 等待元素可见。
 Thu, 23 May 2019 17:05:53  INFO BasePage.py wait_eleVisible [ line:30 ] 确认当前选择: 元素 ('xpath', '//*[@data-id="ok"]') 已可见,等待起始时间：2019-05-23 17:05:53.476826,等待时长：0
 Thu, 23 May 2019 17:05:53  INFO BasePage.py get_element [ line:58 ] 确认当前选择：开始查找元素：('xpath', '//*[@data-id="ok"]')
 Thu, 23 May 2019 17:05:53  INFO BasePage.py click_element [ line:104 ] 确认当前选择: 元素：('xpath', '//*[@data-id="ok"]') 点击事件。
 Thu, 23 May 2019 17:05:56  INFO kdi_page.py dengdai_move_print [ line:47 ] 模块：快递等待打单-打单,打单方式为多品打单
 Thu, 23 May 2019 17:05:56  INFO BasePage.py wait_eleVisible [ line:23 ] 等待元素可见。
 Thu, 23 May 2019 17:05:56  INFO BasePage.py wait_eleVisible [ line:30 ] 点击订单管理按钮: 元素 ('xpath', '//*[@id="menu_12000000"]/a') 已可见,等待起始时间：2019-05-23 17:05:56.539599,等待时长：0
 Thu, 23 May 2019 17:05:56  INFO BasePage.py get_element [ line:58 ] 点击订单管理按钮：开始查找元素：('xpath', '//*[@id="menu_12000000"]/a')
 Thu, 23 May 2019 17:05:56  INFO BasePage.py click_element [ line:104 ] 点击订单管理按钮: 元素：('xpath', '//*[@id="menu_12000000"]/a') 点击事件。
 Thu, 23 May 2019 17:05:56  INFO BasePage.py wait_eleVisible [ line:23 ] 等待元素可见。
 Thu, 23 May 2019 17:05:56  INFO BasePage.py wait_eleVisible [ line:30 ] 点击等待打单按钮: 元素 ('xpath', '//*[@id="menu_12181000"]/a') 已可见,等待起始时间：2019-05-23 17:05:56.703003,等待时长：0
 Thu, 23 May 2019 17:05:56  INFO BasePage.py get_element [ line:58 ] 点击等待打单按钮：开始查找元素：('xpath', '//*[@id="menu_12181000"]/a')
 Thu, 23 May 2019 17:05:56  INFO BasePage.py click_element [ line:104 ] 点击等待打单按钮: 元素：('xpath', '//*[@id="menu_12181000"]/a') 点击事件。
 Thu, 23 May 2019 17:05:59  INFO BasePage.py select [ line:140 ] ('name', 'query.searchType'):选择select列表的平台订单号select列表操作
 Thu, 23 May 2019 17:05:59  INFO BasePage.py wait_eleVisible [ line:23 ] 等待元素可见。
 Thu, 23 May 2019 17:05:59  INFO BasePage.py wait_eleVisible [ line:30 ] 选择select列表的平台订单号: 元素 ('name', 'query.searchType') 已可见,等待起始时间：2019-05-23 17:05:59.595782,等待时长：0
 Thu, 23 May 2019 17:05:59  INFO BasePage.py get_element [ line:58 ] 选择select列表的平台订单号：开始查找元素：('name', 'query.searchType')
 Thu, 23 May 2019 17:06:01  INFO BasePage.py select [ line:148 ] select列表操作完毕平台订单号
 Thu, 23 May 2019 17:06:02  INFO BasePage.py wait_eleVisible [ line:23 ] 等待元素可见。
 Thu, 23 May 2019 17:06:02  INFO BasePage.py wait_eleVisible [ line:30 ] 输入平台订单号: 元素 ('xpath', '//*[@id="search-value"]') 已可见,等待起始时间：2019-05-23 17:06:02.246099,等待时长：0
 Thu, 23 May 2019 17:06:02  INFO BasePage.py get_element [ line:58 ] 输入平台订单号：开始查找元素：('xpath', '//*[@id="search-value"]')
 Thu, 23 May 2019 17:06:02  INFO BasePage.py input_text [ line:86 ] 输入平台订单号: 元素：('xpath', '//*[@id="search-value"]') 输入内容：3780848679duop
 Thu, 23 May 2019 17:06:03  INFO BasePage.py wait_eleVisible [ line:23 ] 等待元素可见。
 Thu, 23 May 2019 17:06:03  INFO BasePage.py wait_eleVisible [ line:30 ] 点击搜索按钮: 元素 ('xpath', '//*[@id="searchForm"]//button[@type="submit"]') 已可见,等待起始时间：2019-05-23 17:06:03.733374,等待时长：0
 Thu, 23 May 2019 17:06:03  INFO BasePage.py get_element [ line:58 ] 点击搜索按钮：开始查找元素：('xpath', '//*[@id="searchForm"]//button[@type="submit"]')
 Thu, 23 May 2019 17:06:03  INFO BasePage.py click_element [ line:104 ] 点击搜索按钮: 元素：('xpath', '//*[@id="searchForm"]//button[@type="submit"]') 点击事件。
 Thu, 23 May 2019 17:06:05  INFO BasePage.py wait_eleVisible [ line:23 ] 等待元素可见。
 Thu, 23 May 2019 17:06:06  INFO BasePage.py wait_eleVisible [ line:30 ] 勾选第一个按钮: 元素 ('xpath', '//*[@name="orderIds"]') 已可见,等待起始时间：2019-05-23 17:06:05.999332,等待时长：0
 Thu, 23 May 2019 17:06:06  INFO BasePage.py get_element [ line:58 ] 勾选第一个按钮：开始查找元素：('xpath', '//*[@name="orderIds"]')
 Thu, 23 May 2019 17:06:06  INFO BasePage.py click_element [ line:104 ] 勾选第一个按钮: 元素：('xpath', '//*[@name="orderIds"]') 点击事件。
 Thu, 23 May 2019 17:06:06  INFO BasePage.py wait_eleVisible [ line:23 ] 等待元素可见。
 Thu, 23 May 2019 17:06:06  INFO BasePage.py wait_eleVisible [ line:30 ] 一键移动至多品打单: 元素 ('xpath', '//*[@id="op-cell"]/button[1]') 已可见,等待起始时间：2019-05-23 17:06:06.099857,等待时长：0
 Thu, 23 May 2019 17:06:06  INFO BasePage.py get_element [ line:58 ] 一键移动至多品打单：开始查找元素：('xpath', '//*[@id="op-cell"]/button[1]')
 Thu, 23 May 2019 17:06:06  INFO BasePage.py click_element [ line:104 ] 一键移动至多品打单: 元素：('xpath', '//*[@id="op-cell"]/button[1]') 点击事件。
 Thu, 23 May 2019 17:06:07  INFO BasePage.py switchover_html [ line:159 ] 切换HTML页面
 Thu, 23 May 2019 17:06:07  INFO BasePage.py switchover_html [ line:162 ] HTML页面切换成功
 Thu, 23 May 2019 17:06:07  INFO BasePage.py wait_eleVisible [ line:23 ] 等待元素可见。
 Thu, 23 May 2019 17:06:07  INFO BasePage.py wait_eleVisible [ line:30 ] 点击当前选择: 元素 ('xpath', '//*[@id="submit-form"]//input[@value=3]') 已可见,等待起始时间：2019-05-23 17:06:07.225104,等待时长：0
 Thu, 23 May 2019 17:06:07  INFO BasePage.py get_element [ line:58 ] 点击当前选择：开始查找元素：('xpath', '//*[@id="submit-form"]//input[@value=3]')
 Thu, 23 May 2019 17:06:07  INFO BasePage.py click_element [ line:104 ] 点击当前选择: 元素：('xpath', '//*[@id="submit-form"]//input[@value=3]') 点击事件。
 Thu, 23 May 2019 17:06:07  INFO BasePage.py wait_eleVisible [ line:23 ] 等待元素可见。
 Thu, 23 May 2019 17:06:07  INFO BasePage.py wait_eleVisible [ line:30 ] 当前选择确认: 元素 ('xpath', '//*[@data-id="ok"]') 已可见,等待起始时间：2019-05-23 17:06:07.353514,等待时长：0
 Thu, 23 May 2019 17:06:07  INFO BasePage.py get_element [ line:58 ] 当前选择确认：开始查找元素：('xpath', '//*[@data-id="ok"]')
 Thu, 23 May 2019 17:06:07  INFO BasePage.py click_element [ line:104 ] 当前选择确认: 元素：('xpath', '//*[@data-id="ok"]') 点击事件。
 Thu, 23 May 2019 17:06:10  INFO BasePage.py wait_eleVisible [ line:23 ] 等待元素可见。
 Thu, 23 May 2019 17:06:10  INFO BasePage.py wait_eleVisible [ line:30 ] 点击收发货管理: 元素 ('xpath', '//*[@id="menu_13000000"]') 已可见,等待起始时间：2019-05-23 17:06:10.510021,等待时长：0
 Thu, 23 May 2019 17:06:10  INFO BasePage.py get_element [ line:58 ] 点击收发货管理：开始查找元素：('xpath', '//*[@id="menu_13000000"]')
 Thu, 23 May 2019 17:06:10  INFO BasePage.py click_element [ line:104 ] 点击收发货管理: 元素：('xpath', '//*[@id="menu_13000000"]') 点击事件。
 Thu, 23 May 2019 17:06:10  INFO BasePage.py wait_eleVisible [ line:23 ] 等待元素可见。
 Thu, 23 May 2019 17:06:10  INFO BasePage.py wait_eleVisible [ line:30 ] 点击快递—多品打单: 元素 ('xpath', '//*[@id="menu_13151300"]/a') 已可见,等待起始时间：2019-05-23 17:06:10.642495,等待时长：0
 Thu, 23 May 2019 17:06:10  INFO BasePage.py get_element [ line:58 ] 点击快递—多品打单：开始查找元素：('xpath', '//*[@id="menu_13151300"]/a')
 Thu, 23 May 2019 17:06:10  INFO BasePage.py click_element [ line:104 ] 点击快递—多品打单: 元素：('xpath', '//*[@id="menu_13151300"]/a') 点击事件。
 Thu, 23 May 2019 17:06:15  INFO BasePage.py select [ line:140 ] ('name', 'query.searchType'):筛选条件为平台订单号select列表操作
 Thu, 23 May 2019 17:06:15  INFO BasePage.py wait_eleVisible [ line:23 ] 等待元素可见。
 Thu, 23 May 2019 17:06:15  INFO BasePage.py wait_eleVisible [ line:30 ] 筛选条件为平台订单号: 元素 ('name', 'query.searchType') 已可见,等待起始时间：2019-05-23 17:06:15.227760,等待时长：0
 Thu, 23 May 2019 17:06:15  INFO BasePage.py get_element [ line:58 ] 筛选条件为平台订单号：开始查找元素：('name', 'query.searchType')
 Thu, 23 May 2019 17:06:16  INFO BasePage.py select [ line:148 ] select列表操作完毕平台订单号
 Thu, 23 May 2019 17:06:16  INFO BasePage.py wait_eleVisible [ line:23 ] 等待元素可见。
 Thu, 23 May 2019 17:06:16  INFO BasePage.py wait_eleVisible [ line:30 ] 输入平台订单号: 元素 ('xpath', '//*[@name="query.searchValue"]') 已可见,等待起始时间：2019-05-23 17:06:16.908058,等待时长：0
 Thu, 23 May 2019 17:06:16  INFO BasePage.py get_element [ line:58 ] 输入平台订单号：开始查找元素：('xpath', '//*[@name="query.searchValue"]')
 Thu, 23 May 2019 17:06:16  INFO BasePage.py input_text [ line:86 ] 输入平台订单号: 元素：('xpath', '//*[@name="query.searchValue"]') 输入内容：3780848679duop
 Thu, 23 May 2019 17:06:17  INFO BasePage.py wait_eleVisible [ line:23 ] 等待元素可见。
 Thu, 23 May 2019 17:06:17  INFO BasePage.py wait_eleVisible [ line:30 ] 点击搜索按钮: 元素 ('xpath', '//*[@id="searchForm"]//button[@type="submit"]') 已可见,等待起始时间：2019-05-23 17:06:17.665207,等待时长：0
 Thu, 23 May 2019 17:06:17  INFO BasePage.py get_element [ line:58 ] 点击搜索按钮：开始查找元素：('xpath', '//*[@id="searchForm"]//button[@type="submit"]')
 Thu, 23 May 2019 17:06:17  INFO BasePage.py click_element [ line:104 ] 点击搜索按钮: 元素：('xpath', '//*[@id="searchForm"]//button[@type="submit"]') 点击事件。
 Thu, 23 May 2019 17:06:22  INFO BasePage.py wait_eleVisible [ line:23 ] 等待元素可见。
 Thu, 23 May 2019 17:06:22  INFO BasePage.py wait_eleVisible [ line:30 ] 选择当前订单: 元素 ('xpath', '//*[@name="orderIds"]') 已可见,等待起始时间：2019-05-23 17:06:22.021057,等待时长：0
 Thu, 23 May 2019 17:06:22  INFO BasePage.py get_element [ line:58 ] 选择当前订单：开始查找元素：('xpath', '//*[@name="orderIds"]')
 Thu, 23 May 2019 17:06:22  INFO BasePage.py click_element [ line:104 ] 选择当前订单: 元素：('xpath', '//*[@name="orderIds"]') 点击事件。
 Thu, 23 May 2019 17:06:22  INFO BasePage.py wait_eleVisible [ line:23 ] 等待元素可见。
 Thu, 23 May 2019 17:06:22  INFO BasePage.py wait_eleVisible [ line:30 ] 锁定订单: 元素 ('xpath', '//div[@class="pull-left"]//button[1]') 已可见,等待起始时间：2019-05-23 17:06:22.663028,等待时长：0
 Thu, 23 May 2019 17:06:22  INFO BasePage.py get_element [ line:58 ] 锁定订单：开始查找元素：('xpath', '//div[@class="pull-left"]//button[1]')
 Thu, 23 May 2019 17:06:22  INFO BasePage.py click_element [ line:104 ] 锁定订单: 元素：('xpath', '//div[@class="pull-left"]//button[1]') 点击事件。
 Thu, 23 May 2019 17:06:23  INFO BasePage.py switchover_html [ line:159 ] 切换HTML页面
 Thu, 23 May 2019 17:06:23  INFO BasePage.py switchover_html [ line:162 ] HTML页面切换成功
 Thu, 23 May 2019 17:06:23  INFO BasePage.py wait_eleVisible [ line:23 ] 等待元素可见。
 Thu, 23 May 2019 17:06:23  INFO BasePage.py wait_eleVisible [ line:30 ] 当前选择: 元素 ('xpath', '//*[@id="submit-form"]//input[@value=3]') 已可见,等待起始时间：2019-05-23 17:06:23.355395,等待时长：0
 Thu, 23 May 2019 17:06:23  INFO BasePage.py get_element [ line:58 ] 当前选择：开始查找元素：('xpath', '//*[@id="submit-form"]//input[@value=3]')
 Thu, 23 May 2019 17:06:23  INFO BasePage.py click_element [ line:104 ] 当前选择: 元素：('xpath', '//*[@id="submit-form"]//input[@value=3]') 点击事件。
 Thu, 23 May 2019 17:06:24  INFO BasePage.py wait_eleVisible [ line:23 ] 等待元素可见。
 Thu, 23 May 2019 17:06:24  INFO BasePage.py wait_eleVisible [ line:30 ] 当前选择确认按钮: 元素 ('xpath', '//*[@data-id="ok"]') 已可见,等待起始时间：2019-05-23 17:06:24.498322,等待时长：0
 Thu, 23 May 2019 17:06:24  INFO BasePage.py get_element [ line:58 ] 当前选择确认按钮：开始查找元素：('xpath', '//*[@data-id="ok"]')
 Thu, 23 May 2019 17:06:24  INFO BasePage.py click_element [ line:104 ] 当前选择确认按钮: 元素：('xpath', '//*[@data-id="ok"]') 点击事件。
 Thu, 23 May 2019 17:06:24  INFO BasePage.py wait_eleVisible [ line:23 ] 等待元素可见。
 Thu, 23 May 2019 17:06:24  INFO BasePage.py wait_eleVisible [ line:30 ] SKU: 元素 ('xpath', '//*[@id="order-list"]//tr[2]//td[5]') 已可见,等待起始时间：2019-05-23 17:06:24.621786,等待时长：0
 Thu, 23 May 2019 17:06:24  INFO BasePage.py get_element [ line:58 ] SKU：开始查找元素：('xpath', '//*[@id="order-list"]//tr[2]//td[5]')
 Thu, 23 May 2019 17:06:24  INFO BasePage.py get_text [ line:188 ] SKU：获取元素：('xpath', '//*[@id="order-list"]//tr[2]//td[5]') 的文本内容
 Thu, 23 May 2019 17:06:24  INFO BasePage.py get_text [ line:191 ] SKU：元素：('xpath', '//*[@id="order-list"]//tr[2]//td[5]') 的文本内容为：XYQ50527126A
石岩仓库
 Thu, 23 May 2019 17:06:24  INFO kdi_scan.py get_picihao [ line:113 ] 获取多品打单批次号
 Thu, 23 May 2019 17:06:24  INFO BasePage.py wait_eleVisible [ line:23 ] 等待元素可见。
 Thu, 23 May 2019 17:06:24  INFO BasePage.py wait_eleVisible [ line:30 ] 点击收发货管理: 元素 ('xpath', '//*[@id="menu_13000000"]') 已可见,等待起始时间：2019-05-23 17:06:24.705556,等待时长：0
 Thu, 23 May 2019 17:06:24  INFO BasePage.py get_element [ line:58 ] 点击收发货管理：开始查找元素：('xpath', '//*[@id="menu_13000000"]')
 Thu, 23 May 2019 17:06:24  INFO BasePage.py click_element [ line:104 ] 点击收发货管理: 元素：('xpath', '//*[@id="menu_13000000"]') 点击事件。
 Thu, 23 May 2019 17:06:24  INFO BasePage.py wait_eleVisible [ line:23 ] 等待元素可见。
 Thu, 23 May 2019 17:06:24  INFO BasePage.py wait_eleVisible [ line:30 ] 点击多品批次号(快递单仓): 元素 ('xpath', '//*[@id="menu_13000000"]//*[@id="menu_13161300"]') 已可见,等待起始时间：2019-05-23 17:06:24.874762,等待时长：0
 Thu, 23 May 2019 17:06:24  INFO BasePage.py get_element [ line:58 ] 点击多品批次号(快递单仓)：开始查找元素：('xpath', '//*[@id="menu_13000000"]//*[@id="menu_13161300"]')
 Thu, 23 May 2019 17:06:25  INFO BasePage.py click_element [ line:104 ] 点击多品批次号(快递单仓): 元素：('xpath', '//*[@id="menu_13000000"]//*[@id="menu_13161300"]') 点击事件。
 Thu, 23 May 2019 17:06:29  INFO BasePage.py wait_eleVisible [ line:23 ] 等待元素可见。
 Thu, 23 May 2019 17:06:29  INFO BasePage.py wait_eleVisible [ line:30 ] 输入订单号: 元素 ('xpath', '//*[@id="order-ids"]') 已可见,等待起始时间：2019-05-23 17:06:29.236605,等待时长：0
 Thu, 23 May 2019 17:06:29  INFO BasePage.py get_element [ line:58 ] 输入订单号：开始查找元素：('xpath', '//*[@id="order-ids"]')
 Thu, 23 May 2019 17:06:29  INFO BasePage.py input_text [ line:86 ] 输入订单号: 元素：('xpath', '//*[@id="order-ids"]') 输入内容：911491814
 Thu, 23 May 2019 17:06:29  INFO BasePage.py wait_eleVisible [ line:23 ] 等待元素可见。
 Thu, 23 May 2019 17:06:29  INFO BasePage.py wait_eleVisible [ line:30 ] 点击搜索按钮: 元素 ('xpath', '//*[@id="search-form"]//button[1]') 已可见,等待起始时间：2019-05-23 17:06:29.860190,等待时长：0
 Thu, 23 May 2019 17:06:29  INFO BasePage.py get_element [ line:58 ] 点击搜索按钮：开始查找元素：('xpath', '//*[@id="search-form"]//button[1]')
 Thu, 23 May 2019 17:06:29  INFO BasePage.py click_element [ line:104 ] 点击搜索按钮: 元素：('xpath', '//*[@id="search-form"]//button[1]') 点击事件。
 Thu, 23 May 2019 17:06:33  INFO BasePage.py wait_eleVisible [ line:23 ] 等待元素可见。
 Thu, 23 May 2019 17:06:33  INFO BasePage.py wait_eleVisible [ line:30 ] 返回订单号: 元素 ('xpath', '//*[@id="order-list"]//tbody//tr[1]//td[1]//label') 已可见,等待起始时间：2019-05-23 17:06:33.137106,等待时长：0
 Thu, 23 May 2019 17:06:33  INFO BasePage.py get_element [ line:58 ] 返回订单号：开始查找元素：('xpath', '//*[@id="order-list"]//tbody//tr[1]//td[1]//label')
 Thu, 23 May 2019 17:06:33  INFO BasePage.py get_text [ line:188 ] 返回订单号：获取元素：('xpath', '//*[@id="order-list"]//tbody//tr[1]//td[1]//label') 的文本内容
 Thu, 23 May 2019 17:06:33  INFO BasePage.py get_text [ line:191 ] 返回订单号：元素：('xpath', '//*[@id="order-list"]//tbody//tr[1]//td[1]//label') 的文本内容为：SL20190523170625827
 Thu, 23 May 2019 17:06:33  INFO kdi_scan.py duopin_scan_kdi [ line:144 ] 多品按货扫描—快递
 Thu, 23 May 2019 17:06:33  INFO BasePage.py wait_eleVisible [ line:23 ] 等待元素可见。
 Thu, 23 May 2019 17:06:33  INFO BasePage.py wait_eleVisible [ line:30 ] 点击收发货管理: 元素 ('xpath', '//*[@id="menu_13000000"]') 已可见,等待起始时间：2019-05-23 17:06:33.280693,等待时长：0
 Thu, 23 May 2019 17:06:33  INFO BasePage.py get_element [ line:58 ] 点击收发货管理：开始查找元素：('xpath', '//*[@id="menu_13000000"]')
 Thu, 23 May 2019 17:06:33  INFO BasePage.py click_element [ line:104 ] 点击收发货管理: 元素：('xpath', '//*[@id="menu_13000000"]') 点击事件。
 Thu, 23 May 2019 17:06:33  INFO BasePage.py wait_eleVisible [ line:23 ] 等待元素可见。
 Thu, 23 May 2019 17:06:33  INFO BasePage.py wait_eleVisible [ line:30 ] 点击快递多品扫描按钮: 元素 ('xpath', '//*[@id="menu_13000000"]//*[@id="menu_13113300"]') 已可见,等待起始时间：2019-05-23 17:06:33.372182,等待时长：0
 Thu, 23 May 2019 17:06:33  INFO BasePage.py get_element [ line:58 ] 点击快递多品扫描按钮：开始查找元素：('xpath', '//*[@id="menu_13000000"]//*[@id="menu_13113300"]')
 Thu, 23 May 2019 17:06:33  INFO BasePage.py click_element [ line:104 ] 点击快递多品扫描按钮: 元素：('xpath', '//*[@id="menu_13000000"]//*[@id="menu_13113300"]') 点击事件。
 Thu, 23 May 2019 17:06:36  INFO BasePage.py wait_eleVisible [ line:23 ] 等待元素可见。
 Thu, 23 May 2019 17:06:36  INFO BasePage.py wait_eleVisible [ line:30 ] 输入订单号: 元素 ('xpath', '//*[@id="serialNumber"]') 已可见,等待起始时间：2019-05-23 17:06:36.301608,等待时长：0
 Thu, 23 May 2019 17:06:36  INFO BasePage.py get_element [ line:58 ] 输入订单号：开始查找元素：('xpath', '//*[@id="serialNumber"]')
 Thu, 23 May 2019 17:06:36  INFO BasePage.py input_text [ line:86 ] 输入订单号: 元素：('xpath', '//*[@id="serialNumber"]') 输入内容：SL20190523170625827
 Thu, 23 May 2019 17:06:38  INFO BasePage.py wait_eleVisible [ line:23 ] 等待元素可见。
 Thu, 23 May 2019 17:06:38  INFO BasePage.py wait_eleVisible [ line:30 ] 输入sku: 元素 ('xpath', '//*[@id="sersku"]') 已可见,等待起始时间：2019-05-23 17:06:38.752784,等待时长：0
 Thu, 23 May 2019 17:06:38  INFO BasePage.py get_element [ line:58 ] 输入sku：开始查找元素：('xpath', '//*[@id="sersku"]')
 Thu, 23 May 2019 17:06:38  INFO BasePage.py input_text [ line:86 ] 输入sku: 元素：('xpath', '//*[@id="sersku"]') 输入内容：XYQ50527126A
石岩仓库
 Thu, 23 May 2019 17:06:40  INFO BasePage.py wait_eleVisible [ line:23 ] 等待元素可见。
 Thu, 23 May 2019 17:06:40  INFO BasePage.py wait_eleVisible [ line:30 ] 获取剩余sku: 元素 ('xpath', "//*[@id='order-grid-1']//tbody") 已可见,等待起始时间：2019-05-23 17:06:40.088699,等待时长：0
 Thu, 23 May 2019 17:06:40  INFO BasePage.py get_element [ line:58 ] 获取剩余sku：开始查找元素：('xpath', "//*[@id='order-grid-1']//tbody")
 Thu, 23 May 2019 17:06:40  INFO BasePage.py get_text [ line:188 ] 获取剩余sku：获取元素：('xpath', "//*[@id='order-grid-1']//tbody") 的文本内容
 Thu, 23 May 2019 17:06:40  INFO BasePage.py get_text [ line:191 ] 获取剩余sku：元素：('xpath', "//*[@id='order-grid-1']//tbody") 的文本内容为：WDD50529282B 1 0
 Thu, 23 May 2019 17:06:40  INFO kdi_scan.py duopin_scan_kdi [ line:157 ] sku2:WDD50529282B
 Thu, 23 May 2019 17:06:41  INFO BasePage.py wait_eleVisible [ line:23 ] 等待元素可见。
 Thu, 23 May 2019 17:06:41  INFO BasePage.py wait_eleVisible [ line:30 ] 输入剩余sku: 元素 ('xpath', '//*[@id="sersku"]') 已可见,等待起始时间：2019-05-23 17:06:41.168380,等待时长：0
 Thu, 23 May 2019 17:06:41  INFO BasePage.py get_element [ line:58 ] 输入剩余sku：开始查找元素：('xpath', '//*[@id="sersku"]')
 Thu, 23 May 2019 17:06:41  INFO BasePage.py input_text [ line:86 ] 输入剩余sku: 元素：('xpath', '//*[@id="sersku"]') 输入内容：WDD50529282B
 Thu, 23 May 2019 17:06:42  INFO BasePage.py get_element [ line:58 ] ：开始查找元素：('xpath', '//*[@id="sersku"]')
 Thu, 23 May 2019 17:06:42  INFO BasePage.py wait_eleVisible [ line:23 ] 等待元素可见。
 Thu, 23 May 2019 17:06:42  INFO BasePage.py wait_eleVisible [ line:30 ] 获取二维码信息: 元素 ('xpath', '//*[@id="scan-record"]') 已可见,等待起始时间：2019-05-23 17:06:42.685356,等待时长：0
 Thu, 23 May 2019 17:06:42  INFO BasePage.py get_element [ line:58 ] 获取二维码信息：开始查找元素：('xpath', '//*[@id="scan-record"]')
 Thu, 23 May 2019 17:06:42  INFO BasePage.py get_text [ line:188 ] 获取二维码信息：获取元素：('xpath', '//*[@id="scan-record"]') 的文本内容
 Thu, 23 May 2019 17:06:42  INFO BasePage.py get_text [ line:191 ] 获取二维码信息：元素：('xpath', '//*[@id="scan-record"]') 的文本内容为：0.WDD50529282B
箱号：1
0.XYQ50527126A
箱号：1
 Thu, 23 May 2019 17:06:42  INFO kdi_scan.py duopin_scan_kdi [ line:167 ] qr2:0.WDD50529282B
 Thu, 23 May 2019 17:06:43  INFO kdi_scan.py duo_scan_hedui [ line:177 ] 多品按货扫描—快递
 Thu, 23 May 2019 17:06:43  INFO BasePage.py wait_eleVisible [ line:23 ] 等待元素可见。
 Thu, 23 May 2019 17:06:43  INFO BasePage.py wait_eleVisible [ line:30 ] 多品核对扫描（快递）: 元素 ('xpath', '//ul[@class="nav nav-tabs custom"]//li[@id="menu_13113400"]') 已可见,等待起始时间：2019-05-23 17:06:43.758457,等待时长：0
 Thu, 23 May 2019 17:06:43  INFO BasePage.py get_element [ line:58 ] 多品核对扫描（快递）：开始查找元素：('xpath', '//ul[@class="nav nav-tabs custom"]//li[@id="menu_13113400"]')
 Thu, 23 May 2019 17:06:43  INFO BasePage.py click_element [ line:104 ] 多品核对扫描（快递）: 元素：('xpath', '//ul[@class="nav nav-tabs custom"]//li[@id="menu_13113400"]') 点击事件。
 Thu, 23 May 2019 17:06:46  INFO BasePage.py wait_eleVisible [ line:23 ] 等待元素可见。
 Thu, 23 May 2019 17:06:46  INFO BasePage.py wait_eleVisible [ line:30 ] 输入二维码序号: 元素 ('xpath', '//*[@id="orderid"]') 已可见,等待起始时间：2019-05-23 17:06:46.776845,等待时长：0
 Thu, 23 May 2019 17:06:46  INFO BasePage.py get_element [ line:58 ] 输入二维码序号：开始查找元素：('xpath', '//*[@id="orderid"]')
 Thu, 23 May 2019 17:06:46  INFO BasePage.py input_text [ line:86 ] 输入二维码序号: 元素：('xpath', '//*[@id="orderid"]') 输入内容：0.WDD50529282B
 Thu, 23 May 2019 17:06:48  INFO BasePage.py get_element [ line:58 ] ：开始查找元素：('xpath', '//*[@id="orderid"]')
 Thu, 23 May 2019 17:06:49  INFO BasePage.py wait_eleVisible [ line:23 ] 等待元素可见。
 Thu, 23 May 2019 17:06:49  INFO BasePage.py wait_eleVisible [ line:30 ] 获取sku: 元素 ('xpath', '//*[@id="check_scan_datas"]//td[@class="check_sku"]') 已可见,等待起始时间：2019-05-23 17:06:49.131657,等待时长：0
 Thu, 23 May 2019 17:06:49  INFO BasePage.py get_element [ line:58 ] 获取sku：开始查找元素：('xpath', '//*[@id="check_scan_datas"]//td[@class="check_sku"]')
 Thu, 23 May 2019 17:06:49  INFO BasePage.py get_text [ line:188 ] 获取sku：获取元素：('xpath', '//*[@id="check_scan_datas"]//td[@class="check_sku"]') 的文本内容
 Thu, 23 May 2019 17:06:49  INFO BasePage.py get_text [ line:191 ] 获取sku：元素：('xpath', '//*[@id="check_scan_datas"]//td[@class="check_sku"]') 的文本内容为：XYQ50527126A
 Thu, 23 May 2019 17:06:49  INFO BasePage.py wait_eleVisible [ line:23 ] 等待元素可见。
 Thu, 23 May 2019 17:06:49  INFO BasePage.py wait_eleVisible [ line:30 ] 输入sku: 元素 ('xpath', '//*[@id="sku"]') 已可见,等待起始时间：2019-05-23 17:06:49.283156,等待时长：0
 Thu, 23 May 2019 17:06:49  INFO BasePage.py get_element [ line:58 ] 输入sku：开始查找元素：('xpath', '//*[@id="sku"]')
 Thu, 23 May 2019 17:06:49  INFO BasePage.py input_text [ line:86 ] 输入sku: 元素：('xpath', '//*[@id="sku"]') 输入内容：XYQ50527126A
 Thu, 23 May 2019 17:06:50  INFO BasePage.py get_element [ line:58 ] ：开始查找元素：('xpath', '//*[@id="sku"]')
 Thu, 23 May 2019 17:07:00  INFO order_guanli_page.py get_order_statu [ line:206 ] 判断订单状态
 Thu, 23 May 2019 17:07:00  INFO BasePage.py wait_eleVisible [ line:23 ] 等待元素可见。
 Thu, 23 May 2019 17:07:00  INFO BasePage.py wait_eleVisible [ line:30 ] 输入订单号: 元素 ('xpath', '//*[@name="query.criteria"]') 已可见,等待起始时间：2019-05-23 17:07:00.641785,等待时长：0
 Thu, 23 May 2019 17:07:00  INFO BasePage.py get_element [ line:58 ] 输入订单号：开始查找元素：('xpath', '//*[@name="query.criteria"]')
 Thu, 23 May 2019 17:07:00  INFO BasePage.py input_text [ line:86 ] 输入订单号: 元素：('xpath', '//*[@name="query.criteria"]') 输入内容：911491814
 Thu, 23 May 2019 17:07:01  INFO BasePage.py wait_eleVisible [ line:23 ] 等待元素可见。
 Thu, 23 May 2019 17:07:01  INFO BasePage.py wait_eleVisible [ line:30 ] 点击搜索按钮: 元素 ('xpath', '//*[@class="btn btn-default"]') 已可见,等待起始时间：2019-05-23 17:07:01.321467,等待时长：0
 Thu, 23 May 2019 17:07:01  INFO BasePage.py get_element [ line:58 ] 点击搜索按钮：开始查找元素：('xpath', '//*[@class="btn btn-default"]')
 Thu, 23 May 2019 17:07:01  INFO BasePage.py click_element [ line:104 ] 点击搜索按钮: 元素：('xpath', '//*[@class="btn btn-default"]') 点击事件。
 Thu, 23 May 2019 17:07:04  INFO BasePage.py wait_eleVisible [ line:23 ] 等待元素可见。
 Thu, 23 May 2019 17:07:04  INFO BasePage.py wait_eleVisible [ line:30 ] 获取订单状态: 元素 ('xpath', '//*[@id="order-list"]//tbody//tr[1]//td[3]//span') 已可见,等待起始时间：2019-05-23 17:07:04.216771,等待时长：0
 Thu, 23 May 2019 17:07:04  INFO BasePage.py get_element [ line:58 ] 获取订单状态：开始查找元素：('xpath', '//*[@id="order-list"]//tbody//tr[1]//td[3]//span')
 Thu, 23 May 2019 17:07:04  INFO BasePage.py get_text [ line:188 ] 获取订单状态：获取元素：('xpath', '//*[@id="order-list"]//tbody//tr[1]//td[3]//span') 的文本内容
 Thu, 23 May 2019 17:07:04  INFO BasePage.py get_text [ line:191 ] 获取订单状态：元素：('xpath', '//*[@id="order-list"]//tbody//tr[1]//td[3]//span') 的文本内容为：快递-待处理
 Thu, 23 May 2019 17:07:04  INFO order_guanli_page.py xiugai_money [ line:216 ] 修改实际运费
 Thu, 23 May 2019 17:07:04  INFO BasePage.py wait_eleVisible [ line:23 ] 等待元素可见。
 Thu, 23 May 2019 17:07:04  INFO BasePage.py wait_eleVisible [ line:30 ] 获取运输成本: 元素 ('xpath', '//*[@id="order-list"]//td[8]') 已可见,等待起始时间：2019-05-23 17:07:04.285759,等待时长：0
 Thu, 23 May 2019 17:07:04  INFO BasePage.py get_element [ line:58 ] 获取运输成本：开始查找元素：('xpath', '//*[@id="order-list"]//td[8]')
 Thu, 23 May 2019 17:07:04  INFO BasePage.py get_text [ line:188 ] 获取运输成本：获取元素：('xpath', '//*[@id="order-list"]//td[8]') 的文本内容
 Thu, 23 May 2019 17:07:04  INFO BasePage.py get_text [ line:191 ] 获取运输成本：元素：('xpath', '//*[@id="order-list"]//td[8]') 的文本内容为：称重：0.0 g
总重：92.1 g
计算运费：25.0 CNY
实际运费：0.0 CNY
体积：Empty
 Thu, 23 May 2019 17:07:05  INFO BasePage.py wait_eleVisible [ line:23 ] 等待元素可见。
 Thu, 23 May 2019 17:07:05  INFO BasePage.py wait_eleVisible [ line:30 ] 勾选第一个订单: 元素 ('xpath', '//*[@id="order-list"]//tbody//tr[1]//label') 已可见,等待起始时间：2019-05-23 17:07:05.348814,等待时长：0
 Thu, 23 May 2019 17:07:05  INFO BasePage.py get_element [ line:58 ] 勾选第一个订单：开始查找元素：('xpath', '//*[@id="order-list"]//tbody//tr[1]//label')
 Thu, 23 May 2019 17:07:05  INFO BasePage.py click_element [ line:104 ] 勾选第一个订单: 元素：('xpath', '//*[@id="order-list"]//tbody//tr[1]//label') 点击事件。
 Thu, 23 May 2019 17:07:05  INFO BasePage.py select [ line:140 ] ('xpath', '//*[@id="top_tool_bar"]/tbody//select[4]'):选择批量修改运费成本select列表操作
 Thu, 23 May 2019 17:07:05  INFO BasePage.py wait_eleVisible [ line:23 ] 等待元素可见。
 Thu, 23 May 2019 17:07:06  INFO BasePage.py wait_eleVisible [ line:30 ] 选择批量修改运费成本: 元素 ('xpath', '//*[@id="top_tool_bar"]/tbody//select[4]') 已可见,等待起始时间：2019-05-23 17:07:05.974498,等待时长：0
 Thu, 23 May 2019 17:07:06  INFO BasePage.py get_element [ line:58 ] 选择批量修改运费成本：开始查找元素：('xpath', '//*[@id="top_tool_bar"]/tbody//select[4]')
 Thu, 23 May 2019 17:07:07  INFO BasePage.py select [ line:148 ] select列表操作完毕批量修改运费成本
 Thu, 23 May 2019 17:07:07  INFO BasePage.py switchover_html [ line:159 ] 切换HTML页面
 Thu, 23 May 2019 17:07:07  INFO BasePage.py switchover_html [ line:162 ] HTML页面切换成功
 Thu, 23 May 2019 17:07:08  INFO BasePage.py wait_eleVisible [ line:23 ] 等待元素可见。
 Thu, 23 May 2019 17:07:08  INFO BasePage.py wait_eleVisible [ line:30 ] 输入运输成本: 元素 ('xpath', '//*[@name="orders[0].freight"]') 已可见,等待起始时间：2019-05-23 17:07:08.756887,等待时长：0
 Thu, 23 May 2019 17:07:08  INFO BasePage.py get_element [ line:58 ] 输入运输成本：开始查找元素：('xpath', '//*[@name="orders[0].freight"]')
 Thu, 23 May 2019 17:07:08  INFO BasePage.py input_text [ line:86 ] 输入运输成本: 元素：('xpath', '//*[@name="orders[0].freight"]') 输入内容：25.0
 Thu, 23 May 2019 17:07:09  INFO BasePage.py wait_eleVisible [ line:23 ] 等待元素可见。
 Thu, 23 May 2019 17:07:09  INFO BasePage.py wait_eleVisible [ line:30 ] 点击确认按钮: 元素 ('xpath', '//*[@data-id="ok"]') 已可见,等待起始时间：2019-05-23 17:07:09.867292,等待时长：0
 Thu, 23 May 2019 17:07:09  INFO BasePage.py get_element [ line:58 ] 点击确认按钮：开始查找元素：('xpath', '//*[@data-id="ok"]')
 Thu, 23 May 2019 17:07:09  INFO BasePage.py click_element [ line:104 ] 点击确认按钮: 元素：('xpath', '//*[@data-id="ok"]') 点击事件。
 Thu, 23 May 2019 17:07:12  INFO kdi_scan.py kdi_scan_cku [ line:52 ] 快递出库扫描
 Thu, 23 May 2019 17:07:14  INFO BasePage.py wait_eleVisible [ line:23 ] 等待元素可见。
 Thu, 23 May 2019 17:07:14  INFO BasePage.py wait_eleVisible [ line:30 ] 点击收发货管理: 元素 ('xpath', '//*[@id="menu_13000000"]') 已可见,等待起始时间：2019-05-23 17:07:14.737222,等待时长：0
 Thu, 23 May 2019 17:07:14  INFO BasePage.py get_element [ line:58 ] 点击收发货管理：开始查找元素：('xpath', '//*[@id="menu_13000000"]')
 Thu, 23 May 2019 17:07:14  INFO BasePage.py click_element [ line:104 ] 点击收发货管理: 元素：('xpath', '//*[@id="menu_13000000"]') 点击事件。
 Thu, 23 May 2019 17:07:15  INFO BasePage.py wait_eleVisible [ line:23 ] 等待元素可见。
 Thu, 23 May 2019 17:07:15  INFO BasePage.py wait_eleVisible [ line:30 ] 点击快递出库扫描: 元素 ('xpath', '//*[@id="menu_13111100"]/a') 已可见,等待起始时间：2019-05-23 17:07:15.434659,等待时长：0
 Thu, 23 May 2019 17:07:15  INFO BasePage.py get_element [ line:58 ] 点击快递出库扫描：开始查找元素：('xpath', '//*[@id="menu_13111100"]/a')
 Thu, 23 May 2019 17:07:15  INFO BasePage.py click_element [ line:104 ] 点击快递出库扫描: 元素：('xpath', '//*[@id="menu_13111100"]/a') 点击事件。
 Thu, 23 May 2019 17:08:02  INFO BasePage.py wait_eleVisible [ line:23 ] 等待元素可见。
 Thu, 23 May 2019 17:08:03  INFO BasePage.py wait_eleVisible [ line:30 ] 快递列表点击: 元素 ('xpath', '//*[@id="s2id_logistics-type"]') 已可见,等待起始时间：2019-05-23 17:08:02.995076,等待时长：0
 Thu, 23 May 2019 17:08:03  INFO BasePage.py get_element [ line:58 ] 快递列表点击：开始查找元素：('xpath', '//*[@id="s2id_logistics-type"]')
 Thu, 23 May 2019 17:08:03  INFO BasePage.py click_element [ line:104 ] 快递列表点击: 元素：('xpath', '//*[@id="s2id_logistics-type"]') 点击事件。
 Thu, 23 May 2019 17:08:03  INFO BasePage.py wait_eleVisible [ line:23 ] 等待元素可见。
 Thu, 23 May 2019 17:08:03  INFO BasePage.py wait_eleVisible [ line:30 ] 快递列表输入: 元素 ('xpath', '//*[@id="s2id_autogen1_search"]') 已可见,等待起始时间：2019-05-23 17:08:03.827740,等待时长：0
 Thu, 23 May 2019 17:08:03  INFO BasePage.py get_element [ line:58 ] 快递列表输入：开始查找元素：('xpath', '//*[@id="s2id_autogen1_search"]')
 Thu, 23 May 2019 17:08:03  INFO BasePage.py input_text [ line:86 ] 快递列表输入: 元素：('xpath', '//*[@id="s2id_autogen1_search"]') 输入内容：其他-国内快递
 Thu, 23 May 2019 17:08:04  INFO BasePage.py wait_eleVisible [ line:23 ] 等待元素可见。
 Thu, 23 May 2019 17:08:04  INFO BasePage.py wait_eleVisible [ line:30 ] 快递列表选择: 元素 ('xpath', '//*[@id="select2-drop"]//ul') 已可见,等待起始时间：2019-05-23 17:08:04.611762,等待时长：0
 Thu, 23 May 2019 17:08:04  INFO BasePage.py get_element [ line:58 ] 快递列表选择：开始查找元素：('xpath', '//*[@id="select2-drop"]//ul')
 Thu, 23 May 2019 17:08:04  INFO BasePage.py click_element [ line:104 ] 快递列表选择: 元素：('xpath', '//*[@id="select2-drop"]//ul') 点击事件。
 Thu, 23 May 2019 17:08:05  INFO BasePage.py wait_eleVisible [ line:23 ] 等待元素可见。
 Thu, 23 May 2019 17:08:05  INFO BasePage.py wait_eleVisible [ line:30 ] 输入跟踪号: 元素 ('xpath', '//*[@id="trackingnum"]') 已可见,等待起始时间：2019-05-23 17:08:05.762964,等待时长：0
 Thu, 23 May 2019 17:08:05  INFO BasePage.py get_element [ line:58 ] 输入跟踪号：开始查找元素：('xpath', '//*[@id="trackingnum"]')
 Thu, 23 May 2019 17:08:05  INFO BasePage.py input_text [ line:86 ] 输入跟踪号: 元素：('xpath', '//*[@id="trackingnum"]') 输入内容：3780848679duop
 Thu, 23 May 2019 17:08:06  INFO BasePage.py get_element [ line:58 ] ：开始查找元素：('xpath', '//*[@id="trackingnum"]')
 Thu, 23 May 2019 17:08:09  INFO BasePage.py isElementExist [ line:251 ] 判断元素是否存在//*[@placeholder="请输入数字"]
 Thu, 23 May 2019 17:08:09  INFO BasePage.py isElementExist [ line:255 ] 元素存在
 Thu, 23 May 2019 17:08:09  INFO BasePage.py wait_eleVisible [ line:23 ] 等待元素可见。
 Thu, 23 May 2019 17:08:09  INFO BasePage.py wait_eleVisible [ line:30 ] 输入重量: 元素 ('xpath', '//*[@placeholder="请输入数字"]') 已可见,等待起始时间：2019-05-23 17:08:09.164242,等待时长：0
 Thu, 23 May 2019 17:08:09  INFO BasePage.py get_element [ line:58 ] 输入重量：开始查找元素：('xpath', '//*[@placeholder="请输入数字"]')
 Thu, 23 May 2019 17:08:09  INFO BasePage.py input_text [ line:86 ] 输入重量: 元素：('xpath', '//*[@placeholder="请输入数字"]') 输入内容：0.1
 Thu, 23 May 2019 17:08:09  INFO BasePage.py wait_eleVisible [ line:23 ] 等待元素可见。
 Thu, 23 May 2019 17:08:09  INFO BasePage.py wait_eleVisible [ line:30 ] 点击强制出库按钮: 元素 ('xpath', '//*[@data-id="ok"]') 已可见,等待起始时间：2019-05-23 17:08:09.865506,等待时长：0
 Thu, 23 May 2019 17:08:09  INFO BasePage.py get_element [ line:58 ] 点击强制出库按钮：开始查找元素：('xpath', '//*[@data-id="ok"]')
 Thu, 23 May 2019 17:08:09  INFO BasePage.py click_element [ line:104 ] 点击强制出库按钮: 元素：('xpath', '//*[@data-id="ok"]') 点击事件。
 Thu, 23 May 2019 17:08:11  INFO wuliu_receive.py wuliu_scna [ line:41 ] 物流收包操作
 Thu, 23 May 2019 17:08:11  INFO BasePage.py wait_eleVisible [ line:23 ] 等待元素可见。
 Thu, 23 May 2019 17:08:11  INFO BasePage.py wait_eleVisible [ line:30 ] 点击订单管理: 元素 ('xpath', '//*[@id="menu_13000000"]') 已可见,等待起始时间：2019-05-23 17:08:11.964255,等待时长：0
 Thu, 23 May 2019 17:08:11  INFO BasePage.py get_element [ line:58 ] 点击订单管理：开始查找元素：('xpath', '//*[@id="menu_13000000"]')
 Thu, 23 May 2019 17:08:12  INFO BasePage.py click_element [ line:104 ] 点击订单管理: 元素：('xpath', '//*[@id="menu_13000000"]') 点击事件。
 Thu, 23 May 2019 17:08:12  INFO BasePage.py wait_eleVisible [ line:23 ] 等待元素可见。
 Thu, 23 May 2019 17:08:12  INFO BasePage.py wait_eleVisible [ line:30 ] 点击物流收包: 元素 ('xpath', '//*[@id="menu_13101700"]/a') 已可见,等待起始时间：2019-05-23 17:08:12.064751,等待时长：0
 Thu, 23 May 2019 17:08:12  INFO BasePage.py get_element [ line:58 ] 点击物流收包：开始查找元素：('xpath', '//*[@id="menu_13101700"]/a')
 Thu, 23 May 2019 17:08:12  INFO BasePage.py click_element [ line:104 ] 点击物流收包: 元素：('xpath', '//*[@id="menu_13101700"]/a') 点击事件。
 Thu, 23 May 2019 17:08:19  INFO BasePage.py wait_eleVisible [ line:23 ] 等待元素可见。
 Thu, 23 May 2019 17:08:19  INFO BasePage.py wait_eleVisible [ line:30 ] 输入输入跟踪号: 元素 ('xpath', '//*[@id="orderTranNoId"]') 已可见,等待起始时间：2019-05-23 17:08:19.326547,等待时长：0
 Thu, 23 May 2019 17:08:19  INFO BasePage.py get_element [ line:58 ] 输入输入跟踪号：开始查找元素：('xpath', '//*[@id="orderTranNoId"]')
 Thu, 23 May 2019 17:08:19  INFO BasePage.py input_text [ line:86 ] 输入输入跟踪号: 元素：('xpath', '//*[@id="orderTranNoId"]') 输入内容：911491814
 Thu, 23 May 2019 17:08:20  INFO BasePage.py wait_eleVisible [ line:23 ] 等待元素可见。
 Thu, 23 May 2019 17:08:20  INFO BasePage.py wait_eleVisible [ line:30 ] 点击打印按钮: 元素 ('xpath', '//*[@onclick="printPackage()"]') 已可见,等待起始时间：2019-05-23 17:08:20.848587,等待时长：0
 Thu, 23 May 2019 17:08:20  INFO BasePage.py get_element [ line:58 ] 点击打印按钮：开始查找元素：('xpath', '//*[@onclick="printPackage()"]')
 Thu, 23 May 2019 17:08:20  INFO BasePage.py click_element [ line:104 ] 点击打印按钮: 元素：('xpath', '//*[@onclick="printPackage()"]') 点击事件。
 Thu, 23 May 2019 17:08:22  INFO BasePage.py window_switch [ line:172 ] 切换窗口位置-1，功能点
 Thu, 23 May 2019 17:08:22  INFO BasePage.py window_switch [ line:176 ] 窗口切换成功
 Thu, 23 May 2019 17:08:23  INFO BasePage.py wait_eleVisible [ line:23 ] 等待元素可见。
 Thu, 23 May 2019 17:08:24  INFO BasePage.py wait_eleVisible [ line:30 ] 获取序列号: 元素 ('xpath', '//*[@id="printContent"]//div[4]/div//div') 已可见,等待起始时间：2019-05-23 17:08:23.492934,等待时长：1
 Thu, 23 May 2019 17:08:24  INFO BasePage.py get_element [ line:58 ] 获取序列号：开始查找元素：('xpath', '//*[@id="printContent"]//div[4]/div//div')
 Thu, 23 May 2019 17:08:24  INFO BasePage.py get_text [ line:188 ] 获取序列号：获取元素：('xpath', '//*[@id="printContent"]//div[4]/div//div') 的文本内容
 Thu, 23 May 2019 17:08:24  INFO BasePage.py get_text [ line:191 ] 获取序列号：元素：('xpath', '//*[@id="printContent"]//div[4]/div//div') 的文本内容为：B20190523170809948.174
 Thu, 23 May 2019 17:08:25  INFO BasePage.py window_switch [ line:172 ] 切换窗口位置-2，功能点
 Thu, 23 May 2019 17:08:25  INFO BasePage.py window_switch [ line:176 ] 窗口切换成功
 Thu, 23 May 2019 17:08:27  INFO wuliu_receive.py wuliu_scna [ line:58 ] 包裹称重扫描
 Thu, 23 May 2019 17:08:27  INFO BasePage.py wait_eleVisible [ line:23 ] 等待元素可见。
 Thu, 23 May 2019 17:08:27  INFO BasePage.py wait_eleVisible [ line:30 ] 点击订单管理: 元素 ('xpath', '//*[@id="menu_13000000"]') 已可见,等待起始时间：2019-05-23 17:08:27.142628,等待时长：0
 Thu, 23 May 2019 17:08:27  INFO BasePage.py get_element [ line:58 ] 点击订单管理：开始查找元素：('xpath', '//*[@id="menu_13000000"]')
 Thu, 23 May 2019 17:08:27  INFO BasePage.py click_element [ line:104 ] 点击订单管理: 元素：('xpath', '//*[@id="menu_13000000"]') 点击事件。
 Thu, 23 May 2019 17:08:27  INFO BasePage.py wait_eleVisible [ line:23 ] 等待元素可见。
 Thu, 23 May 2019 17:08:27  INFO BasePage.py wait_eleVisible [ line:30 ] 点击包裹称重扫描: 元素 ('xpath', '//*[@id="menu_13110000"]//*[@id="menu_13113900"]') 已可见,等待起始时间：2019-05-23 17:08:27.302599,等待时长：0
 Thu, 23 May 2019 17:08:27  INFO BasePage.py get_element [ line:58 ] 点击包裹称重扫描：开始查找元素：('xpath', '//*[@id="menu_13110000"]//*[@id="menu_13113900"]')
 Thu, 23 May 2019 17:08:27  INFO BasePage.py click_element [ line:104 ] 点击包裹称重扫描: 元素：('xpath', '//*[@id="menu_13110000"]//*[@id="menu_13113900"]') 点击事件。
 Thu, 23 May 2019 17:08:30  INFO BasePage.py wait_eleVisible [ line:23 ] 等待元素可见。
 Thu, 23 May 2019 17:08:30  INFO BasePage.py wait_eleVisible [ line:30 ] 输入序列号: 元素 ('xpath', '//*[@id="serialnumber"]') 已可见,等待起始时间：2019-05-23 17:08:30.426298,等待时长：0
 Thu, 23 May 2019 17:08:30  INFO BasePage.py get_element [ line:58 ] 输入序列号：开始查找元素：('xpath', '//*[@id="serialnumber"]')
 Thu, 23 May 2019 17:08:30  INFO BasePage.py input_text [ line:86 ] 输入序列号: 元素：('xpath', '//*[@id="serialnumber"]') 输入内容：['20190523170809948.174']
 Thu, 23 May 2019 17:08:30  INFO BasePage.py get_element [ line:58 ] ：开始查找元素：('xpath', '//*[@id="serialnumber"]')
 Thu, 23 May 2019 17:08:31  INFO BasePage.py wait_eleVisible [ line:23 ] 等待元素可见。
 Thu, 23 May 2019 17:08:31  INFO BasePage.py wait_eleVisible [ line:30 ] 确认: 元素 ('xpath', '//*[@data-id="ok"]') 已可见,等待起始时间：2019-05-23 17:08:31.967961,等待时长：0
 Thu, 23 May 2019 17:08:31  INFO BasePage.py get_element [ line:58 ] 确认：开始查找元素：('xpath', '//*[@data-id="ok"]')
 Thu, 23 May 2019 17:08:32  INFO BasePage.py click_element [ line:104 ] 确认: 元素：('xpath', '//*[@data-id="ok"]') 点击事件。
 Thu, 23 May 2019 17:08:33  INFO wuliu_receive.py judge_order_cku [ line:179 ] 获取订单状态断言
 Thu, 23 May 2019 17:08:33  INFO BasePage.py wait_eleVisible [ line:23 ] 等待元素可见。
 Thu, 23 May 2019 17:08:33  INFO BasePage.py wait_eleVisible [ line:30 ] 点击订单管理: 元素 ('xpath', '//*[@id="menu_13000000"]') 已可见,等待起始时间：2019-05-23 17:08:33.115239,等待时长：0
 Thu, 23 May 2019 17:08:33  INFO BasePage.py get_element [ line:58 ] 点击订单管理：开始查找元素：('xpath', '//*[@id="menu_13000000"]')
 Thu, 23 May 2019 17:08:33  INFO BasePage.py click_element [ line:104 ] 点击订单管理: 元素：('xpath', '//*[@id="menu_13000000"]') 点击事件。
 Thu, 23 May 2019 17:08:33  INFO BasePage.py wait_eleVisible [ line:23 ] 等待元素可见。
 Thu, 23 May 2019 17:08:33  INFO BasePage.py wait_eleVisible [ line:30 ] 点击物流收包: 元素 ('xpath', '//*[@id="menu_13101700"]/a') 已可见,等待起始时间：2019-05-23 17:08:33.433109,等待时长：0
 Thu, 23 May 2019 17:08:33  INFO BasePage.py get_element [ line:58 ] 点击物流收包：开始查找元素：('xpath', '//*[@id="menu_13101700"]/a')
 Thu, 23 May 2019 17:08:33  INFO BasePage.py click_element [ line:104 ] 点击物流收包: 元素：('xpath', '//*[@id="menu_13101700"]/a') 点击事件。
 Thu, 23 May 2019 17:08:41  INFO BasePage.py wait_eleVisible [ line:23 ] 等待元素可见。
 Thu, 23 May 2019 17:08:42  INFO BasePage.py wait_eleVisible [ line:30 ] 输入输入跟踪号: 元素 ('xpath', '//*[@id="search-value"]') 已可见,等待起始时间：2019-05-23 17:08:41.954136,等待时长：0
 Thu, 23 May 2019 17:08:42  INFO BasePage.py get_element [ line:58 ] 输入输入跟踪号：开始查找元素：('xpath', '//*[@id="search-value"]')
 Thu, 23 May 2019 17:08:42  INFO BasePage.py input_text [ line:86 ] 输入输入跟踪号: 元素：('xpath', '//*[@id="search-value"]') 输入内容：911491814
 Thu, 23 May 2019 17:08:43  INFO BasePage.py wait_eleVisible [ line:23 ] 等待元素可见。
 Thu, 23 May 2019 17:08:43  INFO BasePage.py wait_eleVisible [ line:30 ] 筛选状态选择: 元素 ('xpath', '//*[@id="out-status"]') 已可见,等待起始时间：2019-05-23 17:08:43.249130,等待时长：0
 Thu, 23 May 2019 17:08:43  INFO BasePage.py get_element [ line:58 ] 筛选状态选择：开始查找元素：('xpath', '//*[@id="out-status"]')
 Thu, 23 May 2019 17:08:43  INFO BasePage.py click_element [ line:104 ] 筛选状态选择: 元素：('xpath', '//*[@id="out-status"]') 点击事件。
 Thu, 23 May 2019 17:08:44  INFO BasePage.py wait_eleVisible [ line:23 ] 等待元素可见。
 Thu, 23 May 2019 17:08:44  INFO BasePage.py wait_eleVisible [ line:30 ] 选择所有: 元素 ('xpath', '//*[@id="out-status"]//option[1]') 已可见,等待起始时间：2019-05-23 17:08:44.391677,等待时长：0
 Thu, 23 May 2019 17:08:44  INFO BasePage.py get_element [ line:58 ] 选择所有：开始查找元素：('xpath', '//*[@id="out-status"]//option[1]')
 Thu, 23 May 2019 17:08:44  INFO BasePage.py click_element [ line:104 ] 选择所有: 元素：('xpath', '//*[@id="out-status"]//option[1]') 点击事件。
 Thu, 23 May 2019 17:08:45  INFO BasePage.py wait_eleVisible [ line:23 ] 等待元素可见。
 Thu, 23 May 2019 17:08:45  INFO BasePage.py wait_eleVisible [ line:30 ] 点击搜索按钮: 元素 ('xpath', '//*[@id="search-form"]//button[1]') 已可见,等待起始时间：2019-05-23 17:08:45.613951,等待时长：0
 Thu, 23 May 2019 17:08:45  INFO BasePage.py get_element [ line:58 ] 点击搜索按钮：开始查找元素：('xpath', '//*[@id="search-form"]//button[1]')
 Thu, 23 May 2019 17:08:45  INFO BasePage.py click_element [ line:104 ] 点击搜索按钮: 元素：('xpath', '//*[@id="search-form"]//button[1]') 点击事件。
 Thu, 23 May 2019 17:08:51  INFO BasePage.py wait_eleVisible [ line:23 ] 等待元素可见。
 Thu, 23 May 2019 17:08:51  INFO BasePage.py wait_eleVisible [ line:30 ] 返回订单状态: 元素 ('xpath', '//*[@id="package-list"]/tbody/tr[1]/td[14]') 已可见,等待起始时间：2019-05-23 17:08:51.794387,等待时长：0
 Thu, 23 May 2019 17:08:51  INFO BasePage.py get_element [ line:58 ] 返回订单状态：开始查找元素：('xpath', '//*[@id="package-list"]/tbody/tr[1]/td[14]')
 Thu, 23 May 2019 17:08:51  INFO BasePage.py get_text [ line:188 ] 返回订单状态：获取元素：('xpath', '//*[@id="package-list"]/tbody/tr[1]/td[14]') 的文本内容
 Thu, 23 May 2019 17:08:51  INFO BasePage.py get_text [ line:191 ] 返回订单状态：元素：('xpath', '//*[@id="package-list"]/tbody/tr[1]/td[14]') 的文本内容为：等待物流收包
 Thu, 23 May 2019 17:08:51  INFO conftest.py login_web [ line:45 ] =====用例后置：关闭浏览器会话,清理环境=======
